[02-01-2022_15:24:12] Zaczeto gre o id: 0
[02-01-2022_15:24:12] Dodano gracza: 2
[02-01-2022_15:24:12] Dodano gracza: 3
[02-01-2022_15:24:12] Wybrano slowo: farmerstwo
[02-01-2022_15:24:12] Przetlumaczone slowo: 4111111311
[02-01-2022_15:24:14] Gracz: 2 wybral literke: v nie dostal punktow
[02-01-2022_15:24:14] Gracz: 3 nie zgadl slowa, wprowadzil 
[02-01-2022_15:24:14] Gracz: 2 wybral literke: b nie dostal punktow
[02-01-2022_15:24:15] Gracz: 3 wybral literke: v nie dostal punktow
[02-01-2022_15:24:15] Gracz: 2 nie zgadl slowa, wprowadzil 
[02-01-2022_15:24:15] Gracz: 3 odgadl literke: w dostal punktow: 1
[02-01-2022_15:24:15] Gracz: 2 wybral literke: n nie dostal punktow
[02-01-2022_15:24:16] Gracz: 2 nie zgadl slowa, wprowadzil 
[02-01-2022_15:24:16] Gracz: 3 wybral literke: q nie dostal punktow
[02-01-2022_15:24:16] Gracz: 2 odgadl literke: w dostal punktow: 1
[02-01-2022_15:24:16] Gracz: 3 nie zgadl slowa, wprowadzil 
[02-01-2022_15:24:16] Gracz: 3 nie zgadl slowa, wprowadzil 
[02-01-2022_15:24:17] Gracz: 3 nie zgadl slowa, wprowadzil 
[02-01-2022_15:24:17] Gracz: 3 wybral literke: ę nie dostal punktow
[02-01-2022_15:24:18] Gracz: 3 wybral literke: ź nie dostal punktow
[02-01-2022_15:24:18] Gracz: 3 nie zgadl slowa, wprowadzil 
[02-01-2022_15:24:18] Gracz: 3 wprowadzil niespodziewana odpowiedz - rozlaczam:
[02-01-2022_15:24:26] Gracz: 2 rozlaczam minelo 10s
[02-01-2022_15:25:52] Gra dla 2 zakonczona wynikiem: 1
[02-01-2022_15:25:52] Gra dla 3 zakonczona wynikiem: 1
