[22-12-2021_00:47:55] Zaczeto gre o id: 0
[22-12-2021_00:47:55] Dodano gracza: 1
[22-12-2021_00:47:55] Dodano gracza: 2
[22-12-2021_00:47:55] Wybrano slowo: bandoskościami
[22-12-2021_00:47:55] Przetlumaczone slowo: 31131131111111
[22-12-2021_00:47:55] Gracz: 1 odgadl literke: m dostał punktow: 1
[22-12-2021_00:47:56] Gracz: 1 odgadl literke: n dostał punktow: 1
[22-12-2021_00:47:56] Gracz: 2 nie zgadl slowa, wprowadzil 
[22-12-2021_00:47:56] Gracz: 1 odgadl literke: o dostał punktow: 2
[22-12-2021_00:47:57] Gracz: 2 nie zgadl slowa, wprowadzil 
[22-12-2021_00:47:57] Gracz: 2 wybral literke: ń nie dostal punktow
[22-12-2021_00:47:57] Gracz: 1 nie zgadl slowa, wprowadzil 
[22-12-2021_00:47:58] Gracz: 1 nie zgadl slowa, wprowadzil 
[22-12-2021_00:47:58] Gracz: 2 nie zgadl slowa, wprowadzil 
[22-12-2021_00:47:58] Gracz: 1 nie zgadl slowa, wprowadzil 
[22-12-2021_00:47:58] Gracz: 2 wybral literke: r nie dostal punktow
[22-12-2021_00:47:58] Gracz: 1 nie zgadl slowa, wprowadzil 
[22-12-2021_00:47:59] Gracz: 2 nie zgadl slowa, wprowadzil 
[22-12-2021_00:47:59] Gracz: 1 wybral literke: l nie dostal punktow
[22-12-2021_00:47:59] Gracz: 2 odgadl literke: i dostał punktow: 2
[22-12-2021_00:47:59] Gracz: 1 wybral literke: v nie dostal punktow
[22-12-2021_00:48:00] Gracz: 2 wybral literke: ć nie dostal punktow
[22-12-2021_00:48:00] Gracz: 1 nie zgadl slowa, wprowadzil 
[22-12-2021_00:48:00] Gracz: 1 wprowadzil niespodziewana odpowiedz - rozlaczam:
[22-12-2021_00:48:00] Gracz: 2 odgadl literke: ś dostał punktow: 1
[22-12-2021_00:48:01] Gracz: 2 wybral literke: u nie dostal punktow
[22-12-2021_00:48:01] Gracz: 2 wprowadzil niespodziewana odpowiedz - rozlaczam:
[22-12-2021_00:49:35] Gra dla 1 zakonczona wynikiem: 1
[22-12-2021_00:49:35] Gra dla 2 zakonczona wynikiem: 0
