[22-12-2021_00:48:25] Zaczeto gre o id: 1
[22-12-2021_00:48:25] Dodano gracza: 1
[22-12-2021_00:48:25] Dodano gracza: 2
[22-12-2021_00:48:25] Wybrano slowo: zhuśtaj
[22-12-2021_00:48:25] Przetlumaczone slowo: 1311312
[22-12-2021_00:48:26] Gracz: 2 wybral literke: k nie dostal punktow
[22-12-2021_00:48:26] Gracz: 2 odgadl literke: z dostał punktow: 1
[22-12-2021_00:48:26] Gracz: 1 odgadl literke: a dostał punktow: 1
[22-12-2021_00:48:27] Gracz: 2 wybral literke: o nie dostal punktow
[22-12-2021_00:48:27] Gracz: 1 wybral literke: s nie dostal punktow
[22-12-2021_00:48:28] Gracz: 2 wybral literke: ż nie dostal punktow
[22-12-2021_00:48:28] Gracz: 1 wybral literke: y nie dostal punktow
[22-12-2021_00:48:28] Gracz: 2 nie zgadl slowa, wprowadzil 
[22-12-2021_00:48:28] Gracz: 1 nie zgadl slowa, wprowadzil 
[22-12-2021_00:48:29] Gracz: 2 wybral literke: n nie dostal punktow
[22-12-2021_00:48:29] Gracz: 1 wybral literke: ł nie dostal punktow
[22-12-2021_00:48:29] Gracz: 2 nie zgadl slowa, wprowadzil 
[22-12-2021_00:48:29] Gracz: 1 nie zgadl slowa, wprowadzil 
[22-12-2021_00:48:30] Gracz: 2 wybral literke: ę nie dostal punktow
[22-12-2021_00:48:30] Gracz: 1 wybral literke: p nie dostal punktow
[22-12-2021_00:48:30] Gracz: 2 nie zgadl slowa, wprowadzil 
[22-12-2021_00:48:30] Gracz: 1 nie zgadl slowa, wprowadzil 
[22-12-2021_00:48:31] Gracz: 2 wybral literke: p nie dostal punktow
[22-12-2021_00:48:31] Gracz: 1 nie zgadl slowa, wprowadzil 
[22-12-2021_00:48:31] Gracz: 2 wprowadzil niespodziewana odpowiedz - rozlaczam:
[22-12-2021_00:48:31] Gracz: 1 nie zgadl slowa, wprowadzil 
[22-12-2021_00:48:31] Gracz: 1 wprowadzil niespodziewana odpowiedz - rozlaczam:
[22-12-2021_00:50:05] Gra dla 1 zakonczona wynikiem: 0
[22-12-2021_00:50:05] Gra dla 2 zakonczona wynikiem: 0
