[29-12-2021_17:51:04] Zaczeto gre o id: 10
[29-12-2021_17:51:04] Dodano gracza: 3
[29-12-2021_17:51:04] Dodano gracza: 2
[29-12-2021_17:51:04] Wybrano slowo: nieglebowi
[29-12-2021_17:51:04] Przetlumaczone slowo: 1112313111
[29-12-2021_17:51:06] Gracz: 3 wybral literke: a nie dostal punktow
[29-12-2021_17:51:06] Gracz: 2 wybral literke: y nie dostal punktow
[29-12-2021_17:51:06] Gracz: 3 wybral literke: k nie dostal punktow
[29-12-2021_17:51:06] Gracz: 2 wybral literke: a nie dostal punktow
[29-12-2021_17:51:07] Gracz: 3 wybral literke: x nie dostal punktow
[29-12-2021_17:51:07] Gracz: 2 wybral literke: j nie dostal punktow
[29-12-2021_17:51:07] Gracz: 3 wybral literke: ż nie dostal punktow
[29-12-2021_17:51:07] Gracz: 2 wybral literke: z nie dostal punktow
[29-12-2021_17:51:07] Gracz: 3 odgadl literke: e dostal punktow: 2
[29-12-2021_17:51:07] Gracz: 2 odgadl literke: w dostal punktow: 1
[29-12-2021_17:51:08] Gracz: 3 wybral literke: u nie dostal punktow
[29-12-2021_17:51:08] Gracz: 2 nie zgadl slowa, wprowadzil 
[29-12-2021_17:51:08] Gracz: 3 nie zgadl slowa, wprowadzil 
[29-12-2021_17:51:08] Gracz: 2 nie zgadl slowa, wprowadzil 
[29-12-2021_17:51:09] Gracz: 3 nie zgadl slowa, wprowadzil 
[29-12-2021_17:51:09] Gracz: 2 odgadl literke: e dostal punktow: 2
[29-12-2021_17:51:09] Gracz: 3 wybral literke: f nie dostal punktow
[29-12-2021_17:51:09] Gracz: 2 wybral literke: u nie dostal punktow
[29-12-2021_17:51:10] Gracz: 3 wybral literke: j nie dostal punktow
[29-12-2021_17:51:10] Gracz: 3 wprowadzil niespodziewana odpowiedz - rozlaczam:
[29-12-2021_17:51:10] Gracz: 2 wybral literke: ś nie dostal punktow
[29-12-2021_17:51:10] Gracz: 2 wprowadzil niespodziewana odpowiedz - rozlaczam:
[29-12-2021_17:52:44] Gra dla 1 zakonczona wynikiem: 2
[29-12-2021_17:52:44] Gra dla 2 zakonczona wynikiem: 0
[29-12-2021_17:52:44] Gra dla 3 zakonczona wynikiem: 1
