[29-12-2021_17:51:35] Zaczeto gre o id: 11
[29-12-2021_17:51:35] Dodano gracza: 3
[29-12-2021_17:51:35] Dodano gracza: 2
[29-12-2021_17:51:35] Wybrano slowo: pogwałciwszy
[29-12-2021_17:51:35] Przetlumaczone slowo: 212113111112
[29-12-2021_17:51:36] Gracz: 3 wybral literke: l nie dostal punktow
[29-12-2021_17:51:36] Gracz: 2 wybral literke: ę nie dostal punktow
[29-12-2021_17:51:36] Gracz: 3 odgadl literke: i dostal punktow: 1
[29-12-2021_17:51:37] Gracz: 2 wybral literke: m nie dostal punktow
[29-12-2021_17:51:37] Gracz: 2 nie zgadl slowa, wprowadzil 
[29-12-2021_17:51:38] Gracz: 2 odgadl literke: o dostal punktow: 1
[29-12-2021_17:51:38] Gracz: 2 nie zgadl slowa, wprowadzil 
[29-12-2021_17:51:39] Gracz: 2 nie zgadl slowa, wprowadzil 
[29-12-2021_17:51:39] Gracz: 2 nie zgadl slowa, wprowadzil 
[29-12-2021_17:51:39] Gracz: 2 nie zgadl slowa, wprowadzil 
[29-12-2021_17:51:40] Gracz: 2 nie zgadl slowa, wprowadzil 
[29-12-2021_17:51:40] Gracz: 2 nie zgadl slowa, wprowadzil 
[29-12-2021_17:51:40] Gracz: 2 wprowadzil niespodziewana odpowiedz - rozlaczam:
[29-12-2021_17:51:46] Gracz: 3 rozlaczam minelo 10s
[29-12-2021_17:53:15] Gra dla 1 zakonczona wynikiem: 2
[29-12-2021_17:53:15] Gra dla 2 zakonczona wynikiem: 0
[29-12-2021_17:53:15] Gra dla 3 zakonczona wynikiem: 1
