[29-12-2021_17:38:59] Zaczeto gre o id: 1
[29-12-2021_17:38:59] Dodano gracza: 2
[29-12-2021_17:38:59] Dodano gracza: 1
[29-12-2021_17:38:59] Wybrano slowo: słynniejsi
[29-12-2021_17:38:59] Przetlumaczone slowo: 1321111211
[29-12-2021_17:39:00] Gracz: 1 nie zgadl slowa, wprowadzil 
[29-12-2021_17:39:00] Gracz: 2 nie zgadl slowa, wprowadzil 
[29-12-2021_17:39:00] Gracz: 1 nie zgadl slowa, wprowadzil 
[29-12-2021_17:39:00] Gracz: 2 nie zgadl slowa, wprowadzil 
[29-12-2021_17:39:01] Gracz: 1 wybral literke: b nie dostal punktow
[29-12-2021_17:39:01] Gracz: 2 nie zgadl slowa, wprowadzil 
[29-12-2021_17:39:01] Gracz: 1 odgadl literke: j dostal punktow: 1
[29-12-2021_17:39:01] Gracz: 2 wybral literke: f nie dostal punktow
[29-12-2021_17:39:02] Gracz: 2 wybral literke: k nie dostal punktow
[29-12-2021_17:39:02] Gracz: 1 wybral literke: o nie dostal punktow
[29-12-2021_17:39:02] Gracz: 2 nie zgadl slowa, wprowadzil 
[29-12-2021_17:39:02] Gracz: 1 odgadl literke: e dostal punktow: 1
[29-12-2021_17:39:02] Gracz: 2 wybral literke: l nie dostal punktow
[29-12-2021_17:39:03] Gracz: 1 wybral literke: x nie dostal punktow
[29-12-2021_17:39:03] Gracz: 2 odgadl literke: ł dostal punktow: 1
[29-12-2021_17:39:03] Gracz: 1 wybral literke: m nie dostal punktow
[29-12-2021_17:39:03] Gracz: 2 nie zgadl slowa, wprowadzil 
[29-12-2021_17:39:03] Gracz: 1 wybral literke: ń nie dostal punktow
[29-12-2021_17:39:04] Gracz: 2 nie zgadl slowa, wprowadzil 
[29-12-2021_17:39:04] Gracz: 2 wprowadzil niespodziewana odpowiedz - rozlaczam:
[29-12-2021_17:39:04] Gracz: 1 wybral literke: ż nie dostal punktow
[29-12-2021_17:39:04] Gracz: 1 wprowadzil niespodziewana odpowiedz - rozlaczam:
[29-12-2021_17:40:39] Gra dla 1 zakonczona wynikiem: 0
[29-12-2021_17:40:39] Gra dla 2 zakonczona wynikiem: 0
