[29-12-2021_17:53:35] Zaczeto gre o id: 12
[29-12-2021_17:53:35] Dodano gracza: 2
[29-12-2021_17:53:35] Dodano gracza: 3
[29-12-2021_17:53:35] Wybrano slowo: kasetowaliście
[29-12-2021_17:53:35] Przetlumaczone slowo: 31113111311111
[29-12-2021_17:53:36] Gracz: 3 wybral literke: p nie dostal punktow
[29-12-2021_17:53:37] Gracz: 2 nie zgadl slowa, wprowadzil 
[29-12-2021_17:53:37] Gracz: 3 nie zgadl slowa, wprowadzil 
[29-12-2021_17:53:37] Gracz: 2 nie zgadl slowa, wprowadzil 
[29-12-2021_17:53:37] Gracz: 3 nie zgadl slowa, wprowadzil 
[29-12-2021_17:53:37] Gracz: 2 odgadl literke: c dostal punktow: 1
[29-12-2021_17:53:38] Gracz: 3 wybral literke: n nie dostal punktow
[29-12-2021_17:53:38] Gracz: 3 nie zgadl slowa, wprowadzil 
[29-12-2021_17:53:38] Gracz: 3 wybral literke: r nie dostal punktow
[29-12-2021_17:53:39] Gracz: 3 nie zgadl slowa, wprowadzil 
[29-12-2021_17:53:39] Gracz: 3 nie zgadl slowa, wprowadzil 
[29-12-2021_17:53:40] Gracz: 3 nie zgadl slowa, wprowadzil 
[29-12-2021_17:53:40] Gracz: 3 wybral literke: ń nie dostal punktow
[29-12-2021_17:53:40] Gracz: 3 wprowadzil niespodziewana odpowiedz - rozlaczam:
[29-12-2021_17:53:47] Gracz: 2 rozlaczam minelo 10s
[29-12-2021_17:55:15] Gra dla 1 zakonczona wynikiem: 2
[29-12-2021_17:55:15] Gra dla 2 zakonczona wynikiem: 0
[29-12-2021_17:55:15] Gra dla 3 zakonczona wynikiem: 1
