[29-12-2021_22:00:19] Zaczeto gre o id: 0
[29-12-2021_22:00:19] Dodano gracza: 1
[29-12-2021_22:00:19] Dodano gracza: 2
[29-12-2021_22:00:19] Dodano gracza: 3
[29-12-2021_22:00:19] Wybrano slowo: odjęłyście
[29-12-2021_22:00:19] Przetlumaczone slowo: 1321321111
[29-12-2021_22:00:20] Gracz: 1 nie zgadl slowa, wprowadzil 
[29-12-2021_22:00:20] Gracz: 3 wybral literke: ź nie dostal punktow
[29-12-2021_22:00:20] Gracz: 1 nie zgadl slowa, wprowadzil 
[29-12-2021_22:00:20] Gracz: 3 wybral literke: u nie dostal punktow
[29-12-2021_22:00:20] Gracz: 1 nie zgadl slowa, wprowadzil 
[29-12-2021_22:00:21] Gracz: 3 nie zgadl slowa, wprowadzil 
[29-12-2021_22:00:21] Gracz: 1 odgadl literke: ę dostal punktow: 1
[29-12-2021_22:00:21] Gracz: 3 nie zgadl slowa, wprowadzil 
[29-12-2021_22:00:21] Gracz: 2 wybral literke: ń nie dostal punktow
[29-12-2021_22:00:21] Gracz: 3 wybral literke: ć nie dostal punktow
[29-12-2021_22:00:21] Gracz: 1 wybral literke: ó nie dostal punktow
[29-12-2021_22:00:22] Gracz: 2 odgadl literke: y dostal punktow: 1
[29-12-2021_22:00:22] Gracz: 3 nie zgadl slowa, wprowadzil 
[29-12-2021_22:00:22] Gracz: 1 nie zgadl slowa, wprowadzil 
[29-12-2021_22:00:22] Gracz: 2 wybral literke: v nie dostal punktow
[29-12-2021_22:00:22] Gracz: 3 nie zgadl slowa, wprowadzil 
[29-12-2021_22:00:22] Gracz: 1 odgadl literke: y dostal punktow: 1
[29-12-2021_22:00:23] Gracz: 2 wybral literke: k nie dostal punktow
[29-12-2021_22:00:23] Gracz: 3 odgadl literke: ł dostal punktow: 1
[29-12-2021_22:00:23] Gracz: 1 wybral literke: w nie dostal punktow
[29-12-2021_22:00:23] Gracz: 2 wybral literke: s nie dostal punktow
[29-12-2021_22:00:23] Gracz: 3 nie zgadl slowa, wprowadzil 
[29-12-2021_22:00:23] Gracz: 1 nie zgadl slowa, wprowadzil 
[29-12-2021_22:00:23] Gracz: 2 nie zgadl slowa, wprowadzil 
[29-12-2021_22:00:24] Gracz: 3 odgadl literke: c dostal punktow: 1
[29-12-2021_22:00:24] Gracz: 1 wybral literke: l nie dostal punktow
[29-12-2021_22:00:24] Gracz: 1 wprowadzil niespodziewana odpowiedz - rozlaczam:
[29-12-2021_22:00:24] Gracz: 2 nie zgadl slowa, wprowadzil 
[29-12-2021_22:00:24] Gracz: 3 wprowadzil niespodziewana odpowiedz - rozlaczam:
[29-12-2021_22:00:24] Gracz: 2 nie zgadl slowa, wprowadzil 
[29-12-2021_22:00:25] Gracz: 2 nie zgadl slowa, wprowadzil 
[29-12-2021_22:00:25] Gracz: 2 odgadl literke: c dostal punktow: 1
[29-12-2021_22:00:25] Gracz: 2 wprowadzil niespodziewana odpowiedz - rozlaczam:
[29-12-2021_22:01:59] Gra dla 1 zakonczona wynikiem: 2
[29-12-2021_22:01:59] Gra dla 3 zakonczona wynikiem: 2
[29-12-2021_22:01:59] Gra dla 2 zakonczona wynikiem: 2
