[29-12-2021_18:02:23] Zaczeto gre o id: 2
[29-12-2021_18:02:23] Dodano gracza: 2
[29-12-2021_18:02:23] Dodano gracza: 3
[29-12-2021_18:02:23] Dodano gracza: 1
[29-12-2021_18:02:23] Wybrano slowo: biplanie
[29-12-2021_18:02:23] Przetlumaczone slowo: 31231111
[29-12-2021_18:02:23] Gracz: 2 wybral literke: x nie dostal punktow
[29-12-2021_18:02:23] Gracz: 3 wybral literke: x nie dostal punktow
[29-12-2021_18:02:23] Gracz: 2 nie zgadl slowa, wprowadzil 
[29-12-2021_18:02:23] Gracz: 3 nie zgadl slowa, wprowadzil 
[29-12-2021_18:02:24] Gracz: 2 odgadl literke: a dostal punktow: 1
[29-12-2021_18:02:24] Gracz: 3 wybral literke: h nie dostal punktow
[29-12-2021_18:02:24] Gracz: 1 nie zgadl slowa, wprowadzil 
[29-12-2021_18:02:24] Gracz: 3 wybral literke: ó nie dostal punktow
[29-12-2021_18:02:24] Gracz: 1 nie zgadl slowa, wprowadzil 
[29-12-2021_18:02:24] Gracz: 2 nie zgadl slowa, wprowadzil 
[29-12-2021_18:02:25] Gracz: 3 nie zgadl slowa, wprowadzil 
[29-12-2021_18:02:25] Gracz: 1 wybral literke: d nie dostal punktow
[29-12-2021_18:02:25] Gracz: 2 nie zgadl slowa, wprowadzil 
[29-12-2021_18:02:25] Gracz: 3 nie zgadl slowa, wprowadzil 
[29-12-2021_18:02:25] Gracz: 1 wybral literke: j nie dostal punktow
[29-12-2021_18:02:25] Gracz: 2 wybral literke: ó nie dostal punktow
[29-12-2021_18:02:25] Gracz: 3 odgadl literke: l dostal punktow: 1
[29-12-2021_18:02:25] Gracz: 1 wybral literke: ż nie dostal punktow
[29-12-2021_18:02:26] Gracz: 2 nie zgadl slowa, wprowadzil 
[29-12-2021_18:02:26] Gracz: 1 nie zgadl slowa, wprowadzil 
[29-12-2021_18:02:26] Gracz: 2 nie zgadl slowa, wprowadzil 
[29-12-2021_18:02:26] Gracz: 3 nie zgadl slowa, wprowadzil 
[29-12-2021_18:02:26] Gracz: 1 nie zgadl slowa, wprowadzil 
[29-12-2021_18:02:26] Gracz: 2 nie zgadl slowa, wprowadzil 
[29-12-2021_18:02:26] Gracz: 3 nie zgadl slowa, wprowadzil 
[29-12-2021_18:02:27] Gracz: 1 nie zgadl slowa, wprowadzil 
[29-12-2021_18:02:27] Gracz: 2 odgadl literke: n dostal punktow: 1
[29-12-2021_18:02:27] Gracz: 3 nie zgadl slowa, wprowadzil 
[29-12-2021_18:02:27] Gracz: 3 wprowadzil niespodziewana odpowiedz - rozlaczam:
[29-12-2021_18:02:27] Gracz: 2 wprowadzil niespodziewana odpowiedz - rozlaczam:
[29-12-2021_18:02:27] Gracz: 1 wybral literke: u nie dostal punktow
[29-12-2021_18:02:27] Gracz: 1 nie zgadl slowa, wprowadzil 
[29-12-2021_18:02:27] Gracz: 1 wprowadzil niespodziewana odpowiedz - rozlaczam:
[29-12-2021_18:04:03] Gra dla 3 zakonczona wynikiem: 0
[29-12-2021_18:04:03] Gra dla 2 zakonczona wynikiem: 0
[29-12-2021_18:04:03] Gra dla 1 zakonczona wynikiem: 0
