[29-12-2021_17:39:29] Zaczeto gre o id: 2
[29-12-2021_17:39:29] Dodano gracza: 2
[29-12-2021_17:39:29] Dodano gracza: 1
[29-12-2021_17:39:29] Wybrano slowo: wytańczże
[29-12-2021_17:39:29] Przetlumaczone slowo: 123111111
[29-12-2021_17:39:30] Gracz: 2 odgadl literke: z dostal punktow: 1
[29-12-2021_17:39:30] Gracz: 1 nie zgadl slowa, wprowadzil 
[29-12-2021_17:39:31] Gracz: 2 wybral literke: ó nie dostal punktow
[29-12-2021_17:39:31] Gracz: 1 odgadl literke: w dostal punktow: 1
[29-12-2021_17:39:31] Gracz: 2 nie zgadl slowa, wprowadzil 
[29-12-2021_17:39:31] Gracz: 1 nie zgadl slowa, wprowadzil 
[29-12-2021_17:39:32] Gracz: 2 nie zgadl slowa, wprowadzil 
[29-12-2021_17:39:32] Gracz: 1 wybral literke: ź nie dostal punktow
[29-12-2021_17:39:32] Gracz: 2 wybral literke: ź nie dostal punktow
[29-12-2021_17:39:32] Gracz: 1 nie zgadl slowa, wprowadzil 
[29-12-2021_17:39:32] Gracz: 2 wybral literke: n nie dostal punktow
[29-12-2021_17:39:33] Gracz: 1 wybral literke: s nie dostal punktow
[29-12-2021_17:39:33] Gracz: 2 nie zgadl slowa, wprowadzil 
[29-12-2021_17:39:33] Gracz: 1 odgadl literke: z dostal punktow: 1
[29-12-2021_17:39:33] Gracz: 2 nie zgadl slowa, wprowadzil 
[29-12-2021_17:39:34] Gracz: 2 wybral literke: x nie dostal punktow
[29-12-2021_17:39:34] Gracz: 1 nie zgadl slowa, wprowadzil 
[29-12-2021_17:39:34] Gracz: 2 wybral literke: i nie dostal punktow
[29-12-2021_17:39:34] Gracz: 2 wprowadzil niespodziewana odpowiedz - rozlaczam:
[29-12-2021_17:39:34] Gracz: 1 wybral literke: k nie dostal punktow
[29-12-2021_17:39:34] Gracz: 1 nie zgadl slowa, wprowadzil 
[29-12-2021_17:39:34] Gracz: 1 wprowadzil niespodziewana odpowiedz - rozlaczam:
[29-12-2021_17:41:09] Gra dla 1 zakonczona wynikiem: 0
[29-12-2021_17:41:09] Gra dla 2 zakonczona wynikiem: 3
