[29-12-2021_18:01:21] Zaczeto gre o id: 0
[29-12-2021_18:01:21] Dodano gracza: 3
[29-12-2021_18:01:21] Dodano gracza: 2
[29-12-2021_18:01:21] Dodano gracza: 1
[29-12-2021_18:01:21] Wybrano slowo: pieczętarski
[29-12-2021_18:01:21] Przetlumaczone slowo: 211111311131
[29-12-2021_18:01:22] Gracz: 3 nie zgadl slowa, wprowadzil 
[29-12-2021_18:01:22] Gracz: 3 odgadl literke: k dostal punktow: 1
[29-12-2021_18:01:22] Gracz: 2 wybral literke: y nie dostal punktow
[29-12-2021_18:01:23] Gracz: 2 nie zgadl slowa, wprowadzil 
[29-12-2021_18:01:23] Gracz: 3 nie zgadl slowa, wprowadzil 
[29-12-2021_18:01:23] Gracz: 2 nie zgadl slowa, wprowadzil 
[29-12-2021_18:01:23] Gracz: 1 nie zgadl slowa, wprowadzil 
[29-12-2021_18:01:23] Gracz: 3 nie zgadl slowa, wprowadzil 
[29-12-2021_18:01:23] Gracz: 2 wybral literke: ś nie dostal punktow
[29-12-2021_18:01:24] Gracz: 1 wybral literke: ś nie dostal punktow
[29-12-2021_18:01:24] Gracz: 3 wybral literke: o nie dostal punktow
[29-12-2021_18:01:24] Gracz: 2 wybral literke: u nie dostal punktow
[29-12-2021_18:01:24] Gracz: 1 wybral literke: v nie dostal punktow
[29-12-2021_18:01:24] Gracz: 3 wybral literke: y nie dostal punktow
[29-12-2021_18:01:24] Gracz: 2 wybral literke: m nie dostal punktow
[29-12-2021_18:01:24] Gracz: 1 odgadl literke: t dostal punktow: 1
[29-12-2021_18:01:24] Gracz: 3 nie zgadl slowa, wprowadzil 
[29-12-2021_18:01:25] Gracz: 2 nie zgadl slowa, wprowadzil 
[29-12-2021_18:01:25] Gracz: 3 odgadl literke: r dostal punktow: 1
[29-12-2021_18:01:25] Gracz: 1 nie zgadl slowa, wprowadzil 
[29-12-2021_18:01:25] Gracz: 2 wybral literke: o nie dostal punktow
[29-12-2021_18:01:25] Gracz: 1 wybral literke: x nie dostal punktow
[29-12-2021_18:01:25] Gracz: 3 odgadl literke: p dostal punktow: 1
[29-12-2021_18:01:25] Gracz: 2 odgadl literke: e dostal punktow: 1
[29-12-2021_18:01:26] Gracz: 1 wybral literke: b nie dostal punktow
[29-12-2021_18:01:26] Gracz: 3 nie zgadl slowa, wprowadzil 
[29-12-2021_18:01:26] Gracz: 3 wprowadzil niespodziewana odpowiedz - rozlaczam:
[29-12-2021_18:01:26] Gracz: 2 nie zgadl slowa, wprowadzil 
[29-12-2021_18:01:26] Gracz: 2 wprowadzil niespodziewana odpowiedz - rozlaczam:
[29-12-2021_18:01:26] Gracz: 1 nie zgadl slowa, wprowadzil 
[29-12-2021_18:01:27] Gracz: 1 nie zgadl slowa, wprowadzil 
[29-12-2021_18:01:27] Gracz: 1 nie zgadl slowa, wprowadzil 
[29-12-2021_18:01:27] Gracz: 1 wprowadzil niespodziewana odpowiedz - rozlaczam:
[29-12-2021_18:03:02] Gra dla 3 zakonczona wynikiem: 0
[29-12-2021_18:03:02] Gra dla 2 zakonczona wynikiem: 0
[29-12-2021_18:03:02] Gra dla 1 zakonczona wynikiem: 0
