[29-12-2021_18:03:24] Zaczeto gre o id: 4
[29-12-2021_18:03:24] Dodano gracza: 3
[29-12-2021_18:03:24] Dodano gracza: 2
[29-12-2021_18:03:24] Dodano gracza: 1
[29-12-2021_18:03:24] Wybrano slowo: niepożądlonemu
[29-12-2021_18:03:24] Przetlumaczone slowo: 11121113311111
[29-12-2021_18:03:24] Gracz: 2 wybral literke: f nie dostal punktow
[29-12-2021_18:03:24] Gracz: 1 nie zgadl slowa, wprowadzil 
[29-12-2021_18:03:24] Gracz: 2 nie zgadl slowa, wprowadzil 
[29-12-2021_18:03:25] Gracz: 1 odgadl literke: l dostal punktow: 1
[29-12-2021_18:03:25] Gracz: 2 nie zgadl slowa, wprowadzil 
[29-12-2021_18:03:25] Gracz: 2 wybral literke: t nie dostal punktow
[29-12-2021_18:03:25] Gracz: 1 odgadl literke: i dostal punktow: 1
[29-12-2021_18:03:25] Gracz: 3 nie zgadl slowa, wprowadzil 
[29-12-2021_18:03:26] Gracz: 2 nie zgadl slowa, wprowadzil 
[29-12-2021_18:03:26] Gracz: 3 nie zgadl slowa, wprowadzil 
[29-12-2021_18:03:26] Gracz: 1 nie zgadl slowa, wprowadzil 
[29-12-2021_18:03:26] Gracz: 2 odgadl literke: i dostal punktow: 1
[29-12-2021_18:03:26] Gracz: 3 nie zgadl slowa, wprowadzil 
[29-12-2021_18:03:26] Gracz: 1 nie zgadl slowa, wprowadzil 
[29-12-2021_18:03:27] Gracz: 2 wybral literke: ę nie dostal punktow
[29-12-2021_18:03:27] Gracz: 3 wybral literke: ć nie dostal punktow
[29-12-2021_18:03:27] Gracz: 1 nie zgadl slowa, wprowadzil 
[29-12-2021_18:03:27] Gracz: 2 wybral literke: s nie dostal punktow
[29-12-2021_18:03:27] Gracz: 3 nie zgadl slowa, wprowadzil 
[29-12-2021_18:03:27] Gracz: 1 wybral literke: ó nie dostal punktow
[29-12-2021_18:03:27] Gracz: 2 odgadl literke: p dostal punktow: 1
[29-12-2021_18:03:27] Gracz: 3 odgadl literke: e dostal punktow: 2
[29-12-2021_18:03:28] Gracz: 1 wybral literke: f nie dostal punktow
[29-12-2021_18:03:28] Gracz: 1 wybral literke: ę nie dostal punktow
[29-12-2021_18:03:28] Gracz: 2 wybral literke: b nie dostal punktow
[29-12-2021_18:03:28] Gracz: 2 wprowadzil niespodziewana odpowiedz - rozlaczam:
[29-12-2021_18:03:28] Gracz: 3 wybral literke: t nie dostal punktow
[29-12-2021_18:03:28] Gracz: 1 nie zgadl slowa, wprowadzil 
[29-12-2021_18:03:28] Gracz: 1 wprowadzil niespodziewana odpowiedz - rozlaczam:
[29-12-2021_18:03:29] Gracz: 3 nie zgadl slowa, wprowadzil 
[29-12-2021_18:03:29] Gracz: 3 nie zgadl slowa, wprowadzil 
[29-12-2021_18:03:29] Gracz: 3 odgadl literke: ą dostal punktow: 1
[29-12-2021_18:03:30] Gracz: 3 wprowadzil niespodziewana odpowiedz - rozlaczam:
[29-12-2021_18:05:04] Gra dla 3 zakonczona wynikiem: 0
[29-12-2021_18:05:04] Gra dla 2 zakonczona wynikiem: 0
[29-12-2021_18:05:04] Gra dla 1 zakonczona wynikiem: 2
