[29-12-2021_22:11:36] Zaczeto gre o id: 1
[29-12-2021_22:11:36] Dodano gracza: 1
[29-12-2021_22:11:36] Dodano gracza: 2
[29-12-2021_22:11:36] Dodano gracza: 3
[29-12-2021_22:11:36] Wybrano slowo: mieszczańsku
[29-12-2021_22:11:36] Przetlumaczone slowo: 111111111131
[29-12-2021_22:11:37] Gracz: 1 nie zgadl slowa, wprowadzil 
[29-12-2021_22:11:37] Gracz: 2 nie zgadl slowa, wprowadzil 
[29-12-2021_22:11:37] Gracz: 1 nie zgadl slowa, wprowadzil 
[29-12-2021_22:11:37] Gracz: 3 wybral literke: ś nie dostal punktow
[29-12-2021_22:11:37] Gracz: 2 nie zgadl slowa, wprowadzil 
[29-12-2021_22:11:37] Gracz: 1 odgadl literke: a dostal punktow: 1
[29-12-2021_22:11:38] Gracz: 3 wybral literke: v nie dostal punktow
[29-12-2021_22:11:38] Gracz: 2 odgadl literke: e dostal punktow: 1
[29-12-2021_22:11:38] Gracz: 3 odgadl literke: i dostal punktow: 1
[29-12-2021_22:11:38] Gracz: 1 odgadl literke: ń dostal punktow: 1
[29-12-2021_22:11:38] Gracz: 2 wybral literke: ą nie dostal punktow
[29-12-2021_22:11:39] Gracz: 3 wybral literke: n nie dostal punktow
[29-12-2021_22:11:39] Gracz: 1 nie zgadl slowa, wprowadzil 
[29-12-2021_22:11:39] Gracz: 2 wybral literke: ś nie dostal punktow
[29-12-2021_22:11:39] Gracz: 3 wybral literke: w nie dostal punktow
[29-12-2021_22:11:39] Gracz: 1 nie zgadl slowa, wprowadzil 
[29-12-2021_22:11:39] Gracz: 2 nie zgadl slowa, wprowadzil 
[29-12-2021_22:11:39] Gracz: 3 nie zgadl slowa, wprowadzil 
[29-12-2021_22:11:39] Gracz: 1 odgadl literke: u dostal punktow: 1
[29-12-2021_22:11:40] Gracz: 2 wybral literke: x nie dostal punktow
[29-12-2021_22:11:40] Gracz: 3 nie zgadl slowa, wprowadzil 
[29-12-2021_22:11:40] Gracz: 2 nie zgadl slowa, wprowadzil 
[29-12-2021_22:11:40] Gracz: 1 nie zgadl slowa, wprowadzil 
[29-12-2021_22:11:40] Gracz: 3 nie zgadl slowa, wprowadzil 
[29-12-2021_22:11:40] Gracz: 2 nie zgadl slowa, wprowadzil 
[29-12-2021_22:11:40] Gracz: 1 nie zgadl slowa, wprowadzil 
[29-12-2021_22:11:41] Gracz: 3 wybral literke: x nie dostal punktow
[29-12-2021_22:11:41] Gracz: 2 odgadl literke: c dostal punktow: 1
[29-12-2021_22:11:41] Gracz: 1 nie zgadl slowa, wprowadzil 
[29-12-2021_22:11:41] Gracz: 1 wprowadzil niespodziewana odpowiedz - rozlaczam:
[29-12-2021_22:11:41] Gracz: 3 nie zgadl slowa, wprowadzil 
[29-12-2021_22:11:41] Gracz: 3 wprowadzil niespodziewana odpowiedz - rozlaczam:
[29-12-2021_22:11:41] Gracz: 2 wprowadzil niespodziewana odpowiedz - rozlaczam:
[29-12-2021_22:13:16] Gra dla 1 zakonczona wynikiem: 3
[29-12-2021_22:13:16] Gra dla 2 zakonczona wynikiem: 2
[29-12-2021_22:13:16] Gra dla 3 zakonczona wynikiem: 1
