[29-12-2021_17:56:36] Zaczeto gre o id: 14
[29-12-2021_17:56:36] Dodano gracza: 2
[29-12-2021_17:56:36] Dodano gracza: 3
[29-12-2021_17:56:36] Wybrano slowo: niekwiatorodne
[29-12-2021_17:56:36] Przetlumaczone slowo: 11131113111311
[29-12-2021_17:56:37] Gracz: 2 nie zgadl slowa, wprowadzil 
[29-12-2021_17:56:37] Gracz: 3 wybral literke: ć nie dostal punktow
[29-12-2021_17:56:37] Gracz: 2 wybral literke: q nie dostal punktow
[29-12-2021_17:56:37] Gracz: 3 nie zgadl slowa, wprowadzil 
[29-12-2021_17:56:38] Gracz: 2 nie zgadl slowa, wprowadzil 
[29-12-2021_17:56:38] Gracz: 3 nie zgadl slowa, wprowadzil 
[29-12-2021_17:56:38] Gracz: 2 wybral literke: v nie dostal punktow
[29-12-2021_17:56:38] Gracz: 3 nie zgadl slowa, wprowadzil 
[29-12-2021_17:56:38] Gracz: 2 wybral literke: h nie dostal punktow
[29-12-2021_17:56:39] Gracz: 3 wybral literke: ę nie dostal punktow
[29-12-2021_17:56:39] Gracz: 2 wybral literke: ń nie dostal punktow
[29-12-2021_17:56:39] Gracz: 3 wybral literke: ą nie dostal punktow
[29-12-2021_17:56:39] Gracz: 2 nie zgadl slowa, wprowadzil 
[29-12-2021_17:56:39] Gracz: 3 wybral literke: b nie dostal punktow
[29-12-2021_17:56:40] Gracz: 2 wybral literke: c nie dostal punktow
[29-12-2021_17:56:40] Gracz: 3 nie zgadl slowa, wprowadzil 
[29-12-2021_17:56:40] Gracz: 2 nie zgadl slowa, wprowadzil 
[29-12-2021_17:56:40] Gracz: 3 wprowadzil niespodziewana odpowiedz - rozlaczam:
[29-12-2021_17:56:40] Gracz: 2 wybral literke: b nie dostal punktow
[29-12-2021_17:56:40] Gracz: 2 wprowadzil niespodziewana odpowiedz - rozlaczam:
[29-12-2021_17:58:16] Gra dla 1 zakonczona wynikiem: 5
[29-12-2021_17:58:16] Gra dla 2 zakonczona wynikiem: 0
[29-12-2021_17:58:16] Gra dla 3 zakonczona wynikiem: 0
