[29-12-2021_18:04:25] Zaczeto gre o id: 6
[29-12-2021_18:04:25] Dodano gracza: 2
[29-12-2021_18:04:25] Dodano gracza: 1
[29-12-2021_18:04:25] Dodano gracza: 3
[29-12-2021_18:04:25] Wybrano slowo: niewakatowe
[29-12-2021_18:04:25] Przetlumaczone slowo: 11111313111
[29-12-2021_18:04:25] Gracz: 2 nie zgadl slowa, wprowadzil 
[29-12-2021_18:04:25] Gracz: 1 odgadl literke: w dostal punktow: 2
[29-12-2021_18:04:25] Gracz: 2 nie zgadl slowa, wprowadzil 
[29-12-2021_18:04:26] Gracz: 1 wybral literke: g nie dostal punktow
[29-12-2021_18:04:26] Gracz: 2 wybral literke: ć nie dostal punktow
[29-12-2021_18:04:26] Gracz: 1 wybral literke: ą nie dostal punktow
[29-12-2021_18:04:26] Gracz: 2 wprowadzil niespodziewana odpowiedz - rozlaczam:
[29-12-2021_18:04:26] Gracz: 3 nie zgadl slowa, wprowadzil 
[29-12-2021_18:04:27] Gracz: 1 nie zgadl slowa, wprowadzil 
[29-12-2021_18:04:27] Gracz: 3 nie zgadl slowa, wprowadzil 
[29-12-2021_18:04:27] Gracz: 1 wybral literke: s nie dostal punktow
[29-12-2021_18:04:27] Gracz: 3 nie zgadl slowa, wprowadzil 
[29-12-2021_18:04:27] Gracz: 1 nie zgadl slowa, wprowadzil 
[29-12-2021_18:04:28] Gracz: 3 nie zgadl slowa, wprowadzil 
[29-12-2021_18:04:28] Gracz: 1 wprowadzil niespodziewana odpowiedz - rozlaczam:
[29-12-2021_18:04:28] Gracz: 3 nie zgadl slowa, wprowadzil 
[29-12-2021_18:04:28] Gracz: 3 nie zgadl slowa, wprowadzil 
[29-12-2021_18:04:29] Gracz: 3 wybral literke: u nie dostal punktow
[29-12-2021_18:04:29] Gracz: 3 wybral literke: z nie dostal punktow
[29-12-2021_18:04:30] Gracz: 3 nie zgadl slowa, wprowadzil 
[29-12-2021_18:04:30] Gracz: 3 wybral literke: j nie dostal punktow
[29-12-2021_18:04:30] Gracz: 3 wprowadzil niespodziewana odpowiedz - rozlaczam:
[29-12-2021_18:06:05] Gra dla 3 zakonczona wynikiem: 0
[29-12-2021_18:06:05] Gra dla 2 zakonczona wynikiem: 0
[29-12-2021_18:06:05] Gra dla 1 zakonczona wynikiem: 2
