[29-12-2021_17:54:36] Zaczeto gre o id: 13
[29-12-2021_17:54:36] Dodano gracza: 3
[29-12-2021_17:54:36] Dodano gracza: 2
[29-12-2021_17:54:36] Wybrano slowo: rozprzędywanych
[29-12-2021_17:54:36] Przetlumaczone slowo: 111211132111213
[29-12-2021_17:54:36] Gracz: 2 nie zgadl slowa, wprowadzil 
[29-12-2021_17:54:37] Gracz: 3 wybral literke: q nie dostal punktow
[29-12-2021_17:54:37] Gracz: 2 odgadl literke: p dostal punktow: 1
[29-12-2021_17:54:37] Gracz: 3 nie zgadl slowa, wprowadzil 
[29-12-2021_17:54:37] Gracz: 2 wybral literke: ż nie dostal punktow
[29-12-2021_17:54:37] Gracz: 3 wybral literke: i nie dostal punktow
[29-12-2021_17:54:38] Gracz: 2 nie zgadl slowa, wprowadzil 
[29-12-2021_17:54:38] Gracz: 3 nie zgadl slowa, wprowadzil 
[29-12-2021_17:54:38] Gracz: 2 wybral literke: g nie dostal punktow
[29-12-2021_17:54:38] Gracz: 3 nie zgadl slowa, wprowadzil 
[29-12-2021_17:54:38] Gracz: 2 nie zgadl slowa, wprowadzil 
[29-12-2021_17:54:39] Gracz: 3 nie zgadl slowa, wprowadzil 
[29-12-2021_17:54:39] Gracz: 2 wybral literke: ó nie dostal punktow
[29-12-2021_17:54:39] Gracz: 3 wybral literke: ł nie dostal punktow
[29-12-2021_17:54:39] Gracz: 2 nie zgadl slowa, wprowadzil 
[29-12-2021_17:54:39] Gracz: 3 nie zgadl slowa, wprowadzil 
[29-12-2021_17:54:40] Gracz: 2 nie zgadl slowa, wprowadzil 
[29-12-2021_17:54:40] Gracz: 3 nie zgadl slowa, wprowadzil 
[29-12-2021_17:54:40] Gracz: 2 nie zgadl slowa, wprowadzil 
[29-12-2021_17:54:40] Gracz: 2 wprowadzil niespodziewana odpowiedz - rozlaczam:
[29-12-2021_17:54:40] Gracz: 3 odgadl literke: c dostal punktow: 1
[29-12-2021_17:54:40] Gracz: 3 wprowadzil niespodziewana odpowiedz - rozlaczam:
[29-12-2021_17:56:16] Gra dla 1 zakonczona wynikiem: 2
[29-12-2021_17:56:16] Gra dla 2 zakonczona wynikiem: 0
[29-12-2021_17:56:16] Gra dla 3 zakonczona wynikiem: 1
