[29-12-2021_18:01:52] Zaczeto gre o id: 1
[29-12-2021_18:01:52] Dodano gracza: 3
[29-12-2021_18:01:52] Dodano gracza: 2
[29-12-2021_18:01:52] Dodano gracza: 1
[29-12-2021_18:01:52] Wybrano slowo: nieprzygryzania
[29-12-2021_18:01:52] Przetlumaczone slowo: 111211221211111
[29-12-2021_18:01:52] Gracz: 3 wybral literke: b nie dostal punktow
[29-12-2021_18:01:53] Gracz: 2 wybral literke: ą nie dostal punktow
[29-12-2021_18:01:53] Gracz: 3 odgadl literke: n dostal punktow: 2
[29-12-2021_18:01:53] Gracz: 2 wybral literke: q nie dostal punktow
[29-12-2021_18:01:53] Gracz: 2 wybral literke: v nie dostal punktow
[29-12-2021_18:01:53] Gracz: 1 odgadl literke: p dostal punktow: 1
[29-12-2021_18:01:53] Gracz: 3 odgadl literke: g dostal punktow: 1
[29-12-2021_18:01:54] Gracz: 2 wybral literke: ź nie dostal punktow
[29-12-2021_18:01:54] Gracz: 1 nie zgadl slowa, wprowadzil 
[29-12-2021_18:01:54] Gracz: 3 nie zgadl slowa, wprowadzil 
[29-12-2021_18:01:54] Gracz: 2 nie zgadl slowa, wprowadzil 
[29-12-2021_18:01:54] Gracz: 1 nie zgadl slowa, wprowadzil 
[29-12-2021_18:01:54] Gracz: 3 wybral literke: m nie dostal punktow
[29-12-2021_18:01:55] Gracz: 2 odgadl literke: g dostal punktow: 1
[29-12-2021_18:01:55] Gracz: 1 wybral literke: m nie dostal punktow
[29-12-2021_18:01:55] Gracz: 3 nie zgadl slowa, wprowadzil 
[29-12-2021_18:01:55] Gracz: 2 nie zgadl slowa, wprowadzil 
[29-12-2021_18:01:55] Gracz: 1 wybral literke: ć nie dostal punktow
[29-12-2021_18:01:55] Gracz: 3 nie zgadl slowa, wprowadzil 
[29-12-2021_18:01:56] Gracz: 2 nie zgadl slowa, wprowadzil 
[29-12-2021_18:01:56] Gracz: 1 wybral literke: c nie dostal punktow
[29-12-2021_18:01:56] Gracz: 3 nie zgadl slowa, wprowadzil 
[29-12-2021_18:01:56] Gracz: 2 nie zgadl slowa, wprowadzil 
[29-12-2021_18:01:56] Gracz: 1 odgadl literke: r dostal punktow: 2
[29-12-2021_18:01:56] Gracz: 3 wybral literke: c nie dostal punktow
[29-12-2021_18:01:56] Gracz: 2 wybral literke: l nie dostal punktow
[29-12-2021_18:01:56] Gracz: 2 wprowadzil niespodziewana odpowiedz - rozlaczam:
[29-12-2021_18:01:56] Gracz: 3 wybral literke: w nie dostal punktow
[29-12-2021_18:01:56] Gracz: 3 wprowadzil niespodziewana odpowiedz - rozlaczam:
[29-12-2021_18:01:57] Gracz: 1 wybral literke: k nie dostal punktow
[29-12-2021_18:01:57] Gracz: 1 nie zgadl slowa, wprowadzil 
[29-12-2021_18:01:57] Gracz: 1 wybral literke: h nie dostal punktow
[29-12-2021_18:01:57] Gracz: 1 wprowadzil niespodziewana odpowiedz - rozlaczam:
[29-12-2021_18:03:32] Gra dla 3 zakonczona wynikiem: 0
[29-12-2021_18:03:32] Gra dla 2 zakonczona wynikiem: 0
[29-12-2021_18:03:32] Gra dla 1 zakonczona wynikiem: 0
