[29-12-2021_18:02:53] Zaczeto gre o id: 3
[29-12-2021_18:02:53] Dodano gracza: 3
[29-12-2021_18:02:53] Dodano gracza: 2
[29-12-2021_18:02:53] Dodano gracza: 1
[29-12-2021_18:02:53] Wybrano slowo: wyłamujemy
[29-12-2021_18:02:53] Przetlumaczone slowo: 1231112112
[29-12-2021_18:02:53] Gracz: 3 wybral literke: q nie dostal punktow
[29-12-2021_18:02:53] Gracz: 2 nie zgadl slowa, wprowadzil 
[29-12-2021_18:02:54] Gracz: 3 nie zgadl slowa, wprowadzil 
[29-12-2021_18:02:54] Gracz: 2 odgadl literke: j dostal punktow: 1
[29-12-2021_18:02:54] Gracz: 1 wybral literke: q nie dostal punktow
[29-12-2021_18:02:54] Gracz: 3 nie zgadl slowa, wprowadzil 
[29-12-2021_18:02:54] Gracz: 1 odgadl literke: ł dostal punktow: 1
[29-12-2021_18:02:54] Gracz: 2 nie zgadl slowa, wprowadzil 
[29-12-2021_18:02:55] Gracz: 3 wybral literke: i nie dostal punktow
[29-12-2021_18:02:55] Gracz: 2 wybral literke: r nie dostal punktow
[29-12-2021_18:02:55] Gracz: 1 nie zgadl slowa, wprowadzil 
[29-12-2021_18:02:55] Gracz: 3 nie zgadl slowa, wprowadzil 
[29-12-2021_18:02:55] Gracz: 2 nie zgadl slowa, wprowadzil 
[29-12-2021_18:02:55] Gracz: 1 wybral literke: z nie dostal punktow
[29-12-2021_18:02:55] Gracz: 3 nie zgadl slowa, wprowadzil 
[29-12-2021_18:02:56] Gracz: 2 wybral literke: h nie dostal punktow
[29-12-2021_18:02:56] Gracz: 1 nie zgadl slowa, wprowadzil 
[29-12-2021_18:02:56] Gracz: 3 nie zgadl slowa, wprowadzil 
[29-12-2021_18:02:56] Gracz: 2 wybral literke: z nie dostal punktow
[29-12-2021_18:02:56] Gracz: 1 nie zgadl slowa, wprowadzil 
[29-12-2021_18:02:56] Gracz: 3 wybral literke: ź nie dostal punktow
[29-12-2021_18:02:56] Gracz: 2 nie zgadl slowa, wprowadzil 
[29-12-2021_18:02:56] Gracz: 1 odgadl literke: y dostal punktow: 2
[29-12-2021_18:02:57] Gracz: 3 wybral literke: ś nie dostal punktow
[29-12-2021_18:02:57] Gracz: 2 nie zgadl slowa, wprowadzil 
[29-12-2021_18:02:57] Gracz: 3 nie zgadl slowa, wprowadzil 
[29-12-2021_18:02:57] Gracz: 3 wprowadzil niespodziewana odpowiedz - rozlaczam:
[29-12-2021_18:02:57] Gracz: 1 wybral literke: o nie dostal punktow
[29-12-2021_18:02:57] Gracz: 2 odgadl literke: ł dostal punktow: 1
[29-12-2021_18:02:57] Gracz: 2 wprowadzil niespodziewana odpowiedz - rozlaczam:
[29-12-2021_18:02:57] Gracz: 1 wybral literke: ź nie dostal punktow
[29-12-2021_18:02:58] Gracz: 1 wybral literke: n nie dostal punktow
[29-12-2021_18:02:58] Gracz: 1 wprowadzil niespodziewana odpowiedz - rozlaczam:
[29-12-2021_18:04:33] Gra dla 3 zakonczona wynikiem: 0
[29-12-2021_18:04:33] Gra dla 2 zakonczona wynikiem: 0
[29-12-2021_18:04:33] Gra dla 1 zakonczona wynikiem: 2
