[29-12-2021_22:24:17] Zaczeto gre o id: 0
[29-12-2021_22:24:17] Dodano gracza: 2
[29-12-2021_22:24:17] Dodano gracza: 1
[29-12-2021_22:24:17] Wybrano slowo: niezwietrzałemu
[29-12-2021_22:24:17] Przetlumaczone slowo: 111111131113111
[29-12-2021_22:24:18] Gracz: 2 nie zgadl slowa, wprowadzil 
[29-12-2021_22:24:19] Gracz: 2 wybral literke: g nie dostal punktow
[29-12-2021_22:24:19] Gracz: 2 odgadl literke: m dostal punktow: 1
[29-12-2021_22:24:19] Gracz: 1 odgadl literke: a dostal punktow: 1
[29-12-2021_22:24:20] Gracz: 2 nie zgadl slowa, wprowadzil 
[29-12-2021_22:24:20] Gracz: 1 nie zgadl slowa, wprowadzil 
[29-12-2021_22:24:20] Gracz: 2 nie zgadl slowa, wprowadzil 
[29-12-2021_22:24:20] Gracz: 1 wybral literke: s nie dostal punktow
[29-12-2021_22:24:20] Gracz: 2 wybral literke: ć nie dostal punktow
[29-12-2021_22:24:21] Gracz: 1 nie zgadl slowa, wprowadzil 
[29-12-2021_22:24:21] Gracz: 2 odgadl literke: z dostal punktow: 2
[29-12-2021_22:24:21] Gracz: 1 wybral literke: c nie dostal punktow
[29-12-2021_22:24:21] Gracz: 1 wybral literke: j nie dostal punktow
[29-12-2021_22:24:21] Gracz: 2 odgadl literke: u dostal punktow: 1
[29-12-2021_22:24:22] Gracz: 1 wybral literke: q nie dostal punktow
[29-12-2021_22:24:22] Gracz: 2 nie zgadl slowa, wprowadzil 
[29-12-2021_22:24:22] Gracz: 1 odgadl literke: t dostal punktow: 1
[29-12-2021_22:24:22] Gracz: 2 nie zgadl slowa, wprowadzil 
[29-12-2021_22:24:22] Gracz: 2 wprowadzil niespodziewana odpowiedz - rozlaczam:
[29-12-2021_22:24:23] Gracz: 1 nie zgadl slowa, wprowadzil 
[29-12-2021_22:24:23] Gracz: 1 wybral literke: ń nie dostal punktow
[29-12-2021_22:24:23] Gracz: 1 wprowadzil niespodziewana odpowiedz - rozlaczam:
[29-12-2021_22:25:57] Gra dla 2 zakonczona wynikiem: 4
[29-12-2021_22:25:57] Gra dla 1 zakonczona wynikiem: 2
