[29-12-2021_22:00:50] Zaczeto gre o id: 1
[29-12-2021_22:00:50] Dodano gracza: 1
[29-12-2021_22:00:50] Dodano gracza: 3
[29-12-2021_22:00:50] Dodano gracza: 2
[29-12-2021_22:00:50] Wybrano slowo: natarmoszeniu
[29-12-2021_22:00:50] Przetlumaczone slowo: 1131111111111
[29-12-2021_22:00:50] Gracz: 1 wybral literke: ą nie dostal punktow
[29-12-2021_22:00:50] Gracz: 3 odgadl literke: s dostal punktow: 1
[29-12-2021_22:00:51] Gracz: 1 nie zgadl slowa, wprowadzil 
[29-12-2021_22:00:51] Gracz: 3 nie zgadl slowa, wprowadzil 
[29-12-2021_22:00:51] Gracz: 1 nie zgadl slowa, wprowadzil 
[29-12-2021_22:00:51] Gracz: 3 wybral literke: y nie dostal punktow
[29-12-2021_22:00:51] Gracz: 1 nie zgadl slowa, wprowadzil 
[29-12-2021_22:00:52] Gracz: 2 odgadl literke: t dostal punktow: 1
[29-12-2021_22:00:52] Gracz: 3 nie zgadl slowa, wprowadzil 
[29-12-2021_22:00:52] Gracz: 1 wybral literke: q nie dostal punktow
[29-12-2021_22:00:52] Gracz: 3 nie zgadl slowa, wprowadzil 
[29-12-2021_22:00:52] Gracz: 2 odgadl literke: r dostal punktow: 1
[29-12-2021_22:00:52] Gracz: 1 nie zgadl slowa, wprowadzil 
[29-12-2021_22:00:52] Gracz: 3 nie zgadl slowa, wprowadzil 
[29-12-2021_22:00:53] Gracz: 1 nie zgadl slowa, wprowadzil 
[29-12-2021_22:00:53] Gracz: 2 wybral literke: ą nie dostal punktow
[29-12-2021_22:00:53] Gracz: 3 nie zgadl slowa, wprowadzil 
[29-12-2021_22:00:53] Gracz: 1 nie zgadl slowa, wprowadzil 
[29-12-2021_22:00:53] Gracz: 2 wybral literke: ź nie dostal punktow
[29-12-2021_22:00:53] Gracz: 3 nie zgadl slowa, wprowadzil 
[29-12-2021_22:00:53] Gracz: 1 nie zgadl slowa, wprowadzil 
[29-12-2021_22:00:54] Gracz: 2 nie zgadl slowa, wprowadzil 
[29-12-2021_22:00:54] Gracz: 3 nie zgadl slowa, wprowadzil 
[29-12-2021_22:00:54] Gracz: 1 nie zgadl slowa, wprowadzil 
[29-12-2021_22:00:54] Gracz: 1 wprowadzil niespodziewana odpowiedz - rozlaczam:
[29-12-2021_22:00:54] Gracz: 2 nie zgadl slowa, wprowadzil 
[29-12-2021_22:00:54] Gracz: 3 nie zgadl slowa, wprowadzil 
[29-12-2021_22:00:54] Gracz: 3 wprowadzil niespodziewana odpowiedz - rozlaczam:
[29-12-2021_22:00:54] Gracz: 2 nie zgadl slowa, wprowadzil 
[29-12-2021_22:00:55] Gracz: 2 wybral literke: x nie dostal punktow
[29-12-2021_22:00:55] Gracz: 2 wybral literke: d nie dostal punktow
[29-12-2021_22:00:56] Gracz: 2 nie zgadl slowa, wprowadzil 
[29-12-2021_22:00:56] Gracz: 2 wprowadzil niespodziewana odpowiedz - rozlaczam:
[29-12-2021_22:02:30] Gra dla 1 zakonczona wynikiem: 0
[29-12-2021_22:02:30] Gra dla 3 zakonczona wynikiem: 1
[29-12-2021_22:02:30] Gra dla 2 zakonczona wynikiem: 2
