[29-12-2021_22:12:06] Zaczeto gre o id: 2
[29-12-2021_22:12:06] Dodano gracza: 1
[29-12-2021_22:12:06] Dodano gracza: 3
[29-12-2021_22:12:06] Dodano gracza: 2
[29-12-2021_22:12:06] Wybrano slowo: utwierdzenia
[29-12-2021_22:12:06] Przetlumaczone slowo: 131111311111
[29-12-2021_22:12:07] Gracz: 1 nie zgadl slowa, wprowadzil 
[29-12-2021_22:12:07] Gracz: 3 nie zgadl slowa, wprowadzil 
[29-12-2021_22:12:07] Gracz: 2 nie zgadl slowa, wprowadzil 
[29-12-2021_22:12:08] Gracz: 1 nie zgadl slowa, wprowadzil 
[29-12-2021_22:12:08] Gracz: 3 wybral literke: l nie dostal punktow
[29-12-2021_22:12:08] Gracz: 2 odgadl literke: n dostal punktow: 1
[29-12-2021_22:12:08] Gracz: 1 wybral literke: y nie dostal punktow
[29-12-2021_22:12:08] Gracz: 3 nie zgadl slowa, wprowadzil 
[29-12-2021_22:12:08] Gracz: 2 wybral literke: ł nie dostal punktow
[29-12-2021_22:12:09] Gracz: 1 nie zgadl slowa, wprowadzil 
[29-12-2021_22:12:09] Gracz: 3 odgadl literke: t dostal punktow: 1
[29-12-2021_22:12:09] Gracz: 2 wybral literke: ż nie dostal punktow
[29-12-2021_22:12:09] Gracz: 1 odgadl literke: z dostal punktow: 1
[29-12-2021_22:12:09] Gracz: 3 nie zgadl slowa, wprowadzil 
[29-12-2021_22:12:09] Gracz: 2 wybral literke: ć nie dostal punktow
[29-12-2021_22:12:10] Gracz: 1 wybral literke: s nie dostal punktow
[29-12-2021_22:12:10] Gracz: 3 wybral literke: ń nie dostal punktow
[29-12-2021_22:12:10] Gracz: 2 wybral literke: v nie dostal punktow
[29-12-2021_22:12:10] Gracz: 1 nie zgadl slowa, wprowadzil 
[29-12-2021_22:12:10] Gracz: 3 odgadl literke: e dostal punktow: 2
[29-12-2021_22:12:10] Gracz: 2 nie zgadl slowa, wprowadzil 
[29-12-2021_22:12:10] Gracz: 1 nie zgadl slowa, wprowadzil 
[29-12-2021_22:12:10] Gracz: 2 nie zgadl slowa, wprowadzil 
[29-12-2021_22:12:11] Gracz: 3 nie zgadl slowa, wprowadzil 
[29-12-2021_22:12:11] Gracz: 1 nie zgadl slowa, wprowadzil 
[29-12-2021_22:12:11] Gracz: 2 wybral literke: p nie dostal punktow
[29-12-2021_22:12:11] Gracz: 3 wybral literke: ą nie dostal punktow
[29-12-2021_22:12:11] Gracz: 1 nie zgadl slowa, wprowadzil 
[29-12-2021_22:12:11] Gracz: 1 wprowadzil niespodziewana odpowiedz - rozlaczam:
[29-12-2021_22:12:11] Gracz: 2 wybral literke: l nie dostal punktow
[29-12-2021_22:12:11] Gracz: 2 wprowadzil niespodziewana odpowiedz - rozlaczam:
[29-12-2021_22:12:11] Gracz: 3 nie zgadl slowa, wprowadzil 
[29-12-2021_22:12:11] Gracz: 3 wprowadzil niespodziewana odpowiedz - rozlaczam:
[29-12-2021_22:13:46] Gra dla 1 zakonczona wynikiem: 1
[29-12-2021_22:13:46] Gra dla 3 zakonczona wynikiem: 3
[29-12-2021_22:13:46] Gra dla 2 zakonczona wynikiem: 1
