[29-12-2021_17:42:01] Zaczeto gre o id: 5
[29-12-2021_17:42:01] Dodano gracza: 1
[29-12-2021_17:42:01] Dodano gracza: 2
[29-12-2021_17:42:01] Wybrano slowo: świecilibyście
[29-12-2021_17:42:01] Przetlumaczone slowo: 11111131321111
[29-12-2021_17:42:01] Gracz: 1 wprowadzil niespodziewana odpowiedz - rozlaczam:
[29-12-2021_17:42:02] Gracz: 2 wybral literke: ę nie dostal punktow
[29-12-2021_17:42:02] Gracz: 2 nie zgadl slowa, wprowadzil 
[29-12-2021_17:42:02] Gracz: 2 wybral literke: ć nie dostal punktow
[29-12-2021_17:42:03] Gracz: 2 nie zgadl slowa, wprowadzil 
[29-12-2021_17:42:03] Gracz: 2 wybral literke: x nie dostal punktow
[29-12-2021_17:42:04] Gracz: 2 wybral literke: h nie dostal punktow
[29-12-2021_17:42:04] Gracz: 2 nie zgadl slowa, wprowadzil 
[29-12-2021_17:42:04] Gracz: 2 wybral literke: m nie dostal punktow
[29-12-2021_17:42:05] Gracz: 2 odgadl literke: e dostal punktow: 2
[29-12-2021_17:42:05] Gracz: 2 wybral literke: f nie dostal punktow
[29-12-2021_17:42:05] Gracz: 2 wprowadzil niespodziewana odpowiedz - rozlaczam:
[29-12-2021_17:43:41] Gra dla 1 zakonczona wynikiem: 2
[29-12-2021_17:43:41] Gra dla 2 zakonczona wynikiem: 0
[29-12-2021_17:43:41] Gra dla 3 zakonczona wynikiem: 2
