[29-12-2021_17:38:28] Zaczeto gre o id: 0
[29-12-2021_17:38:28] Dodano gracza: 1
[29-12-2021_17:38:28] Dodano gracza: 2
[29-12-2021_17:38:28] Wybrano slowo: elektromonterze
[29-12-2021_17:38:28] Przetlumaczone slowo: 131331111131111
[29-12-2021_17:38:30] Gracz: 2 nie zgadl slowa, wprowadzil 
[29-12-2021_17:38:30] Gracz: 2 wybral literke: ę nie dostal punktow
[29-12-2021_17:38:30] Gracz: 1 nie zgadl slowa, wprowadzil 
[29-12-2021_17:38:30] Gracz: 2 odgadl literke: m dostal punktow: 1
[29-12-2021_17:38:30] Gracz: 1 nie zgadl slowa, wprowadzil 
[29-12-2021_17:38:31] Gracz: 1 nie zgadl slowa, wprowadzil 
[29-12-2021_17:38:31] Gracz: 2 wybral literke: q nie dostal punktow
[29-12-2021_17:38:31] Gracz: 1 nie zgadl slowa, wprowadzil 
[29-12-2021_17:38:31] Gracz: 2 wybral literke: a nie dostal punktow
[29-12-2021_17:38:32] Gracz: 1 wybral literke: u nie dostal punktow
[29-12-2021_17:38:32] Gracz: 2 odgadl literke: t dostal punktow: 2
[29-12-2021_17:38:32] Gracz: 1 wybral literke: v nie dostal punktow
[29-12-2021_17:38:32] Gracz: 2 nie zgadl slowa, wprowadzil 
[29-12-2021_17:38:32] Gracz: 1 nie zgadl slowa, wprowadzil 
[29-12-2021_17:38:33] Gracz: 2 wybral literke: ż nie dostal punktow
[29-12-2021_17:38:33] Gracz: 1 nie zgadl slowa, wprowadzil 
[29-12-2021_17:38:33] Gracz: 2 nie zgadl slowa, wprowadzil 
[29-12-2021_17:38:33] Gracz: 1 wybral literke: ę nie dostal punktow
[29-12-2021_17:38:34] Gracz: 2 wybral literke: ą nie dostal punktow
[29-12-2021_17:38:34] Gracz: 2 wprowadzil niespodziewana odpowiedz - rozlaczam:
[29-12-2021_17:38:34] Gracz: 1 nie zgadl slowa, wprowadzil 
[29-12-2021_17:38:34] Gracz: 1 wprowadzil niespodziewana odpowiedz - rozlaczam:
[29-12-2021_17:40:08] Gra dla 1 zakonczona wynikiem: 0
[29-12-2021_17:40:08] Gra dla 2 zakonczona wynikiem: 0
