[29-12-2021_17:58:38] Zaczeto gre o id: 17
[29-12-2021_17:58:38] Dodano gracza: 2
[29-12-2021_17:58:38] Dodano gracza: 3
[29-12-2021_17:58:38] Wybrano slowo: nieuciemiężani
[29-12-2021_17:58:38] Przetlumaczone slowo: 11111111111111
[29-12-2021_17:58:39] Gracz: 3 odgadl literke: ę dostal punktow: 1
[29-12-2021_17:58:39] Gracz: 2 wybral literke: t nie dostal punktow
[29-12-2021_17:58:39] Gracz: 3 wybral literke: ń nie dostal punktow
[29-12-2021_17:58:40] Gracz: 2 nie zgadl slowa, wprowadzil 
[29-12-2021_17:58:40] Gracz: 3 wybral literke: j nie dostal punktow
[29-12-2021_17:58:40] Gracz: 2 wybral literke: l nie dostal punktow
[29-12-2021_17:58:40] Gracz: 3 wybral literke: p nie dostal punktow
[29-12-2021_17:58:40] Gracz: 2 wybral literke: ź nie dostal punktow
[29-12-2021_17:58:41] Gracz: 3 wybral literke: g nie dostal punktow
[29-12-2021_17:58:41] Gracz: 2 nie zgadl slowa, wprowadzil 
[29-12-2021_17:58:41] Gracz: 3 nie zgadl slowa, wprowadzil 
[29-12-2021_17:58:41] Gracz: 2 odgadl literke: i dostal punktow: 4
[29-12-2021_17:58:41] Gracz: 3 wybral literke: z nie dostal punktow
[29-12-2021_17:58:42] Gracz: 2 nie zgadl slowa, wprowadzil 
[29-12-2021_17:58:42] Gracz: 3 wybral literke: r nie dostal punktow
[29-12-2021_17:58:42] Gracz: 2 nie zgadl slowa, wprowadzil 
[29-12-2021_17:58:42] Gracz: 3 wybral literke: v nie dostal punktow
[29-12-2021_17:58:43] Gracz: 2 wybral literke: x nie dostal punktow
[29-12-2021_17:58:43] Gracz: 3 nie zgadl slowa, wprowadzil 
[29-12-2021_17:58:43] Gracz: 3 wprowadzil niespodziewana odpowiedz - rozlaczam:
[29-12-2021_17:58:43] Gracz: 2 nie zgadl slowa, wprowadzil 
[29-12-2021_17:58:43] Gracz: 2 wprowadzil niespodziewana odpowiedz - rozlaczam:
[29-12-2021_18:00:18] Gra dla 1 zakonczona wynikiem: 5
[29-12-2021_18:00:18] Gra dla 2 zakonczona wynikiem: 4
[29-12-2021_18:00:18] Gra dla 3 zakonczona wynikiem: 0
