[29-12-2021_17:43:33] Zaczeto gre o id: 8
[29-12-2021_17:43:33] Dodano gracza: 2
[29-12-2021_17:43:33] Dodano gracza: 3
[29-12-2021_17:43:33] Dodano gracza: 1
[29-12-2021_17:43:33] Wybrano slowo: optyka
[29-12-2021_17:43:33] Przetlumaczone slowo: 123231
[29-12-2021_17:43:33] Gracz: 2 odgadl literke: a dostal punktow: 1
[29-12-2021_17:43:34] Gracz: 1 nie zgadl slowa, wprowadzil 
[29-12-2021_17:43:34] Gracz: 2 nie zgadl slowa, wprowadzil 
[29-12-2021_17:43:34] Gracz: 3 nie zgadl slowa, wprowadzil 
[29-12-2021_17:43:34] Gracz: 1 nie zgadl slowa, wprowadzil 
[29-12-2021_17:43:34] Gracz: 2 wybral literke: b nie dostal punktow
[29-12-2021_17:43:34] Gracz: 3 nie zgadl slowa, wprowadzil 
[29-12-2021_17:43:34] Gracz: 1 nie zgadl slowa, wprowadzil 
[29-12-2021_17:43:34] Gracz: 2 nie zgadl slowa, wprowadzil 
[29-12-2021_17:43:35] Gracz: 3 wybral literke: m nie dostal punktow
[29-12-2021_17:43:35] Gracz: 1 nie zgadl slowa, wprowadzil 
[29-12-2021_17:43:35] Gracz: 2 nie zgadl slowa, wprowadzil 
[29-12-2021_17:43:35] Gracz: 3 nie zgadl slowa, wprowadzil 
[29-12-2021_17:43:35] Gracz: 1 wybral literke: x nie dostal punktow
[29-12-2021_17:43:35] Gracz: 2 wybral literke: g nie dostal punktow
[29-12-2021_17:43:35] Gracz: 3 wybral literke: g nie dostal punktow
[29-12-2021_17:43:36] Gracz: 1 nie zgadl slowa, wprowadzil 
[29-12-2021_17:43:36] Gracz: 2 wybral literke: d nie dostal punktow
[29-12-2021_17:43:36] Gracz: 3 wybral literke: w nie dostal punktow
[29-12-2021_17:43:36] Gracz: 1 wybral literke: u nie dostal punktow
[29-12-2021_17:43:36] Gracz: 2 nie zgadl slowa, wprowadzil 
[29-12-2021_17:43:36] Gracz: 3 nie zgadl slowa, wprowadzil 
[29-12-2021_17:43:36] Gracz: 1 nie zgadl slowa, wprowadzil 
[29-12-2021_17:43:36] Gracz: 2 wybral literke: n nie dostal punktow
[29-12-2021_17:43:37] Gracz: 3 odgadl literke: o dostal punktow: 1
[29-12-2021_17:43:37] Gracz: 1 odgadl literke: y dostal punktow: 1
[29-12-2021_17:43:37] Gracz: 2 nie zgadl slowa, wprowadzil 
[29-12-2021_17:43:37] Gracz: 2 wprowadzil niespodziewana odpowiedz - rozlaczam:
[29-12-2021_17:43:37] Gracz: 3 wybral literke: h nie dostal punktow
[29-12-2021_17:43:37] Gracz: 1 odgadl literke: o dostal punktow: 1
[29-12-2021_17:43:38] Gracz: 1 wprowadzil niespodziewana odpowiedz - rozlaczam:
[29-12-2021_17:43:38] Gracz: 3 odgadl literke: y dostal punktow: 1
[29-12-2021_17:43:38] Gracz: 3 wprowadzil niespodziewana odpowiedz - rozlaczam:
[29-12-2021_17:45:13] Gra dla 1 zakonczona wynikiem: 2
[29-12-2021_17:45:13] Gra dla 2 zakonczona wynikiem: 1
[29-12-2021_17:45:13] Gra dla 3 zakonczona wynikiem: 0
