[29-12-2021_18:03:54] Zaczeto gre o id: 5
[29-12-2021_18:03:54] Dodano gracza: 2
[29-12-2021_18:03:54] Dodano gracza: 1
[29-12-2021_18:03:54] Dodano gracza: 3
[29-12-2021_18:03:54] Wybrano slowo: niełatwolotną
[29-12-2021_18:03:54] Przetlumaczone slowo: 1113131131311
[29-12-2021_18:03:55] Gracz: 2 wybral literke: ń nie dostal punktow
[29-12-2021_18:03:55] Gracz: 1 nie zgadl slowa, wprowadzil 
[29-12-2021_18:03:55] Gracz: 2 nie zgadl slowa, wprowadzil 
[29-12-2021_18:03:55] Gracz: 1 nie zgadl slowa, wprowadzil 
[29-12-2021_18:03:55] Gracz: 2 wybral literke: d nie dostal punktow
[29-12-2021_18:03:56] Gracz: 1 odgadl literke: a dostal punktow: 1
[29-12-2021_18:03:56] Gracz: 2 wybral literke: ż nie dostal punktow
[29-12-2021_18:03:56] Gracz: 3 odgadl literke: a dostal punktow: 1
[29-12-2021_18:03:56] Gracz: 2 nie zgadl slowa, wprowadzil 
[29-12-2021_18:03:56] Gracz: 1 nie zgadl slowa, wprowadzil 
[29-12-2021_18:03:57] Gracz: 3 wybral literke: v nie dostal punktow
[29-12-2021_18:03:57] Gracz: 2 odgadl literke: w dostal punktow: 1
[29-12-2021_18:03:57] Gracz: 1 nie zgadl slowa, wprowadzil 
[29-12-2021_18:03:57] Gracz: 3 nie zgadl slowa, wprowadzil 
[29-12-2021_18:03:57] Gracz: 1 odgadl literke: e dostal punktow: 1
[29-12-2021_18:03:57] Gracz: 2 nie zgadl slowa, wprowadzil 
[29-12-2021_18:03:57] Gracz: 3 nie zgadl slowa, wprowadzil 
[29-12-2021_18:03:58] Gracz: 2 wybral literke: k nie dostal punktow
[29-12-2021_18:03:58] Gracz: 1 nie zgadl slowa, wprowadzil 
[29-12-2021_18:03:58] Gracz: 3 nie zgadl slowa, wprowadzil 
[29-12-2021_18:03:58] Gracz: 2 nie zgadl slowa, wprowadzil 
[29-12-2021_18:03:58] Gracz: 1 nie zgadl slowa, wprowadzil 
[29-12-2021_18:03:58] Gracz: 3 nie zgadl slowa, wprowadzil 
[29-12-2021_18:03:58] Gracz: 2 wybral literke: c nie dostal punktow
[29-12-2021_18:03:58] Gracz: 2 wprowadzil niespodziewana odpowiedz - rozlaczam:
[29-12-2021_18:03:58] Gracz: 1 nie zgadl slowa, wprowadzil 
[29-12-2021_18:03:59] Gracz: 3 wybral literke: ż nie dostal punktow
[29-12-2021_18:03:59] Gracz: 1 wybral literke: ń nie dostal punktow
[29-12-2021_18:03:59] Gracz: 1 wprowadzil niespodziewana odpowiedz - rozlaczam:
[29-12-2021_18:03:59] Gracz: 3 nie zgadl slowa, wprowadzil 
[29-12-2021_18:03:59] Gracz: 3 nie zgadl slowa, wprowadzil 
[29-12-2021_18:04:00] Gracz: 3 odgadl literke: ł dostal punktow: 1
[29-12-2021_18:04:00] Gracz: 3 wprowadzil niespodziewana odpowiedz - rozlaczam:
[29-12-2021_18:05:34] Gra dla 3 zakonczona wynikiem: 0
[29-12-2021_18:05:34] Gra dla 2 zakonczona wynikiem: 0
[29-12-2021_18:05:34] Gra dla 1 zakonczona wynikiem: 2
