[29-12-2021_17:57:37] Zaczeto gre o id: 15
[29-12-2021_17:57:37] Dodano gracza: 2
[29-12-2021_17:57:37] Dodano gracza: 3
[29-12-2021_17:57:37] Wybrano slowo: ateistek
[29-12-2021_17:57:37] Przetlumaczone slowo: 13111313
[29-12-2021_17:57:38] Gracz: 3 wybral literke: n nie dostal punktow
[29-12-2021_17:57:38] Gracz: 3 odgadl literke: i dostal punktow: 1
[29-12-2021_17:57:39] Gracz: 2 nie zgadl slowa, wprowadzil 
[29-12-2021_17:57:39] Gracz: 3 nie zgadl slowa, wprowadzil 
[29-12-2021_17:57:39] Gracz: 2 odgadl literke: k dostal punktow: 1
[29-12-2021_17:57:39] Gracz: 3 wybral literke: c nie dostal punktow
[29-12-2021_17:57:40] Gracz: 2 wybral literke: ł nie dostal punktow
[29-12-2021_17:57:40] Gracz: 3 wybral literke: u nie dostal punktow
[29-12-2021_17:57:40] Gracz: 2 wybral literke: ć nie dostal punktow
[29-12-2021_17:57:40] Gracz: 3 wybral literke: ó nie dostal punktow
[29-12-2021_17:57:41] Gracz: 2 nie zgadl slowa, wprowadzil 
[29-12-2021_17:57:41] Gracz: 3 wybral literke: o nie dostal punktow
[29-12-2021_17:57:41] Gracz: 2 nie zgadl slowa, wprowadzil 
[29-12-2021_17:57:41] Gracz: 3 nie zgadl slowa, wprowadzil 
[29-12-2021_17:57:41] Gracz: 2 wybral literke: f nie dostal punktow
[29-12-2021_17:57:41] Gracz: 3 wybral literke: l nie dostal punktow
[29-12-2021_17:57:42] Gracz: 2 nie zgadl slowa, wprowadzil 
[29-12-2021_17:57:42] Gracz: 3 odgadl literke: k dostal punktow: 1
[29-12-2021_17:57:42] Gracz: 3 wprowadzil niespodziewana odpowiedz - rozlaczam:
[29-12-2021_17:57:42] Gracz: 2 wybral literke: n nie dostal punktow
[29-12-2021_17:57:43] Gracz: 2 nie zgadl slowa, wprowadzil 
[29-12-2021_17:57:43] Gracz: 2 wprowadzil niespodziewana odpowiedz - rozlaczam:
[29-12-2021_17:59:17] Gra dla 1 zakonczona wynikiem: 5
[29-12-2021_17:59:17] Gra dla 2 zakonczona wynikiem: 4
[29-12-2021_17:59:17] Gra dla 3 zakonczona wynikiem: 0
