[29-12-2021_22:21:42] Zaczeto gre o id: 0
[29-12-2021_22:21:42] Dodano gracza: 2
[29-12-2021_22:21:42] Dodano gracza: 1
[29-12-2021_22:21:42] Wybrano slowo: struże
[29-12-2021_22:21:42] Przetlumaczone slowo: 131111
[29-12-2021_22:21:43] Gracz: 1 nie zgadl slowa, wprowadzil 
[29-12-2021_22:21:43] Gracz: 1 odgadl literke: r dostal punktow: 1
[29-12-2021_22:21:44] Gracz: 1 wybral literke: ź nie dostal punktow
[29-12-2021_22:21:44] Gracz: 2 nie zgadl slowa, wprowadzil 
[29-12-2021_22:21:44] Gracz: 1 wybral literke: h nie dostal punktow
[29-12-2021_22:21:45] Gracz: 2 nie zgadl slowa, wprowadzil 
[29-12-2021_22:21:45] Gracz: 1 nie zgadl slowa, wprowadzil 
[29-12-2021_22:21:45] Gracz: 2 nie zgadl slowa, wprowadzil 
[29-12-2021_22:21:45] Gracz: 1 nie zgadl slowa, wprowadzil 
[29-12-2021_22:21:45] Gracz: 2 wybral literke: j nie dostal punktow
[29-12-2021_22:21:45] Gracz: 1 wybral literke: d nie dostal punktow
[29-12-2021_22:21:46] Gracz: 2 nie zgadl slowa, wprowadzil 
[29-12-2021_22:21:46] Gracz: 1 nie zgadl slowa, wprowadzil 
[29-12-2021_22:21:46] Gracz: 2 wybral literke: o nie dostal punktow
[29-12-2021_22:21:46] Gracz: 1 odgadl literke: s dostal punktow: 1
[29-12-2021_22:21:47] Gracz: 2 nie zgadl slowa, wprowadzil 
[29-12-2021_22:21:47] Gracz: 1 nie zgadl slowa, wprowadzil 
[29-12-2021_22:21:47] Gracz: 1 wprowadzil niespodziewana odpowiedz - rozlaczam:
[29-12-2021_22:21:47] Gracz: 2 nie zgadl slowa, wprowadzil 
[29-12-2021_22:21:47] Gracz: 2 nie zgadl slowa, wprowadzil 
[29-12-2021_22:21:48] Gracz: 2 nie zgadl slowa, wprowadzil 
[29-12-2021_22:21:48] Gracz: 2 wprowadzil niespodziewana odpowiedz - rozlaczam:
[29-12-2021_22:23:23] Gra dla 1 zakonczona wynikiem: 2
[29-12-2021_22:23:23] Gra dla 2 zakonczona wynikiem: 0
