[29-12-2021_17:42:31] Zaczeto gre o id: 6
[29-12-2021_17:42:31] Dodano gracza: 2
[29-12-2021_17:42:31] Dodano gracza: 1
[29-12-2021_17:42:31] Wybrano slowo: nacieszyliby
[29-12-2021_17:42:31] Przetlumaczone slowo: 111111123132
[29-12-2021_17:42:32] Gracz: 2 wybral literke: ล nie dostal punktow
[29-12-2021_17:42:32] Gracz: 2 nie zgadl slowa, wprowadzil 
[29-12-2021_17:42:32] Gracz: 1 odgadl literke: i dostal punktow: 2
[29-12-2021_17:42:33] Gracz: 2 nie zgadl slowa, wprowadzil 
[29-12-2021_17:42:33] Gracz: 1 nie zgadl slowa, wprowadzil 
[29-12-2021_17:42:33] Gracz: 2 wybral literke: r nie dostal punktow
[29-12-2021_17:42:33] Gracz: 1 nie zgadl slowa, wprowadzil 
[29-12-2021_17:42:33] Gracz: 2 odgadl literke: i dostal punktow: 2
[29-12-2021_17:42:34] Gracz: 1 odgadl literke: s dostal punktow: 1
[29-12-2021_17:42:34] Gracz: 2 odgadl literke: l dostal punktow: 1
[29-12-2021_17:42:34] Gracz: 1 nie zgadl slowa, wprowadzil 
[29-12-2021_17:42:35] Gracz: 2 wybral literke: รณ nie dostal punktow
[29-12-2021_17:42:35] Gracz: 1 nie zgadl slowa, wprowadzil 
[29-12-2021_17:42:35] Gracz: 2 wybral literke: q nie dostal punktow
[29-12-2021_17:42:35] Gracz: 1 wybral literke: รณ nie dostal punktow
[29-12-2021_17:42:35] Gracz: 2 wybral literke: p nie dostal punktow
[29-12-2021_17:42:36] Gracz: 1 nie zgadl slowa, wprowadzil 
[29-12-2021_17:42:36] Gracz: 2 odgadl literke: c dostal punktow: 1
[29-12-2021_17:42:36] Gracz: 1 wybral literke: f nie dostal punktow
[29-12-2021_17:42:36] Gracz: 2 wprowadzil niespodziewana odpowiedz - rozlaczam:
[29-12-2021_17:42:36] Gracz: 1 wybral literke: v nie dostal punktow
[29-12-2021_17:42:36] Gracz: 1 wprowadzil niespodziewana odpowiedz - rozlaczam:
[29-12-2021_17:44:12] Gra dla 1 zakonczona wynikiem: 2
[29-12-2021_17:44:12] Gra dla 2 zakonczona wynikiem: 1
[29-12-2021_17:44:12] Gra dla 3 zakonczona wynikiem: 0
