[29-12-2021_17:41:00] Zaczeto gre o id: 4
[29-12-2021_17:41:00] Dodano gracza: 1
[29-12-2021_17:41:00] Dodano gracza: 2
[29-12-2021_17:41:00] Wybrano slowo: nienadręczeń
[29-12-2021_17:41:00] Przetlumaczone slowo: 111113111111
[29-12-2021_17:41:01] Gracz: 1 nie zgadl slowa, wprowadzil 
[29-12-2021_17:41:02] Gracz: 1 nie zgadl slowa, wprowadzil 
[29-12-2021_17:41:02] Gracz: 2 nie zgadl slowa, wprowadzil 
[29-12-2021_17:41:02] Gracz: 1 nie zgadl slowa, wprowadzil 
[29-12-2021_17:41:02] Gracz: 2 odgadl literke: ę dostal punktow: 1
[29-12-2021_17:41:02] Gracz: 1 nie zgadl slowa, wprowadzil 
[29-12-2021_17:41:03] Gracz: 2 wybral literke: o nie dostal punktow
[29-12-2021_17:41:03] Gracz: 1 wybral literke: ó nie dostal punktow
[29-12-2021_17:41:03] Gracz: 2 nie zgadl slowa, wprowadzil 
[29-12-2021_17:41:03] Gracz: 1 nie zgadl slowa, wprowadzil 
[29-12-2021_17:41:03] Gracz: 2 odgadl literke: i dostal punktow: 1
[29-12-2021_17:41:04] Gracz: 1 nie zgadl slowa, wprowadzil 
[29-12-2021_17:41:04] Gracz: 1 wybral literke: ć nie dostal punktow
[29-12-2021_17:41:04] Gracz: 2 wybral literke: ź nie dostal punktow
[29-12-2021_17:41:04] Gracz: 1 wybral literke: ł nie dostal punktow
[29-12-2021_17:41:04] Gracz: 2 wybral literke: w nie dostal punktow
[29-12-2021_17:41:05] Gracz: 1 nie zgadl slowa, wprowadzil 
[29-12-2021_17:41:05] Gracz: 1 wprowadzil niespodziewana odpowiedz - rozlaczam:
[29-12-2021_17:41:05] Gracz: 2 wybral literke: ś nie dostal punktow
[29-12-2021_17:41:05] Gracz: 2 wybral literke: v nie dostal punktow
[29-12-2021_17:41:06] Gracz: 2 odgadl literke: ń dostal punktow: 1
[29-12-2021_17:41:06] Gracz: 2 wprowadzil niespodziewana odpowiedz - rozlaczam:
[29-12-2021_17:42:40] Gra dla 1 zakonczona wynikiem: 3
[29-12-2021_17:42:40] Gra dla 2 zakonczona wynikiem: 0
