[29-12-2021_22:11:05] Zaczeto gre o id: 0
[29-12-2021_22:11:05] Dodano gracza: 3
[29-12-2021_22:11:05] Dodano gracza: 2
[29-12-2021_22:11:05] Dodano gracza: 1
[29-12-2021_22:11:05] Wybrano slowo: lanserskością
[29-12-2021_22:11:05] Przetlumaczone slowo: 3111111311111
[29-12-2021_22:11:06] Gracz: 1 wybral literke: g nie dostal punktow
[29-12-2021_22:11:07] Gracz: 2 odgadl literke: r dostal punktow: 1
[29-12-2021_22:11:07] Gracz: 1 wybral literke: f nie dostal punktow
[29-12-2021_22:11:07] Gracz: 3 wybral literke: ó nie dostal punktow
[29-12-2021_22:11:07] Gracz: 1 nie zgadl slowa, wprowadzil 
[29-12-2021_22:11:07] Gracz: 2 wybral literke: j nie dostal punktow
[29-12-2021_22:11:07] Gracz: 3 nie zgadl slowa, wprowadzil 
[29-12-2021_22:11:07] Gracz: 1 wybral literke: q nie dostal punktow
[29-12-2021_22:11:08] Gracz: 2 odgadl literke: i dostal punktow: 1
[29-12-2021_22:11:08] Gracz: 3 odgadl literke: k dostal punktow: 1
[29-12-2021_22:11:08] Gracz: 1 nie zgadl slowa, wprowadzil 
[29-12-2021_22:11:08] Gracz: 2 wybral literke: q nie dostal punktow
[29-12-2021_22:11:08] Gracz: 1 odgadl literke: o dostal punktow: 1
[29-12-2021_22:11:08] Gracz: 3 nie zgadl slowa, wprowadzil 
[29-12-2021_22:11:09] Gracz: 2 nie zgadl slowa, wprowadzil 
[29-12-2021_22:11:09] Gracz: 3 nie zgadl slowa, wprowadzil 
[29-12-2021_22:11:09] Gracz: 1 odgadl literke: ś dostal punktow: 1
[29-12-2021_22:11:09] Gracz: 2 wybral literke: y nie dostal punktow
[29-12-2021_22:11:09] Gracz: 3 nie zgadl slowa, wprowadzil 
[29-12-2021_22:11:09] Gracz: 2 nie zgadl slowa, wprowadzil 
[29-12-2021_22:11:09] Gracz: 1 wybral literke: ź nie dostal punktow
[29-12-2021_22:11:10] Gracz: 3 nie zgadl slowa, wprowadzil 
[29-12-2021_22:11:10] Gracz: 2 wybral literke: ź nie dostal punktow
[29-12-2021_22:11:10] Gracz: 1 wybral literke: j nie dostal punktow
[29-12-2021_22:11:10] Gracz: 3 wybral literke: p nie dostal punktow
[29-12-2021_22:11:10] Gracz: 2 nie zgadl slowa, wprowadzil 
[29-12-2021_22:11:10] Gracz: 1 nie zgadl slowa, wprowadzil 
[29-12-2021_22:11:10] Gracz: 1 wprowadzil niespodziewana odpowiedz - rozlaczam:
[29-12-2021_22:11:10] Gracz: 3 wybral literke: y nie dostal punktow
[29-12-2021_22:11:11] Gracz: 2 wybral literke: b nie dostal punktow
[29-12-2021_22:11:11] Gracz: 2 wprowadzil niespodziewana odpowiedz - rozlaczam:
[29-12-2021_22:11:11] Gracz: 3 nie zgadl slowa, wprowadzil 
[29-12-2021_22:11:11] Gracz: 3 wprowadzil niespodziewana odpowiedz - rozlaczam:
[29-12-2021_22:12:45] Gra dla 1 zakonczona wynikiem: 2
[29-12-2021_22:12:45] Gra dla 2 zakonczona wynikiem: 2
[29-12-2021_22:12:45] Gra dla 3 zakonczona wynikiem: 1
