[29-12-2021_17:44:03] Zaczeto gre o id: 9
[29-12-2021_17:44:03] Dodano gracza: 2
[29-12-2021_17:44:03] Dodano gracza: 3
[29-12-2021_17:44:03] Wybrano slowo: więzarami
[29-12-2021_17:44:03] Przetlumaczone slowo: 111111111
[29-12-2021_17:44:03] Gracz: 2 wybral literke: s nie dostal punktow
[29-12-2021_17:44:03] Gracz: 3 nie zgadl slowa, wprowadzil 
[29-12-2021_17:44:04] Gracz: 2 nie zgadl slowa, wprowadzil 
[29-12-2021_17:44:04] Gracz: 3 wybral literke: v nie dostal punktow
[29-12-2021_17:44:04] Gracz: 2 nie zgadl slowa, wprowadzil 
[29-12-2021_17:44:04] Gracz: 3 nie zgadl slowa, wprowadzil 
[29-12-2021_17:44:05] Gracz: 3 wybral literke: ź nie dostal punktow
[29-12-2021_17:44:05] Gracz: 2 nie zgadl slowa, wprowadzil 
[29-12-2021_17:44:05] Gracz: 3 nie zgadl slowa, wprowadzil 
[29-12-2021_17:44:05] Gracz: 2 wybral literke: j nie dostal punktow
[29-12-2021_17:44:05] Gracz: 3 nie zgadl slowa, wprowadzil 
[29-12-2021_17:44:05] Gracz: 2 nie zgadl slowa, wprowadzil 
[29-12-2021_17:44:06] Gracz: 3 nie zgadl slowa, wprowadzil 
[29-12-2021_17:44:06] Gracz: 2 wybral literke: t nie dostal punktow
[29-12-2021_17:44:06] Gracz: 3 nie zgadl slowa, wprowadzil 
[29-12-2021_17:44:06] Gracz: 2 wybral literke: ł nie dostal punktow
[29-12-2021_17:44:07] Gracz: 3 wybral literke: s nie dostal punktow
[29-12-2021_17:44:07] Gracz: 2 odgadl literke: z dostal punktow: 1
[29-12-2021_17:44:07] Gracz: 3 wybral literke: ś nie dostal punktow
[29-12-2021_17:44:07] Gracz: 3 wprowadzil niespodziewana odpowiedz - rozlaczam:
[29-12-2021_17:44:07] Gracz: 2 wybral literke: ż nie dostal punktow
[29-12-2021_17:44:07] Gracz: 2 wprowadzil niespodziewana odpowiedz - rozlaczam:
[29-12-2021_17:45:43] Gra dla 1 zakonczona wynikiem: 2
[29-12-2021_17:45:43] Gra dla 2 zakonczona wynikiem: 1
[29-12-2021_17:45:43] Gra dla 3 zakonczona wynikiem: 0
