[29-12-2021_22:17:53] Zaczeto gre o id: 0
[29-12-2021_22:17:53] Dodano gracza: 3
[29-12-2021_22:17:53] Dodano gracza: 2
[29-12-2021_22:17:53] Wybrano slowo: dąbczakami
[29-12-2021_22:17:53] Przetlumaczone slowo: 3131113111
[29-12-2021_22:17:54] Gracz: 3 nie zgadl slowa, wprowadzil 
[29-12-2021_22:17:55] Gracz: 2 nie zgadl slowa, wprowadzil 
[29-12-2021_22:17:55] Gracz: 3 odgadl literke: z dostal punktow: 1
[29-12-2021_22:17:55] Gracz: 2 wybral literke: j nie dostal punktow
[29-12-2021_22:17:55] Gracz: 2 wybral literke: o nie dostal punktow
[29-12-2021_22:17:55] Gracz: 3 nie zgadl slowa, wprowadzil 
[29-12-2021_22:17:56] Gracz: 2 odgadl literke: z dostal punktow: 1
[29-12-2021_22:17:56] Gracz: 3 nie zgadl slowa, wprowadzil 
[29-12-2021_22:17:56] Gracz: 3 nie zgadl slowa, wprowadzil 
[29-12-2021_22:17:57] Gracz: 3 wybral literke: e nie dostal punktow
[29-12-2021_22:17:57] Gracz: 3 wybral literke: ę nie dostal punktow
[29-12-2021_22:17:57] Gracz: 3 nie zgadl slowa, wprowadzil 
[29-12-2021_22:17:58] Gracz: 3 nie zgadl slowa, wprowadzil 
[29-12-2021_22:17:58] Gracz: 3 nie zgadl slowa, wprowadzil 
[29-12-2021_22:17:58] Gracz: 3 wprowadzil niespodziewana odpowiedz - rozlaczam:
[29-12-2021_22:18:06] Gracz: 2 rozlaczam minelo 10s
[29-12-2021_22:19:33] Gra dla 3 zakonczona wynikiem: 1
[29-12-2021_22:19:33] Gra dla 2 zakonczona wynikiem: 1
