[29-12-2021_17:58:07] Zaczeto gre o id: 16
[29-12-2021_17:58:07] Dodano gracza: 1
[29-12-2021_17:58:07] Dodano gracza: 3
[29-12-2021_17:58:07] Wybrano slowo: niedworująca
[29-12-2021_17:58:07] Przetlumaczone slowo: 111311112111
[29-12-2021_17:58:09] Gracz: 3 wybral literke: b nie dostal punktow
[29-12-2021_17:58:09] Gracz: 3 wybral literke: y nie dostal punktow
[29-12-2021_17:58:09] Gracz: 1 odgadl literke: i dostal punktow: 1
[29-12-2021_17:58:09] Gracz: 3 wybral literke: ł nie dostal punktow
[29-12-2021_17:58:10] Gracz: 3 wybral literke: ć nie dostal punktow
[29-12-2021_17:58:10] Gracz: 1 odgadl literke: e dostal punktow: 1
[29-12-2021_17:58:10] Gracz: 3 nie zgadl slowa, wprowadzil 
[29-12-2021_17:58:10] Gracz: 1 wybral literke: l nie dostal punktow
[29-12-2021_17:58:11] Gracz: 3 nie zgadl slowa, wprowadzil 
[29-12-2021_17:58:11] Gracz: 1 wybral literke: ó nie dostal punktow
[29-12-2021_17:58:11] Gracz: 3 wybral literke: f nie dostal punktow
[29-12-2021_17:58:11] Gracz: 1 nie zgadl slowa, wprowadzil 
[29-12-2021_17:58:11] Gracz: 3 wybral literke: ś nie dostal punktow
[29-12-2021_17:58:12] Gracz: 1 nie zgadl slowa, wprowadzil 
[29-12-2021_17:58:12] Gracz: 3 odgadl literke: w dostal punktow: 1
[29-12-2021_17:58:12] Gracz: 1 odgadl literke: o dostal punktow: 1
[29-12-2021_17:58:12] Gracz: 3 nie zgadl slowa, wprowadzil 
[29-12-2021_17:58:12] Gracz: 3 wprowadzil niespodziewana odpowiedz - rozlaczam:
[29-12-2021_17:58:13] Gracz: 1 odgadl literke: ą dostal punktow: 1
[29-12-2021_17:58:13] Gracz: 1 odgadl literke: n dostal punktow: 1
[29-12-2021_17:58:14] Gracz: 1 wybral literke: m nie dostal punktow
[29-12-2021_17:58:14] Gracz: 1 wprowadzil niespodziewana odpowiedz - rozlaczam:
[29-12-2021_17:59:48] Gra dla 1 zakonczona wynikiem: 5
[29-12-2021_17:59:48] Gra dla 2 zakonczona wynikiem: 4
[29-12-2021_17:59:48] Gra dla 3 zakonczona wynikiem: 0
