[29-12-2021_17:43:02] Zaczeto gre o id: 7
[29-12-2021_17:43:02] Dodano gracza: 2
[29-12-2021_17:43:02] Dodano gracza: 3
[29-12-2021_17:43:02] Dodano gracza: 1
[29-12-2021_17:43:02] Wybrano slowo: grillowania
[29-12-2021_17:43:02] Przetlumaczone slowo: 21133111111
[29-12-2021_17:43:02] Gracz: 2 nie zgadl slowa, wprowadzil 
[29-12-2021_17:43:03] Gracz: 2 nie zgadl slowa, wprowadzil 
[29-12-2021_17:43:03] Gracz: 1 nie zgadl slowa, wprowadzil 
[29-12-2021_17:43:03] Gracz: 2 wybral literke: y nie dostal punktow
[29-12-2021_17:43:03] Gracz: 3 wybral literke: z nie dostal punktow
[29-12-2021_17:43:03] Gracz: 1 wybral literke: c nie dostal punktow
[29-12-2021_17:43:04] Gracz: 2 nie zgadl slowa, wprowadzil 
[29-12-2021_17:43:04] Gracz: 3 nie zgadl slowa, wprowadzil 
[29-12-2021_17:43:04] Gracz: 1 nie zgadl slowa, wprowadzil 
[29-12-2021_17:43:04] Gracz: 2 wybral literke: ą nie dostal punktow
[29-12-2021_17:43:04] Gracz: 3 nie zgadl slowa, wprowadzil 
[29-12-2021_17:43:04] Gracz: 1 wybral literke: ć nie dostal punktow
[29-12-2021_17:43:04] Gracz: 2 wybral literke: ń nie dostal punktow
[29-12-2021_17:43:05] Gracz: 3 wybral literke: ó nie dostal punktow
[29-12-2021_17:43:05] Gracz: 1 nie zgadl slowa, wprowadzil 
[29-12-2021_17:43:05] Gracz: 2 odgadl literke: o dostal punktow: 1
[29-12-2021_17:43:05] Gracz: 3 nie zgadl slowa, wprowadzil 
[29-12-2021_17:43:05] Gracz: 1 nie zgadl slowa, wprowadzil 
[29-12-2021_17:43:05] Gracz: 3 nie zgadl slowa, wprowadzil 
[29-12-2021_17:43:05] Gracz: 1 wybral literke: ź nie dostal punktow
[29-12-2021_17:43:05] Gracz: 2 nie zgadl slowa, wprowadzil 
[29-12-2021_17:43:06] Gracz: 3 nie zgadl slowa, wprowadzil 
[29-12-2021_17:43:06] Gracz: 1 nie zgadl slowa, wprowadzil 
[29-12-2021_17:43:06] Gracz: 2 nie zgadl slowa, wprowadzil 
[29-12-2021_17:43:06] Gracz: 3 nie zgadl slowa, wprowadzil 
[29-12-2021_17:43:06] Gracz: 1 wybral literke: t nie dostal punktow
[29-12-2021_17:43:06] Gracz: 2 wybral literke: v nie dostal punktow
[29-12-2021_17:43:06] Gracz: 2 wprowadzil niespodziewana odpowiedz - rozlaczam:
[29-12-2021_17:43:07] Gracz: 3 wybral literke: d nie dostal punktow
[29-12-2021_17:43:07] Gracz: 1 nie zgadl slowa, wprowadzil 
[29-12-2021_17:43:07] Gracz: 1 wprowadzil niespodziewana odpowiedz - rozlaczam:
[29-12-2021_17:43:07] Gracz: 3 wybral literke: t nie dostal punktow
[29-12-2021_17:43:07] Gracz: 3 wprowadzil niespodziewana odpowiedz - rozlaczam:
[29-12-2021_17:44:42] Gra dla 1 zakonczona wynikiem: 2
[29-12-2021_17:44:42] Gra dla 2 zakonczona wynikiem: 1
[29-12-2021_17:44:42] Gra dla 3 zakonczona wynikiem: 0
