[30-12-2021_01:29:34] Zaczeto gre o id: 0
[30-12-2021_01:29:34] Dodano gracza: 2
[30-12-2021_01:29:34] Dodano gracza: 5
[30-12-2021_01:29:34] Dodano gracza: 3
[30-12-2021_01:29:34] Dodano gracza: 1
[30-12-2021_01:29:34] Wybrano slowo: zacenionej
[30-12-2021_01:29:34] Przetlumaczone slowo: 1111111112
[30-12-2021_01:29:35] Gracz: 3 nie zgadl slowa, wprowadzil 
[30-12-2021_01:29:35] Gracz: 1 odgadl literke: o dostal punktow: 1
[30-12-2021_01:29:35] Gracz: 3 nie zgadl slowa, wprowadzil 
[30-12-2021_01:29:35] Gracz: 1 nie zgadl slowa, wprowadzil 
[30-12-2021_01:29:35] Gracz: 3 nie zgadl slowa, wprowadzil 
[30-12-2021_01:29:36] Gracz: 1 wybral literke: ź nie dostal punktow
[30-12-2021_01:29:36] Gracz: 3 nie zgadl slowa, wprowadzil 
[30-12-2021_01:29:36] Gracz: 5 nie zgadl slowa, wprowadzil 
[30-12-2021_01:29:36] Gracz: 2 odgadl literke: z dostal punktow: 1
[30-12-2021_01:29:36] Gracz: 1 nie zgadl slowa, wprowadzil 
[30-12-2021_01:29:36] Gracz: 3 wybral literke: ó nie dostal punktow
[30-12-2021_01:29:36] Gracz: 5 odgadl literke: a dostal punktow: 1
[30-12-2021_01:29:37] Gracz: 1 nie zgadl slowa, wprowadzil 
[30-12-2021_01:29:37] Gracz: 3 wybral literke: d nie dostal punktow
[30-12-2021_01:29:37] Gracz: 2 nie zgadl slowa, wprowadzil 
[30-12-2021_01:29:37] Gracz: 1 wybral literke: q nie dostal punktow
[30-12-2021_01:29:37] Gracz: 3 nie zgadl slowa, wprowadzil 
[30-12-2021_01:29:37] Gracz: 5 wybral literke: ć nie dostal punktow
[30-12-2021_01:29:37] Gracz: 2 nie zgadl slowa, wprowadzil 
[30-12-2021_01:29:37] Gracz: 1 nie zgadl slowa, wprowadzil 
[30-12-2021_01:29:37] Gracz: 3 nie zgadl slowa, wprowadzil 
[30-12-2021_01:29:37] Gracz: 5 nie zgadl slowa, wprowadzil 
[30-12-2021_01:29:37] Gracz: 2 nie zgadl slowa, wprowadzil 
[30-12-2021_01:29:38] Gracz: 1 wybral literke: ś nie dostal punktow
[30-12-2021_01:29:38] Gracz: 3 wybral literke: h nie dostal punktow
[30-12-2021_01:29:38] Gracz: 5 wybral literke: l nie dostal punktow
[30-12-2021_01:29:38] Gracz: 2 wybral literke: q nie dostal punktow
[30-12-2021_01:29:38] Gracz: 1 nie zgadl slowa, wprowadzil 
[30-12-2021_01:29:38] Gracz: 3 wybral literke: ć nie dostal punktow
[30-12-2021_01:29:38] Gracz: 3 wprowadzil niespodziewana odpowiedz - rozlaczam:
[30-12-2021_01:29:38] Gracz: 5 nie zgadl slowa, wprowadzil 
[30-12-2021_01:29:38] Gracz: 2 wybral literke: p nie dostal punktow
[30-12-2021_01:29:39] Gracz: 1 wybral literke: r nie dostal punktow
[30-12-2021_01:29:39] Gracz: 1 wprowadzil niespodziewana odpowiedz - rozlaczam:
[30-12-2021_01:29:39] Gracz: 5 wybral literke: v nie dostal punktow
[30-12-2021_01:29:39] Gracz: 2 odgadl literke: o dostal punktow: 1
[30-12-2021_01:29:39] Gracz: 5 wybral literke: r nie dostal punktow
[30-12-2021_01:29:39] Gracz: 2 nie zgadl slowa, wprowadzil 
[30-12-2021_01:29:39] Gracz: 5 odgadl literke: z dostal punktow: 1
[30-12-2021_01:29:40] Gracz: 2 nie zgadl slowa, wprowadzil 
[30-12-2021_01:29:40] Gracz: 5 odgadl literke: o dostal punktow: 1
[30-12-2021_01:29:40] Gracz: 2 odgadl literke: c dostal punktow: 1
[30-12-2021_01:29:40] Gracz: 5 wprowadzil niespodziewana odpowiedz - rozlaczam:
[30-12-2021_01:29:40] Gracz: 2 wprowadzil niespodziewana odpowiedz - rozlaczam:
[30-12-2021_01:31:14] Gra dla 3 zakonczona wynikiem: 0
[30-12-2021_01:31:14] Gra dla 1 zakonczona wynikiem: 1
[30-12-2021_01:31:14] Gra dla 5 zakonczona wynikiem: 3
[30-12-2021_01:31:14] Gra dla 2 zakonczona wynikiem: 3
