[30-12-2021_01:58:54] Zaczeto gre o id: 33
[30-12-2021_01:58:54] Dodano gracza: 5
[30-12-2021_01:58:54] Dodano gracza: 1
[30-12-2021_01:58:54] Dodano gracza: 3
[30-12-2021_01:58:54] Dodano gracza: 2
[30-12-2021_01:58:54] Wybrano slowo: nieetosowy
[30-12-2021_01:58:54] Przetlumaczone slowo: 1111311112
[30-12-2021_01:58:55] Gracz: 5 nie zgadl slowa, wprowadzil 
[30-12-2021_01:58:55] Gracz: 2 odgadl literke: n dostal punktow: 1
[30-12-2021_01:58:55] Gracz: 5 wybral literke: ł nie dostal punktow
[30-12-2021_01:58:55] Gracz: 5 nie zgadl slowa, wprowadzil 
[30-12-2021_01:58:56] Gracz: 2 nie zgadl slowa, wprowadzil 
[30-12-2021_01:58:56] Gracz: 1 wybral literke: x nie dostal punktow
[30-12-2021_01:58:56] Gracz: 5 wybral literke: ś nie dostal punktow
[30-12-2021_01:58:56] Gracz: 2 odgadl literke: o dostal punktow: 2
[30-12-2021_01:58:56] Gracz: 1 wybral literke: ć nie dostal punktow
[30-12-2021_01:58:56] Gracz: 3 wybral literke: f nie dostal punktow
[30-12-2021_01:58:56] Gracz: 5 nie zgadl slowa, wprowadzil 
[30-12-2021_01:58:57] Gracz: 2 wybral literke: ś nie dostal punktow
[30-12-2021_01:58:57] Gracz: 1 wybral literke: h nie dostal punktow
[30-12-2021_01:58:57] Gracz: 3 nie zgadl slowa, wprowadzil 
[30-12-2021_01:58:57] Gracz: 5 wybral literke: ż nie dostal punktow
[30-12-2021_01:58:57] Gracz: 2 odgadl literke: w dostal punktow: 1
[30-12-2021_01:58:57] Gracz: 1 nie zgadl slowa, wprowadzil 
[30-12-2021_01:58:57] Gracz: 3 nie zgadl slowa, wprowadzil 
[30-12-2021_01:58:57] Gracz: 5 nie zgadl slowa, wprowadzil 
[30-12-2021_01:58:57] Gracz: 1 nie zgadl slowa, wprowadzil 
[30-12-2021_01:58:57] Gracz: 3 nie zgadl slowa, wprowadzil 
[30-12-2021_01:58:57] Gracz: 5 wybral literke: p nie dostal punktow
[30-12-2021_01:58:58] Gracz: 2 odgadl literke: i dostal punktow: 1
[30-12-2021_01:58:58] Gracz: 1 nie zgadl slowa, wprowadzil 
[30-12-2021_01:58:58] Gracz: 3 nie zgadl slowa, wprowadzil 
[30-12-2021_01:58:58] Gracz: 5 wybral literke: r nie dostal punktow
[30-12-2021_01:58:58] Gracz: 2 nie zgadl slowa, wprowadzil 
[30-12-2021_01:58:58] Gracz: 1 wybral literke: ó nie dostal punktow
[30-12-2021_01:58:58] Gracz: 3 nie zgadl slowa, wprowadzil 
[30-12-2021_01:58:58] Gracz: 5 nie zgadl slowa, wprowadzil 
[30-12-2021_01:58:58] Gracz: 5 wprowadzil niespodziewana odpowiedz - rozlaczam:
[30-12-2021_01:58:59] Gracz: 2 wybral literke: ó nie dostal punktow
[30-12-2021_01:58:59] Gracz: 1 nie zgadl slowa, wprowadzil 
[30-12-2021_01:58:59] Gracz: 3 nie zgadl slowa, wprowadzil 
[30-12-2021_01:58:59] Gracz: 2 nie zgadl slowa, wprowadzil 
[30-12-2021_01:58:59] Gracz: 1 odgadl literke: s dostal punktow: 1
[30-12-2021_01:58:59] Gracz: 3 nie zgadl slowa, wprowadzil 
[30-12-2021_01:58:59] Gracz: 2 nie zgadl slowa, wprowadzil 
[30-12-2021_01:58:59] Gracz: 2 wprowadzil niespodziewana odpowiedz - rozlaczam:
[30-12-2021_01:58:59] Gracz: 3 odgadl literke: i dostal punktow: 1
[30-12-2021_01:59:00] Gracz: 1 nie zgadl slowa, wprowadzil 
[30-12-2021_01:59:00] Gracz: 1 wprowadzil niespodziewana odpowiedz - rozlaczam:
[30-12-2021_01:59:00] Gracz: 3 odgadl literke: t dostal punktow: 1
[30-12-2021_01:59:00] Gracz: 3 wprowadzil niespodziewana odpowiedz - rozlaczam:
[30-12-2021_02:00:34] Gra dla 5 zakonczona wynikiem: 0
[30-12-2021_02:00:34] Gra dla 2 zakonczona wynikiem: 5
[30-12-2021_02:00:34] Gra dla 1 zakonczona wynikiem: 1
[30-12-2021_02:00:34] Gra dla 3 zakonczona wynikiem: 2
