[30-12-2021_01:54:23] Zaczeto gre o id: 31
[30-12-2021_01:54:23] Dodano gracza: 3
[30-12-2021_01:54:23] Dodano gracza: 1
[30-12-2021_01:54:23] Dodano gracza: 5
[30-12-2021_01:54:23] Wybrano slowo: raczkowało
[30-12-2021_01:54:23] Przetlumaczone slowo: 1111311131
[30-12-2021_01:54:23] Gracz: 3 wybral literke: u nie dostal punktow
[30-12-2021_01:54:24] Gracz: 1 nie zgadl slowa, wprowadzil 
[30-12-2021_01:54:24] Gracz: 3 nie zgadl slowa, wprowadzil 
[30-12-2021_01:54:24] Gracz: 1 wybral literke: i nie dostal punktow
[30-12-2021_01:54:24] Gracz: 3 wybral literke: x nie dostal punktow
[30-12-2021_01:54:24] Gracz: 5 nie zgadl slowa, wprowadzil 
[30-12-2021_01:54:24] Gracz: 1 nie zgadl slowa, wprowadzil 
[30-12-2021_01:54:25] Gracz: 3 wybral literke: j nie dostal punktow
[30-12-2021_01:54:25] Gracz: 5 nie zgadl slowa, wprowadzil 
[30-12-2021_01:54:25] Gracz: 1 odgadl literke: z dostal punktow: 1
[30-12-2021_01:54:25] Gracz: 3 wybral literke: b nie dostal punktow
[30-12-2021_01:54:25] Gracz: 5 nie zgadl slowa, wprowadzil 
[30-12-2021_01:54:25] Gracz: 3 nie zgadl slowa, wprowadzil 
[30-12-2021_01:54:25] Gracz: 1 wybral literke: ę nie dostal punktow
[30-12-2021_01:54:25] Gracz: 5 odgadl literke: a dostal punktow: 2
[30-12-2021_01:54:26] Gracz: 3 wybral literke: ś nie dostal punktow
[30-12-2021_01:54:26] Gracz: 1 nie zgadl slowa, wprowadzil 
[30-12-2021_01:54:26] Gracz: 5 wybral literke: h nie dostal punktow
[30-12-2021_01:54:26] Gracz: 3 nie zgadl slowa, wprowadzil 
[30-12-2021_01:54:26] Gracz: 1 nie zgadl slowa, wprowadzil 
[30-12-2021_01:54:26] Gracz: 5 nie zgadl slowa, wprowadzil 
[30-12-2021_01:54:27] Gracz: 3 odgadl literke: o dostal punktow: 2
[30-12-2021_01:54:27] Gracz: 1 odgadl literke: a dostal punktow: 2
[30-12-2021_01:54:27] Gracz: 5 nie zgadl slowa, wprowadzil 
[30-12-2021_01:54:27] Gracz: 1 nie zgadl slowa, wprowadzil 
[30-12-2021_01:54:27] Gracz: 5 nie zgadl slowa, wprowadzil 
[30-12-2021_01:54:28] Gracz: 1 odgadl literke: o dostal punktow: 2
[30-12-2021_01:54:28] Gracz: 5 wybral literke: f nie dostal punktow
[30-12-2021_01:54:28] Gracz: 1 wprowadzil niespodziewana odpowiedz - rozlaczam:
[30-12-2021_01:54:28] Gracz: 5 nie zgadl slowa, wprowadzil 
[30-12-2021_01:54:28] Gracz: 5 wprowadzil niespodziewana odpowiedz - rozlaczam:
[30-12-2021_01:54:37] Gracz: 3 rozlaczam minelo 10s
[30-12-2021_01:56:03] Gra dla 3 zakonczona wynikiem: 2
[30-12-2021_01:56:03] Gra dla 1 zakonczona wynikiem: 5
[30-12-2021_01:56:03] Gra dla 5 zakonczona wynikiem: 2
