[30-12-2021_02:18:45] Zaczeto gre o id: 72
[30-12-2021_02:18:45] Dodano gracza: 1
[30-12-2021_02:18:45] Dodano gracza: 2
[30-12-2021_02:18:45] Wybrano slowo: certyfikatami
[30-12-2021_02:18:45] Przetlumaczone slowo: 1113241313111
[30-12-2021_02:18:47] Gracz: 1 wybral literke: ą nie dostal punktow
[30-12-2021_02:18:47] Gracz: 2 wybral literke: u nie dostal punktow
[30-12-2021_02:18:48] Gracz: 1 wybral literke: u nie dostal punktow
[30-12-2021_02:18:48] Gracz: 2 nie zgadl slowa, wprowadzil 
[30-12-2021_02:18:48] Gracz: 1 nie zgadl slowa, wprowadzil 
[30-12-2021_02:18:48] Gracz: 2 wybral literke: j nie dostal punktow
[30-12-2021_02:18:49] Gracz: 1 wybral literke: j nie dostal punktow
[30-12-2021_02:18:49] Gracz: 2 nie zgadl slowa, wprowadzil 
[30-12-2021_02:18:49] Gracz: 1 odgadl literke: r dostal punktow: 1
[30-12-2021_02:18:49] Gracz: 2 nie zgadl slowa, wprowadzil 
[30-12-2021_02:18:49] Gracz: 2 nie zgadl slowa, wprowadzil 
[30-12-2021_02:18:50] Gracz: 1 wybral literke: ź nie dostal punktow
[30-12-2021_02:18:50] Gracz: 2 wybral literke: v nie dostal punktow
[30-12-2021_02:18:50] Gracz: 1 nie zgadl slowa, wprowadzil 
[30-12-2021_02:18:50] Gracz: 2 odgadl literke: f dostal punktow: 1
[30-12-2021_02:18:50] Gracz: 1 wybral literke: b nie dostal punktow
[30-12-2021_02:18:51] Gracz: 1 odgadl literke: e dostal punktow: 1
[30-12-2021_02:18:51] Gracz: 2 wybral literke: x nie dostal punktow
[30-12-2021_02:18:51] Gracz: 2 wybral literke: b nie dostal punktow
[30-12-2021_02:18:51] Gracz: 2 wprowadzil niespodziewana odpowiedz - rozlaczam:
[30-12-2021_02:18:51] Gracz: 1 wybral literke: p nie dostal punktow
[30-12-2021_02:18:51] Gracz: 1 wprowadzil niespodziewana odpowiedz - rozlaczam:
[30-12-2021_02:20:26] Gra dla 1 zakonczona wynikiem: 2
[30-12-2021_02:20:26] Gra dla 2 zakonczona wynikiem: 1
