[30-12-2021_01:38:36] Zaczeto gre o id: 0
[30-12-2021_01:38:36] Dodano gracza: 2
[30-12-2021_01:38:36] Dodano gracza: 1
[30-12-2021_01:38:36] Dodano gracza: 3
[30-12-2021_01:38:36] Dodano gracza: 5
[30-12-2021_01:38:36] Wybrano slowo: nieimmobilnym
[30-12-2021_01:38:36] Przetlumaczone slowo: 1111111313121
[30-12-2021_01:38:37] Gracz: 1 wybral literke: r nie dostal punktow
[30-12-2021_01:38:37] Gracz: 3 nie zgadl slowa, wprowadzil 
[30-12-2021_01:38:37] Gracz: 1 nie zgadl slowa, wprowadzil 
[30-12-2021_01:38:37] Gracz: 5 odgadl literke: m dostal punktow: 3
[30-12-2021_01:38:37] Gracz: 3 nie zgadl slowa, wprowadzil 
[30-12-2021_01:38:38] Gracz: 1 nie zgadl slowa, wprowadzil 
[30-12-2021_01:38:38] Gracz: 2 nie zgadl slowa, wprowadzil 
[30-12-2021_01:38:38] Gracz: 3 wybral literke: ż nie dostal punktow
[30-12-2021_01:38:38] Gracz: 5 wybral literke: ź nie dostal punktow
[30-12-2021_01:38:38] Gracz: 1 nie zgadl slowa, wprowadzil 
[30-12-2021_01:38:38] Gracz: 2 wybral literke: ź nie dostal punktow
[30-12-2021_01:38:38] Gracz: 3 nie zgadl slowa, wprowadzil 
[30-12-2021_01:38:38] Gracz: 5 nie zgadl slowa, wprowadzil 
[30-12-2021_01:38:38] Gracz: 1 nie zgadl slowa, wprowadzil 
[30-12-2021_01:38:38] Gracz: 2 nie zgadl slowa, wprowadzil 
[30-12-2021_01:38:39] Gracz: 3 wybral literke: v nie dostal punktow
[30-12-2021_01:38:39] Gracz: 5 wybral literke: ć nie dostal punktow
[30-12-2021_01:38:39] Gracz: 1 wybral literke: ź nie dostal punktow
[30-12-2021_01:38:39] Gracz: 2 wybral literke: c nie dostal punktow
[30-12-2021_01:38:39] Gracz: 3 wybral literke: ą nie dostal punktow
[30-12-2021_01:38:39] Gracz: 5 nie zgadl slowa, wprowadzil 
[30-12-2021_01:38:39] Gracz: 1 odgadl literke: b dostal punktow: 1
[30-12-2021_01:38:39] Gracz: 2 wybral literke: z nie dostal punktow
[30-12-2021_01:38:39] Gracz: 3 wybral literke: ć nie dostal punktow
[30-12-2021_01:38:40] Gracz: 5 nie zgadl slowa, wprowadzil 
[30-12-2021_01:38:40] Gracz: 2 wybral literke: d nie dostal punktow
[30-12-2021_01:38:40] Gracz: 1 odgadl literke: e dostal punktow: 1
[30-12-2021_01:38:40] Gracz: 3 nie zgadl slowa, wprowadzil 
[30-12-2021_01:38:40] Gracz: 5 nie zgadl slowa, wprowadzil 
[30-12-2021_01:38:40] Gracz: 2 odgadl literke: y dostal punktow: 1
[30-12-2021_01:38:40] Gracz: 3 nie zgadl slowa, wprowadzil 
[30-12-2021_01:38:40] Gracz: 5 wybral literke: k nie dostal punktow
[30-12-2021_01:38:40] Gracz: 1 nie zgadl slowa, wprowadzil 
[30-12-2021_01:38:41] Gracz: 2 nie zgadl slowa, wprowadzil 
[30-12-2021_01:38:41] Gracz: 3 nie zgadl slowa, wprowadzil 
[30-12-2021_01:38:41] Gracz: 3 wprowadzil niespodziewana odpowiedz - rozlaczam:
[30-12-2021_01:38:41] Gracz: 5 wybral literke: v nie dostal punktow
[30-12-2021_01:38:41] Gracz: 1 wybral literke: p nie dostal punktow
[30-12-2021_01:38:41] Gracz: 1 wprowadzil niespodziewana odpowiedz - rozlaczam:
[30-12-2021_01:38:41] Gracz: 2 wybral literke: ą nie dostal punktow
[30-12-2021_01:38:41] Gracz: 5 nie zgadl slowa, wprowadzil 
[30-12-2021_01:38:41] Gracz: 5 wprowadzil niespodziewana odpowiedz - rozlaczam:
[30-12-2021_01:38:41] Gracz: 2 wybral literke: p nie dostal punktow
[30-12-2021_01:38:41] Gracz: 2 wprowadzil niespodziewana odpowiedz - rozlaczam:
[30-12-2021_01:40:17] Gra dla 1 zakonczona wynikiem: 2
[30-12-2021_01:40:17] Gra dla 3 zakonczona wynikiem: 0
[30-12-2021_01:40:17] Gra dla 5 zakonczona wynikiem: 3
[30-12-2021_01:40:17] Gra dla 2 zakonczona wynikiem: 1
