[30-12-2021_02:18:15] Zaczeto gre o id: 71
[30-12-2021_02:18:15] Dodano gracza: 2
[30-12-2021_02:18:15] Dodano gracza: 1
[30-12-2021_02:18:15] Wybrano slowo: wydobywczemu
[30-12-2021_02:18:15] Przetlumaczone slowo: 123132111111
[30-12-2021_02:18:15] Gracz: 1 wybral literke: ń nie dostal punktow
[30-12-2021_02:18:15] Gracz: 2 nie zgadl slowa, wprowadzil 
[30-12-2021_02:18:16] Gracz: 1 nie zgadl slowa, wprowadzil 
[30-12-2021_02:18:16] Gracz: 2 nie zgadl slowa, wprowadzil 
[30-12-2021_02:18:16] Gracz: 1 nie zgadl slowa, wprowadzil 
[30-12-2021_02:18:16] Gracz: 2 nie zgadl slowa, wprowadzil 
[30-12-2021_02:18:16] Gracz: 1 nie zgadl slowa, wprowadzil 
[30-12-2021_02:18:16] Gracz: 2 wybral literke: s nie dostal punktow
[30-12-2021_02:18:17] Gracz: 1 nie zgadl slowa, wprowadzil 
[30-12-2021_02:18:17] Gracz: 2 nie zgadl slowa, wprowadzil 
[30-12-2021_02:18:17] Gracz: 1 nie zgadl slowa, wprowadzil 
[30-12-2021_02:18:17] Gracz: 2 wybral literke: g nie dostal punktow
[30-12-2021_02:18:18] Gracz: 1 wybral literke: t nie dostal punktow
[30-12-2021_02:18:18] Gracz: 2 nie zgadl slowa, wprowadzil 
[30-12-2021_02:18:18] Gracz: 1 nie zgadl slowa, wprowadzil 
[30-12-2021_02:18:18] Gracz: 2 nie zgadl slowa, wprowadzil 
[30-12-2021_02:18:18] Gracz: 1 nie zgadl slowa, wprowadzil 
[30-12-2021_02:18:18] Gracz: 2 wybral literke: r nie dostal punktow
[30-12-2021_02:18:19] Gracz: 1 wybral literke: f nie dostal punktow
[30-12-2021_02:18:19] Gracz: 2 nie zgadl slowa, wprowadzil 
[30-12-2021_02:18:19] Gracz: 1 wprowadzil niespodziewana odpowiedz - rozlaczam:
[30-12-2021_02:18:19] Gracz: 2 wprowadzil niespodziewana odpowiedz - rozlaczam:
[30-12-2021_02:19:55] Gra dla 2 zakonczona wynikiem: 0
[30-12-2021_02:19:55] Gra dla 1 zakonczona wynikiem: 0
