[30-12-2021_02:19:47] Zaczeto gre o id: 74
[30-12-2021_02:19:47] Dodano gracza: 2
[30-12-2021_02:19:47] Dodano gracza: 1
[30-12-2021_02:19:47] Wybrano slowo: kwiatonem
[30-12-2021_02:19:47] Przetlumaczone slowo: 311131111
[30-12-2021_02:19:48] Gracz: 2 wybral literke: ż nie dostal punktow
[30-12-2021_02:19:48] Gracz: 1 wybral literke: d nie dostal punktow
[30-12-2021_02:19:48] Gracz: 2 odgadl literke: m dostal punktow: 1
[30-12-2021_02:19:48] Gracz: 1 wybral literke: ż nie dostal punktow
[30-12-2021_02:19:49] Gracz: 1 nie zgadl slowa, wprowadzil 
[30-12-2021_02:19:49] Gracz: 2 wybral literke: q nie dostal punktow
[30-12-2021_02:19:49] Gracz: 1 odgadl literke: n dostal punktow: 1
[30-12-2021_02:19:49] Gracz: 2 odgadl literke: e dostal punktow: 1
[30-12-2021_02:19:50] Gracz: 1 wybral literke: ł nie dostal punktow
[30-12-2021_02:19:50] Gracz: 2 nie zgadl slowa, wprowadzil 
[30-12-2021_02:19:50] Gracz: 1 nie zgadl slowa, wprowadzil 
[30-12-2021_02:19:50] Gracz: 2 nie zgadl slowa, wprowadzil 
[30-12-2021_02:19:50] Gracz: 1 wybral literke: y nie dostal punktow
[30-12-2021_02:19:50] Gracz: 2 nie zgadl slowa, wprowadzil 
[30-12-2021_02:19:51] Gracz: 1 nie zgadl slowa, wprowadzil 
[30-12-2021_02:19:51] Gracz: 2 nie zgadl slowa, wprowadzil 
[30-12-2021_02:19:51] Gracz: 1 odgadl literke: i dostal punktow: 1
[30-12-2021_02:19:51] Gracz: 2 nie zgadl slowa, wprowadzil 
[30-12-2021_02:19:52] Gracz: 2 wybral literke: ź nie dostal punktow
[30-12-2021_02:19:52] Gracz: 2 wprowadzil niespodziewana odpowiedz - rozlaczam:
[30-12-2021_02:19:52] Gracz: 1 wybral literke: z nie dostal punktow
[30-12-2021_02:19:52] Gracz: 1 wprowadzil niespodziewana odpowiedz - rozlaczam:
[30-12-2021_02:21:27] Gra dla 2 zakonczona wynikiem: 2
[30-12-2021_02:21:27] Gra dla 1 zakonczona wynikiem: 2
