[30-12-2021_01:45:44] Zaczeto gre o id: 14
[30-12-2021_01:45:44] Dodano gracza: 2
[30-12-2021_01:45:44] Dodano gracza: 5
[30-12-2021_01:45:44] Dodano gracza: 1
[30-12-2021_01:45:44] Wybrano slowo: cliwią
[30-12-2021_01:45:44] Przetlumaczone slowo: 131111
[30-12-2021_01:45:44] Gracz: 5 nie zgadl slowa, wprowadzil 
[30-12-2021_01:45:45] Gracz: 5 wybral literke: y nie dostal punktow
[30-12-2021_01:45:45] Gracz: 1 nie zgadl slowa, wprowadzil 
[30-12-2021_01:45:45] Gracz: 5 wybral literke: m nie dostal punktow
[30-12-2021_01:45:45] Gracz: 1 nie zgadl slowa, wprowadzil 
[30-12-2021_01:45:46] Gracz: 5 wybral literke: ź nie dostal punktow
[30-12-2021_01:45:46] Gracz: 2 wybral literke: f nie dostal punktow
[30-12-2021_01:45:46] Gracz: 1 wybral literke: ć nie dostal punktow
[30-12-2021_01:45:46] Gracz: 5 nie zgadl slowa, wprowadzil 
[30-12-2021_01:45:46] Gracz: 2 wybral literke: x nie dostal punktow
[30-12-2021_01:45:46] Gracz: 1 wybral literke: h nie dostal punktow
[30-12-2021_01:45:46] Gracz: 5 nie zgadl slowa, wprowadzil 
[30-12-2021_01:45:47] Gracz: 2 wybral literke: b nie dostal punktow
[30-12-2021_01:45:47] Gracz: 1 wybral literke: ó nie dostal punktow
[30-12-2021_01:45:47] Gracz: 5 wybral literke: ć nie dostal punktow
[30-12-2021_01:45:47] Gracz: 2 nie zgadl slowa, wprowadzil 
[30-12-2021_01:45:47] Gracz: 1 wybral literke: s nie dostal punktow
[30-12-2021_01:45:47] Gracz: 5 nie zgadl slowa, wprowadzil 
[30-12-2021_01:45:47] Gracz: 2 wybral literke: ę nie dostal punktow
[30-12-2021_01:45:47] Gracz: 1 nie zgadl slowa, wprowadzil 
[30-12-2021_01:45:48] Gracz: 5 wybral literke: k nie dostal punktow
[30-12-2021_01:45:48] Gracz: 2 nie zgadl slowa, wprowadzil 
[30-12-2021_01:45:48] Gracz: 1 odgadl literke: c dostal punktow: 1
[30-12-2021_01:45:48] Gracz: 5 nie zgadl slowa, wprowadzil 
[30-12-2021_01:45:48] Gracz: 5 wprowadzil niespodziewana odpowiedz - rozlaczam:
[30-12-2021_01:45:48] Gracz: 2 wybral literke: ł nie dostal punktow
[30-12-2021_01:45:48] Gracz: 1 nie zgadl slowa, wprowadzil 
[30-12-2021_01:45:49] Gracz: 2 nie zgadl slowa, wprowadzil 
[30-12-2021_01:45:49] Gracz: 1 nie zgadl slowa, wprowadzil 
[30-12-2021_01:45:49] Gracz: 1 wprowadzil niespodziewana odpowiedz - rozlaczam:
[30-12-2021_01:45:49] Gracz: 2 wybral literke: ń nie dostal punktow
[30-12-2021_01:45:49] Gracz: 2 nie zgadl slowa, wprowadzil 
[30-12-2021_01:45:49] Gracz: 2 wprowadzil niespodziewana odpowiedz - rozlaczam:
[30-12-2021_01:47:24] Gra dla 5 zakonczona wynikiem: 0
[30-12-2021_01:47:24] Gra dla 1 zakonczona wynikiem: 1
[30-12-2021_01:47:24] Gra dla 2 zakonczona wynikiem: 0
