[30-12-2021_01:20:10] Zaczeto gre o id: 0
[30-12-2021_01:20:10] Dodano gracza: 3
[30-12-2021_01:20:10] Dodano gracza: 1
[30-12-2021_01:20:10] Dodano gracza: 2
[30-12-2021_01:20:10] Dodano gracza: 4
[30-12-2021_01:20:10] Wybrano slowo: podpisaniom
[30-12-2021_01:20:10] Przetlumaczone slowo: 21321111111
[30-12-2021_01:20:11] Gracz: 1 odgadl literke: d dostal punktow: 1
[30-12-2021_01:20:11] Gracz: 2 wybral literke: t nie dostal punktow
[30-12-2021_01:20:11] Gracz: 3 odgadl literke: d dostal punktow: 1
[30-12-2021_01:20:11] Gracz: 4 nie zgadl slowa, wprowadzil 
[30-12-2021_01:20:11] Gracz: 2 nie zgadl slowa, wprowadzil 
[30-12-2021_01:20:12] Gracz: 4 nie zgadl slowa, wprowadzil 
[30-12-2021_01:20:12] Gracz: 1 nie zgadl slowa, wprowadzil 
[30-12-2021_01:20:12] Gracz: 3 nie zgadl slowa, wprowadzil 
[30-12-2021_01:20:12] Gracz: 2 nie zgadl slowa, wprowadzil 
[30-12-2021_01:20:12] Gracz: 4 nie zgadl slowa, wprowadzil 
[30-12-2021_01:20:12] Gracz: 1 wybral literke: ż nie dostal punktow
[30-12-2021_01:20:12] Gracz: 3 odgadl literke: i dostal punktow: 2
[30-12-2021_01:20:12] Gracz: 2 wybral literke: f nie dostal punktow
[30-12-2021_01:20:12] Gracz: 4 wybral literke: x nie dostal punktow
[30-12-2021_01:20:12] Gracz: 1 wybral literke: c nie dostal punktow
[30-12-2021_01:20:13] Gracz: 2 nie zgadl slowa, wprowadzil 
[30-12-2021_01:20:13] Gracz: 3 wybral literke: w nie dostal punktow
[30-12-2021_01:20:13] Gracz: 4 nie zgadl slowa, wprowadzil 
[30-12-2021_01:20:13] Gracz: 1 nie zgadl slowa, wprowadzil 
[30-12-2021_01:20:13] Gracz: 2 nie zgadl slowa, wprowadzil 
[30-12-2021_01:20:13] Gracz: 3 nie zgadl slowa, wprowadzil 
[30-12-2021_01:20:13] Gracz: 4 nie zgadl slowa, wprowadzil 
[30-12-2021_01:20:13] Gracz: 1 wybral literke: z nie dostal punktow
[30-12-2021_01:20:13] Gracz: 2 wybral literke: c nie dostal punktow
[30-12-2021_01:20:14] Gracz: 3 nie zgadl slowa, wprowadzil 
[30-12-2021_01:20:14] Gracz: 4 nie zgadl slowa, wprowadzil 
[30-12-2021_01:20:14] Gracz: 1 nie zgadl slowa, wprowadzil 
[30-12-2021_01:20:14] Gracz: 2 wybral literke: b nie dostal punktow
[30-12-2021_01:20:14] Gracz: 3 nie zgadl slowa, wprowadzil 
[30-12-2021_01:20:14] Gracz: 4 nie zgadl slowa, wprowadzil 
[30-12-2021_01:20:14] Gracz: 1 nie zgadl slowa, wprowadzil 
[30-12-2021_01:20:14] Gracz: 2 nie zgadl slowa, wprowadzil 
[30-12-2021_01:20:14] Gracz: 3 nie zgadl slowa, wprowadzil 
[30-12-2021_01:20:14] Gracz: 4 nie zgadl slowa, wprowadzil 
[30-12-2021_01:20:14] Gracz: 1 wybral literke: ź nie dostal punktow
[30-12-2021_01:20:15] Gracz: 2 nie zgadl slowa, wprowadzil 
[30-12-2021_01:20:15] Gracz: 2 wprowadzil niespodziewana odpowiedz - rozlaczam:
[30-12-2021_01:20:15] Gracz: 3 wybral literke: x nie dostal punktow
[30-12-2021_01:20:15] Gracz: 4 wybral literke: ś nie dostal punktow
[30-12-2021_01:20:15] Gracz: 4 wprowadzil niespodziewana odpowiedz - rozlaczam:
[30-12-2021_01:20:15] Gracz: 1 nie zgadl slowa, wprowadzil 
[30-12-2021_01:20:15] Gracz: 1 wprowadzil niespodziewana odpowiedz - rozlaczam:
[30-12-2021_01:20:15] Gracz: 3 nie zgadl slowa, wprowadzil 
[30-12-2021_01:20:15] Gracz: 3 wprowadzil niespodziewana odpowiedz - rozlaczam:
[30-12-2021_01:21:50] Gra dla 1 zakonczona wynikiem: 1
[30-12-2021_01:21:50] Gra dla 2 zakonczona wynikiem: 0
[30-12-2021_01:21:50] Gra dla 3 zakonczona wynikiem: 3
[30-12-2021_01:21:50] Gra dla 4 zakonczona wynikiem: 0
