[30-12-2021_01:40:08] Zaczeto gre o id: 3
[30-12-2021_01:40:08] Dodano gracza: 3
[30-12-2021_01:40:08] Dodano gracza: 5
[30-12-2021_01:40:08] Dodano gracza: 2
[30-12-2021_01:40:08] Dodano gracza: 1
[30-12-2021_01:40:08] Wybrano slowo: niekilkomilowi
[30-12-2021_01:40:08] Przetlumaczone slowo: 11131331113111
[30-12-2021_01:40:08] Gracz: 1 odgadl literke: i dostal punktow: 4
[30-12-2021_01:40:08] Gracz: 5 nie zgadl slowa, wprowadzil 
[30-12-2021_01:40:08] Gracz: 2 nie zgadl slowa, wprowadzil 
[30-12-2021_01:40:09] Gracz: 5 nie zgadl slowa, wprowadzil 
[30-12-2021_01:40:09] Gracz: 2 wybral literke: ś nie dostal punktow
[30-12-2021_01:40:09] Gracz: 1 nie zgadl slowa, wprowadzil 
[30-12-2021_01:40:09] Gracz: 5 nie zgadl slowa, wprowadzil 
[30-12-2021_01:40:09] Gracz: 2 odgadl literke: w dostal punktow: 1
[30-12-2021_01:40:09] Gracz: 1 wybral literke: z nie dostal punktow
[30-12-2021_01:40:10] Gracz: 5 wybral literke: z nie dostal punktow
[30-12-2021_01:40:10] Gracz: 1 nie zgadl slowa, wprowadzil 
[30-12-2021_01:40:10] Gracz: 2 odgadl literke: i dostal punktow: 4
[30-12-2021_01:40:10] Gracz: 3 nie zgadl slowa, wprowadzil 
[30-12-2021_01:40:10] Gracz: 5 wybral literke: c nie dostal punktow
[30-12-2021_01:40:10] Gracz: 1 nie zgadl slowa, wprowadzil 
[30-12-2021_01:40:10] Gracz: 3 nie zgadl slowa, wprowadzil 
[30-12-2021_01:40:10] Gracz: 5 nie zgadl slowa, wprowadzil 
[30-12-2021_01:40:10] Gracz: 2 nie zgadl slowa, wprowadzil 
[30-12-2021_01:40:11] Gracz: 1 nie zgadl slowa, wprowadzil 
[30-12-2021_01:40:11] Gracz: 3 nie zgadl slowa, wprowadzil 
[30-12-2021_01:40:11] Gracz: 5 wybral literke: x nie dostal punktow
[30-12-2021_01:40:11] Gracz: 2 nie zgadl slowa, wprowadzil 
[30-12-2021_01:40:11] Gracz: 1 wybral literke: ę nie dostal punktow
[30-12-2021_01:40:11] Gracz: 3 nie zgadl slowa, wprowadzil 
[30-12-2021_01:40:11] Gracz: 5 nie zgadl slowa, wprowadzil 
[30-12-2021_01:40:11] Gracz: 2 nie zgadl slowa, wprowadzil 
[30-12-2021_01:40:11] Gracz: 1 nie zgadl slowa, wprowadzil 
[30-12-2021_01:40:12] Gracz: 3 nie zgadl slowa, wprowadzil 
[30-12-2021_01:40:12] Gracz: 5 wybral literke: ó nie dostal punktow
[30-12-2021_01:40:12] Gracz: 2 nie zgadl slowa, wprowadzil 
[30-12-2021_01:40:12] Gracz: 1 nie zgadl slowa, wprowadzil 
[30-12-2021_01:40:12] Gracz: 3 nie zgadl slowa, wprowadzil 
[30-12-2021_01:40:12] Gracz: 5 wybral literke: ą nie dostal punktow
[30-12-2021_01:40:12] Gracz: 5 wprowadzil niespodziewana odpowiedz - rozlaczam:
[30-12-2021_01:40:12] Gracz: 2 wybral literke: ó nie dostal punktow
[30-12-2021_01:40:12] Gracz: 1 nie zgadl slowa, wprowadzil 
[30-12-2021_01:40:12] Gracz: 1 wprowadzil niespodziewana odpowiedz - rozlaczam:
[30-12-2021_01:40:12] Gracz: 3 nie zgadl slowa, wprowadzil 
[30-12-2021_01:40:12] Gracz: 2 nie zgadl slowa, wprowadzil 
[30-12-2021_01:40:12] Gracz: 2 wprowadzil niespodziewana odpowiedz - rozlaczam:
[30-12-2021_01:40:13] Gracz: 3 wybral literke: j nie dostal punktow
[30-12-2021_01:40:13] Gracz: 3 nie zgadl slowa, wprowadzil 
[30-12-2021_01:40:14] Gracz: 3 wybral literke: b nie dostal punktow
[30-12-2021_01:40:14] Gracz: 3 wprowadzil niespodziewana odpowiedz - rozlaczam:
[30-12-2021_01:41:48] Gra dla 1 zakonczona wynikiem: 4
[30-12-2021_01:41:48] Gra dla 5 zakonczona wynikiem: 0
[30-12-2021_01:41:48] Gra dla 2 zakonczona wynikiem: 5
[30-12-2021_01:41:48] Gra dla 3 zakonczona wynikiem: 0
