[30-12-2021_01:25:45] Zaczeto gre o id: 11
[30-12-2021_01:25:45] Dodano gracza: 3
[30-12-2021_01:25:45] Dodano gracza: 2
[30-12-2021_01:25:45] Dodano gracza: 5
[30-12-2021_01:25:45] Dodano gracza: 1
[30-12-2021_01:25:45] Wybrano slowo: importerskich
[30-12-2021_01:25:45] Przetlumaczone slowo: 1121131113113
[30-12-2021_01:25:46] Gracz: 3 wybral literke: z nie dostal punktow
[30-12-2021_01:25:46] Gracz: 2 wybral literke: q nie dostal punktow
[30-12-2021_01:25:46] Gracz: 3 odgadl literke: k dostal punktow: 1
[30-12-2021_01:25:46] Gracz: 2 wybral literke: ł nie dostal punktow
[30-12-2021_01:25:47] Gracz: 5 wybral literke: v nie dostal punktow
[30-12-2021_01:25:47] Gracz: 2 nie zgadl slowa, wprowadzil 
[30-12-2021_01:25:47] Gracz: 3 wybral literke: ę nie dostal punktow
[30-12-2021_01:25:47] Gracz: 5 wybral literke: u nie dostal punktow
[30-12-2021_01:25:47] Gracz: 1 odgadl literke: m dostal punktow: 1
[30-12-2021_01:25:47] Gracz: 2 nie zgadl slowa, wprowadzil 
[30-12-2021_01:25:47] Gracz: 3 nie zgadl slowa, wprowadzil 
[30-12-2021_01:25:47] Gracz: 5 nie zgadl slowa, wprowadzil 
[30-12-2021_01:25:48] Gracz: 2 nie zgadl slowa, wprowadzil 
[30-12-2021_01:25:48] Gracz: 1 nie zgadl slowa, wprowadzil 
[30-12-2021_01:25:48] Gracz: 3 nie zgadl slowa, wprowadzil 
[30-12-2021_01:25:48] Gracz: 5 wybral literke: ę nie dostal punktow
[30-12-2021_01:25:48] Gracz: 2 nie zgadl slowa, wprowadzil 
[30-12-2021_01:25:48] Gracz: 1 nie zgadl slowa, wprowadzil 
[30-12-2021_01:25:48] Gracz: 3 odgadl literke: h dostal punktow: 1
[30-12-2021_01:25:48] Gracz: 5 wybral literke: ń nie dostal punktow
[30-12-2021_01:25:48] Gracz: 2 nie zgadl slowa, wprowadzil 
[30-12-2021_01:25:48] Gracz: 1 wybral literke: w nie dostal punktow
[30-12-2021_01:25:49] Gracz: 5 odgadl literke: e dostal punktow: 1
[30-12-2021_01:25:49] Gracz: 3 wybral literke: ć nie dostal punktow
[30-12-2021_01:25:49] Gracz: 2 nie zgadl slowa, wprowadzil 
[30-12-2021_01:25:49] Gracz: 1 nie zgadl slowa, wprowadzil 
[30-12-2021_01:25:49] Gracz: 3 wybral literke: l nie dostal punktow
[30-12-2021_01:25:49] Gracz: 5 nie zgadl slowa, wprowadzil 
[30-12-2021_01:25:49] Gracz: 2 wybral literke: ć nie dostal punktow
[30-12-2021_01:25:49] Gracz: 1 nie zgadl slowa, wprowadzil 
[30-12-2021_01:25:49] Gracz: 3 nie zgadl slowa, wprowadzil 
[30-12-2021_01:25:50] Gracz: 5 nie zgadl slowa, wprowadzil 
[30-12-2021_01:25:50] Gracz: 2 odgadl literke: m dostal punktow: 1
[30-12-2021_01:25:50] Gracz: 1 nie zgadl slowa, wprowadzil 
[30-12-2021_01:25:50] Gracz: 2 wprowadzil niespodziewana odpowiedz - rozlaczam:
[30-12-2021_01:25:50] Gracz: 3 nie zgadl slowa, wprowadzil 
[30-12-2021_01:25:50] Gracz: 3 wprowadzil niespodziewana odpowiedz - rozlaczam:
[30-12-2021_01:25:50] Gracz: 5 nie zgadl slowa, wprowadzil 
[30-12-2021_01:25:50] Gracz: 1 nie zgadl slowa, wprowadzil 
[30-12-2021_01:25:50] Gracz: 5 nie zgadl slowa, wprowadzil 
[30-12-2021_01:25:50] Gracz: 5 wprowadzil niespodziewana odpowiedz - rozlaczam:
[30-12-2021_01:25:50] Gracz: 1 nie zgadl slowa, wprowadzil 
[30-12-2021_01:25:51] Gracz: 1 odgadl literke: e dostal punktow: 1
[30-12-2021_01:25:51] Gracz: 1 wprowadzil niespodziewana odpowiedz - rozlaczam:
[30-12-2021_01:27:25] Gra dla 3 zakonczona wynikiem: 2
[30-12-2021_01:27:25] Gra dla 2 zakonczona wynikiem: 1
[30-12-2021_01:27:25] Gra dla 5 zakonczona wynikiem: 1
[30-12-2021_01:27:25] Gra dla 1 zakonczona wynikiem: 2
