[30-12-2021_03:22:26] Zaczeto gre o id: 1
[30-12-2021_03:22:26] Dodano gracza: 1
[30-12-2021_03:22:26] Dodano gracza: 3
[30-12-2021_03:22:26] Dodano gracza: 2
[30-12-2021_03:22:26] Wybrano slowo: wyjęknąłeś
[30-12-2021_03:22:26] Przetlumaczone slowo: 1221311311
[30-12-2021_03:22:27] Gracz: 1 wybral literke: ń nie dostal punktow
[30-12-2021_03:22:27] Gracz: 1 nie zgadl slowa, wprowadzil 
[30-12-2021_03:22:28] Gracz: 3 wybral literke: r nie dostal punktow
[30-12-2021_03:22:28] Gracz: 1 wybral literke: v nie dostal punktow
[30-12-2021_03:22:28] Gracz: 2 nie zgadl slowa, wprowadzil 
[30-12-2021_03:22:28] Gracz: 3 nie zgadl slowa, wprowadzil 
[30-12-2021_03:22:28] Gracz: 1 nie zgadl slowa, wprowadzil 
[30-12-2021_03:22:28] Gracz: 2 nie zgadl slowa, wprowadzil 
[30-12-2021_03:22:28] Gracz: 3 nie zgadl slowa, wprowadzil 
[30-12-2021_03:22:29] Gracz: 1 odgadl literke: ł dostal punktow: 1
[30-12-2021_03:22:29] Gracz: 2 nie zgadl slowa, wprowadzil 
[30-12-2021_03:22:29] Gracz: 3 wybral literke: b nie dostal punktow
[30-12-2021_03:22:29] Gracz: 2 nie zgadl slowa, wprowadzil 
[30-12-2021_03:22:29] Gracz: 3 odgadl literke: w dostal punktow: 1
[30-12-2021_03:22:29] Gracz: 1 odgadl literke: y dostal punktow: 1
[30-12-2021_03:22:29] Gracz: 2 wybral literke: b nie dostal punktow
[30-12-2021_03:22:30] Gracz: 1 nie zgadl slowa, wprowadzil 
[30-12-2021_03:22:30] Gracz: 2 nie zgadl slowa, wprowadzil 
[30-12-2021_03:22:30] Gracz: 1 odgadl literke: n dostal punktow: 1
[30-12-2021_03:22:30] Gracz: 2 nie zgadl slowa, wprowadzil 
[30-12-2021_03:22:31] Gracz: 2 nie zgadl slowa, wprowadzil 
[30-12-2021_03:22:31] Gracz: 1 nie zgadl slowa, wprowadzil 
[30-12-2021_03:22:31] Gracz: 2 wybral literke: l nie dostal punktow
[30-12-2021_03:22:31] Gracz: 1 odgadl literke: ę dostal punktow: 1
[30-12-2021_03:22:31] Gracz: 1 wprowadzil niespodziewana odpowiedz - rozlaczam:
[30-12-2021_03:22:31] Gracz: 2 wybral literke: o nie dostal punktow
[30-12-2021_03:22:31] Gracz: 2 wprowadzil niespodziewana odpowiedz - rozlaczam:
[30-12-2021_03:22:39] Gracz: 3 rozlaczam minelo 10s
[30-12-2021_03:24:06] Gra dla 1 zakonczona wynikiem: 4
[30-12-2021_03:24:06] Gra dla 3 zakonczona wynikiem: 1
[30-12-2021_03:24:06] Gra dla 2 zakonczona wynikiem: 0
