[30-12-2021_01:42:41] Zaczeto gre o id: 8
[30-12-2021_01:42:41] Dodano gracza: 1
[30-12-2021_01:42:41] Dodano gracza: 3
[30-12-2021_01:42:41] Dodano gracza: 5
[30-12-2021_01:42:41] Dodano gracza: 2
[30-12-2021_01:42:41] Wybrano slowo: przysalałaby
[30-12-2021_01:42:41] Przetlumaczone slowo: 211211313132
[30-12-2021_01:42:41] Gracz: 1 wybral literke: q nie dostal punktow
[30-12-2021_01:42:41] Gracz: 3 wybral literke: ż nie dostal punktow
[30-12-2021_01:42:42] Gracz: 5 nie zgadl slowa, wprowadzil 
[30-12-2021_01:42:42] Gracz: 1 nie zgadl slowa, wprowadzil 
[30-12-2021_01:42:42] Gracz: 3 nie zgadl slowa, wprowadzil 
[30-12-2021_01:42:42] Gracz: 5 nie zgadl slowa, wprowadzil 
[30-12-2021_01:42:42] Gracz: 1 wybral literke: ś nie dostal punktow
[30-12-2021_01:42:42] Gracz: 3 nie zgadl slowa, wprowadzil 
[30-12-2021_01:42:42] Gracz: 5 nie zgadl slowa, wprowadzil 
[30-12-2021_01:42:42] Gracz: 2 odgadl literke: y dostal punktow: 2
[30-12-2021_01:42:43] Gracz: 1 nie zgadl slowa, wprowadzil 
[30-12-2021_01:42:43] Gracz: 3 wybral literke: v nie dostal punktow
[30-12-2021_01:42:43] Gracz: 5 nie zgadl slowa, wprowadzil 
[30-12-2021_01:42:43] Gracz: 2 nie zgadl slowa, wprowadzil 
[30-12-2021_01:42:43] Gracz: 1 nie zgadl slowa, wprowadzil 
[30-12-2021_01:42:43] Gracz: 3 nie zgadl slowa, wprowadzil 
[30-12-2021_01:42:43] Gracz: 5 wybral literke: d nie dostal punktow
[30-12-2021_01:42:43] Gracz: 2 nie zgadl slowa, wprowadzil 
[30-12-2021_01:42:43] Gracz: 1 nie zgadl slowa, wprowadzil 
[30-12-2021_01:42:43] Gracz: 3 nie zgadl slowa, wprowadzil 
[30-12-2021_01:42:44] Gracz: 5 nie zgadl slowa, wprowadzil 
[30-12-2021_01:42:44] Gracz: 2 nie zgadl slowa, wprowadzil 
[30-12-2021_01:42:44] Gracz: 1 wybral literke: k nie dostal punktow
[30-12-2021_01:42:44] Gracz: 3 wybral literke: ą nie dostal punktow
[30-12-2021_01:42:44] Gracz: 5 wybral literke: g nie dostal punktow
[30-12-2021_01:42:44] Gracz: 2 nie zgadl slowa, wprowadzil 
[30-12-2021_01:42:44] Gracz: 1 wybral literke: m nie dostal punktow
[30-12-2021_01:42:44] Gracz: 3 wybral literke: ć nie dostal punktow
[30-12-2021_01:42:44] Gracz: 5 nie zgadl slowa, wprowadzil 
[30-12-2021_01:42:45] Gracz: 2 nie zgadl slowa, wprowadzil 
[30-12-2021_01:42:45] Gracz: 1 wybral literke: d nie dostal punktow
[30-12-2021_01:42:45] Gracz: 3 wybral literke: ń nie dostal punktow
[30-12-2021_01:42:45] Gracz: 5 nie zgadl slowa, wprowadzil 
[30-12-2021_01:42:45] Gracz: 2 wybral literke: ą nie dostal punktow
[30-12-2021_01:42:45] Gracz: 1 nie zgadl slowa, wprowadzil 
[30-12-2021_01:42:45] Gracz: 1 wprowadzil niespodziewana odpowiedz - rozlaczam:
[30-12-2021_01:42:45] Gracz: 3 nie zgadl slowa, wprowadzil 
[30-12-2021_01:42:45] Gracz: 3 wprowadzil niespodziewana odpowiedz - rozlaczam:
[30-12-2021_01:42:45] Gracz: 5 nie zgadl slowa, wprowadzil 
[30-12-2021_01:42:45] Gracz: 5 wprowadzil niespodziewana odpowiedz - rozlaczam:
[30-12-2021_01:42:45] Gracz: 2 nie zgadl slowa, wprowadzil 
[30-12-2021_01:42:46] Gracz: 2 nie zgadl slowa, wprowadzil 
[30-12-2021_01:42:46] Gracz: 2 odgadl literke: p dostal punktow: 1
[30-12-2021_01:42:46] Gracz: 2 wprowadzil niespodziewana odpowiedz - rozlaczam:
[30-12-2021_01:44:21] Gra dla 1 zakonczona wynikiem: 0
[30-12-2021_01:44:21] Gra dla 3 zakonczona wynikiem: 0
[30-12-2021_01:44:21] Gra dla 5 zakonczona wynikiem: 0
[30-12-2021_01:44:21] Gra dla 2 zakonczona wynikiem: 3
