[30-12-2021_02:51:21] Zaczeto gre o id: 78
[30-12-2021_02:51:21] Dodano gracza: 2
[30-12-2021_02:51:21] Dodano gracza: 3
[30-12-2021_02:51:21] Dodano gracza: 1
[30-12-2021_02:51:21] Dodano gracza: 5
[30-12-2021_02:51:21] Wybrano slowo: tłuszczanek
[30-12-2021_02:51:21] Przetlumaczone slowo: 33111111113
[30-12-2021_02:51:22] Gracz: 2 wybral literke: ó nie dostal punktow
[30-12-2021_02:51:23] Gracz: 2 odgadl literke: s dostal punktow: 1
[30-12-2021_02:51:23] Gracz: 3 nie zgadl slowa, wprowadzil 
[30-12-2021_02:51:23] Gracz: 5 wybral literke: h nie dostal punktow
[30-12-2021_02:51:23] Gracz: 1 nie zgadl slowa, wprowadzil 
[30-12-2021_02:51:23] Gracz: 3 wybral literke: h nie dostal punktow
[30-12-2021_02:51:23] Gracz: 5 nie zgadl slowa, wprowadzil 
[30-12-2021_02:51:23] Gracz: 2 nie zgadl slowa, wprowadzil 
[30-12-2021_02:51:24] Gracz: 1 nie zgadl slowa, wprowadzil 
[30-12-2021_02:51:24] Gracz: 3 nie zgadl slowa, wprowadzil 
[30-12-2021_02:51:24] Gracz: 5 nie zgadl slowa, wprowadzil 
[30-12-2021_02:51:24] Gracz: 2 nie zgadl slowa, wprowadzil 
[30-12-2021_02:51:24] Gracz: 1 nie zgadl slowa, wprowadzil 
[30-12-2021_02:51:24] Gracz: 3 odgadl literke: a dostal punktow: 1
[30-12-2021_02:51:24] Gracz: 5 nie zgadl slowa, wprowadzil 
[30-12-2021_02:51:24] Gracz: 2 nie zgadl slowa, wprowadzil 
[30-12-2021_02:51:25] Gracz: 1 nie zgadl slowa, wprowadzil 
[30-12-2021_02:51:25] Gracz: 5 nie zgadl slowa, wprowadzil 
[30-12-2021_02:51:25] Gracz: 2 wybral literke: g nie dostal punktow
[30-12-2021_02:51:25] Gracz: 3 wybral literke: ż nie dostal punktow
[30-12-2021_02:51:25] Gracz: 1 wybral literke: f nie dostal punktow
[30-12-2021_02:51:25] Gracz: 5 nie zgadl slowa, wprowadzil 
[30-12-2021_02:51:25] Gracz: 2 wybral literke: r nie dostal punktow
[30-12-2021_02:51:25] Gracz: 3 wybral literke: v nie dostal punktow
[30-12-2021_02:51:25] Gracz: 1 nie zgadl slowa, wprowadzil 
[30-12-2021_02:51:25] Gracz: 5 nie zgadl slowa, wprowadzil 
[30-12-2021_02:51:26] Gracz: 2 odgadl literke: u dostal punktow: 1
[30-12-2021_02:51:26] Gracz: 3 nie zgadl slowa, wprowadzil 
[30-12-2021_02:51:26] Gracz: 1 wybral literke: ą nie dostal punktow
[30-12-2021_02:51:26] Gracz: 5 wybral literke: f nie dostal punktow
[30-12-2021_02:51:26] Gracz: 3 wybral literke: ą nie dostal punktow
[30-12-2021_02:51:26] Gracz: 2 nie zgadl slowa, wprowadzil 
[30-12-2021_02:51:26] Gracz: 1 odgadl literke: u dostal punktow: 1
[30-12-2021_02:51:26] Gracz: 5 nie zgadl slowa, wprowadzil 
[30-12-2021_02:51:26] Gracz: 3 nie zgadl slowa, wprowadzil 
[30-12-2021_02:51:27] Gracz: 2 wybral literke: j nie dostal punktow
[30-12-2021_02:51:27] Gracz: 2 wprowadzil niespodziewana odpowiedz - rozlaczam:
[30-12-2021_02:51:27] Gracz: 5 nie zgadl slowa, wprowadzil 
[30-12-2021_02:51:27] Gracz: 5 wprowadzil niespodziewana odpowiedz - rozlaczam:
[30-12-2021_02:51:27] Gracz: 1 wybral literke: j nie dostal punktow
[30-12-2021_02:51:27] Gracz: 3 nie zgadl slowa, wprowadzil 
[30-12-2021_02:51:27] Gracz: 3 wprowadzil niespodziewana odpowiedz - rozlaczam:
[30-12-2021_02:51:27] Gracz: 1 wybral literke: r nie dostal punktow
[30-12-2021_02:51:27] Gracz: 1 wprowadzil niespodziewana odpowiedz - rozlaczam:
[30-12-2021_02:53:02] Gra dla 2 zakonczona wynikiem: 2
[30-12-2021_02:53:02] Gra dla 3 zakonczona wynikiem: 1
[30-12-2021_02:53:02] Gra dla 5 zakonczona wynikiem: 0
[30-12-2021_02:53:02] Gra dla 1 zakonczona wynikiem: 1
