[30-12-2021_00:11:56] Zaczeto gre o id: 2
[30-12-2021_00:11:56] Dodano gracza: 1
[30-12-2021_00:11:56] Dodano gracza: 3
[30-12-2021_00:11:56] Dodano gracza: 2
[30-12-2021_00:11:56] Wybrano slowo: liczkami
[30-12-2021_00:11:56] Przetlumaczone slowo: 31113111
[30-12-2021_00:11:57] Gracz: 3 nie zgadl slowa, wprowadzil 
[30-12-2021_00:11:57] Gracz: 3 nie zgadl slowa, wprowadzil 
[30-12-2021_00:11:57] Gracz: 3 nie zgadl slowa, wprowadzil 
[30-12-2021_00:11:57] Gracz: 2 nie zgadl slowa, wprowadzil 
[30-12-2021_00:11:58] Gracz: 3 wybral literke: v nie dostal punktow
[30-12-2021_00:11:58] Gracz: 2 nie zgadl slowa, wprowadzil 
[30-12-2021_00:11:58] Gracz: 1 wybral literke: p nie dostal punktow
[30-12-2021_00:11:58] Gracz: 3 nie zgadl slowa, wprowadzil 
[30-12-2021_00:11:58] Gracz: 2 wybral literke: r nie dostal punktow
[30-12-2021_00:11:58] Gracz: 1 odgadl literke: c dostal punktow: 1
[30-12-2021_00:11:59] Gracz: 3 nie zgadl slowa, wprowadzil 
[30-12-2021_00:11:59] Gracz: 2 wybral literke: b nie dostal punktow
[30-12-2021_00:11:59] Gracz: 3 wybral literke: ฤ nie dostal punktow
[30-12-2021_00:11:59] Gracz: 1 nie zgadl slowa, wprowadzil 
[30-12-2021_00:11:59] Gracz: 2 nie zgadl slowa, wprowadzil 
[30-12-2021_00:11:59] Gracz: 3 wybral literke: t nie dostal punktow
[30-12-2021_00:11:59] Gracz: 1 nie zgadl slowa, wprowadzil 
[30-12-2021_00:11:59] Gracz: 2 wybral literke: x nie dostal punktow
[30-12-2021_00:12:00] Gracz: 3 wybral literke: p nie dostal punktow
[30-12-2021_00:12:00] Gracz: 1 nie zgadl slowa, wprowadzil 
[30-12-2021_00:12:00] Gracz: 2 wybral literke: w nie dostal punktow
[30-12-2021_00:12:00] Gracz: 3 odgadl literke: a dostal punktow: 1
[30-12-2021_00:12:00] Gracz: 1 nie zgadl slowa, wprowadzil 
[30-12-2021_00:12:00] Gracz: 2 odgadl literke: z dostal punktow: 1
[30-12-2021_00:12:00] Gracz: 3 wprowadzil niespodziewana odpowiedz - rozlaczam:
[30-12-2021_00:12:01] Gracz: 1 wybral literke: b nie dostal punktow
[30-12-2021_00:12:01] Gracz: 2 odgadl literke: a dostal punktow: 1
[30-12-2021_00:12:01] Gracz: 1 nie zgadl slowa, wprowadzil 
[30-12-2021_00:12:01] Gracz: 1 wybral literke: รณ nie dostal punktow
[30-12-2021_00:12:01] Gracz: 2 nie zgadl slowa, wprowadzil 
[30-12-2021_00:12:01] Gracz: 2 wprowadzil niespodziewana odpowiedz - rozlaczam:
[30-12-2021_00:12:02] Gracz: 1 nie zgadl slowa, wprowadzil 
[30-12-2021_00:12:02] Gracz: 1 wprowadzil niespodziewana odpowiedz - rozlaczam:
[30-12-2021_00:13:36] Gra dla 3 zakonczona wynikiem: 1
[30-12-2021_00:13:36] Gra dla 2 zakonczona wynikiem: 2
[30-12-2021_00:13:36] Gra dla 1 zakonczona wynikiem: 1
