[30-12-2021_01:25:15] Zaczeto gre o id: 10
[30-12-2021_01:25:15] Dodano gracza: 1
[30-12-2021_01:25:15] Dodano gracza: 3
[30-12-2021_01:25:15] Dodano gracza: 2
[30-12-2021_01:25:15] Dodano gracza: 4
[30-12-2021_01:25:15] Dodano gracza: 5
[30-12-2021_01:25:15] Wybrano slowo: przykurczałem
[30-12-2021_01:25:15] Przetlumaczone slowo: 2112311111311
[30-12-2021_01:25:15] Gracz: 3 wybral literke: o nie dostal punktow
[30-12-2021_01:25:16] Gracz: 2 nie zgadl slowa, wprowadzil 
[30-12-2021_01:25:16] Gracz: 3 odgadl literke: a dostal punktow: 1
[30-12-2021_01:25:16] Gracz: 4 wprowadzil niespodziewana odpowiedz - rozlaczam:
[30-12-2021_01:25:16] Gracz: 2 nie zgadl slowa, wprowadzil 
[30-12-2021_01:25:16] Gracz: 3 nie zgadl slowa, wprowadzil 
[30-12-2021_01:25:16] Gracz: 5 wybral literke: ó nie dostal punktow
[30-12-2021_01:25:16] Gracz: 2 odgadl literke: a dostal punktow: 1
[30-12-2021_01:25:17] Gracz: 3 odgadl literke: c dostal punktow: 1
[30-12-2021_01:25:17] Gracz: 5 wybral literke: w nie dostal punktow
[30-12-2021_01:25:17] Gracz: 1 nie zgadl slowa, wprowadzil 
[30-12-2021_01:25:17] Gracz: 2 odgadl literke: y dostal punktow: 1
[30-12-2021_01:25:17] Gracz: 5 nie zgadl slowa, wprowadzil 
[30-12-2021_01:25:17] Gracz: 1 nie zgadl slowa, wprowadzil 
[30-12-2021_01:25:17] Gracz: 3 odgadl literke: p dostal punktow: 1
[30-12-2021_01:25:17] Gracz: 5 wybral literke: l nie dostal punktow
[30-12-2021_01:25:18] Gracz: 2 wybral literke: l nie dostal punktow
[30-12-2021_01:25:18] Gracz: 1 nie zgadl slowa, wprowadzil 
[30-12-2021_01:25:18] Gracz: 3 nie zgadl slowa, wprowadzil 
[30-12-2021_01:25:18] Gracz: 5 nie zgadl slowa, wprowadzil 
[30-12-2021_01:25:18] Gracz: 2 nie zgadl slowa, wprowadzil 
[30-12-2021_01:25:18] Gracz: 1 wybral literke: h nie dostal punktow
[30-12-2021_01:25:18] Gracz: 3 nie zgadl slowa, wprowadzil 
[30-12-2021_01:25:18] Gracz: 5 nie zgadl slowa, wprowadzil 
[30-12-2021_01:25:18] Gracz: 2 nie zgadl slowa, wprowadzil 
[30-12-2021_01:25:18] Gracz: 1 nie zgadl slowa, wprowadzil 
[30-12-2021_01:25:19] Gracz: 3 wybral literke: q nie dostal punktow
[30-12-2021_01:25:19] Gracz: 5 wybral literke: b nie dostal punktow
[30-12-2021_01:25:19] Gracz: 2 wybral literke: x nie dostal punktow
[30-12-2021_01:25:19] Gracz: 1 wybral literke: ś nie dostal punktow
[30-12-2021_01:25:19] Gracz: 3 wybral literke: g nie dostal punktow
[30-12-2021_01:25:19] Gracz: 5 wybral literke: h nie dostal punktow
[30-12-2021_01:25:19] Gracz: 2 nie zgadl slowa, wprowadzil 
[30-12-2021_01:25:19] Gracz: 1 nie zgadl slowa, wprowadzil 
[30-12-2021_01:25:19] Gracz: 3 wybral literke: ź nie dostal punktow
[30-12-2021_01:25:19] Gracz: 3 wprowadzil niespodziewana odpowiedz - rozlaczam:
[30-12-2021_01:25:19] Gracz: 5 nie zgadl slowa, wprowadzil 
[30-12-2021_01:25:20] Gracz: 2 nie zgadl slowa, wprowadzil 
[30-12-2021_01:25:20] Gracz: 2 wprowadzil niespodziewana odpowiedz - rozlaczam:
[30-12-2021_01:25:20] Gracz: 1 wybral literke: f nie dostal punktow
[30-12-2021_01:25:20] Gracz: 5 odgadl literke: ł dostal punktow: 1
[30-12-2021_01:25:20] Gracz: 1 odgadl literke: a dostal punktow: 1
[30-12-2021_01:25:20] Gracz: 5 wprowadzil niespodziewana odpowiedz - rozlaczam:
[30-12-2021_01:25:21] Gracz: 1 nie zgadl slowa, wprowadzil 
[30-12-2021_01:25:21] Gracz: 1 wprowadzil niespodziewana odpowiedz - rozlaczam:
[30-12-2021_01:26:55] Gra dla 3 zakonczona wynikiem: 3
[30-12-2021_01:26:55] Gra dla 2 zakonczona wynikiem: 2
[30-12-2021_01:26:55] Gra dla 4 zakonczona wynikiem: 0
[30-12-2021_01:26:55] Gra dla 5 zakonczona wynikiem: 1
[30-12-2021_01:26:55] Gra dla 1 zakonczona wynikiem: 1
