[30-12-2021_01:23:43] Zaczeto gre o id: 7
[30-12-2021_01:23:43] Dodano gracza: 4
[30-12-2021_01:23:43] Dodano gracza: 3
[30-12-2021_01:23:43] Dodano gracza: 1
[30-12-2021_01:23:43] Dodano gracza: 2
[30-12-2021_01:23:43] Wybrano slowo: niedemontowalne
[30-12-2021_01:23:43] Przetlumaczone slowo: 111311113111311
[30-12-2021_01:23:44] Gracz: 3 odgadl literke: i dostal punktow: 1
[30-12-2021_01:23:44] Gracz: 3 odgadl literke: w dostal punktow: 1
[30-12-2021_01:23:44] Gracz: 1 wybral literke: ż nie dostal punktow
[30-12-2021_01:23:45] Gracz: 2 wybral literke: u nie dostal punktow
[30-12-2021_01:23:45] Gracz: 1 nie zgadl slowa, wprowadzil 
[30-12-2021_01:23:45] Gracz: 3 wybral literke: x nie dostal punktow
[30-12-2021_01:23:45] Gracz: 2 nie zgadl slowa, wprowadzil 
[30-12-2021_01:23:45] Gracz: 1 nie zgadl slowa, wprowadzil 
[30-12-2021_01:23:45] Gracz: 4 wybral literke: h nie dostal punktow
[30-12-2021_01:23:45] Gracz: 3 wybral literke: v nie dostal punktow
[30-12-2021_01:23:45] Gracz: 2 odgadl literke: n dostal punktow: 3
[30-12-2021_01:23:45] Gracz: 1 wybral literke: c nie dostal punktow
[30-12-2021_01:23:46] Gracz: 4 wybral literke: g nie dostal punktow
[30-12-2021_01:23:46] Gracz: 3 odgadl literke: n dostal punktow: 3
[30-12-2021_01:23:46] Gracz: 1 wybral literke: z nie dostal punktow
[30-12-2021_01:23:46] Gracz: 4 nie zgadl slowa, wprowadzil 
[30-12-2021_01:23:46] Gracz: 2 wybral literke: g nie dostal punktow
[30-12-2021_01:23:46] Gracz: 3 wybral literke: ż nie dostal punktow
[30-12-2021_01:23:46] Gracz: 1 nie zgadl slowa, wprowadzil 
[30-12-2021_01:23:46] Gracz: 4 wybral literke: s nie dostal punktow
[30-12-2021_01:23:46] Gracz: 2 nie zgadl slowa, wprowadzil 
[30-12-2021_01:23:47] Gracz: 3 wybral literke: b nie dostal punktow
[30-12-2021_01:23:47] Gracz: 1 nie zgadl slowa, wprowadzil 
[30-12-2021_01:23:47] Gracz: 4 wybral literke: q nie dostal punktow
[30-12-2021_01:23:47] Gracz: 2 nie zgadl slowa, wprowadzil 
[30-12-2021_01:23:47] Gracz: 3 nie zgadl slowa, wprowadzil 
[30-12-2021_01:23:47] Gracz: 1 nie zgadl slowa, wprowadzil 
[30-12-2021_01:23:47] Gracz: 4 odgadl literke: n dostal punktow: 3
[30-12-2021_01:23:47] Gracz: 2 wybral literke: ń nie dostal punktow
[30-12-2021_01:23:47] Gracz: 3 nie zgadl slowa, wprowadzil 
[30-12-2021_01:23:47] Gracz: 1 nie zgadl slowa, wprowadzil 
[30-12-2021_01:23:48] Gracz: 2 wybral literke: ś nie dostal punktow
[30-12-2021_01:23:48] Gracz: 4 odgadl literke: t dostal punktow: 1
[30-12-2021_01:23:48] Gracz: 3 odgadl literke: t dostal punktow: 1
[30-12-2021_01:23:48] Gracz: 1 nie zgadl slowa, wprowadzil 
[30-12-2021_01:23:48] Gracz: 1 wprowadzil niespodziewana odpowiedz - rozlaczam:
[30-12-2021_01:23:48] Gracz: 2 nie zgadl slowa, wprowadzil 
[30-12-2021_01:23:48] Gracz: 3 wprowadzil niespodziewana odpowiedz - rozlaczam:
[30-12-2021_01:23:48] Gracz: 2 nie zgadl slowa, wprowadzil 
[30-12-2021_01:23:48] Gracz: 2 wprowadzil niespodziewana odpowiedz - rozlaczam:
[30-12-2021_01:23:58] Gracz: 4 rozlaczam minelo 10s
[30-12-2021_01:25:23] Gra dla 3 zakonczona wynikiem: 6
[30-12-2021_01:25:23] Gra dla 1 zakonczona wynikiem: 0
[30-12-2021_01:25:23] Gra dla 2 zakonczona wynikiem: 3
[30-12-2021_01:25:23] Gra dla 4 zakonczona wynikiem: 4
