[30-12-2021_02:17:44] Zaczeto gre o id: 70
[30-12-2021_02:17:44] Dodano gracza: 2
[30-12-2021_02:17:44] Dodano gracza: 1
[30-12-2021_02:17:44] Wybrano slowo: telegazetowi
[30-12-2021_02:17:44] Przetlumaczone slowo: 313121113111
[30-12-2021_02:17:45] Gracz: 2 nie zgadl slowa, wprowadzil 
[30-12-2021_02:17:45] Gracz: 1 wybral literke: ฤ nie dostal punktow
[30-12-2021_02:17:45] Gracz: 2 nie zgadl slowa, wprowadzil 
[30-12-2021_02:17:45] Gracz: 1 wybral literke: h nie dostal punktow
[30-12-2021_02:17:46] Gracz: 2 odgadl literke: i dostal punktow: 1
[30-12-2021_02:17:46] Gracz: 1 nie zgadl slowa, wprowadzil 
[30-12-2021_02:17:46] Gracz: 2 nie zgadl slowa, wprowadzil 
[30-12-2021_02:17:46] Gracz: 1 nie zgadl slowa, wprowadzil 
[30-12-2021_02:17:47] Gracz: 2 nie zgadl slowa, wprowadzil 
[30-12-2021_02:17:47] Gracz: 1 nie zgadl slowa, wprowadzil 
[30-12-2021_02:17:47] Gracz: 2 nie zgadl slowa, wprowadzil 
[30-12-2021_02:17:47] Gracz: 1 nie zgadl slowa, wprowadzil 
[30-12-2021_02:17:47] Gracz: 2 wybral literke: รณ nie dostal punktow
[30-12-2021_02:17:47] Gracz: 1 wybral literke: รณ nie dostal punktow
[30-12-2021_02:17:48] Gracz: 2 nie zgadl slowa, wprowadzil 
[30-12-2021_02:17:48] Gracz: 1 wybral literke: s nie dostal punktow
[30-12-2021_02:17:48] Gracz: 2 nie zgadl slowa, wprowadzil 
[30-12-2021_02:17:48] Gracz: 1 wybral literke: c nie dostal punktow
[30-12-2021_02:17:49] Gracz: 2 nie zgadl slowa, wprowadzil 
[30-12-2021_02:17:49] Gracz: 2 wprowadzil niespodziewana odpowiedz - rozlaczam:
[30-12-2021_02:17:49] Gracz: 1 nie zgadl slowa, wprowadzil 
[30-12-2021_02:17:49] Gracz: 1 wprowadzil niespodziewana odpowiedz - rozlaczam:
[30-12-2021_02:19:24] Gra dla 2 zakonczona wynikiem: 1
[30-12-2021_02:19:24] Gra dla 1 zakonczona wynikiem: 0
