[30-12-2021_02:02:28] Zaczeto gre o id: 40
[30-12-2021_02:02:28] Dodano gracza: 2
[30-12-2021_02:02:28] Dodano gracza: 5
[30-12-2021_02:02:28] Dodano gracza: 1
[30-12-2021_02:02:28] Wybrano slowo: zanagramowała
[30-12-2021_02:02:28] Przetlumaczone slowo: 1111211111131
[30-12-2021_02:02:28] Gracz: 5 wybral literke: p nie dostal punktow
[30-12-2021_02:02:29] Gracz: 5 nie zgadl slowa, wprowadzil 
[30-12-2021_02:02:29] Gracz: 1 wybral literke: i nie dostal punktow
[30-12-2021_02:02:29] Gracz: 5 nie zgadl slowa, wprowadzil 
[30-12-2021_02:02:30] Gracz: 1 odgadl literke: z dostal punktow: 1
[30-12-2021_02:02:30] Gracz: 5 nie zgadl slowa, wprowadzil 
[30-12-2021_02:02:30] Gracz: 2 nie zgadl slowa, wprowadzil 
[30-12-2021_02:02:30] Gracz: 5 odgadl literke: r dostal punktow: 1
[30-12-2021_02:02:30] Gracz: 1 wybral literke: ę nie dostal punktow
[30-12-2021_02:02:30] Gracz: 2 odgadl literke: z dostal punktow: 1
[30-12-2021_02:02:31] Gracz: 1 nie zgadl slowa, wprowadzil 
[30-12-2021_02:02:31] Gracz: 5 wybral literke: b nie dostal punktow
[30-12-2021_02:02:31] Gracz: 2 wybral literke: d nie dostal punktow
[30-12-2021_02:02:31] Gracz: 1 nie zgadl slowa, wprowadzil 
[30-12-2021_02:02:31] Gracz: 5 nie zgadl slowa, wprowadzil 
[30-12-2021_02:02:31] Gracz: 2 nie zgadl slowa, wprowadzil 
[30-12-2021_02:02:31] Gracz: 1 nie zgadl slowa, wprowadzil 
[30-12-2021_02:02:31] Gracz: 5 odgadl literke: w dostal punktow: 1
[30-12-2021_02:02:32] Gracz: 2 nie zgadl slowa, wprowadzil 
[30-12-2021_02:02:32] Gracz: 1 odgadl literke: a dostal punktow: 5
[30-12-2021_02:02:32] Gracz: 5 wybral literke: l nie dostal punktow
[30-12-2021_02:02:32] Gracz: 2 wybral literke: y nie dostal punktow
[30-12-2021_02:02:32] Gracz: 1 nie zgadl slowa, wprowadzil 
[30-12-2021_02:02:32] Gracz: 5 wybral literke: u nie dostal punktow
[30-12-2021_02:02:32] Gracz: 5 wprowadzil niespodziewana odpowiedz - rozlaczam:
[30-12-2021_02:02:33] Gracz: 2 nie zgadl slowa, wprowadzil 
[30-12-2021_02:02:33] Gracz: 1 odgadl literke: o dostal punktow: 1
[30-12-2021_02:02:33] Gracz: 2 wybral literke: ą nie dostal punktow
[30-12-2021_02:02:33] Gracz: 2 nie zgadl slowa, wprowadzil 
[30-12-2021_02:02:33] Gracz: 1 nie zgadl slowa, wprowadzil 
[30-12-2021_02:02:33] Gracz: 1 wprowadzil niespodziewana odpowiedz - rozlaczam:
[30-12-2021_02:02:34] Gracz: 2 wybral literke: p nie dostal punktow
[30-12-2021_02:02:34] Gracz: 2 wprowadzil niespodziewana odpowiedz - rozlaczam:
[30-12-2021_02:04:08] Gra dla 5 zakonczona wynikiem: 2
[30-12-2021_02:04:08] Gra dla 1 zakonczona wynikiem: 7
[30-12-2021_02:04:08] Gra dla 2 zakonczona wynikiem: 1
