[30-12-2021_02:14:41] Zaczeto gre o id: 64
[30-12-2021_02:14:41] Dodano gracza: 1
[30-12-2021_02:14:41] Dodano gracza: 2
[30-12-2021_02:14:41] Wybrano slowo: zrulowaniu
[30-12-2021_02:14:41] Przetlumaczone slowo: 1113111111
[30-12-2021_02:14:41] Gracz: 2 nie zgadl slowa, wprowadzil 
[30-12-2021_02:14:42] Gracz: 2 wybral literke: รณ nie dostal punktow
[30-12-2021_02:14:42] Gracz: 2 nie zgadl slowa, wprowadzil 
[30-12-2021_02:14:43] Gracz: 2 wybral literke: s nie dostal punktow
[30-12-2021_02:14:43] Gracz: 1 nie zgadl slowa, wprowadzil 
[30-12-2021_02:14:43] Gracz: 2 wybral literke: g nie dostal punktow
[30-12-2021_02:14:43] Gracz: 1 wybral literke: c nie dostal punktow
[30-12-2021_02:14:43] Gracz: 2 nie zgadl slowa, wprowadzil 
[30-12-2021_02:14:44] Gracz: 1 nie zgadl slowa, wprowadzil 
[30-12-2021_02:14:44] Gracz: 2 odgadl literke: r dostal punktow: 1
[30-12-2021_02:14:44] Gracz: 1 nie zgadl slowa, wprowadzil 
[30-12-2021_02:14:44] Gracz: 2 nie zgadl slowa, wprowadzil 
[30-12-2021_02:14:45] Gracz: 1 wybral literke: ล nie dostal punktow
[30-12-2021_02:14:45] Gracz: 2 odgadl literke: u dostal punktow: 2
[30-12-2021_02:14:45] Gracz: 1 nie zgadl slowa, wprowadzil 
[30-12-2021_02:14:45] Gracz: 1 nie zgadl slowa, wprowadzil 
[30-12-2021_02:14:45] Gracz: 2 wybral literke: j nie dostal punktow
[30-12-2021_02:14:45] Gracz: 2 wprowadzil niespodziewana odpowiedz - rozlaczam:
[30-12-2021_02:14:46] Gracz: 1 nie zgadl slowa, wprowadzil 
[30-12-2021_02:14:46] Gracz: 1 wybral literke: t nie dostal punktow
[30-12-2021_02:14:47] Gracz: 1 wybral literke: f nie dostal punktow
[30-12-2021_02:14:47] Gracz: 1 wprowadzil niespodziewana odpowiedz - rozlaczam:
[30-12-2021_02:16:21] Gra dla 2 zakonczona wynikiem: 3
[30-12-2021_02:16:21] Gra dla 1 zakonczona wynikiem: 0
