[30-12-2021_02:13:09] Zaczeto gre o id: 61
[30-12-2021_02:13:09] Dodano gracza: 1
[30-12-2021_02:13:09] Dodano gracza: 2
[30-12-2021_02:13:09] Wybrano slowo: obrębić
[30-12-2021_02:13:09] Przetlumaczone slowo: 1311311
[30-12-2021_02:13:10] Gracz: 1 wybral literke: ż nie dostal punktow
[30-12-2021_02:13:10] Gracz: 1 wybral literke: n nie dostal punktow
[30-12-2021_02:13:11] Gracz: 2 wybral literke: d nie dostal punktow
[30-12-2021_02:13:11] Gracz: 1 wybral literke: ł nie dostal punktow
[30-12-2021_02:13:11] Gracz: 2 nie zgadl slowa, wprowadzil 
[30-12-2021_02:13:11] Gracz: 1 nie zgadl slowa, wprowadzil 
[30-12-2021_02:13:11] Gracz: 2 nie zgadl slowa, wprowadzil 
[30-12-2021_02:13:12] Gracz: 1 wybral literke: y nie dostal punktow
[30-12-2021_02:13:12] Gracz: 2 nie zgadl slowa, wprowadzil 
[30-12-2021_02:13:12] Gracz: 1 nie zgadl slowa, wprowadzil 
[30-12-2021_02:13:12] Gracz: 2 nie zgadl slowa, wprowadzil 
[30-12-2021_02:13:12] Gracz: 1 odgadl literke: i dostal punktow: 1
[30-12-2021_02:13:13] Gracz: 2 nie zgadl slowa, wprowadzil 
[30-12-2021_02:13:13] Gracz: 1 wybral literke: z nie dostal punktow
[30-12-2021_02:13:13] Gracz: 2 wybral literke: y nie dostal punktow
[30-12-2021_02:13:13] Gracz: 1 odgadl literke: ę dostal punktow: 1
[30-12-2021_02:13:13] Gracz: 2 nie zgadl slowa, wprowadzil 
[30-12-2021_02:13:14] Gracz: 2 wybral literke: ą nie dostal punktow
[30-12-2021_02:13:14] Gracz: 1 nie zgadl slowa, wprowadzil 
[30-12-2021_02:13:14] Gracz: 1 wprowadzil niespodziewana odpowiedz - rozlaczam:
[30-12-2021_02:13:14] Gracz: 2 wybral literke: p nie dostal punktow
[30-12-2021_02:13:14] Gracz: 2 wprowadzil niespodziewana odpowiedz - rozlaczam:
[30-12-2021_02:14:49] Gra dla 1 zakonczona wynikiem: 2
[30-12-2021_02:14:49] Gra dla 2 zakonczona wynikiem: 0
