[30-12-2021_01:52:51] Zaczeto gre o id: 28
[30-12-2021_01:52:51] Dodano gracza: 2
[30-12-2021_01:52:51] Dodano gracza: 5
[30-12-2021_01:52:51] Dodano gracza: 1
[30-12-2021_01:52:51] Wybrano slowo: zatrząsajże
[30-12-2021_01:52:51] Przetlumaczone slowo: 11311111211
[30-12-2021_01:52:52] Gracz: 5 wybral literke: o nie dostal punktow
[30-12-2021_01:52:52] Gracz: 2 wybral literke: ń nie dostal punktow
[30-12-2021_01:52:52] Gracz: 5 nie zgadl slowa, wprowadzil 
[30-12-2021_01:52:52] Gracz: 2 odgadl literke: t dostal punktow: 1
[30-12-2021_01:52:53] Gracz: 1 odgadl literke: ą dostal punktow: 1
[30-12-2021_01:52:53] Gracz: 5 wybral literke: y nie dostal punktow
[30-12-2021_01:52:53] Gracz: 2 nie zgadl slowa, wprowadzil 
[30-12-2021_01:52:53] Gracz: 5 wybral literke: m nie dostal punktow
[30-12-2021_01:52:53] Gracz: 1 nie zgadl slowa, wprowadzil 
[30-12-2021_01:52:53] Gracz: 2 nie zgadl slowa, wprowadzil 
[30-12-2021_01:52:53] Gracz: 5 nie zgadl slowa, wprowadzil 
[30-12-2021_01:52:54] Gracz: 1 nie zgadl slowa, wprowadzil 
[30-12-2021_01:52:54] Gracz: 2 odgadl literke: ż dostal punktow: 1
[30-12-2021_01:52:54] Gracz: 5 nie zgadl slowa, wprowadzil 
[30-12-2021_01:52:54] Gracz: 1 wybral literke: u nie dostal punktow
[30-12-2021_01:52:54] Gracz: 5 wybral literke: ź nie dostal punktow
[30-12-2021_01:52:54] Gracz: 2 wybral literke: m nie dostal punktow
[30-12-2021_01:52:54] Gracz: 1 nie zgadl slowa, wprowadzil 
[30-12-2021_01:52:55] Gracz: 5 nie zgadl slowa, wprowadzil 
[30-12-2021_01:52:55] Gracz: 2 nie zgadl slowa, wprowadzil 
[30-12-2021_01:52:55] Gracz: 1 odgadl literke: j dostal punktow: 1
[30-12-2021_01:52:55] Gracz: 5 wybral literke: ć nie dostal punktow
[30-12-2021_01:52:55] Gracz: 2 wybral literke: q nie dostal punktow
[30-12-2021_01:52:55] Gracz: 1 odgadl literke: r dostal punktow: 1
[30-12-2021_01:52:55] Gracz: 5 wybral literke: k nie dostal punktow
[30-12-2021_01:52:55] Gracz: 5 wprowadzil niespodziewana odpowiedz - rozlaczam:
[30-12-2021_01:52:55] Gracz: 2 odgadl literke: e dostal punktow: 1
[30-12-2021_01:52:56] Gracz: 1 wybral literke: ź nie dostal punktow
[30-12-2021_01:52:56] Gracz: 2 wybral literke: ź nie dostal punktow
[30-12-2021_01:52:56] Gracz: 2 wprowadzil niespodziewana odpowiedz - rozlaczam:
[30-12-2021_01:52:56] Gracz: 1 nie zgadl slowa, wprowadzil 
[30-12-2021_01:52:57] Gracz: 1 wybral literke: b nie dostal punktow
[30-12-2021_01:52:57] Gracz: 1 wprowadzil niespodziewana odpowiedz - rozlaczam:
[30-12-2021_01:54:31] Gra dla 2 zakonczona wynikiem: 3
[30-12-2021_01:54:31] Gra dla 5 zakonczona wynikiem: 0
[30-12-2021_01:54:31] Gra dla 1 zakonczona wynikiem: 3
