[30-12-2021_01:59:25] Zaczeto gre o id: 34
[30-12-2021_01:59:25] Dodano gracza: 5
[30-12-2021_01:59:25] Dodano gracza: 2
[30-12-2021_01:59:25] Dodano gracza: 1
[30-12-2021_01:59:25] Dodano gracza: 3
[30-12-2021_01:59:25] Wybrano slowo: pobij
[30-12-2021_01:59:25] Przetlumaczone slowo: 21312
[30-12-2021_01:59:26] Gracz: 2 nie zgadl slowa, wprowadzil 
[30-12-2021_01:59:26] Gracz: 1 nie zgadl slowa, wprowadzil 
[30-12-2021_01:59:26] Gracz: 2 nie zgadl slowa, wprowadzil 
[30-12-2021_01:59:26] Gracz: 1 nie zgadl slowa, wprowadzil 
[30-12-2021_01:59:27] Gracz: 2 nie zgadl slowa, wprowadzil 
[30-12-2021_01:59:27] Gracz: 3 wybral literke: d nie dostal punktow
[30-12-2021_01:59:27] Gracz: 5 odgadl literke: b dostal punktow: 1
[30-12-2021_01:59:27] Gracz: 1 nie zgadl slowa, wprowadzil 
[30-12-2021_01:59:27] Gracz: 2 wybral literke: s nie dostal punktow
[30-12-2021_01:59:27] Gracz: 3 wybral literke: z nie dostal punktow
[30-12-2021_01:59:27] Gracz: 1 wybral literke: c nie dostal punktow
[30-12-2021_01:59:27] Gracz: 5 wybral literke: w nie dostal punktow
[30-12-2021_01:59:27] Gracz: 2 nie zgadl slowa, wprowadzil 
[30-12-2021_01:59:27] Gracz: 3 wybral literke: m nie dostal punktow
[30-12-2021_01:59:28] Gracz: 1 wybral literke: ń nie dostal punktow
[30-12-2021_01:59:28] Gracz: 5 nie zgadl slowa, wprowadzil 
[30-12-2021_01:59:28] Gracz: 2 nie zgadl slowa, wprowadzil 
[30-12-2021_01:59:28] Gracz: 3 wybral literke: k nie dostal punktow
[30-12-2021_01:59:28] Gracz: 1 nie zgadl slowa, wprowadzil 
[30-12-2021_01:59:28] Gracz: 5 nie zgadl slowa, wprowadzil 
[30-12-2021_01:59:28] Gracz: 2 wybral literke: g nie dostal punktow
[30-12-2021_01:59:28] Gracz: 3 wybral literke: r nie dostal punktow
[30-12-2021_01:59:28] Gracz: 1 wybral literke: t nie dostal punktow
[30-12-2021_01:59:28] Gracz: 5 wybral literke: l nie dostal punktow
[30-12-2021_01:59:29] Gracz: 2 wybral literke: r nie dostal punktow
[30-12-2021_01:59:29] Gracz: 3 wybral literke: w nie dostal punktow
[30-12-2021_01:59:29] Gracz: 1 nie zgadl slowa, wprowadzil 
[30-12-2021_01:59:29] Gracz: 5 wybral literke: u nie dostal punktow
[30-12-2021_01:59:29] Gracz: 2 nie zgadl slowa, wprowadzil 
[30-12-2021_01:59:29] Gracz: 3 wybral literke: g nie dostal punktow
[30-12-2021_01:59:29] Gracz: 1 nie zgadl slowa, wprowadzil 
[30-12-2021_01:59:29] Gracz: 5 wybral literke: ę nie dostal punktow
[30-12-2021_01:59:29] Gracz: 2 wybral literke: u nie dostal punktow
[30-12-2021_01:59:29] Gracz: 2 wprowadzil niespodziewana odpowiedz - rozlaczam:
[30-12-2021_01:59:29] Gracz: 3 nie zgadl slowa, wprowadzil 
[30-12-2021_01:59:30] Gracz: 1 nie zgadl slowa, wprowadzil 
[30-12-2021_01:59:30] Gracz: 1 wprowadzil niespodziewana odpowiedz - rozlaczam:
[30-12-2021_01:59:30] Gracz: 5 wybral literke: s nie dostal punktow
[30-12-2021_01:59:30] Gracz: 3 nie zgadl slowa, wprowadzil 
[30-12-2021_01:59:30] Gracz: 5 nie zgadl slowa, wprowadzil 
[30-12-2021_01:59:30] Gracz: 3 nie zgadl slowa, wprowadzil 
[30-12-2021_01:59:30] Gracz: 3 wprowadzil niespodziewana odpowiedz - rozlaczam:
[30-12-2021_01:59:30] Gracz: 5 nie zgadl slowa, wprowadzil 
[30-12-2021_01:59:31] Gracz: 5 wprowadzil niespodziewana odpowiedz - rozlaczam:
[30-12-2021_02:01:05] Gra dla 2 zakonczona wynikiem: 0
[30-12-2021_02:01:05] Gra dla 1 zakonczona wynikiem: 0
[30-12-2021_02:01:05] Gra dla 3 zakonczona wynikiem: 0
[30-12-2021_02:01:05] Gra dla 5 zakonczona wynikiem: 1
