[30-12-2021_03:23:58] Zaczeto gre o id: 4
[30-12-2021_03:23:58] Dodano gracza: 2
[30-12-2021_03:23:58] Dodano gracza: 1
[30-12-2021_03:23:58] Wybrano slowo: natęskniłbyś
[30-12-2021_03:23:58] Przetlumaczone slowo: 113113113321
[30-12-2021_03:23:58] Gracz: 2 wybral literke: ń nie dostal punktow
[30-12-2021_03:23:58] Gracz: 1 wybral literke: ź nie dostal punktow
[30-12-2021_03:23:59] Gracz: 2 odgadl literke: y dostal punktow: 1
[30-12-2021_03:23:59] Gracz: 1 wybral literke: ą nie dostal punktow
[30-12-2021_03:23:59] Gracz: 1 nie zgadl slowa, wprowadzil 
[30-12-2021_03:23:59] Gracz: 2 wybral literke: p nie dostal punktow
[30-12-2021_03:24:00] Gracz: 1 odgadl literke: b dostal punktow: 1
[30-12-2021_03:24:00] Gracz: 2 wybral literke: ó nie dostal punktow
[30-12-2021_03:24:00] Gracz: 2 wybral literke: ź nie dostal punktow
[30-12-2021_03:24:00] Gracz: 1 nie zgadl slowa, wprowadzil 
[30-12-2021_03:24:01] Gracz: 2 wybral literke: f nie dostal punktow
[30-12-2021_03:24:01] Gracz: 1 nie zgadl slowa, wprowadzil 
[30-12-2021_03:24:01] Gracz: 2 nie zgadl slowa, wprowadzil 
[30-12-2021_03:24:01] Gracz: 1 nie zgadl slowa, wprowadzil 
[30-12-2021_03:24:01] Gracz: 2 nie zgadl slowa, wprowadzil 
[30-12-2021_03:24:02] Gracz: 1 nie zgadl slowa, wprowadzil 
[30-12-2021_03:24:02] Gracz: 2 odgadl literke: ę dostal punktow: 1
[30-12-2021_03:24:02] Gracz: 1 wybral literke: x nie dostal punktow
[30-12-2021_03:24:02] Gracz: 1 nie zgadl slowa, wprowadzil 
[30-12-2021_03:24:02] Gracz: 1 wprowadzil niespodziewana odpowiedz - rozlaczam:
[30-12-2021_03:24:02] Gracz: 2 nie zgadl slowa, wprowadzil 
[30-12-2021_03:24:02] Gracz: 2 wprowadzil niespodziewana odpowiedz - rozlaczam:
[30-12-2021_03:25:38] Gra dla 2 zakonczona wynikiem: 2
[30-12-2021_03:25:38] Gra dla 1 zakonczona wynikiem: 1
