[30-12-2021_01:50:19] Zaczeto gre o id: 23
[30-12-2021_01:50:19] Dodano gracza: 1
[30-12-2021_01:50:19] Dodano gracza: 5
[30-12-2021_01:50:19] Dodano gracza: 2
[30-12-2021_01:50:19] Wybrano slowo: nawilgoćmyż
[30-12-2021_01:50:19] Przetlumaczone slowo: 11113211121
[30-12-2021_01:50:19] Gracz: 5 nie zgadl slowa, wprowadzil 
[30-12-2021_01:50:20] Gracz: 5 nie zgadl slowa, wprowadzil 
[30-12-2021_01:50:20] Gracz: 2 wybral literke: q nie dostal punktow
[30-12-2021_01:50:20] Gracz: 5 nie zgadl slowa, wprowadzil 
[30-12-2021_01:50:20] Gracz: 2 nie zgadl slowa, wprowadzil 
[30-12-2021_01:50:20] Gracz: 5 nie zgadl slowa, wprowadzil 
[30-12-2021_01:50:21] Gracz: 1 nie zgadl slowa, wprowadzil 
[30-12-2021_01:50:21] Gracz: 2 wybral literke: e nie dostal punktow
[30-12-2021_01:50:21] Gracz: 5 wybral literke: ń nie dostal punktow
[30-12-2021_01:50:21] Gracz: 1 nie zgadl slowa, wprowadzil 
[30-12-2021_01:50:21] Gracz: 2 wybral literke: ź nie dostal punktow
[30-12-2021_01:50:21] Gracz: 5 wybral literke: j nie dostal punktow
[30-12-2021_01:50:21] Gracz: 1 wybral literke: ź nie dostal punktow
[30-12-2021_01:50:21] Gracz: 2 wybral literke: c nie dostal punktow
[30-12-2021_01:50:22] Gracz: 5 nie zgadl slowa, wprowadzil 
[30-12-2021_01:50:22] Gracz: 1 wybral literke: b nie dostal punktow
[30-12-2021_01:50:22] Gracz: 2 wybral literke: z nie dostal punktow
[30-12-2021_01:50:22] Gracz: 5 nie zgadl slowa, wprowadzil 
[30-12-2021_01:50:22] Gracz: 1 nie zgadl slowa, wprowadzil 
[30-12-2021_01:50:22] Gracz: 2 wybral literke: d nie dostal punktow
[30-12-2021_01:50:22] Gracz: 5 odgadl literke: i dostal punktow: 1
[30-12-2021_01:50:23] Gracz: 1 wybral literke: e nie dostal punktow
[30-12-2021_01:50:23] Gracz: 2 nie zgadl slowa, wprowadzil 
[30-12-2021_01:50:23] Gracz: 1 wybral literke: p nie dostal punktow
[30-12-2021_01:50:23] Gracz: 2 nie zgadl slowa, wprowadzil 
[30-12-2021_01:50:23] Gracz: 5 nie zgadl slowa, wprowadzil 
[30-12-2021_01:50:23] Gracz: 5 wprowadzil niespodziewana odpowiedz - rozlaczam:
[30-12-2021_01:50:23] Gracz: 1 odgadl literke: l dostal punktow: 1
[30-12-2021_01:50:23] Gracz: 2 odgadl literke: y dostal punktow: 1
[30-12-2021_01:50:24] Gracz: 2 wprowadzil niespodziewana odpowiedz - rozlaczam:
[30-12-2021_01:50:24] Gracz: 1 wybral literke: q nie dostal punktow
[30-12-2021_01:50:24] Gracz: 1 wybral literke: ś nie dostal punktow
[30-12-2021_01:50:24] Gracz: 1 wprowadzil niespodziewana odpowiedz - rozlaczam:
[30-12-2021_01:51:59] Gra dla 5 zakonczona wynikiem: 1
[30-12-2021_01:51:59] Gra dla 2 zakonczona wynikiem: 1
[30-12-2021_01:51:59] Gra dla 1 zakonczona wynikiem: 1
