[30-12-2021_02:08:04] Zaczeto gre o id: 51
[30-12-2021_02:08:04] Dodano gracza: 5
[30-12-2021_02:08:04] Dodano gracza: 1
[30-12-2021_02:08:04] Dodano gracza: 2
[30-12-2021_02:08:04] Wybrano slowo: zaczernieją
[30-12-2021_02:08:04] Przetlumaczone slowo: 11111111121
[30-12-2021_02:08:04] Gracz: 1 wybral literke: u nie dostal punktow
[30-12-2021_02:08:04] Gracz: 5 nie zgadl slowa, wprowadzil 
[30-12-2021_02:08:05] Gracz: 1 nie zgadl slowa, wprowadzil 
[30-12-2021_02:08:05] Gracz: 5 odgadl literke: n dostal punktow: 1
[30-12-2021_02:08:05] Gracz: 1 nie zgadl slowa, wprowadzil 
[30-12-2021_02:08:05] Gracz: 5 nie zgadl slowa, wprowadzil 
[30-12-2021_02:08:06] Gracz: 2 wybral literke: v nie dostal punktow
[30-12-2021_02:08:06] Gracz: 1 nie zgadl slowa, wprowadzil 
[30-12-2021_02:08:06] Gracz: 5 odgadl literke: a dostal punktow: 1
[30-12-2021_02:08:06] Gracz: 2 wybral literke: f nie dostal punktow
[30-12-2021_02:08:06] Gracz: 1 nie zgadl slowa, wprowadzil 
[30-12-2021_02:08:06] Gracz: 2 nie zgadl slowa, wprowadzil 
[30-12-2021_02:08:06] Gracz: 1 nie zgadl slowa, wprowadzil 
[30-12-2021_02:08:06] Gracz: 5 wybral literke: h nie dostal punktow
[30-12-2021_02:08:07] Gracz: 2 nie zgadl slowa, wprowadzil 
[30-12-2021_02:08:07] Gracz: 1 odgadl literke: j dostal punktow: 1
[30-12-2021_02:08:07] Gracz: 5 wybral literke: f nie dostal punktow
[30-12-2021_02:08:07] Gracz: 2 wybral literke: x nie dostal punktow
[30-12-2021_02:08:07] Gracz: 5 nie zgadl slowa, wprowadzil 
[30-12-2021_02:08:07] Gracz: 1 nie zgadl slowa, wprowadzil 
[30-12-2021_02:08:08] Gracz: 2 wybral literke: b nie dostal punktow
[30-12-2021_02:08:08] Gracz: 5 odgadl literke: z dostal punktow: 2
[30-12-2021_02:08:08] Gracz: 1 odgadl literke: r dostal punktow: 1
[30-12-2021_02:08:08] Gracz: 2 nie zgadl slowa, wprowadzil 
[30-12-2021_02:08:08] Gracz: 5 odgadl literke: c dostal punktow: 1
[30-12-2021_02:08:08] Gracz: 2 wybral literke: ę nie dostal punktow
[30-12-2021_02:08:08] Gracz: 1 wybral literke: ź nie dostal punktow
[30-12-2021_02:08:08] Gracz: 1 wprowadzil niespodziewana odpowiedz - rozlaczam:
[30-12-2021_02:08:09] Gracz: 2 nie zgadl slowa, wprowadzil 
[30-12-2021_02:08:09] Gracz: 5 wybral literke: x nie dostal punktow
[30-12-2021_02:08:09] Gracz: 5 wprowadzil niespodziewana odpowiedz - rozlaczam:
[30-12-2021_02:08:09] Gracz: 2 wybral literke: ł nie dostal punktow
[30-12-2021_02:08:09] Gracz: 2 wprowadzil niespodziewana odpowiedz - rozlaczam:
[30-12-2021_02:09:44] Gra dla 1 zakonczona wynikiem: 2
[30-12-2021_02:09:44] Gra dla 5 zakonczona wynikiem: 5
[30-12-2021_02:09:44] Gra dla 2 zakonczona wynikiem: 0
