[30-12-2021_01:40:39] Zaczeto gre o id: 4
[30-12-2021_01:40:39] Dodano gracza: 5
[30-12-2021_01:40:39] Dodano gracza: 1
[30-12-2021_01:40:39] Dodano gracza: 2
[30-12-2021_01:40:39] Dodano gracza: 3
[30-12-2021_01:40:39] Wybrano slowo: zesmutnieli
[30-12-2021_01:40:39] Przetlumaczone slowo: 11111311131
[30-12-2021_01:40:39] Gracz: 2 odgadl literke: s dostal punktow: 1
[30-12-2021_01:40:39] Gracz: 1 nie zgadl slowa, wprowadzil 
[30-12-2021_01:40:39] Gracz: 1 nie zgadl slowa, wprowadzil 
[30-12-2021_01:40:40] Gracz: 2 nie zgadl slowa, wprowadzil 
[30-12-2021_01:40:40] Gracz: 1 nie zgadl slowa, wprowadzil 
[30-12-2021_01:40:40] Gracz: 3 wybral literke: ś nie dostal punktow
[30-12-2021_01:40:40] Gracz: 2 wybral literke: g nie dostal punktow
[30-12-2021_01:40:40] Gracz: 1 wybral literke: a nie dostal punktow
[30-12-2021_01:40:40] Gracz: 3 nie zgadl slowa, wprowadzil 
[30-12-2021_01:40:40] Gracz: 2 nie zgadl slowa, wprowadzil 
[30-12-2021_01:40:40] Gracz: 5 odgadl literke: t dostal punktow: 1
[30-12-2021_01:40:41] Gracz: 1 wybral literke: o nie dostal punktow
[30-12-2021_01:40:41] Gracz: 3 wybral literke: o nie dostal punktow
[30-12-2021_01:40:41] Gracz: 2 nie zgadl slowa, wprowadzil 
[30-12-2021_01:40:41] Gracz: 1 wybral literke: g nie dostal punktow
[30-12-2021_01:40:41] Gracz: 5 wybral literke: ł nie dostal punktow
[30-12-2021_01:40:41] Gracz: 3 wybral literke: f nie dostal punktow
[30-12-2021_01:40:41] Gracz: 2 nie zgadl slowa, wprowadzil 
[30-12-2021_01:40:41] Gracz: 1 wybral literke: v nie dostal punktow
[30-12-2021_01:40:41] Gracz: 5 wybral literke: ś nie dostal punktow
[30-12-2021_01:40:42] Gracz: 3 odgadl literke: i dostal punktow: 2
[30-12-2021_01:40:42] Gracz: 2 nie zgadl slowa, wprowadzil 
[30-12-2021_01:40:42] Gracz: 1 wybral literke: w nie dostal punktow
[30-12-2021_01:40:42] Gracz: 5 wybral literke: ż nie dostal punktow
[30-12-2021_01:40:42] Gracz: 2 wybral literke: r nie dostal punktow
[30-12-2021_01:40:42] Gracz: 3 odgadl literke: t dostal punktow: 1
[30-12-2021_01:40:42] Gracz: 1 nie zgadl slowa, wprowadzil 
[30-12-2021_01:40:42] Gracz: 5 nie zgadl slowa, wprowadzil 
[30-12-2021_01:40:42] Gracz: 2 nie zgadl slowa, wprowadzil 
[30-12-2021_01:40:43] Gracz: 1 nie zgadl slowa, wprowadzil 
[30-12-2021_01:40:43] Gracz: 1 wprowadzil niespodziewana odpowiedz - rozlaczam:
[30-12-2021_01:40:43] Gracz: 5 nie zgadl slowa, wprowadzil 
[30-12-2021_01:40:43] Gracz: 3 nie zgadl slowa, wprowadzil 
[30-12-2021_01:40:43] Gracz: 2 odgadl literke: u dostal punktow: 1
[30-12-2021_01:40:43] Gracz: 2 wprowadzil niespodziewana odpowiedz - rozlaczam:
[30-12-2021_01:40:43] Gracz: 5 wybral literke: p nie dostal punktow
[30-12-2021_01:40:43] Gracz: 3 wybral literke: d nie dostal punktow
[30-12-2021_01:40:43] Gracz: 5 wybral literke: r nie dostal punktow
[30-12-2021_01:40:44] Gracz: 3 nie zgadl slowa, wprowadzil 
[30-12-2021_01:40:44] Gracz: 5 wybral literke: b nie dostal punktow
[30-12-2021_01:40:44] Gracz: 3 odgadl literke: z dostal punktow: 1
[30-12-2021_01:40:44] Gracz: 3 wprowadzil niespodziewana odpowiedz - rozlaczam:
[30-12-2021_01:40:44] Gracz: 5 nie zgadl slowa, wprowadzil 
[30-12-2021_01:40:44] Gracz: 5 wprowadzil niespodziewana odpowiedz - rozlaczam:
[30-12-2021_01:42:19] Gra dla 1 zakonczona wynikiem: 0
[30-12-2021_01:42:19] Gra dla 2 zakonczona wynikiem: 2
[30-12-2021_01:42:19] Gra dla 3 zakonczona wynikiem: 4
[30-12-2021_01:42:19] Gra dla 5 zakonczona wynikiem: 1
