[30-12-2021_02:10:06] Zaczeto gre o id: 55
[30-12-2021_02:10:06] Dodano gracza: 5
[30-12-2021_02:10:06] Dodano gracza: 1
[30-12-2021_02:10:06] Dodano gracza: 2
[30-12-2021_02:10:06] Wybrano slowo: tussipectem
[30-12-2021_02:10:06] Przetlumaczone slowo: 31111211311
[30-12-2021_02:10:07] Gracz: 5 wybral literke: ć nie dostal punktow
[30-12-2021_02:10:07] Gracz: 1 nie zgadl slowa, wprowadzil 
[30-12-2021_02:10:07] Gracz: 2 wybral literke: k nie dostal punktow
[30-12-2021_02:10:07] Gracz: 5 nie zgadl slowa, wprowadzil 
[30-12-2021_02:10:07] Gracz: 1 wybral literke: ę nie dostal punktow
[30-12-2021_02:10:07] Gracz: 2 nie zgadl slowa, wprowadzil 
[30-12-2021_02:10:07] Gracz: 5 nie zgadl slowa, wprowadzil 
[30-12-2021_02:10:07] Gracz: 1 wybral literke: a nie dostal punktow
[30-12-2021_02:10:07] Gracz: 2 nie zgadl slowa, wprowadzil 
[30-12-2021_02:10:08] Gracz: 5 nie zgadl slowa, wprowadzil 
[30-12-2021_02:10:08] Gracz: 1 nie zgadl slowa, wprowadzil 
[30-12-2021_02:10:08] Gracz: 2 wybral literke: h nie dostal punktow
[30-12-2021_02:10:08] Gracz: 5 nie zgadl slowa, wprowadzil 
[30-12-2021_02:10:08] Gracz: 1 wybral literke: o nie dostal punktow
[30-12-2021_02:10:08] Gracz: 2 nie zgadl slowa, wprowadzil 
[30-12-2021_02:10:09] Gracz: 5 wybral literke: k nie dostal punktow
[30-12-2021_02:10:09] Gracz: 1 wybral literke: g nie dostal punktow
[30-12-2021_02:10:09] Gracz: 2 nie zgadl slowa, wprowadzil 
[30-12-2021_02:10:09] Gracz: 5 wybral literke: v nie dostal punktow
[30-12-2021_02:10:09] Gracz: 1 nie zgadl slowa, wprowadzil 
[30-12-2021_02:10:09] Gracz: 2 nie zgadl slowa, wprowadzil 
[30-12-2021_02:10:09] Gracz: 5 wybral literke: ń nie dostal punktow
[30-12-2021_02:10:09] Gracz: 1 wybral literke: v nie dostal punktow
[30-12-2021_02:10:09] Gracz: 2 nie zgadl slowa, wprowadzil 
[30-12-2021_02:10:10] Gracz: 5 wybral literke: j nie dostal punktow
[30-12-2021_02:10:10] Gracz: 1 nie zgadl slowa, wprowadzil 
[30-12-2021_02:10:10] Gracz: 2 wybral literke: n nie dostal punktow
[30-12-2021_02:10:10] Gracz: 5 nie zgadl slowa, wprowadzil 
[30-12-2021_02:10:10] Gracz: 5 wprowadzil niespodziewana odpowiedz - rozlaczam:
[30-12-2021_02:10:10] Gracz: 1 nie zgadl slowa, wprowadzil 
[30-12-2021_02:10:10] Gracz: 1 wprowadzil niespodziewana odpowiedz - rozlaczam:
[30-12-2021_02:10:10] Gracz: 2 wybral literke: o nie dostal punktow
[30-12-2021_02:10:10] Gracz: 2 wprowadzil niespodziewana odpowiedz - rozlaczam:
[30-12-2021_02:11:46] Gra dla 5 zakonczona wynikiem: 0
[30-12-2021_02:11:46] Gra dla 1 zakonczona wynikiem: 0
[30-12-2021_02:11:46] Gra dla 2 zakonczona wynikiem: 0
