[30-12-2021_01:21:41] Zaczeto gre o id: 3
[30-12-2021_01:21:41] Dodano gracza: 4
[30-12-2021_01:21:41] Dodano gracza: 2
[30-12-2021_01:21:41] Dodano gracza: 3
[30-12-2021_01:21:41] Dodano gracza: 1
[30-12-2021_01:21:41] Wybrano slowo: znazalizujesz
[30-12-2021_01:21:41] Przetlumaczone slowo: 1111131112111
[30-12-2021_01:21:42] Gracz: 4 nie zgadl slowa, wprowadzil 
[30-12-2021_01:21:42] Gracz: 2 wybral literke: q nie dostal punktow
[30-12-2021_01:21:42] Gracz: 3 nie zgadl slowa, wprowadzil 
[30-12-2021_01:21:42] Gracz: 4 nie zgadl slowa, wprowadzil 
[30-12-2021_01:21:42] Gracz: 2 nie zgadl slowa, wprowadzil 
[30-12-2021_01:21:42] Gracz: 3 nie zgadl slowa, wprowadzil 
[30-12-2021_01:21:43] Gracz: 4 wybral literke: b nie dostal punktow
[30-12-2021_01:21:43] Gracz: 1 wybral literke: ć nie dostal punktow
[30-12-2021_01:21:43] Gracz: 2 wybral literke: ł nie dostal punktow
[30-12-2021_01:21:43] Gracz: 3 wybral literke: o nie dostal punktow
[30-12-2021_01:21:43] Gracz: 4 wybral literke: w nie dostal punktow
[30-12-2021_01:21:43] Gracz: 1 nie zgadl slowa, wprowadzil 
[30-12-2021_01:21:43] Gracz: 2 nie zgadl slowa, wprowadzil 
[30-12-2021_01:21:43] Gracz: 3 nie zgadl slowa, wprowadzil 
[30-12-2021_01:21:43] Gracz: 4 wybral literke: d nie dostal punktow
[30-12-2021_01:21:44] Gracz: 1 nie zgadl slowa, wprowadzil 
[30-12-2021_01:21:44] Gracz: 2 wybral literke: ć nie dostal punktow
[30-12-2021_01:21:44] Gracz: 3 odgadl literke: a dostal punktow: 2
[30-12-2021_01:21:44] Gracz: 4 nie zgadl slowa, wprowadzil 
[30-12-2021_01:21:44] Gracz: 1 odgadl literke: i dostal punktow: 1
[30-12-2021_01:21:44] Gracz: 2 nie zgadl slowa, wprowadzil 
[30-12-2021_01:21:44] Gracz: 3 wybral literke: c nie dostal punktow
[30-12-2021_01:21:44] Gracz: 4 odgadl literke: l dostal punktow: 1
[30-12-2021_01:21:44] Gracz: 2 nie zgadl slowa, wprowadzil 
[30-12-2021_01:21:45] Gracz: 1 nie zgadl slowa, wprowadzil 
[30-12-2021_01:21:45] Gracz: 3 wybral literke: p nie dostal punktow
[30-12-2021_01:21:45] Gracz: 2 wybral literke: m nie dostal punktow
[30-12-2021_01:21:45] Gracz: 4 nie zgadl slowa, wprowadzil 
[30-12-2021_01:21:45] Gracz: 1 nie zgadl slowa, wprowadzil 
[30-12-2021_01:21:45] Gracz: 3 nie zgadl slowa, wprowadzil 
[30-12-2021_01:21:45] Gracz: 2 nie zgadl slowa, wprowadzil 
[30-12-2021_01:21:45] Gracz: 4 wybral literke: y nie dostal punktow
[30-12-2021_01:21:45] Gracz: 1 nie zgadl slowa, wprowadzil 
[30-12-2021_01:21:45] Gracz: 3 nie zgadl slowa, wprowadzil 
[30-12-2021_01:21:46] Gracz: 2 wybral literke: k nie dostal punktow
[30-12-2021_01:21:46] Gracz: 2 wprowadzil niespodziewana odpowiedz - rozlaczam:
[30-12-2021_01:21:46] Gracz: 4 nie zgadl slowa, wprowadzil 
[30-12-2021_01:21:46] Gracz: 4 wprowadzil niespodziewana odpowiedz - rozlaczam:
[30-12-2021_01:21:46] Gracz: 1 nie zgadl slowa, wprowadzil 
[30-12-2021_01:21:46] Gracz: 3 wybral literke: q nie dostal punktow
[30-12-2021_01:21:46] Gracz: 3 wprowadzil niespodziewana odpowiedz - rozlaczam:
[30-12-2021_01:21:46] Gracz: 1 wybral literke: o nie dostal punktow
[30-12-2021_01:21:47] Gracz: 1 odgadl literke: n dostal punktow: 1
[30-12-2021_01:21:47] Gracz: 1 wprowadzil niespodziewana odpowiedz - rozlaczam:
[30-12-2021_01:23:21] Gra dla 4 zakonczona wynikiem: 1
[30-12-2021_01:23:21] Gra dla 2 zakonczona wynikiem: 0
[30-12-2021_01:23:21] Gra dla 3 zakonczona wynikiem: 2
[30-12-2021_01:23:21] Gra dla 1 zakonczona wynikiem: 2
