[30-12-2021_02:06:32] Zaczeto gre o id: 48
[30-12-2021_02:06:32] Dodano gracza: 5
[30-12-2021_02:06:32] Dodano gracza: 1
[30-12-2021_02:06:32] Dodano gracza: 2
[30-12-2021_02:06:32] Wybrano slowo: traciłbym
[30-12-2021_02:06:32] Przetlumaczone slowo: 311113321
[30-12-2021_02:06:33] Gracz: 5 odgadl literke: y dostal punktow: 1
[30-12-2021_02:06:33] Gracz: 5 odgadl literke: m dostal punktow: 1
[30-12-2021_02:06:33] Gracz: 1 wybral literke: o nie dostal punktow
[30-12-2021_02:06:34] Gracz: 1 nie zgadl slowa, wprowadzil 
[30-12-2021_02:06:34] Gracz: 5 nie zgadl slowa, wprowadzil 
[30-12-2021_02:06:34] Gracz: 1 nie zgadl slowa, wprowadzil 
[30-12-2021_02:06:34] Gracz: 2 nie zgadl slowa, wprowadzil 
[30-12-2021_02:06:34] Gracz: 5 wybral literke: ź nie dostal punktow
[30-12-2021_02:06:35] Gracz: 1 nie zgadl slowa, wprowadzil 
[30-12-2021_02:06:35] Gracz: 2 wybral literke: ą nie dostal punktow
[30-12-2021_02:06:35] Gracz: 5 wybral literke: ć nie dostal punktow
[30-12-2021_02:06:35] Gracz: 1 wybral literke: g nie dostal punktow
[30-12-2021_02:06:35] Gracz: 2 wybral literke: p nie dostal punktow
[30-12-2021_02:06:35] Gracz: 5 nie zgadl slowa, wprowadzil 
[30-12-2021_02:06:35] Gracz: 1 nie zgadl slowa, wprowadzil 
[30-12-2021_02:06:35] Gracz: 2 wybral literke: ć nie dostal punktow
[30-12-2021_02:06:36] Gracz: 5 wybral literke: k nie dostal punktow
[30-12-2021_02:06:36] Gracz: 1 nie zgadl slowa, wprowadzil 
[30-12-2021_02:06:36] Gracz: 2 nie zgadl slowa, wprowadzil 
[30-12-2021_02:06:36] Gracz: 5 nie zgadl slowa, wprowadzil 
[30-12-2021_02:06:36] Gracz: 1 nie zgadl slowa, wprowadzil 
[30-12-2021_02:06:36] Gracz: 2 wybral literke: l nie dostal punktow
[30-12-2021_02:06:36] Gracz: 5 nie zgadl slowa, wprowadzil 
[30-12-2021_02:06:37] Gracz: 1 nie zgadl slowa, wprowadzil 
[30-12-2021_02:06:37] Gracz: 2 odgadl literke: a dostal punktow: 1
[30-12-2021_02:06:37] Gracz: 5 wybral literke: v nie dostal punktow
[30-12-2021_02:06:37] Gracz: 5 wprowadzil niespodziewana odpowiedz - rozlaczam:
[30-12-2021_02:06:37] Gracz: 1 wybral literke: v nie dostal punktow
[30-12-2021_02:06:37] Gracz: 1 wprowadzil niespodziewana odpowiedz - rozlaczam:
[30-12-2021_02:06:37] Gracz: 2 nie zgadl slowa, wprowadzil 
[30-12-2021_02:06:38] Gracz: 2 nie zgadl slowa, wprowadzil 
[30-12-2021_02:06:38] Gracz: 2 nie zgadl slowa, wprowadzil 
[30-12-2021_02:06:38] Gracz: 2 wprowadzil niespodziewana odpowiedz - rozlaczam:
[30-12-2021_02:08:12] Gra dla 5 zakonczona wynikiem: 2
[30-12-2021_02:08:12] Gra dla 1 zakonczona wynikiem: 0
[30-12-2021_02:08:12] Gra dla 2 zakonczona wynikiem: 1
