[30-12-2021_00:12:27] Zaczeto gre o id: 3
[30-12-2021_00:12:27] Dodano gracza: 3
[30-12-2021_00:12:27] Dodano gracza: 2
[30-12-2021_00:12:27] Dodano gracza: 1
[30-12-2021_00:12:27] Wybrano slowo: kulbaczy
[30-12-2021_00:12:27] Przetlumaczone slowo: 31331112
[30-12-2021_00:12:27] Gracz: 3 wybral literke: r nie dostal punktow
[30-12-2021_00:12:27] Gracz: 3 nie zgadl slowa, wprowadzil 
[30-12-2021_00:12:28] Gracz: 2 wybral literke: ż nie dostal punktow
[30-12-2021_00:12:28] Gracz: 3 nie zgadl slowa, wprowadzil 
[30-12-2021_00:12:28] Gracz: 2 odgadl literke: u dostal punktow: 1
[30-12-2021_00:12:28] Gracz: 1 wybral literke: s nie dostal punktow
[30-12-2021_00:12:28] Gracz: 3 odgadl literke: c dostal punktow: 1
[30-12-2021_00:12:29] Gracz: 1 nie zgadl slowa, wprowadzil 
[30-12-2021_00:12:29] Gracz: 2 nie zgadl slowa, wprowadzil 
[30-12-2021_00:12:29] Gracz: 3 wybral literke: f nie dostal punktow
[30-12-2021_00:12:29] Gracz: 1 nie zgadl slowa, wprowadzil 
[30-12-2021_00:12:29] Gracz: 2 nie zgadl slowa, wprowadzil 
[30-12-2021_00:12:29] Gracz: 3 wybral literke: n nie dostal punktow
[30-12-2021_00:12:29] Gracz: 1 nie zgadl slowa, wprowadzil 
[30-12-2021_00:12:30] Gracz: 2 wybral literke: h nie dostal punktow
[30-12-2021_00:12:30] Gracz: 3 wybral literke: ź nie dostal punktow
[30-12-2021_00:12:30] Gracz: 1 wybral literke: e nie dostal punktow
[30-12-2021_00:12:30] Gracz: 2 wybral literke: ś nie dostal punktow
[30-12-2021_00:12:30] Gracz: 3 nie zgadl slowa, wprowadzil 
[30-12-2021_00:12:30] Gracz: 1 nie zgadl slowa, wprowadzil 
[30-12-2021_00:12:30] Gracz: 2 nie zgadl slowa, wprowadzil 
[30-12-2021_00:12:30] Gracz: 3 nie zgadl slowa, wprowadzil 
[30-12-2021_00:12:31] Gracz: 1 wybral literke: v nie dostal punktow
[30-12-2021_00:12:31] Gracz: 2 wybral literke: s nie dostal punktow
[30-12-2021_00:12:31] Gracz: 3 nie zgadl slowa, wprowadzil 
[30-12-2021_00:12:31] Gracz: 3 wprowadzil niespodziewana odpowiedz - rozlaczam:
[30-12-2021_00:12:31] Gracz: 1 wybral literke: d nie dostal punktow
[30-12-2021_00:12:31] Gracz: 2 nie zgadl slowa, wprowadzil 
[30-12-2021_00:12:31] Gracz: 1 odgadl literke: l dostal punktow: 1
[30-12-2021_00:12:32] Gracz: 2 nie zgadl slowa, wprowadzil 
[30-12-2021_00:12:32] Gracz: 2 wprowadzil niespodziewana odpowiedz - rozlaczam:
[30-12-2021_00:12:32] Gracz: 1 nie zgadl slowa, wprowadzil 
[30-12-2021_00:12:32] Gracz: 1 wprowadzil niespodziewana odpowiedz - rozlaczam:
[30-12-2021_00:14:07] Gra dla 3 zakonczona wynikiem: 1
[30-12-2021_00:14:07] Gra dla 2 zakonczona wynikiem: 1
[30-12-2021_00:14:07] Gra dla 1 zakonczona wynikiem: 1
