[30-12-2021_01:44:43] Zaczeto gre o id: 12
[30-12-2021_01:44:43] Dodano gracza: 5
[30-12-2021_01:44:43] Dodano gracza: 2
[30-12-2021_01:44:43] Dodano gracza: 3
[30-12-2021_01:44:43] Dodano gracza: 1
[30-12-2021_01:44:43] Wybrano slowo: niezwyrodniała
[30-12-2021_01:44:43] Przetlumaczone slowo: 11111211311131
[30-12-2021_01:44:43] Gracz: 5 nie zgadl slowa, wprowadzil 
[30-12-2021_01:44:43] Gracz: 2 wybral literke: ó nie dostal punktow
[30-12-2021_01:44:43] Gracz: 3 odgadl literke: w dostal punktow: 1
[30-12-2021_01:44:44] Gracz: 5 odgadl literke: w dostal punktow: 1
[30-12-2021_01:44:44] Gracz: 2 wybral literke: s nie dostal punktow
[30-12-2021_01:44:44] Gracz: 3 nie zgadl slowa, wprowadzil 
[30-12-2021_01:44:44] Gracz: 2 nie zgadl slowa, wprowadzil 
[30-12-2021_01:44:44] Gracz: 5 nie zgadl slowa, wprowadzil 
[30-12-2021_01:44:44] Gracz: 3 nie zgadl slowa, wprowadzil 
[30-12-2021_01:44:45] Gracz: 2 nie zgadl slowa, wprowadzil 
[30-12-2021_01:44:45] Gracz: 5 nie zgadl slowa, wprowadzil 
[30-12-2021_01:44:45] Gracz: 3 wybral literke: g nie dostal punktow
[30-12-2021_01:44:45] Gracz: 1 nie zgadl slowa, wprowadzil 
[30-12-2021_01:44:45] Gracz: 2 wybral literke: g nie dostal punktow
[30-12-2021_01:44:45] Gracz: 5 nie zgadl slowa, wprowadzil 
[30-12-2021_01:44:45] Gracz: 3 wybral literke: q nie dostal punktow
[30-12-2021_01:44:45] Gracz: 1 nie zgadl slowa, wprowadzil 
[30-12-2021_01:44:45] Gracz: 2 odgadl literke: r dostal punktow: 1
[30-12-2021_01:44:45] Gracz: 5 wybral literke: l nie dostal punktow
[30-12-2021_01:44:46] Gracz: 3 wybral literke: ź nie dostal punktow
[30-12-2021_01:44:46] Gracz: 1 wybral literke: g nie dostal punktow
[30-12-2021_01:44:46] Gracz: 5 wybral literke: u nie dostal punktow
[30-12-2021_01:44:46] Gracz: 2 nie zgadl slowa, wprowadzil 
[30-12-2021_01:44:46] Gracz: 3 wybral literke: ó nie dostal punktow
[30-12-2021_01:44:46] Gracz: 1 wybral literke: v nie dostal punktow
[30-12-2021_01:44:46] Gracz: 5 nie zgadl slowa, wprowadzil 
[30-12-2021_01:44:46] Gracz: 2 nie zgadl slowa, wprowadzil 
[30-12-2021_01:44:46] Gracz: 3 nie zgadl slowa, wprowadzil 
[30-12-2021_01:44:46] Gracz: 1 nie zgadl slowa, wprowadzil 
[30-12-2021_01:44:47] Gracz: 5 nie zgadl slowa, wprowadzil 
[30-12-2021_01:44:47] Gracz: 2 nie zgadl slowa, wprowadzil 
[30-12-2021_01:44:47] Gracz: 3 wybral literke: c nie dostal punktow
[30-12-2021_01:44:47] Gracz: 1 odgadl literke: w dostal punktow: 1
[30-12-2021_01:44:47] Gracz: 5 nie zgadl slowa, wprowadzil 
[30-12-2021_01:44:47] Gracz: 5 wprowadzil niespodziewana odpowiedz - rozlaczam:
[30-12-2021_01:44:47] Gracz: 2 wybral literke: u nie dostal punktow
[30-12-2021_01:44:47] Gracz: 2 wprowadzil niespodziewana odpowiedz - rozlaczam:
[30-12-2021_01:44:47] Gracz: 3 wybral literke: p nie dostal punktow
[30-12-2021_01:44:47] Gracz: 3 wprowadzil niespodziewana odpowiedz - rozlaczam:
[30-12-2021_01:44:47] Gracz: 1 nie zgadl slowa, wprowadzil 
[30-12-2021_01:44:48] Gracz: 1 wybral literke: x nie dostal punktow
[30-12-2021_01:44:48] Gracz: 1 nie zgadl slowa, wprowadzil 
[30-12-2021_01:44:49] Gracz: 1 nie zgadl slowa, wprowadzil 
[30-12-2021_01:44:49] Gracz: 1 wprowadzil niespodziewana odpowiedz - rozlaczam:
[30-12-2021_01:46:23] Gra dla 5 zakonczona wynikiem: 1
[30-12-2021_01:46:23] Gra dla 2 zakonczona wynikiem: 1
[30-12-2021_01:46:23] Gra dla 3 zakonczona wynikiem: 1
[30-12-2021_01:46:23] Gra dla 1 zakonczona wynikiem: 1
