[30-12-2021_02:03:29] Zaczeto gre o id: 42
[30-12-2021_02:03:29] Dodano gracza: 5
[30-12-2021_02:03:29] Dodano gracza: 1
[30-12-2021_02:03:29] Dodano gracza: 2
[30-12-2021_02:03:29] Wybrano slowo: zaciągowym
[30-12-2021_02:03:29] Przetlumaczone slowo: 1111121121
[30-12-2021_02:03:30] Gracz: 5 odgadl literke: m dostal punktow: 1
[30-12-2021_02:03:30] Gracz: 1 wybral literke: h nie dostal punktow
[30-12-2021_02:03:30] Gracz: 5 wybral literke: ź nie dostal punktow
[30-12-2021_02:03:31] Gracz: 1 nie zgadl slowa, wprowadzil 
[30-12-2021_02:03:31] Gracz: 5 wybral literke: ć nie dostal punktow
[30-12-2021_02:03:31] Gracz: 2 nie zgadl slowa, wprowadzil 
[30-12-2021_02:03:31] Gracz: 1 wybral literke: ó nie dostal punktow
[30-12-2021_02:03:31] Gracz: 5 wybral literke: k nie dostal punktow
[30-12-2021_02:03:31] Gracz: 2 wybral literke: n nie dostal punktow
[30-12-2021_02:03:31] Gracz: 1 wybral literke: s nie dostal punktow
[30-12-2021_02:03:31] Gracz: 5 wybral literke: v nie dostal punktow
[30-12-2021_02:03:31] Gracz: 2 odgadl literke: o dostal punktow: 1
[30-12-2021_02:03:32] Gracz: 1 nie zgadl slowa, wprowadzil 
[30-12-2021_02:03:32] Gracz: 5 wybral literke: ń nie dostal punktow
[30-12-2021_02:03:32] Gracz: 2 nie zgadl slowa, wprowadzil 
[30-12-2021_02:03:32] Gracz: 1 nie zgadl slowa, wprowadzil 
[30-12-2021_02:03:32] Gracz: 5 wybral literke: j nie dostal punktow
[30-12-2021_02:03:32] Gracz: 2 nie zgadl slowa, wprowadzil 
[30-12-2021_02:03:33] Gracz: 1 nie zgadl slowa, wprowadzil 
[30-12-2021_02:03:33] Gracz: 5 nie zgadl slowa, wprowadzil 
[30-12-2021_02:03:33] Gracz: 2 wybral literke: ś nie dostal punktow
[30-12-2021_02:03:33] Gracz: 1 nie zgadl slowa, wprowadzil 
[30-12-2021_02:03:33] Gracz: 5 odgadl literke: i dostal punktow: 1
[30-12-2021_02:03:33] Gracz: 2 nie zgadl slowa, wprowadzil 
[30-12-2021_02:03:33] Gracz: 1 odgadl literke: c dostal punktow: 1
[30-12-2021_02:03:34] Gracz: 5 wybral literke: q nie dostal punktow
[30-12-2021_02:03:34] Gracz: 5 wprowadzil niespodziewana odpowiedz - rozlaczam:
[30-12-2021_02:03:34] Gracz: 2 nie zgadl slowa, wprowadzil 
[30-12-2021_02:03:34] Gracz: 1 wybral literke: ń nie dostal punktow
[30-12-2021_02:03:34] Gracz: 1 wprowadzil niespodziewana odpowiedz - rozlaczam:
[30-12-2021_02:03:34] Gracz: 2 nie zgadl slowa, wprowadzil 
[30-12-2021_02:03:34] Gracz: 2 odgadl literke: w dostal punktow: 1
[30-12-2021_02:03:35] Gracz: 2 wprowadzil niespodziewana odpowiedz - rozlaczam:
[30-12-2021_02:05:09] Gra dla 5 zakonczona wynikiem: 2
[30-12-2021_02:05:09] Gra dla 1 zakonczona wynikiem: 1
[30-12-2021_02:05:09] Gra dla 2 zakonczona wynikiem: 2
