[30-12-2021_02:00:26] Zaczeto gre o id: 36
[30-12-2021_02:00:26] Dodano gracza: 2
[30-12-2021_02:00:26] Dodano gracza: 1
[30-12-2021_02:00:26] Dodano gracza: 3
[30-12-2021_02:00:26] Dodano gracza: 5
[30-12-2021_02:00:26] Wybrano slowo: jumprom
[30-12-2021_02:00:26] Przetlumaczone slowo: 2112111
[30-12-2021_02:00:26] Gracz: 1 nie zgadl slowa, wprowadzil 
[30-12-2021_02:00:27] Gracz: 1 nie zgadl slowa, wprowadzil 
[30-12-2021_02:00:27] Gracz: 3 nie zgadl slowa, wprowadzil 
[30-12-2021_02:00:27] Gracz: 1 wybral literke: ź nie dostal punktow
[30-12-2021_02:00:27] Gracz: 3 wybral literke: c nie dostal punktow
[30-12-2021_02:00:27] Gracz: 5 wybral literke: ć nie dostal punktow
[30-12-2021_02:00:28] Gracz: 1 nie zgadl slowa, wprowadzil 
[30-12-2021_02:00:28] Gracz: 3 nie zgadl slowa, wprowadzil 
[30-12-2021_02:00:28] Gracz: 5 wybral literke: k nie dostal punktow
[30-12-2021_02:00:28] Gracz: 2 nie zgadl slowa, wprowadzil 
[30-12-2021_02:00:28] Gracz: 1 nie zgadl slowa, wprowadzil 
[30-12-2021_02:00:28] Gracz: 3 odgadl literke: p dostal punktow: 1
[30-12-2021_02:00:28] Gracz: 5 nie zgadl slowa, wprowadzil 
[30-12-2021_02:00:28] Gracz: 2 wybral literke: f nie dostal punktow
[30-12-2021_02:00:28] Gracz: 1 nie zgadl slowa, wprowadzil 
[30-12-2021_02:00:29] Gracz: 3 wybral literke: n nie dostal punktow
[30-12-2021_02:00:29] Gracz: 5 nie zgadl slowa, wprowadzil 
[30-12-2021_02:00:29] Gracz: 2 nie zgadl slowa, wprowadzil 
[30-12-2021_02:00:29] Gracz: 1 wybral literke: b nie dostal punktow
[30-12-2021_02:00:29] Gracz: 3 nie zgadl slowa, wprowadzil 
[30-12-2021_02:00:29] Gracz: 5 nie zgadl slowa, wprowadzil 
[30-12-2021_02:00:29] Gracz: 2 nie zgadl slowa, wprowadzil 
[30-12-2021_02:00:29] Gracz: 1 nie zgadl slowa, wprowadzil 
[30-12-2021_02:00:29] Gracz: 3 nie zgadl slowa, wprowadzil 
[30-12-2021_02:00:29] Gracz: 5 nie zgadl slowa, wprowadzil 
[30-12-2021_02:00:29] Gracz: 2 nie zgadl slowa, wprowadzil 
[30-12-2021_02:00:30] Gracz: 1 nie zgadl slowa, wprowadzil 
[30-12-2021_02:00:30] Gracz: 3 nie zgadl slowa, wprowadzil 
[30-12-2021_02:00:30] Gracz: 5 wybral literke: v nie dostal punktow
[30-12-2021_02:00:30] Gracz: 2 wybral literke: x nie dostal punktow
[30-12-2021_02:00:30] Gracz: 1 nie zgadl slowa, wprowadzil 
[30-12-2021_02:00:30] Gracz: 1 wprowadzil niespodziewana odpowiedz - rozlaczam:
[30-12-2021_02:00:30] Gracz: 3 nie zgadl slowa, wprowadzil 
[30-12-2021_02:00:30] Gracz: 5 wybral literke: ń nie dostal punktow
[30-12-2021_02:00:30] Gracz: 2 wybral literke: b nie dostal punktow
[30-12-2021_02:00:31] Gracz: 3 nie zgadl slowa, wprowadzil 
[30-12-2021_02:00:31] Gracz: 3 wprowadzil niespodziewana odpowiedz - rozlaczam:
[30-12-2021_02:00:31] Gracz: 5 nie zgadl slowa, wprowadzil 
[30-12-2021_02:00:31] Gracz: 2 wybral literke: ę nie dostal punktow
[30-12-2021_02:00:31] Gracz: 5 nie zgadl slowa, wprowadzil 
[30-12-2021_02:00:31] Gracz: 5 wprowadzil niespodziewana odpowiedz - rozlaczam:
[30-12-2021_02:00:31] Gracz: 2 nie zgadl slowa, wprowadzil 
[30-12-2021_02:00:31] Gracz: 2 nie zgadl slowa, wprowadzil 
[30-12-2021_02:00:31] Gracz: 2 wprowadzil niespodziewana odpowiedz - rozlaczam:
[30-12-2021_02:02:06] Gra dla 1 zakonczona wynikiem: 0
[30-12-2021_02:02:06] Gra dla 3 zakonczona wynikiem: 1
[30-12-2021_02:02:06] Gra dla 5 zakonczona wynikiem: 0
[30-12-2021_02:02:06] Gra dla 2 zakonczona wynikiem: 0
