[30-12-2021_02:17:14] Zaczeto gre o id: 69
[30-12-2021_02:17:14] Dodano gracza: 2
[30-12-2021_02:17:14] Dodano gracza: 1
[30-12-2021_02:17:14] Wybrano slowo: przeciwpożaru
[30-12-2021_02:17:14] Przetlumaczone slowo: 2111111211111
[30-12-2021_02:17:14] Gracz: 2 nie zgadl slowa, wprowadzil 
[30-12-2021_02:17:15] Gracz: 1 nie zgadl slowa, wprowadzil 
[30-12-2021_02:17:15] Gracz: 2 wybral literke: k nie dostal punktow
[30-12-2021_02:17:15] Gracz: 1 nie zgadl slowa, wprowadzil 
[30-12-2021_02:17:15] Gracz: 2 wybral literke: h nie dostal punktow
[30-12-2021_02:17:15] Gracz: 1 nie zgadl slowa, wprowadzil 
[30-12-2021_02:17:15] Gracz: 2 wybral literke: n nie dostal punktow
[30-12-2021_02:17:16] Gracz: 1 odgadl literke: o dostal punktow: 1
[30-12-2021_02:17:16] Gracz: 2 nie zgadl slowa, wprowadzil 
[30-12-2021_02:17:16] Gracz: 2 nie zgadl slowa, wprowadzil 
[30-12-2021_02:17:16] Gracz: 1 wybral literke: g nie dostal punktow
[30-12-2021_02:17:17] Gracz: 2 odgadl literke: o dostal punktow: 1
[30-12-2021_02:17:17] Gracz: 1 wybral literke: v nie dostal punktow
[30-12-2021_02:17:17] Gracz: 1 odgadl literke: w dostal punktow: 1
[30-12-2021_02:17:17] Gracz: 2 wybral literke: ś nie dostal punktow
[30-12-2021_02:17:18] Gracz: 2 odgadl literke: w dostal punktow: 1
[30-12-2021_02:17:18] Gracz: 1 nie zgadl slowa, wprowadzil 
[30-12-2021_02:17:18] Gracz: 1 nie zgadl slowa, wprowadzil 
[30-12-2021_02:17:18] Gracz: 2 nie zgadl slowa, wprowadzil 
[30-12-2021_02:17:18] Gracz: 2 wprowadzil niespodziewana odpowiedz - rozlaczam:
[30-12-2021_02:17:19] Gracz: 1 wybral literke: x nie dostal punktow
[30-12-2021_02:17:19] Gracz: 1 wprowadzil niespodziewana odpowiedz - rozlaczam:
[30-12-2021_02:18:54] Gra dla 2 zakonczona wynikiem: 2
[30-12-2021_02:18:54] Gra dla 1 zakonczona wynikiem: 2
