[30-12-2021_02:10:37] Zaczeto gre o id: 56
[30-12-2021_02:10:37] Dodano gracza: 5
[30-12-2021_02:10:37] Dodano gracza: 1
[30-12-2021_02:10:37] Dodano gracza: 2
[30-12-2021_02:10:37] Wybrano slowo: responsy
[30-12-2021_02:10:37] Przetlumaczone slowo: 11121112
[30-12-2021_02:10:37] Gracz: 2 nie zgadl slowa, wprowadzil 
[30-12-2021_02:10:37] Gracz: 2 wybral literke: ś nie dostal punktow
[30-12-2021_02:10:38] Gracz: 2 wybral literke: w nie dostal punktow
[30-12-2021_02:10:38] Gracz: 2 wybral literke: i nie dostal punktow
[30-12-2021_02:10:39] Gracz: 5 nie zgadl slowa, wprowadzil 
[30-12-2021_02:10:39] Gracz: 1 wybral literke: w nie dostal punktow
[30-12-2021_02:10:39] Gracz: 2 wybral literke: ó nie dostal punktow
[30-12-2021_02:10:39] Gracz: 5 wybral literke: i nie dostal punktow
[30-12-2021_02:10:39] Gracz: 1 nie zgadl slowa, wprowadzil 
[30-12-2021_02:10:39] Gracz: 2 nie zgadl slowa, wprowadzil 
[30-12-2021_02:10:39] Gracz: 5 nie zgadl slowa, wprowadzil 
[30-12-2021_02:10:39] Gracz: 1 wybral literke: x nie dostal punktow
[30-12-2021_02:10:39] Gracz: 2 nie zgadl slowa, wprowadzil 
[30-12-2021_02:10:40] Gracz: 5 nie zgadl slowa, wprowadzil 
[30-12-2021_02:10:40] Gracz: 1 nie zgadl slowa, wprowadzil 
[30-12-2021_02:10:40] Gracz: 2 nie zgadl slowa, wprowadzil 
[30-12-2021_02:10:40] Gracz: 5 nie zgadl slowa, wprowadzil 
[30-12-2021_02:10:40] Gracz: 1 wybral literke: ć nie dostal punktow
[30-12-2021_02:10:40] Gracz: 2 odgadl literke: s dostal punktow: 2
[30-12-2021_02:10:41] Gracz: 5 nie zgadl slowa, wprowadzil 
[30-12-2021_02:10:41] Gracz: 1 wybral literke: h nie dostal punktow
[30-12-2021_02:10:41] Gracz: 2 nie zgadl slowa, wprowadzil 
[30-12-2021_02:10:41] Gracz: 2 wprowadzil niespodziewana odpowiedz - rozlaczam:
[30-12-2021_02:10:41] Gracz: 5 nie zgadl slowa, wprowadzil 
[30-12-2021_02:10:41] Gracz: 1 nie zgadl slowa, wprowadzil 
[30-12-2021_02:10:41] Gracz: 5 nie zgadl slowa, wprowadzil 
[30-12-2021_02:10:41] Gracz: 1 wybral literke: ó nie dostal punktow
[30-12-2021_02:10:42] Gracz: 5 nie zgadl slowa, wprowadzil 
[30-12-2021_02:10:42] Gracz: 1 odgadl literke: s dostal punktow: 2
[30-12-2021_02:10:42] Gracz: 5 nie zgadl slowa, wprowadzil 
[30-12-2021_02:10:42] Gracz: 5 wprowadzil niespodziewana odpowiedz - rozlaczam:
[30-12-2021_02:10:42] Gracz: 1 nie zgadl slowa, wprowadzil 
[30-12-2021_02:10:42] Gracz: 1 wprowadzil niespodziewana odpowiedz - rozlaczam:
[30-12-2021_02:12:17] Gra dla 2 zakonczona wynikiem: 2
[30-12-2021_02:12:17] Gra dla 5 zakonczona wynikiem: 0
[30-12-2021_02:12:17] Gra dla 1 zakonczona wynikiem: 2
