[30-12-2021_02:04:30] Zaczeto gre o id: 44
[30-12-2021_02:04:30] Dodano gracza: 5
[30-12-2021_02:04:30] Dodano gracza: 1
[30-12-2021_02:04:30] Dodano gracza: 2
[30-12-2021_02:04:30] Wybrano slowo: nieleoncińscy
[30-12-2021_02:04:30] Przetlumaczone slowo: 1113111111112
[30-12-2021_02:04:31] Gracz: 1 wybral literke: r nie dostal punktow
[30-12-2021_02:04:31] Gracz: 5 wybral literke: z nie dostal punktow
[30-12-2021_02:04:31] Gracz: 1 wybral literke: ź nie dostal punktow
[30-12-2021_02:04:31] Gracz: 5 nie zgadl slowa, wprowadzil 
[30-12-2021_02:04:31] Gracz: 1 wybral literke: b nie dostal punktow
[30-12-2021_02:04:31] Gracz: 5 odgadl literke: c dostal punktow: 2
[30-12-2021_02:04:32] Gracz: 2 wybral literke: j nie dostal punktow
[30-12-2021_02:04:32] Gracz: 1 nie zgadl slowa, wprowadzil 
[30-12-2021_02:04:32] Gracz: 5 nie zgadl slowa, wprowadzil 
[30-12-2021_02:04:32] Gracz: 2 nie zgadl slowa, wprowadzil 
[30-12-2021_02:04:32] Gracz: 1 odgadl literke: e dostal punktow: 2
[30-12-2021_02:04:32] Gracz: 5 wybral literke: x nie dostal punktow
[30-12-2021_02:04:33] Gracz: 2 nie zgadl slowa, wprowadzil 
[30-12-2021_02:04:33] Gracz: 1 nie zgadl slowa, wprowadzil 
[30-12-2021_02:04:33] Gracz: 5 nie zgadl slowa, wprowadzil 
[30-12-2021_02:04:33] Gracz: 2 nie zgadl slowa, wprowadzil 
[30-12-2021_02:04:33] Gracz: 1 nie zgadl slowa, wprowadzil 
[30-12-2021_02:04:33] Gracz: 5 wybral literke: ó nie dostal punktow
[30-12-2021_02:04:33] Gracz: 2 nie zgadl slowa, wprowadzil 
[30-12-2021_02:04:34] Gracz: 1 nie zgadl slowa, wprowadzil 
[30-12-2021_02:04:34] Gracz: 5 wybral literke: ą nie dostal punktow
[30-12-2021_02:04:34] Gracz: 2 nie zgadl slowa, wprowadzil 
[30-12-2021_02:04:34] Gracz: 1 nie zgadl slowa, wprowadzil 
[30-12-2021_02:04:34] Gracz: 5 nie zgadl slowa, wprowadzil 
[30-12-2021_02:04:34] Gracz: 2 wybral literke: v nie dostal punktow
[30-12-2021_02:04:34] Gracz: 1 wybral literke: p nie dostal punktow
[30-12-2021_02:04:34] Gracz: 5 nie zgadl slowa, wprowadzil 
[30-12-2021_02:04:34] Gracz: 1 wprowadzil niespodziewana odpowiedz - rozlaczam:
[30-12-2021_02:04:34] Gracz: 5 wprowadzil niespodziewana odpowiedz - rozlaczam:
[30-12-2021_02:04:35] Gracz: 2 wybral literke: f nie dostal punktow
[30-12-2021_02:04:35] Gracz: 2 nie zgadl slowa, wprowadzil 
[30-12-2021_02:04:35] Gracz: 2 wybral literke: x nie dostal punktow
[30-12-2021_02:04:35] Gracz: 2 wprowadzil niespodziewana odpowiedz - rozlaczam:
[30-12-2021_02:06:10] Gra dla 5 zakonczona wynikiem: 2
[30-12-2021_02:06:10] Gra dla 1 zakonczona wynikiem: 2
[30-12-2021_02:06:10] Gra dla 2 zakonczona wynikiem: 0
