[30-12-2021_02:14:10] Zaczeto gre o id: 63
[30-12-2021_02:14:10] Dodano gracza: 1
[30-12-2021_02:14:10] Dodano gracza: 2
[30-12-2021_02:14:10] Wybrano slowo: miedzianu
[30-12-2021_02:14:10] Przetlumaczone slowo: 111311111
[30-12-2021_02:14:11] Gracz: 1 wybral literke: x nie dostal punktow
[30-12-2021_02:14:11] Gracz: 2 wybral literke: h nie dostal punktow
[30-12-2021_02:14:11] Gracz: 1 nie zgadl slowa, wprowadzil 
[30-12-2021_02:14:11] Gracz: 2 nie zgadl slowa, wprowadzil 
[30-12-2021_02:14:12] Gracz: 1 nie zgadl slowa, wprowadzil 
[30-12-2021_02:14:12] Gracz: 2 odgadl literke: n dostal punktow: 1
[30-12-2021_02:14:12] Gracz: 1 wybral literke: ć nie dostal punktow
[30-12-2021_02:14:12] Gracz: 2 nie zgadl slowa, wprowadzil 
[30-12-2021_02:14:13] Gracz: 1 nie zgadl slowa, wprowadzil 
[30-12-2021_02:14:13] Gracz: 2 wybral literke: o nie dostal punktow
[30-12-2021_02:14:13] Gracz: 1 wybral literke: h nie dostal punktow
[30-12-2021_02:14:13] Gracz: 2 nie zgadl slowa, wprowadzil 
[30-12-2021_02:14:13] Gracz: 1 wybral literke: ó nie dostal punktow
[30-12-2021_02:14:14] Gracz: 2 wybral literke: ś nie dostal punktow
[30-12-2021_02:14:14] Gracz: 1 wybral literke: s nie dostal punktow
[30-12-2021_02:14:14] Gracz: 2 wybral literke: w nie dostal punktow
[30-12-2021_02:14:14] Gracz: 1 nie zgadl slowa, wprowadzil 
[30-12-2021_02:14:14] Gracz: 2 odgadl literke: i dostal punktow: 2
[30-12-2021_02:14:15] Gracz: 1 nie zgadl slowa, wprowadzil 
[30-12-2021_02:14:15] Gracz: 1 wprowadzil niespodziewana odpowiedz - rozlaczam:
[30-12-2021_02:14:15] Gracz: 2 nie zgadl slowa, wprowadzil 
[30-12-2021_02:14:15] Gracz: 2 wprowadzil niespodziewana odpowiedz - rozlaczam:
[30-12-2021_02:15:51] Gra dla 1 zakonczona wynikiem: 0
[30-12-2021_02:15:51] Gra dla 2 zakonczona wynikiem: 3
