[30-12-2021_02:15:12] Zaczeto gre o id: 65
[30-12-2021_02:15:12] Dodano gracza: 2
[30-12-2021_02:15:12] Dodano gracza: 1
[30-12-2021_02:15:12] Wybrano slowo: ulatnianiem
[30-12-2021_02:15:12] Przetlumaczone slowo: 13131111111
[30-12-2021_02:15:12] Gracz: 2 wybral literke: v nie dostal punktow
[30-12-2021_02:15:12] Gracz: 2 wybral literke: f nie dostal punktow
[30-12-2021_02:15:13] Gracz: 2 wybral literke: x nie dostal punktow
[30-12-2021_02:15:13] Gracz: 1 wybral literke: ą nie dostal punktow
[30-12-2021_02:15:13] Gracz: 2 wybral literke: b nie dostal punktow
[30-12-2021_02:15:13] Gracz: 1 odgadl literke: u dostal punktow: 1
[30-12-2021_02:15:14] Gracz: 2 wybral literke: ę nie dostal punktow
[30-12-2021_02:15:14] Gracz: 1 nie zgadl slowa, wprowadzil 
[30-12-2021_02:15:14] Gracz: 2 nie zgadl slowa, wprowadzil 
[30-12-2021_02:15:14] Gracz: 1 wybral literke: j nie dostal punktow
[30-12-2021_02:15:14] Gracz: 2 wybral literke: ł nie dostal punktow
[30-12-2021_02:15:15] Gracz: 1 wybral literke: r nie dostal punktow
[30-12-2021_02:15:15] Gracz: 2 nie zgadl slowa, wprowadzil 
[30-12-2021_02:15:15] Gracz: 1 nie zgadl slowa, wprowadzil 
[30-12-2021_02:15:15] Gracz: 2 wybral literke: ń nie dostal punktow
[30-12-2021_02:15:16] Gracz: 1 wybral literke: ź nie dostal punktow
[30-12-2021_02:15:16] Gracz: 2 odgadl literke: t dostal punktow: 1
[30-12-2021_02:15:16] Gracz: 2 wprowadzil niespodziewana odpowiedz - rozlaczam:
[30-12-2021_02:15:16] Gracz: 1 nie zgadl slowa, wprowadzil 
[30-12-2021_02:15:16] Gracz: 1 nie zgadl slowa, wprowadzil 
[30-12-2021_02:15:17] Gracz: 1 wybral literke: b nie dostal punktow
[30-12-2021_02:15:17] Gracz: 1 wprowadzil niespodziewana odpowiedz - rozlaczam:
[30-12-2021_02:16:52] Gra dla 2 zakonczona wynikiem: 1
[30-12-2021_02:16:52] Gra dla 1 zakonczona wynikiem: 1
