[30-12-2021_01:39:38] Zaczeto gre o id: 2
[30-12-2021_01:39:38] Dodano gracza: 1
[30-12-2021_01:39:38] Dodano gracza: 3
[30-12-2021_01:39:38] Dodano gracza: 5
[30-12-2021_01:39:38] Dodano gracza: 2
[30-12-2021_01:39:38] Wybrano slowo: podpieprzałoby
[30-12-2021_01:39:38] Przetlumaczone slowo: 21321121113132
[30-12-2021_01:39:38] Gracz: 5 wybral literke: n nie dostal punktow
[30-12-2021_01:39:38] Gracz: 3 nie zgadl slowa, wprowadzil 
[30-12-2021_01:39:38] Gracz: 2 nie zgadl slowa, wprowadzil 
[30-12-2021_01:39:38] Gracz: 5 nie zgadl slowa, wprowadzil 
[30-12-2021_01:39:38] Gracz: 3 nie zgadl slowa, wprowadzil 
[30-12-2021_01:39:39] Gracz: 2 wybral literke: h nie dostal punktow
[30-12-2021_01:39:39] Gracz: 5 nie zgadl slowa, wprowadzil 
[30-12-2021_01:39:39] Gracz: 3 nie zgadl slowa, wprowadzil 
[30-12-2021_01:39:39] Gracz: 2 nie zgadl slowa, wprowadzil 
[30-12-2021_01:39:39] Gracz: 3 wybral literke: ę nie dostal punktow
[30-12-2021_01:39:39] Gracz: 5 nie zgadl slowa, wprowadzil 
[30-12-2021_01:39:39] Gracz: 2 wybral literke: n nie dostal punktow
[30-12-2021_01:39:39] Gracz: 1 nie zgadl slowa, wprowadzil 
[30-12-2021_01:39:40] Gracz: 3 nie zgadl slowa, wprowadzil 
[30-12-2021_01:39:40] Gracz: 5 odgadl literke: a dostal punktow: 1
[30-12-2021_01:39:40] Gracz: 2 nie zgadl slowa, wprowadzil 
[30-12-2021_01:39:40] Gracz: 1 wybral literke: k nie dostal punktow
[30-12-2021_01:39:40] Gracz: 3 wybral literke: u nie dostal punktow
[30-12-2021_01:39:40] Gracz: 5 nie zgadl slowa, wprowadzil 
[30-12-2021_01:39:40] Gracz: 2 nie zgadl slowa, wprowadzil 
[30-12-2021_01:39:40] Gracz: 1 wybral literke: m nie dostal punktow
[30-12-2021_01:39:40] Gracz: 3 nie zgadl slowa, wprowadzil 
[30-12-2021_01:39:41] Gracz: 5 wybral literke: h nie dostal punktow
[30-12-2021_01:39:41] Gracz: 2 nie zgadl slowa, wprowadzil 
[30-12-2021_01:39:41] Gracz: 1 odgadl literke: d dostal punktow: 1
[30-12-2021_01:39:41] Gracz: 3 nie zgadl slowa, wprowadzil 
[30-12-2021_01:39:41] Gracz: 5 nie zgadl slowa, wprowadzil 
[30-12-2021_01:39:41] Gracz: 2 nie zgadl slowa, wprowadzil 
[30-12-2021_01:39:41] Gracz: 3 wybral literke: x nie dostal punktow
[30-12-2021_01:39:41] Gracz: 1 wybral literke: ż nie dostal punktow
[30-12-2021_01:39:41] Gracz: 5 nie zgadl slowa, wprowadzil 
[30-12-2021_01:39:41] Gracz: 2 odgadl literke: o dostal punktow: 2
[30-12-2021_01:39:42] Gracz: 3 nie zgadl slowa, wprowadzil 
[30-12-2021_01:39:42] Gracz: 3 wprowadzil niespodziewana odpowiedz - rozlaczam:
[30-12-2021_01:39:42] Gracz: 1 wybral literke: n nie dostal punktow
[30-12-2021_01:39:42] Gracz: 5 wybral literke: f nie dostal punktow
[30-12-2021_01:39:42] Gracz: 5 wprowadzil niespodziewana odpowiedz - rozlaczam:
[30-12-2021_01:39:42] Gracz: 2 nie zgadl slowa, wprowadzil 
[30-12-2021_01:39:42] Gracz: 2 wprowadzil niespodziewana odpowiedz - rozlaczam:
[30-12-2021_01:39:42] Gracz: 1 odgadl literke: ł dostal punktow: 1
[30-12-2021_01:39:43] Gracz: 1 odgadl literke: y dostal punktow: 1
[30-12-2021_01:39:43] Gracz: 1 nie zgadl slowa, wprowadzil 
[30-12-2021_01:39:44] Gracz: 1 nie zgadl slowa, wprowadzil 
[30-12-2021_01:39:44] Gracz: 1 wprowadzil niespodziewana odpowiedz - rozlaczam:
[30-12-2021_01:41:18] Gra dla 3 zakonczona wynikiem: 0
[30-12-2021_01:41:18] Gra dla 5 zakonczona wynikiem: 1
[30-12-2021_01:41:18] Gra dla 2 zakonczona wynikiem: 2
[30-12-2021_01:41:18] Gra dla 1 zakonczona wynikiem: 3
