[30-12-2021_01:35:47] Zaczeto gre o id: 1
[30-12-2021_01:35:47] Dodano gracza: 1
[30-12-2021_01:35:47] Dodano gracza: 3
[30-12-2021_01:35:47] Dodano gracza: 2
[30-12-2021_01:35:47] Dodano gracza: 5
[30-12-2021_01:35:47] Wybrano slowo: przewąchiwał
[30-12-2021_01:35:47] Przetlumaczone slowo: 211111131113
[30-12-2021_01:35:48] Gracz: 1 nie zgadl slowa, wprowadzil 
[30-12-2021_01:35:48] Gracz: 3 nie zgadl slowa, wprowadzil 
[30-12-2021_01:35:48] Gracz: 2 nie zgadl slowa, wprowadzil 
[30-12-2021_01:35:49] Gracz: 5 wybral literke: m nie dostal punktow
[30-12-2021_01:35:49] Gracz: 1 nie zgadl slowa, wprowadzil 
[30-12-2021_01:35:49] Gracz: 3 nie zgadl slowa, wprowadzil 
[30-12-2021_01:35:49] Gracz: 2 wybral literke: ć nie dostal punktow
[30-12-2021_01:35:49] Gracz: 5 nie zgadl slowa, wprowadzil 
[30-12-2021_01:35:49] Gracz: 1 wybral literke: ę nie dostal punktow
[30-12-2021_01:35:49] Gracz: 3 wybral literke: k nie dostal punktow
[30-12-2021_01:35:49] Gracz: 2 nie zgadl slowa, wprowadzil 
[30-12-2021_01:35:49] Gracz: 5 odgadl literke: w dostal punktow: 2
[30-12-2021_01:35:49] Gracz: 1 wybral literke: ć nie dostal punktow
[30-12-2021_01:35:50] Gracz: 3 nie zgadl slowa, wprowadzil 
[30-12-2021_01:35:50] Gracz: 2 nie zgadl slowa, wprowadzil 
[30-12-2021_01:35:50] Gracz: 1 nie zgadl slowa, wprowadzil 
[30-12-2021_01:35:50] Gracz: 5 nie zgadl slowa, wprowadzil 
[30-12-2021_01:35:50] Gracz: 3 odgadl literke: h dostal punktow: 1
[30-12-2021_01:35:50] Gracz: 2 wybral literke: t nie dostal punktow
[30-12-2021_01:35:50] Gracz: 1 nie zgadl slowa, wprowadzil 
[30-12-2021_01:35:50] Gracz: 5 wybral literke: b nie dostal punktow
[30-12-2021_01:35:50] Gracz: 2 nie zgadl slowa, wprowadzil 
[30-12-2021_01:35:51] Gracz: 3 nie zgadl slowa, wprowadzil 
[30-12-2021_01:35:51] Gracz: 1 wybral literke: y nie dostal punktow
[30-12-2021_01:35:51] Gracz: 5 nie zgadl slowa, wprowadzil 
[30-12-2021_01:35:51] Gracz: 2 nie zgadl slowa, wprowadzil 
[30-12-2021_01:35:51] Gracz: 3 nie zgadl slowa, wprowadzil 
[30-12-2021_01:35:51] Gracz: 1 nie zgadl slowa, wprowadzil 
[30-12-2021_01:35:51] Gracz: 5 odgadl literke: c dostal punktow: 1
[30-12-2021_01:35:51] Gracz: 2 odgadl literke: r dostal punktow: 1
[30-12-2021_01:35:51] Gracz: 3 nie zgadl slowa, wprowadzil 
[30-12-2021_01:35:51] Gracz: 1 wybral literke: d nie dostal punktow
[30-12-2021_01:35:52] Gracz: 5 nie zgadl slowa, wprowadzil 
[30-12-2021_01:35:52] Gracz: 3 odgadl literke: ł dostal punktow: 1
[30-12-2021_01:35:52] Gracz: 1 wybral literke: q nie dostal punktow
[30-12-2021_01:35:52] Gracz: 1 wprowadzil niespodziewana odpowiedz - rozlaczam:
[30-12-2021_01:35:52] Gracz: 2 odgadl literke: w dostal punktow: 2
[30-12-2021_01:35:52] Gracz: 5 nie zgadl slowa, wprowadzil 
[30-12-2021_01:35:52] Gracz: 3 wybral literke: ó nie dostal punktow
[30-12-2021_01:35:52] Gracz: 3 wprowadzil niespodziewana odpowiedz - rozlaczam:
[30-12-2021_01:35:52] Gracz: 2 odgadl literke: p dostal punktow: 1
[30-12-2021_01:35:53] Gracz: 5 wybral literke: y nie dostal punktow
[30-12-2021_01:35:53] Gracz: 5 wprowadzil niespodziewana odpowiedz - rozlaczam:
[30-12-2021_01:35:53] Gracz: 2 wprowadzil niespodziewana odpowiedz - rozlaczam:
[30-12-2021_01:37:27] Gra dla 1 zakonczona wynikiem: 0
[30-12-2021_01:37:27] Gra dla 3 zakonczona wynikiem: 2
[30-12-2021_01:37:27] Gra dla 2 zakonczona wynikiem: 4
[30-12-2021_01:37:27] Gra dla 5 zakonczona wynikiem: 3
