[30-12-2021_01:48:17] Zaczeto gre o id: 19
[30-12-2021_01:48:17] Dodano gracza: 1
[30-12-2021_01:48:17] Dodano gracza: 2
[30-12-2021_01:48:17] Dodano gracza: 5
[30-12-2021_01:48:17] Wybrano slowo: zakopertują
[30-12-2021_01:48:17] Przetlumaczone slowo: 11312113121
[30-12-2021_01:48:17] Gracz: 2 wybral literke: ś nie dostal punktow
[30-12-2021_01:48:17] Gracz: 1 odgadl literke: z dostal punktow: 1
[30-12-2021_01:48:17] Gracz: 2 nie zgadl slowa, wprowadzil 
[30-12-2021_01:48:18] Gracz: 5 nie zgadl slowa, wprowadzil 
[30-12-2021_01:48:18] Gracz: 1 wybral literke: ę nie dostal punktow
[30-12-2021_01:48:18] Gracz: 2 wybral literke: w nie dostal punktow
[30-12-2021_01:48:18] Gracz: 5 nie zgadl slowa, wprowadzil 
[30-12-2021_01:48:18] Gracz: 1 nie zgadl slowa, wprowadzil 
[30-12-2021_01:48:18] Gracz: 2 wybral literke: i nie dostal punktow
[30-12-2021_01:48:18] Gracz: 5 nie zgadl slowa, wprowadzil 
[30-12-2021_01:48:18] Gracz: 1 odgadl literke: a dostal punktow: 1
[30-12-2021_01:48:19] Gracz: 2 wybral literke: ó nie dostal punktow
[30-12-2021_01:48:19] Gracz: 5 odgadl literke: t dostal punktow: 1
[30-12-2021_01:48:19] Gracz: 2 wybral literke: s nie dostal punktow
[30-12-2021_01:48:19] Gracz: 1 odgadl literke: o dostal punktow: 1
[30-12-2021_01:48:19] Gracz: 5 nie zgadl slowa, wprowadzil 
[30-12-2021_01:48:19] Gracz: 2 wybral literke: g nie dostal punktow
[30-12-2021_01:48:20] Gracz: 1 nie zgadl slowa, wprowadzil 
[30-12-2021_01:48:20] Gracz: 5 wybral literke: ł nie dostal punktow
[30-12-2021_01:48:20] Gracz: 2 odgadl literke: r dostal punktow: 1
[30-12-2021_01:48:20] Gracz: 1 nie zgadl slowa, wprowadzil 
[30-12-2021_01:48:20] Gracz: 5 wybral literke: ś nie dostal punktow
[30-12-2021_01:48:20] Gracz: 2 nie zgadl slowa, wprowadzil 
[30-12-2021_01:48:20] Gracz: 1 wybral literke: g nie dostal punktow
[30-12-2021_01:48:21] Gracz: 5 nie zgadl slowa, wprowadzil 
[30-12-2021_01:48:21] Gracz: 2 nie zgadl slowa, wprowadzil 
[30-12-2021_01:48:21] Gracz: 1 wybral literke: v nie dostal punktow
[30-12-2021_01:48:21] Gracz: 2 wprowadzil niespodziewana odpowiedz - rozlaczam:
[30-12-2021_01:48:21] Gracz: 5 nie zgadl slowa, wprowadzil 
[30-12-2021_01:48:21] Gracz: 1 nie zgadl slowa, wprowadzil 
[30-12-2021_01:48:21] Gracz: 1 wprowadzil niespodziewana odpowiedz - rozlaczam:
[30-12-2021_01:48:21] Gracz: 5 wybral literke: ż nie dostal punktow
[30-12-2021_01:48:21] Gracz: 5 wprowadzil niespodziewana odpowiedz - rozlaczam:
[30-12-2021_01:49:57] Gra dla 2 zakonczona wynikiem: 1
[30-12-2021_01:49:57] Gra dla 1 zakonczona wynikiem: 3
[30-12-2021_01:49:57] Gra dla 5 zakonczona wynikiem: 1
