[30-12-2021_03:26:00] Zaczeto gre o id: 8
[30-12-2021_03:26:00] Dodano gracza: 2
[30-12-2021_03:26:00] Dodano gracza: 1
[30-12-2021_03:26:00] Wybrano slowo: autsajderem
[30-12-2021_03:26:00] Przetlumaczone slowo: 11311231111
[30-12-2021_03:26:00] Gracz: 2 nie zgadl slowa, wprowadzil 
[30-12-2021_03:26:01] Gracz: 2 nie zgadl slowa, wprowadzil 
[30-12-2021_03:26:01] Gracz: 2 nie zgadl slowa, wprowadzil 
[30-12-2021_03:26:01] Gracz: 1 nie zgadl slowa, wprowadzil 
[30-12-2021_03:26:01] Gracz: 2 wybral literke: q nie dostal punktow
[30-12-2021_03:26:02] Gracz: 1 wybral literke: ł nie dostal punktow
[30-12-2021_03:26:02] Gracz: 2 nie zgadl slowa, wprowadzil 
[30-12-2021_03:26:02] Gracz: 1 wybral literke: y nie dostal punktow
[30-12-2021_03:26:02] Gracz: 2 wybral literke: n nie dostal punktow
[30-12-2021_03:26:02] Gracz: 1 nie zgadl slowa, wprowadzil 
[30-12-2021_03:26:03] Gracz: 2 nie zgadl slowa, wprowadzil 
[30-12-2021_03:26:03] Gracz: 1 wybral literke: n nie dostal punktow
[30-12-2021_03:26:03] Gracz: 2 wybral literke: ą nie dostal punktow
[30-12-2021_03:26:03] Gracz: 1 wybral literke: ę nie dostal punktow
[30-12-2021_03:26:03] Gracz: 2 wybral literke: ż nie dostal punktow
[30-12-2021_03:26:04] Gracz: 1 wybral literke: f nie dostal punktow
[30-12-2021_03:26:04] Gracz: 2 odgadl literke: j dostal punktow: 1
[30-12-2021_03:26:04] Gracz: 2 wprowadzil niespodziewana odpowiedz - rozlaczam:
[30-12-2021_03:26:04] Gracz: 1 nie zgadl slowa, wprowadzil 
[30-12-2021_03:26:04] Gracz: 1 nie zgadl slowa, wprowadzil 
[30-12-2021_03:26:05] Gracz: 1 odgadl literke: u dostal punktow: 1
[30-12-2021_03:26:05] Gracz: 1 wprowadzil niespodziewana odpowiedz - rozlaczam:
[30-12-2021_03:27:40] Gra dla 2 zakonczona wynikiem: 1
[30-12-2021_03:27:40] Gra dla 1 zakonczona wynikiem: 1
