[30-12-2021_01:22:12] Zaczeto gre o id: 4
[30-12-2021_01:22:12] Dodano gracza: 2
[30-12-2021_01:22:12] Dodano gracza: 4
[30-12-2021_01:22:12] Dodano gracza: 3
[30-12-2021_01:22:12] Dodano gracza: 1
[30-12-2021_01:22:12] Wybrano slowo: babiakowskiego
[30-12-2021_01:22:12] Przetlumaczone slowo: 31311311131121
[30-12-2021_01:22:12] Gracz: 2 nie zgadl slowa, wprowadzil 
[30-12-2021_01:22:12] Gracz: 4 nie zgadl slowa, wprowadzil 
[30-12-2021_01:22:12] Gracz: 3 odgadl literke: g dostal punktow: 1
[30-12-2021_01:22:12] Gracz: 2 nie zgadl slowa, wprowadzil 
[30-12-2021_01:22:12] Gracz: 4 wybral literke: m nie dostal punktow
[30-12-2021_01:22:13] Gracz: 3 wybral literke: ź nie dostal punktow
[30-12-2021_01:22:13] Gracz: 2 wybral literke: ą nie dostal punktow
[30-12-2021_01:22:13] Gracz: 4 wybral literke: z nie dostal punktow
[30-12-2021_01:22:13] Gracz: 1 nie zgadl slowa, wprowadzil 
[30-12-2021_01:22:13] Gracz: 3 wybral literke: z nie dostal punktow
[30-12-2021_01:22:13] Gracz: 2 nie zgadl slowa, wprowadzil 
[30-12-2021_01:22:13] Gracz: 4 wybral literke: c nie dostal punktow
[30-12-2021_01:22:14] Gracz: 1 nie zgadl slowa, wprowadzil 
[30-12-2021_01:22:14] Gracz: 3 nie zgadl slowa, wprowadzil 
[30-12-2021_01:22:14] Gracz: 2 wybral literke: r nie dostal punktow
[30-12-2021_01:22:14] Gracz: 4 nie zgadl slowa, wprowadzil 
[30-12-2021_01:22:14] Gracz: 1 odgadl literke: b dostal punktow: 2
[30-12-2021_01:22:14] Gracz: 3 nie zgadl slowa, wprowadzil 
[30-12-2021_01:22:14] Gracz: 2 nie zgadl slowa, wprowadzil 
[30-12-2021_01:22:14] Gracz: 4 nie zgadl slowa, wprowadzil 
[30-12-2021_01:22:14] Gracz: 3 nie zgadl slowa, wprowadzil 
[30-12-2021_01:22:14] Gracz: 2 wybral literke: ó nie dostal punktow
[30-12-2021_01:22:14] Gracz: 4 nie zgadl slowa, wprowadzil 
[30-12-2021_01:22:15] Gracz: 1 odgadl literke: g dostal punktow: 1
[30-12-2021_01:22:15] Gracz: 3 nie zgadl slowa, wprowadzil 
[30-12-2021_01:22:15] Gracz: 2 odgadl literke: e dostal punktow: 1
[30-12-2021_01:22:15] Gracz: 4 odgadl literke: e dostal punktow: 1
[30-12-2021_01:22:15] Gracz: 1 nie zgadl slowa, wprowadzil 
[30-12-2021_01:22:15] Gracz: 3 odgadl literke: k dostal punktow: 2
[30-12-2021_01:22:15] Gracz: 2 odgadl literke: w dostal punktow: 1
[30-12-2021_01:22:15] Gracz: 4 wybral literke: ą nie dostal punktow
[30-12-2021_01:22:16] Gracz: 1 nie zgadl slowa, wprowadzil 
[30-12-2021_01:22:16] Gracz: 3 wybral literke: ę nie dostal punktow
[30-12-2021_01:22:16] Gracz: 4 nie zgadl slowa, wprowadzil 
[30-12-2021_01:22:16] Gracz: 4 wprowadzil niespodziewana odpowiedz - rozlaczam:
[30-12-2021_01:22:16] Gracz: 1 wybral literke: l nie dostal punktow
[30-12-2021_01:22:16] Gracz: 2 nie zgadl slowa, wprowadzil 
[30-12-2021_01:22:16] Gracz: 2 wprowadzil niespodziewana odpowiedz - rozlaczam:
[30-12-2021_01:22:16] Gracz: 3 nie zgadl slowa, wprowadzil 
[30-12-2021_01:22:16] Gracz: 3 wprowadzil niespodziewana odpowiedz - rozlaczam:
[30-12-2021_01:22:16] Gracz: 1 wybral literke: ó nie dostal punktow
[30-12-2021_01:22:17] Gracz: 1 nie zgadl slowa, wprowadzil 
[30-12-2021_01:22:17] Gracz: 1 nie zgadl slowa, wprowadzil 
[30-12-2021_01:22:17] Gracz: 1 wprowadzil niespodziewana odpowiedz - rozlaczam:
[30-12-2021_01:23:52] Gra dla 2 zakonczona wynikiem: 2
[30-12-2021_01:23:52] Gra dla 4 zakonczona wynikiem: 1
[30-12-2021_01:23:52] Gra dla 3 zakonczona wynikiem: 3
[30-12-2021_01:23:52] Gra dla 1 zakonczona wynikiem: 3
