[30-12-2021_02:11:07] Zaczeto gre o id: 57
[30-12-2021_02:11:07] Dodano gracza: 2
[30-12-2021_02:11:07] Dodano gracza: 5
[30-12-2021_02:11:07] Dodano gracza: 1
[30-12-2021_02:11:07] Wybrano slowo: nieprobacyjnych
[30-12-2021_02:11:07] Przetlumaczone slowo: 111211311221213
[30-12-2021_02:11:08] Gracz: 2 wybral literke: g nie dostal punktow
[30-12-2021_02:11:08] Gracz: 2 nie zgadl slowa, wprowadzil 
[30-12-2021_02:11:08] Gracz: 2 odgadl literke: r dostal punktow: 1
[30-12-2021_02:11:09] Gracz: 5 nie zgadl slowa, wprowadzil 
[30-12-2021_02:11:09] Gracz: 1 odgadl literke: c dostal punktow: 2
[30-12-2021_02:11:09] Gracz: 2 nie zgadl slowa, wprowadzil 
[30-12-2021_02:11:09] Gracz: 5 nie zgadl slowa, wprowadzil 
[30-12-2021_02:11:09] Gracz: 2 wybral literke: u nie dostal punktow
[30-12-2021_02:11:09] Gracz: 1 wybral literke: ń nie dostal punktow
[30-12-2021_02:11:10] Gracz: 5 wybral literke: q nie dostal punktow
[30-12-2021_02:11:10] Gracz: 2 nie zgadl slowa, wprowadzil 
[30-12-2021_02:11:10] Gracz: 1 nie zgadl slowa, wprowadzil 
[30-12-2021_02:11:10] Gracz: 5 wybral literke: d nie dostal punktow
[30-12-2021_02:11:10] Gracz: 2 nie zgadl slowa, wprowadzil 
[30-12-2021_02:11:10] Gracz: 1 wybral literke: t nie dostal punktow
[30-12-2021_02:11:10] Gracz: 5 nie zgadl slowa, wprowadzil 
[30-12-2021_02:11:11] Gracz: 2 odgadl literke: j dostal punktow: 1
[30-12-2021_02:11:11] Gracz: 1 wybral literke: f nie dostal punktow
[30-12-2021_02:11:11] Gracz: 5 nie zgadl slowa, wprowadzil 
[30-12-2021_02:11:11] Gracz: 1 wybral literke: ą nie dostal punktow
[30-12-2021_02:11:11] Gracz: 5 wybral literke: g nie dostal punktow
[30-12-2021_02:11:11] Gracz: 2 wybral literke: v nie dostal punktow
[30-12-2021_02:11:12] Gracz: 1 nie zgadl slowa, wprowadzil 
[30-12-2021_02:11:12] Gracz: 5 odgadl literke: n dostal punktow: 2
[30-12-2021_02:11:12] Gracz: 2 wybral literke: f nie dostal punktow
[30-12-2021_02:11:12] Gracz: 2 wprowadzil niespodziewana odpowiedz - rozlaczam:
[30-12-2021_02:11:12] Gracz: 1 nie zgadl slowa, wprowadzil 
[30-12-2021_02:11:12] Gracz: 5 nie zgadl slowa, wprowadzil 
[30-12-2021_02:11:12] Gracz: 1 wybral literke: u nie dostal punktow
[30-12-2021_02:11:13] Gracz: 5 odgadl literke: a dostal punktow: 1
[30-12-2021_02:11:13] Gracz: 1 nie zgadl slowa, wprowadzil 
[30-12-2021_02:11:13] Gracz: 1 wprowadzil niespodziewana odpowiedz - rozlaczam:
[30-12-2021_02:11:23] Gracz: 5 rozlaczam minelo 10s
[30-12-2021_02:12:47] Gra dla 2 zakonczona wynikiem: 2
[30-12-2021_02:12:47] Gra dla 5 zakonczona wynikiem: 3
[30-12-2021_02:12:47] Gra dla 1 zakonczona wynikiem: 2
