[30-12-2021_00:11:26] Zaczeto gre o id: 1
[30-12-2021_00:11:26] Dodano gracza: 1
[30-12-2021_00:11:26] Dodano gracza: 3
[30-12-2021_00:11:26] Dodano gracza: 2
[30-12-2021_00:11:26] Wybrano slowo: nienauczonej
[30-12-2021_00:11:26] Przetlumaczone slowo: 111111111112
[30-12-2021_00:11:26] Gracz: 1 nie zgadl slowa, wprowadzil 
[30-12-2021_00:11:26] Gracz: 1 wybral literke: ć nie dostal punktow
[30-12-2021_00:11:27] Gracz: 3 nie zgadl slowa, wprowadzil 
[30-12-2021_00:11:27] Gracz: 1 nie zgadl slowa, wprowadzil 
[30-12-2021_00:11:27] Gracz: 3 wybral literke: x nie dostal punktow
[30-12-2021_00:11:27] Gracz: 1 wybral literke: r nie dostal punktow
[30-12-2021_00:11:27] Gracz: 2 nie zgadl slowa, wprowadzil 
[30-12-2021_00:11:27] Gracz: 3 wybral literke: h nie dostal punktow
[30-12-2021_00:11:28] Gracz: 1 nie zgadl slowa, wprowadzil 
[30-12-2021_00:11:28] Gracz: 2 nie zgadl slowa, wprowadzil 
[30-12-2021_00:11:28] Gracz: 3 wybral literke: ś nie dostal punktow
[30-12-2021_00:11:28] Gracz: 1 nie zgadl slowa, wprowadzil 
[30-12-2021_00:11:28] Gracz: 2 wybral literke: ć nie dostal punktow
[30-12-2021_00:11:28] Gracz: 3 wybral literke: g nie dostal punktow
[30-12-2021_00:11:28] Gracz: 1 nie zgadl slowa, wprowadzil 
[30-12-2021_00:11:28] Gracz: 2 nie zgadl slowa, wprowadzil 
[30-12-2021_00:11:29] Gracz: 3 nie zgadl slowa, wprowadzil 
[30-12-2021_00:11:29] Gracz: 1 nie zgadl slowa, wprowadzil 
[30-12-2021_00:11:29] Gracz: 2 wybral literke: m nie dostal punktow
[30-12-2021_00:11:29] Gracz: 3 wybral literke: d nie dostal punktow
[30-12-2021_00:11:29] Gracz: 1 nie zgadl slowa, wprowadzil 
[30-12-2021_00:11:29] Gracz: 2 nie zgadl slowa, wprowadzil 
[30-12-2021_00:11:29] Gracz: 3 wybral literke: k nie dostal punktow
[30-12-2021_00:11:30] Gracz: 1 nie zgadl slowa, wprowadzil 
[30-12-2021_00:11:30] Gracz: 1 wprowadzil niespodziewana odpowiedz - rozlaczam:
[30-12-2021_00:11:30] Gracz: 2 wybral literke: t nie dostal punktow
[30-12-2021_00:11:30] Gracz: 3 wybral literke: ć nie dostal punktow
[30-12-2021_00:11:30] Gracz: 2 nie zgadl slowa, wprowadzil 
[30-12-2021_00:11:30] Gracz: 3 wybral literke: q nie dostal punktow
[30-12-2021_00:11:30] Gracz: 3 wprowadzil niespodziewana odpowiedz - rozlaczam:
[30-12-2021_00:11:30] Gracz: 2 odgadl literke: c dostal punktow: 1
[30-12-2021_00:11:31] Gracz: 2 wybral literke: v nie dostal punktow
[30-12-2021_00:11:31] Gracz: 2 wprowadzil niespodziewana odpowiedz - rozlaczam:
[30-12-2021_00:13:06] Gra dla 1 zakonczona wynikiem: 0
[30-12-2021_00:13:06] Gra dla 3 zakonczona wynikiem: 0
[30-12-2021_00:13:06] Gra dla 2 zakonczona wynikiem: 1
