[30-12-2021_01:52:21] Zaczeto gre o id: 27
[30-12-2021_01:52:21] Dodano gracza: 2
[30-12-2021_01:52:21] Dodano gracza: 5
[30-12-2021_01:52:21] Dodano gracza: 1
[30-12-2021_01:52:21] Wybrano slowo: instrumentację
[30-12-2021_01:52:21] Przetlumaczone slowo: 11131111131121
[30-12-2021_01:52:21] Gracz: 5 nie zgadl slowa, wprowadzil 
[30-12-2021_01:52:21] Gracz: 2 nie zgadl slowa, wprowadzil 
[30-12-2021_01:52:22] Gracz: 5 nie zgadl slowa, wprowadzil 
[30-12-2021_01:52:22] Gracz: 2 nie zgadl slowa, wprowadzil 
[30-12-2021_01:52:22] Gracz: 1 nie zgadl slowa, wprowadzil 
[30-12-2021_01:52:22] Gracz: 5 nie zgadl slowa, wprowadzil 
[30-12-2021_01:52:22] Gracz: 2 wybral literke: f nie dostal punktow
[30-12-2021_01:52:22] Gracz: 1 wybral literke: ó nie dostal punktow
[30-12-2021_01:52:22] Gracz: 5 nie zgadl slowa, wprowadzil 
[30-12-2021_01:52:22] Gracz: 2 wybral literke: x nie dostal punktow
[30-12-2021_01:52:23] Gracz: 1 nie zgadl slowa, wprowadzil 
[30-12-2021_01:52:23] Gracz: 5 odgadl literke: s dostal punktow: 1
[30-12-2021_01:52:23] Gracz: 2 wybral literke: b nie dostal punktow
[30-12-2021_01:52:23] Gracz: 1 odgadl literke: s dostal punktow: 1
[30-12-2021_01:52:23] Gracz: 2 odgadl literke: ę dostal punktow: 1
[30-12-2021_01:52:23] Gracz: 5 nie zgadl slowa, wprowadzil 
[30-12-2021_01:52:24] Gracz: 1 odgadl literke: c dostal punktow: 1
[30-12-2021_01:52:24] Gracz: 5 nie zgadl slowa, wprowadzil 
[30-12-2021_01:52:24] Gracz: 2 nie zgadl slowa, wprowadzil 
[30-12-2021_01:52:24] Gracz: 5 nie zgadl slowa, wprowadzil 
[30-12-2021_01:52:24] Gracz: 2 nie zgadl slowa, wprowadzil 
[30-12-2021_01:52:24] Gracz: 1 wybral literke: ń nie dostal punktow
[30-12-2021_01:52:25] Gracz: 5 odgadl literke: e dostal punktow: 1
[30-12-2021_01:52:25] Gracz: 2 nie zgadl slowa, wprowadzil 
[30-12-2021_01:52:25] Gracz: 1 nie zgadl slowa, wprowadzil 
[30-12-2021_01:52:25] Gracz: 2 wybral literke: ł nie dostal punktow
[30-12-2021_01:52:25] Gracz: 2 wprowadzil niespodziewana odpowiedz - rozlaczam:
[30-12-2021_01:52:25] Gracz: 1 odgadl literke: t dostal punktow: 2
[30-12-2021_01:52:25] Gracz: 5 nie zgadl slowa, wprowadzil 
[30-12-2021_01:52:25] Gracz: 5 wprowadzil niespodziewana odpowiedz - rozlaczam:
[30-12-2021_01:52:26] Gracz: 1 nie zgadl slowa, wprowadzil 
[30-12-2021_01:52:26] Gracz: 1 wybral literke: f nie dostal punktow
[30-12-2021_01:52:26] Gracz: 1 wprowadzil niespodziewana odpowiedz - rozlaczam:
[30-12-2021_01:54:01] Gra dla 2 zakonczona wynikiem: 1
[30-12-2021_01:54:01] Gra dla 5 zakonczona wynikiem: 2
[30-12-2021_01:54:01] Gra dla 1 zakonczona wynikiem: 4
