[30-12-2021_01:48:47] Zaczeto gre o id: 20
[30-12-2021_01:48:47] Dodano gracza: 2
[30-12-2021_01:48:47] Dodano gracza: 1
[30-12-2021_01:48:47] Dodano gracza: 5
[30-12-2021_01:48:47] Wybrano slowo: grodziły
[30-12-2021_01:48:47] Przetlumaczone slowo: 21131132
[30-12-2021_01:48:47] Gracz: 2 wybral literke: u nie dostal punktow
[30-12-2021_01:48:48] Gracz: 1 nie zgadl slowa, wprowadzil 
[30-12-2021_01:48:48] Gracz: 5 nie zgadl slowa, wprowadzil 
[30-12-2021_01:48:48] Gracz: 2 wybral literke: j nie dostal punktow
[30-12-2021_01:48:48] Gracz: 1 nie zgadl slowa, wprowadzil 
[30-12-2021_01:48:48] Gracz: 5 wybral literke: p nie dostal punktow
[30-12-2021_01:48:48] Gracz: 2 nie zgadl slowa, wprowadzil 
[30-12-2021_01:48:48] Gracz: 1 nie zgadl slowa, wprowadzil 
[30-12-2021_01:48:49] Gracz: 5 odgadl literke: r dostal punktow: 1
[30-12-2021_01:48:49] Gracz: 2 nie zgadl slowa, wprowadzil 
[30-12-2021_01:48:49] Gracz: 1 wybral literke: w nie dostal punktow
[30-12-2021_01:48:49] Gracz: 2 nie zgadl slowa, wprowadzil 
[30-12-2021_01:48:49] Gracz: 5 wybral literke: b nie dostal punktow
[30-12-2021_01:48:49] Gracz: 1 wybral literke: x nie dostal punktow
[30-12-2021_01:48:49] Gracz: 2 nie zgadl slowa, wprowadzil 
[30-12-2021_01:48:50] Gracz: 5 wybral literke: w nie dostal punktow
[30-12-2021_01:48:50] Gracz: 1 nie zgadl slowa, wprowadzil 
[30-12-2021_01:48:50] Gracz: 2 nie zgadl slowa, wprowadzil 
[30-12-2021_01:48:50] Gracz: 5 wybral literke: l nie dostal punktow
[30-12-2021_01:48:50] Gracz: 1 wybral literke: ć nie dostal punktow
[30-12-2021_01:48:50] Gracz: 2 nie zgadl slowa, wprowadzil 
[30-12-2021_01:48:50] Gracz: 5 nie zgadl slowa, wprowadzil 
[30-12-2021_01:48:50] Gracz: 1 wybral literke: h nie dostal punktow
[30-12-2021_01:48:51] Gracz: 2 wybral literke: v nie dostal punktow
[30-12-2021_01:48:51] Gracz: 5 nie zgadl slowa, wprowadzil 
[30-12-2021_01:48:51] Gracz: 1 nie zgadl slowa, wprowadzil 
[30-12-2021_01:48:51] Gracz: 2 nie zgadl slowa, wprowadzil 
[30-12-2021_01:48:51] Gracz: 2 wprowadzil niespodziewana odpowiedz - rozlaczam:
[30-12-2021_01:48:51] Gracz: 5 wybral literke: u nie dostal punktow
[30-12-2021_01:48:51] Gracz: 1 wybral literke: ó nie dostal punktow
[30-12-2021_01:48:51] Gracz: 1 wprowadzil niespodziewana odpowiedz - rozlaczam:
[30-12-2021_01:48:52] Gracz: 5 wybral literke: ę nie dostal punktow
[30-12-2021_01:48:52] Gracz: 5 wprowadzil niespodziewana odpowiedz - rozlaczam:
[30-12-2021_01:50:27] Gra dla 2 zakonczona wynikiem: 0
[30-12-2021_01:50:27] Gra dla 1 zakonczona wynikiem: 0
[30-12-2021_01:50:27] Gra dla 5 zakonczona wynikiem: 1
