[30-12-2021_01:46:45] Zaczeto gre o id: 16
[30-12-2021_01:46:45] Dodano gracza: 5
[30-12-2021_01:46:45] Dodano gracza: 1
[30-12-2021_01:46:45] Dodano gracza: 2
[30-12-2021_01:46:45] Wybrano slowo: hanafitów
[30-12-2021_01:46:45] Przetlumaczone slowo: 311141311
[30-12-2021_01:46:46] Gracz: 1 nie zgadl slowa, wprowadzil 
[30-12-2021_01:46:46] Gracz: 1 nie zgadl slowa, wprowadzil 
[30-12-2021_01:46:46] Gracz: 2 wybral literke: c nie dostal punktow
[30-12-2021_01:46:47] Gracz: 1 wybral literke: r nie dostal punktow
[30-12-2021_01:46:47] Gracz: 2 nie zgadl slowa, wprowadzil 
[30-12-2021_01:46:47] Gracz: 5 nie zgadl slowa, wprowadzil 
[30-12-2021_01:46:47] Gracz: 1 wybral literke: ź nie dostal punktow
[30-12-2021_01:46:47] Gracz: 2 wybral literke: z nie dostal punktow
[30-12-2021_01:46:47] Gracz: 5 wybral literke: j nie dostal punktow
[30-12-2021_01:46:47] Gracz: 1 wybral literke: b nie dostal punktow
[30-12-2021_01:46:47] Gracz: 2 nie zgadl slowa, wprowadzil 
[30-12-2021_01:46:48] Gracz: 5 odgadl literke: i dostal punktow: 1
[30-12-2021_01:46:48] Gracz: 1 nie zgadl slowa, wprowadzil 
[30-12-2021_01:46:48] Gracz: 2 nie zgadl slowa, wprowadzil 
[30-12-2021_01:46:48] Gracz: 1 nie zgadl slowa, wprowadzil 
[30-12-2021_01:46:48] Gracz: 5 nie zgadl slowa, wprowadzil 
[30-12-2021_01:46:48] Gracz: 2 nie zgadl slowa, wprowadzil 
[30-12-2021_01:46:49] Gracz: 1 nie zgadl slowa, wprowadzil 
[30-12-2021_01:46:49] Gracz: 5 wybral literke: q nie dostal punktow
[30-12-2021_01:46:49] Gracz: 2 wybral literke: d nie dostal punktow
[30-12-2021_01:46:49] Gracz: 1 nie zgadl slowa, wprowadzil 
[30-12-2021_01:46:49] Gracz: 5 nie zgadl slowa, wprowadzil 
[30-12-2021_01:46:49] Gracz: 2 wybral literke: y nie dostal punktow
[30-12-2021_01:46:49] Gracz: 1 nie zgadl slowa, wprowadzil 
[30-12-2021_01:46:49] Gracz: 1 wprowadzil niespodziewana odpowiedz - rozlaczam:
[30-12-2021_01:46:49] Gracz: 5 nie zgadl slowa, wprowadzil 
[30-12-2021_01:46:49] Gracz: 2 nie zgadl slowa, wprowadzil 
[30-12-2021_01:46:50] Gracz: 5 wybral literke: d nie dostal punktow
[30-12-2021_01:46:50] Gracz: 2 nie zgadl slowa, wprowadzil 
[30-12-2021_01:46:50] Gracz: 2 wprowadzil niespodziewana odpowiedz - rozlaczam:
[30-12-2021_01:46:50] Gracz: 5 wybral literke: g nie dostal punktow
[30-12-2021_01:46:51] Gracz: 5 odgadl literke: n dostal punktow: 1
[30-12-2021_01:46:51] Gracz: 5 wprowadzil niespodziewana odpowiedz - rozlaczam:
[30-12-2021_01:48:25] Gra dla 1 zakonczona wynikiem: 0
[30-12-2021_01:48:25] Gra dla 2 zakonczona wynikiem: 0
[30-12-2021_01:48:25] Gra dla 5 zakonczona wynikiem: 2
