[30-12-2021_01:24:44] Zaczeto gre o id: 9
[30-12-2021_01:24:44] Dodano gracza: 1
[30-12-2021_01:24:44] Dodano gracza: 3
[30-12-2021_01:24:44] Dodano gracza: 2
[30-12-2021_01:24:44] Wybrano slowo: otrząchniemy
[30-12-2021_01:24:44] Przetlumaczone slowo: 131111311112
[30-12-2021_01:24:45] Gracz: 3 nie zgadl slowa, wprowadzil 
[30-12-2021_01:24:45] Gracz: 1 nie zgadl slowa, wprowadzil 
[30-12-2021_01:24:45] Gracz: 3 nie zgadl slowa, wprowadzil 
[30-12-2021_01:24:45] Gracz: 1 nie zgadl slowa, wprowadzil 
[30-12-2021_01:24:45] Gracz: 2 wybral literke: b nie dostal punktow
[30-12-2021_01:24:46] Gracz: 3 odgadl literke: r dostal punktow: 1
[30-12-2021_01:24:46] Gracz: 1 nie zgadl slowa, wprowadzil 
[30-12-2021_01:24:46] Gracz: 2 wybral literke: s nie dostal punktow
[30-12-2021_01:24:46] Gracz: 1 wybral literke: v nie dostal punktow
[30-12-2021_01:24:46] Gracz: 2 wybral literke: j nie dostal punktow
[30-12-2021_01:24:46] Gracz: 3 nie zgadl slowa, wprowadzil 
[30-12-2021_01:24:46] Gracz: 1 nie zgadl slowa, wprowadzil 
[30-12-2021_01:24:46] Gracz: 2 nie zgadl slowa, wprowadzil 
[30-12-2021_01:24:47] Gracz: 3 nie zgadl slowa, wprowadzil 
[30-12-2021_01:24:47] Gracz: 1 wybral literke: s nie dostal punktow
[30-12-2021_01:24:47] Gracz: 2 nie zgadl slowa, wprowadzil 
[30-12-2021_01:24:47] Gracz: 3 nie zgadl slowa, wprowadzil 
[30-12-2021_01:24:47] Gracz: 1 wybral literke: ń nie dostal punktow
[30-12-2021_01:24:47] Gracz: 2 nie zgadl slowa, wprowadzil 
[30-12-2021_01:24:47] Gracz: 3 nie zgadl slowa, wprowadzil 
[30-12-2021_01:24:48] Gracz: 1 wybral literke: j nie dostal punktow
[30-12-2021_01:24:48] Gracz: 2 odgadl literke: i dostal punktow: 1
[30-12-2021_01:24:48] Gracz: 3 nie zgadl slowa, wprowadzil 
[30-12-2021_01:24:48] Gracz: 1 nie zgadl slowa, wprowadzil 
[30-12-2021_01:24:48] Gracz: 3 wybral literke: ł nie dostal punktow
[30-12-2021_01:24:48] Gracz: 2 nie zgadl slowa, wprowadzil 
[30-12-2021_01:24:48] Gracz: 1 wybral literke: q nie dostal punktow
[30-12-2021_01:24:48] Gracz: 1 wprowadzil niespodziewana odpowiedz - rozlaczam:
[30-12-2021_01:24:49] Gracz: 3 nie zgadl slowa, wprowadzil 
[30-12-2021_01:24:49] Gracz: 3 wprowadzil niespodziewana odpowiedz - rozlaczam:
[30-12-2021_01:24:49] Gracz: 2 nie zgadl slowa, wprowadzil 
[30-12-2021_01:24:49] Gracz: 2 wybral literke: p nie dostal punktow
[30-12-2021_01:24:49] Gracz: 2 wprowadzil niespodziewana odpowiedz - rozlaczam:
[30-12-2021_01:26:24] Gra dla 1 zakonczona wynikiem: 0
[30-12-2021_01:26:24] Gra dla 3 zakonczona wynikiem: 1
[30-12-2021_01:26:24] Gra dla 2 zakonczona wynikiem: 1
