[30-12-2021_03:25:29] Zaczeto gre o id: 7
[30-12-2021_03:25:29] Dodano gracza: 1
[30-12-2021_03:25:29] Dodano gracza: 2
[30-12-2021_03:25:29] Wybrano slowo: kapitanówce
[30-12-2021_03:25:29] Przetlumaczone slowo: 31213111111
[30-12-2021_03:25:30] Gracz: 2 nie zgadl slowa, wprowadzil 
[30-12-2021_03:25:30] Gracz: 2 nie zgadl slowa, wprowadzil 
[30-12-2021_03:25:30] Gracz: 2 odgadl literke: t dostal punktow: 1
[30-12-2021_03:25:31] Gracz: 2 odgadl literke: i dostal punktow: 1
[30-12-2021_03:25:31] Gracz: 1 wybral literke: d nie dostal punktow
[30-12-2021_03:25:32] Gracz: 1 nie zgadl slowa, wprowadzil 
[30-12-2021_03:25:32] Gracz: 2 wybral literke: g nie dostal punktow
[30-12-2021_03:25:32] Gracz: 1 nie zgadl slowa, wprowadzil 
[30-12-2021_03:25:32] Gracz: 2 wybral literke: b nie dostal punktow
[30-12-2021_03:25:32] Gracz: 1 wybral literke: m nie dostal punktow
[30-12-2021_03:25:32] Gracz: 2 wybral literke: l nie dostal punktow
[30-12-2021_03:25:33] Gracz: 1 wybral literke: ń nie dostal punktow
[30-12-2021_03:25:33] Gracz: 2 wybral literke: o nie dostal punktow
[30-12-2021_03:25:33] Gracz: 1 nie zgadl slowa, wprowadzil 
[30-12-2021_03:25:33] Gracz: 2 nie zgadl slowa, wprowadzil 
[30-12-2021_03:25:34] Gracz: 1 wybral literke: v nie dostal punktow
[30-12-2021_03:25:34] Gracz: 2 wybral literke: u nie dostal punktow
[30-12-2021_03:25:34] Gracz: 2 wprowadzil niespodziewana odpowiedz - rozlaczam:
[30-12-2021_03:25:34] Gracz: 1 nie zgadl slowa, wprowadzil 
[30-12-2021_03:25:34] Gracz: 1 nie zgadl slowa, wprowadzil 
[30-12-2021_03:25:35] Gracz: 1 nie zgadl slowa, wprowadzil 
[30-12-2021_03:25:35] Gracz: 1 wprowadzil niespodziewana odpowiedz - rozlaczam:
[30-12-2021_03:27:09] Gra dla 2 zakonczona wynikiem: 2
[30-12-2021_03:27:09] Gra dla 1 zakonczona wynikiem: 0
