[30-12-2021_01:46:14] Zaczeto gre o id: 15
[30-12-2021_01:46:14] Dodano gracza: 5
[30-12-2021_01:46:14] Dodano gracza: 1
[30-12-2021_01:46:14] Dodano gracza: 2
[30-12-2021_01:46:14] Wybrano slowo: estryfikowane
[30-12-2021_01:46:14] Przetlumaczone slowo: 1131241311111
[30-12-2021_01:46:15] Gracz: 5 nie zgadl slowa, wprowadzil 
[30-12-2021_01:46:15] Gracz: 5 nie zgadl slowa, wprowadzil 
[30-12-2021_01:46:15] Gracz: 1 nie zgadl slowa, wprowadzil 
[30-12-2021_01:46:16] Gracz: 5 nie zgadl slowa, wprowadzil 
[30-12-2021_01:46:16] Gracz: 1 wybral literke: ń nie dostal punktow
[30-12-2021_01:46:16] Gracz: 2 nie zgadl slowa, wprowadzil 
[30-12-2021_01:46:16] Gracz: 5 nie zgadl slowa, wprowadzil 
[30-12-2021_01:46:16] Gracz: 1 odgadl literke: t dostal punktow: 1
[30-12-2021_01:46:16] Gracz: 2 odgadl literke: t dostal punktow: 1
[30-12-2021_01:46:16] Gracz: 5 nie zgadl slowa, wprowadzil 
[30-12-2021_01:46:17] Gracz: 1 nie zgadl slowa, wprowadzil 
[30-12-2021_01:46:17] Gracz: 5 wybral literke: v nie dostal punktow
[30-12-2021_01:46:17] Gracz: 2 wybral literke: ż nie dostal punktow
[30-12-2021_01:46:17] Gracz: 1 odgadl literke: f dostal punktow: 1
[30-12-2021_01:46:17] Gracz: 5 wybral literke: ń nie dostal punktow
[30-12-2021_01:46:17] Gracz: 2 nie zgadl slowa, wprowadzil 
[30-12-2021_01:46:18] Gracz: 5 nie zgadl slowa, wprowadzil 
[30-12-2021_01:46:18] Gracz: 2 wybral literke: m nie dostal punktow
[30-12-2021_01:46:18] Gracz: 1 wybral literke: ą nie dostal punktow
[30-12-2021_01:46:18] Gracz: 5 nie zgadl slowa, wprowadzil 
[30-12-2021_01:46:18] Gracz: 2 wybral literke: q nie dostal punktow
[30-12-2021_01:46:18] Gracz: 1 wybral literke: u nie dostal punktow
[30-12-2021_01:46:18] Gracz: 5 nie zgadl slowa, wprowadzil 
[30-12-2021_01:46:18] Gracz: 5 wprowadzil niespodziewana odpowiedz - rozlaczam:
[30-12-2021_01:46:18] Gracz: 2 odgadl literke: e dostal punktow: 2
[30-12-2021_01:46:19] Gracz: 1 nie zgadl slowa, wprowadzil 
[30-12-2021_01:46:19] Gracz: 1 nie zgadl slowa, wprowadzil 
[30-12-2021_01:46:19] Gracz: 2 nie zgadl slowa, wprowadzil 
[30-12-2021_01:46:19] Gracz: 1 wybral literke: j nie dostal punktow
[30-12-2021_01:46:19] Gracz: 1 wprowadzil niespodziewana odpowiedz - rozlaczam:
[30-12-2021_01:46:19] Gracz: 2 wybral literke: ź nie dostal punktow
[30-12-2021_01:46:20] Gracz: 2 nie zgadl slowa, wprowadzil 
[30-12-2021_01:46:20] Gracz: 2 wprowadzil niespodziewana odpowiedz - rozlaczam:
[30-12-2021_01:47:55] Gra dla 5 zakonczona wynikiem: 0
[30-12-2021_01:47:55] Gra dla 1 zakonczona wynikiem: 2
[30-12-2021_01:47:55] Gra dla 2 zakonczona wynikiem: 3
