[30-12-2021_01:41:40] Zaczeto gre o id: 6
[30-12-2021_01:41:40] Dodano gracza: 2
[30-12-2021_01:41:40] Dodano gracza: 5
[30-12-2021_01:41:40] Dodano gracza: 1
[30-12-2021_01:41:40] Dodano gracza: 3
[30-12-2021_01:41:40] Wybrano slowo: zestygnęli
[30-12-2021_01:41:40] Przetlumaczone slowo: 1113221131
[30-12-2021_01:41:41] Gracz: 5 nie zgadl slowa, wprowadzil 
[30-12-2021_01:41:41] Gracz: 1 wybral literke: ń nie dostal punktow
[30-12-2021_01:41:41] Gracz: 3 wybral literke: q nie dostal punktow
[30-12-2021_01:41:41] Gracz: 5 wybral literke: o nie dostal punktow
[30-12-2021_01:41:41] Gracz: 1 nie zgadl slowa, wprowadzil 
[30-12-2021_01:41:41] Gracz: 3 wybral literke: ź nie dostal punktow
[30-12-2021_01:41:42] Gracz: 2 wybral literke: ł nie dostal punktow
[30-12-2021_01:41:42] Gracz: 5 odgadl literke: y dostal punktow: 1
[30-12-2021_01:41:42] Gracz: 1 nie zgadl slowa, wprowadzil 
[30-12-2021_01:41:42] Gracz: 3 nie zgadl slowa, wprowadzil 
[30-12-2021_01:41:42] Gracz: 2 wybral literke: ń nie dostal punktow
[30-12-2021_01:41:42] Gracz: 1 nie zgadl slowa, wprowadzil 
[30-12-2021_01:41:42] Gracz: 3 wybral literke: ó nie dostal punktow
[30-12-2021_01:41:42] Gracz: 2 odgadl literke: t dostal punktow: 1
[30-12-2021_01:41:42] Gracz: 5 nie zgadl slowa, wprowadzil 
[30-12-2021_01:41:43] Gracz: 1 nie zgadl slowa, wprowadzil 
[30-12-2021_01:41:43] Gracz: 3 nie zgadl slowa, wprowadzil 
[30-12-2021_01:41:43] Gracz: 5 wybral literke: m nie dostal punktow
[30-12-2021_01:41:43] Gracz: 2 wybral literke: ż nie dostal punktow
[30-12-2021_01:41:43] Gracz: 1 nie zgadl slowa, wprowadzil 
[30-12-2021_01:41:43] Gracz: 3 wybral literke: c nie dostal punktow
[30-12-2021_01:41:43] Gracz: 5 nie zgadl slowa, wprowadzil 
[30-12-2021_01:41:43] Gracz: 2 nie zgadl slowa, wprowadzil 
[30-12-2021_01:41:43] Gracz: 1 odgadl literke: t dostal punktow: 1
[30-12-2021_01:41:43] Gracz: 3 wybral literke: p nie dostal punktow
[30-12-2021_01:41:44] Gracz: 5 wybral literke: ź nie dostal punktow
[30-12-2021_01:41:44] Gracz: 2 nie zgadl slowa, wprowadzil 
[30-12-2021_01:41:44] Gracz: 3 nie zgadl slowa, wprowadzil 
[30-12-2021_01:41:44] Gracz: 5 nie zgadl slowa, wprowadzil 
[30-12-2021_01:41:44] Gracz: 1 wybral literke: f nie dostal punktow
[30-12-2021_01:41:44] Gracz: 2 wybral literke: m nie dostal punktow
[30-12-2021_01:41:44] Gracz: 3 odgadl literke: n dostal punktow: 1
[30-12-2021_01:41:44] Gracz: 5 nie zgadl slowa, wprowadzil 
[30-12-2021_01:41:44] Gracz: 1 wybral literke: ą nie dostal punktow
[30-12-2021_01:41:45] Gracz: 2 nie zgadl slowa, wprowadzil 
[30-12-2021_01:41:45] Gracz: 5 wybral literke: ć nie dostal punktow
[30-12-2021_01:41:45] Gracz: 5 wprowadzil niespodziewana odpowiedz - rozlaczam:
[30-12-2021_01:41:45] Gracz: 3 wybral literke: ł nie dostal punktow
[30-12-2021_01:41:45] Gracz: 1 nie zgadl slowa, wprowadzil 
[30-12-2021_01:41:45] Gracz: 3 wprowadzil niespodziewana odpowiedz - rozlaczam:
[30-12-2021_01:41:45] Gracz: 1 wprowadzil niespodziewana odpowiedz - rozlaczam:
[30-12-2021_01:41:45] Gracz: 2 wybral literke: q nie dostal punktow
[30-12-2021_01:41:45] Gracz: 2 odgadl literke: e dostal punktow: 1
[30-12-2021_01:41:46] Gracz: 2 wprowadzil niespodziewana odpowiedz - rozlaczam:
[30-12-2021_01:43:20] Gra dla 5 zakonczona wynikiem: 1
[30-12-2021_01:43:20] Gra dla 1 zakonczona wynikiem: 1
[30-12-2021_01:43:20] Gra dla 3 zakonczona wynikiem: 1
[30-12-2021_01:43:20] Gra dla 2 zakonczona wynikiem: 2
