[30-12-2021_02:07:33] Zaczeto gre o id: 50
[30-12-2021_02:07:33] Dodano gracza: 1
[30-12-2021_02:07:33] Dodano gracza: 5
[30-12-2021_02:07:33] Dodano gracza: 2
[30-12-2021_02:07:33] Wybrano slowo: gomułkowcem
[30-12-2021_02:07:33] Przetlumaczone slowo: 21113311111
[30-12-2021_02:07:34] Gracz: 1 wybral literke: s nie dostal punktow
[30-12-2021_02:07:34] Gracz: 5 nie zgadl slowa, wprowadzil 
[30-12-2021_02:07:34] Gracz: 1 odgadl literke: c dostal punktow: 1
[30-12-2021_02:07:34] Gracz: 5 nie zgadl slowa, wprowadzil 
[30-12-2021_02:07:35] Gracz: 5 nie zgadl slowa, wprowadzil 
[30-12-2021_02:07:35] Gracz: 1 nie zgadl slowa, wprowadzil 
[30-12-2021_02:07:35] Gracz: 5 nie zgadl slowa, wprowadzil 
[30-12-2021_02:07:35] Gracz: 2 nie zgadl slowa, wprowadzil 
[30-12-2021_02:07:35] Gracz: 1 wybral literke: ń nie dostal punktow
[30-12-2021_02:07:35] Gracz: 5 nie zgadl slowa, wprowadzil 
[30-12-2021_02:07:36] Gracz: 2 wybral literke: s nie dostal punktow
[30-12-2021_02:07:36] Gracz: 1 nie zgadl slowa, wprowadzil 
[30-12-2021_02:07:36] Gracz: 5 nie zgadl slowa, wprowadzil 
[30-12-2021_02:07:36] Gracz: 2 odgadl literke: g dostal punktow: 1
[30-12-2021_02:07:36] Gracz: 1 nie zgadl slowa, wprowadzil 
[30-12-2021_02:07:36] Gracz: 5 wybral literke: d nie dostal punktow
[30-12-2021_02:07:36] Gracz: 1 wybral literke: t nie dostal punktow
[30-12-2021_02:07:37] Gracz: 2 wybral literke: r nie dostal punktow
[30-12-2021_02:07:37] Gracz: 5 odgadl literke: g dostal punktow: 1
[30-12-2021_02:07:37] Gracz: 1 wybral literke: f nie dostal punktow
[30-12-2021_02:07:37] Gracz: 2 odgadl literke: u dostal punktow: 1
[30-12-2021_02:07:37] Gracz: 5 nie zgadl slowa, wprowadzil 
[30-12-2021_02:07:37] Gracz: 1 nie zgadl slowa, wprowadzil 
[30-12-2021_02:07:38] Gracz: 2 nie zgadl slowa, wprowadzil 
[30-12-2021_02:07:38] Gracz: 5 nie zgadl slowa, wprowadzil 
[30-12-2021_02:07:38] Gracz: 5 wprowadzil niespodziewana odpowiedz - rozlaczam:
[30-12-2021_02:07:38] Gracz: 1 wybral literke: ą nie dostal punktow
[30-12-2021_02:07:38] Gracz: 1 wprowadzil niespodziewana odpowiedz - rozlaczam:
[30-12-2021_02:07:38] Gracz: 2 nie zgadl slowa, wprowadzil 
[30-12-2021_02:07:38] Gracz: 2 nie zgadl slowa, wprowadzil 
[30-12-2021_02:07:39] Gracz: 2 wybral literke: j nie dostal punktow
[30-12-2021_02:07:39] Gracz: 2 nie zgadl slowa, wprowadzil 
[30-12-2021_02:07:39] Gracz: 2 wprowadzil niespodziewana odpowiedz - rozlaczam:
[30-12-2021_02:09:14] Gra dla 1 zakonczona wynikiem: 1
[30-12-2021_02:09:14] Gra dla 5 zakonczona wynikiem: 1
[30-12-2021_02:09:14] Gra dla 2 zakonczona wynikiem: 2
