[30-12-2021_01:53:52] Zaczeto gre o id: 30
[30-12-2021_01:53:52] Dodano gracza: 3
[30-12-2021_01:53:52] Dodano gracza: 2
[30-12-2021_01:53:52] Dodano gracza: 1
[30-12-2021_01:53:52] Dodano gracza: 5
[30-12-2021_01:53:52] Wybrano slowo: nieobkręcaniach
[30-12-2021_01:53:52] Przetlumaczone slowo: 111133111111113
[30-12-2021_01:53:53] Gracz: 3 nie zgadl slowa, wprowadzil 
[30-12-2021_01:53:53] Gracz: 2 nie zgadl slowa, wprowadzil 
[30-12-2021_01:53:53] Gracz: 3 wybral literke: ć nie dostal punktow
[30-12-2021_01:53:53] Gracz: 2 wybral literke: ć nie dostal punktow
[30-12-2021_01:53:53] Gracz: 1 nie zgadl slowa, wprowadzil 
[30-12-2021_01:53:54] Gracz: 3 wybral literke: ń nie dostal punktow
[30-12-2021_01:53:54] Gracz: 2 wybral literke: l nie dostal punktow
[30-12-2021_01:53:54] Gracz: 1 nie zgadl slowa, wprowadzil 
[30-12-2021_01:53:54] Gracz: 5 nie zgadl slowa, wprowadzil 
[30-12-2021_01:53:54] Gracz: 3 wybral literke: y nie dostal punktow
[30-12-2021_01:53:54] Gracz: 2 nie zgadl slowa, wprowadzil 
[30-12-2021_01:53:54] Gracz: 1 wybral literke: m nie dostal punktow
[30-12-2021_01:53:54] Gracz: 5 odgadl literke: i dostal punktow: 2
[30-12-2021_01:53:54] Gracz: 3 odgadl literke: e dostal punktow: 1
[30-12-2021_01:53:54] Gracz: 2 odgadl literke: a dostal punktow: 2
[30-12-2021_01:53:55] Gracz: 1 nie zgadl slowa, wprowadzil 
[30-12-2021_01:53:55] Gracz: 5 wybral literke: q nie dostal punktow
[30-12-2021_01:53:55] Gracz: 1 wybral literke: d nie dostal punktow
[30-12-2021_01:53:55] Gracz: 3 nie zgadl slowa, wprowadzil 
[30-12-2021_01:53:55] Gracz: 2 odgadl literke: k dostal punktow: 1
[30-12-2021_01:53:55] Gracz: 5 wybral literke: d nie dostal punktow
[30-12-2021_01:53:55] Gracz: 1 wybral literke: ż nie dostal punktow
[30-12-2021_01:53:55] Gracz: 3 nie zgadl slowa, wprowadzil 
[30-12-2021_01:53:56] Gracz: 5 nie zgadl slowa, wprowadzil 
[30-12-2021_01:53:56] Gracz: 2 odgadl literke: h dostal punktow: 1
[30-12-2021_01:53:56] Gracz: 1 odgadl literke: n dostal punktow: 2
[30-12-2021_01:53:56] Gracz: 3 nie zgadl slowa, wprowadzil 
[30-12-2021_01:53:56] Gracz: 5 nie zgadl slowa, wprowadzil 
[30-12-2021_01:53:56] Gracz: 3 nie zgadl slowa, wprowadzil 
[30-12-2021_01:53:56] Gracz: 1 wybral literke: ł nie dostal punktow
[30-12-2021_01:53:56] Gracz: 5 nie zgadl slowa, wprowadzil 
[30-12-2021_01:53:57] Gracz: 3 odgadl literke: ę dostal punktow: 1
[30-12-2021_01:53:57] Gracz: 1 wybral literke: y nie dostal punktow
[30-12-2021_01:53:57] Gracz: 5 wybral literke: g nie dostal punktow
[30-12-2021_01:53:57] Gracz: 3 wprowadzil niespodziewana odpowiedz - rozlaczam:
[30-12-2021_01:53:57] Gracz: 1 nie zgadl slowa, wprowadzil 
[30-12-2021_01:53:57] Gracz: 1 wprowadzil niespodziewana odpowiedz - rozlaczam:
[30-12-2021_01:53:57] Gracz: 5 nie zgadl slowa, wprowadzil 
[30-12-2021_01:53:58] Gracz: 5 odgadl literke: n dostal punktow: 2
[30-12-2021_01:53:58] Gracz: 5 wprowadzil niespodziewana odpowiedz - rozlaczam:
[30-12-2021_01:54:06] Gracz: 2 rozlaczam minelo 10s
[30-12-2021_01:55:32] Gra dla 3 zakonczona wynikiem: 2
[30-12-2021_01:55:32] Gra dla 2 zakonczona wynikiem: 4
[30-12-2021_01:55:32] Gra dla 1 zakonczona wynikiem: 2
[30-12-2021_01:55:32] Gra dla 5 zakonczona wynikiem: 4
