[30-12-2021_02:11:38] Zaczeto gre o id: 58
[30-12-2021_02:11:38] Dodano gracza: 2
[30-12-2021_02:11:38] Dodano gracza: 1
[30-12-2021_02:11:38] Wybrano slowo: roztupujecie
[30-12-2021_02:11:38] Przetlumaczone slowo: 111312121111
[30-12-2021_02:11:38] Gracz: 2 nie zgadl slowa, wprowadzil 
[30-12-2021_02:11:39] Gracz: 2 nie zgadl slowa, wprowadzil 
[30-12-2021_02:11:39] Gracz: 2 wybral literke: x nie dostal punktow
[30-12-2021_02:11:39] Gracz: 1 nie zgadl slowa, wprowadzil 
[30-12-2021_02:11:39] Gracz: 2 wybral literke: b nie dostal punktow
[30-12-2021_02:11:40] Gracz: 1 odgadl literke: j dostal punktow: 1
[30-12-2021_02:11:40] Gracz: 2 wybral literke: ę nie dostal punktow
[30-12-2021_02:11:40] Gracz: 1 nie zgadl slowa, wprowadzil 
[30-12-2021_02:11:40] Gracz: 2 nie zgadl slowa, wprowadzil 
[30-12-2021_02:11:41] Gracz: 1 nie zgadl slowa, wprowadzil 
[30-12-2021_02:11:41] Gracz: 2 wybral literke: ł nie dostal punktow
[30-12-2021_02:11:41] Gracz: 1 odgadl literke: r dostal punktow: 1
[30-12-2021_02:11:41] Gracz: 2 nie zgadl slowa, wprowadzil 
[30-12-2021_02:11:41] Gracz: 2 wybral literke: ń nie dostal punktow
[30-12-2021_02:11:42] Gracz: 1 nie zgadl slowa, wprowadzil 
[30-12-2021_02:11:42] Gracz: 2 nie zgadl slowa, wprowadzil 
[30-12-2021_02:11:42] Gracz: 2 wprowadzil niespodziewana odpowiedz - rozlaczam:
[30-12-2021_02:11:42] Gracz: 1 nie zgadl slowa, wprowadzil 
[30-12-2021_02:11:42] Gracz: 1 wybral literke: ź nie dostal punktow
[30-12-2021_02:11:43] Gracz: 1 nie zgadl slowa, wprowadzil 
[30-12-2021_02:11:43] Gracz: 1 wybral literke: b nie dostal punktow
[30-12-2021_02:11:43] Gracz: 1 wprowadzil niespodziewana odpowiedz - rozlaczam:
[30-12-2021_02:13:18] Gra dla 2 zakonczona wynikiem: 0
[30-12-2021_02:13:18] Gra dla 1 zakonczona wynikiem: 2
