[30-12-2021_01:44:12] Zaczeto gre o id: 11
[30-12-2021_01:44:12] Dodano gracza: 3
[30-12-2021_01:44:12] Dodano gracza: 5
[30-12-2021_01:44:12] Dodano gracza: 2
[30-12-2021_01:44:12] Wybrano slowo: szustaliby
[30-12-2021_01:44:12] Przetlumaczone slowo: 1111313132
[30-12-2021_01:44:13] Gracz: 3 wybral literke: f nie dostal punktow
[30-12-2021_01:44:13] Gracz: 5 nie zgadl slowa, wprowadzil 
[30-12-2021_01:44:13] Gracz: 2 wybral literke: o nie dostal punktow
[30-12-2021_01:44:13] Gracz: 3 odgadl literke: i dostal punktow: 1
[30-12-2021_01:44:13] Gracz: 5 nie zgadl slowa, wprowadzil 
[30-12-2021_01:44:13] Gracz: 2 wybral literke: ś nie dostal punktow
[30-12-2021_01:44:13] Gracz: 5 nie zgadl slowa, wprowadzil 
[30-12-2021_01:44:14] Gracz: 3 odgadl literke: t dostal punktow: 1
[30-12-2021_01:44:14] Gracz: 2 nie zgadl slowa, wprowadzil 
[30-12-2021_01:44:14] Gracz: 5 wybral literke: ż nie dostal punktow
[30-12-2021_01:44:14] Gracz: 2 wybral literke: w nie dostal punktow
[30-12-2021_01:44:14] Gracz: 3 wybral literke: d nie dostal punktow
[30-12-2021_01:44:14] Gracz: 5 nie zgadl slowa, wprowadzil 
[30-12-2021_01:44:15] Gracz: 2 nie zgadl slowa, wprowadzil 
[30-12-2021_01:44:15] Gracz: 3 nie zgadl slowa, wprowadzil 
[30-12-2021_01:44:15] Gracz: 5 nie zgadl slowa, wprowadzil 
[30-12-2021_01:44:15] Gracz: 2 nie zgadl slowa, wprowadzil 
[30-12-2021_01:44:15] Gracz: 3 nie zgadl slowa, wprowadzil 
[30-12-2021_01:44:15] Gracz: 5 wybral literke: p nie dostal punktow
[30-12-2021_01:44:15] Gracz: 2 nie zgadl slowa, wprowadzil 
[30-12-2021_01:44:15] Gracz: 3 odgadl literke: z dostal punktow: 1
[30-12-2021_01:44:15] Gracz: 5 nie zgadl slowa, wprowadzil 
[30-12-2021_01:44:16] Gracz: 2 odgadl literke: i dostal punktow: 1
[30-12-2021_01:44:16] Gracz: 5 wybral literke: r nie dostal punktow
[30-12-2021_01:44:16] Gracz: 3 wybral literke: m nie dostal punktow
[30-12-2021_01:44:16] Gracz: 5 odgadl literke: b dostal punktow: 1
[30-12-2021_01:44:16] Gracz: 2 nie zgadl slowa, wprowadzil 
[30-12-2021_01:44:16] Gracz: 3 wybral literke: k nie dostal punktow
[30-12-2021_01:44:17] Gracz: 5 wprowadzil niespodziewana odpowiedz - rozlaczam:
[30-12-2021_01:44:17] Gracz: 2 nie zgadl slowa, wprowadzil 
[30-12-2021_01:44:17] Gracz: 2 wprowadzil niespodziewana odpowiedz - rozlaczam:
[30-12-2021_01:44:17] Gracz: 3 wybral literke: r nie dostal punktow
[30-12-2021_01:44:17] Gracz: 3 wprowadzil niespodziewana odpowiedz - rozlaczam:
[30-12-2021_01:45:52] Gra dla 5 zakonczona wynikiem: 1
[30-12-2021_01:45:52] Gra dla 3 zakonczona wynikiem: 3
[30-12-2021_01:45:52] Gra dla 2 zakonczona wynikiem: 1
