[30-12-2021_01:47:46] Zaczeto gre o id: 18
[30-12-2021_01:47:46] Dodano gracza: 2
[30-12-2021_01:47:46] Dodano gracza: 1
[30-12-2021_01:47:46] Dodano gracza: 5
[30-12-2021_01:47:46] Wybrano slowo: zaplemniała
[30-12-2021_01:47:46] Przetlumaczone slowo: 11231111131
[30-12-2021_01:47:46] Gracz: 1 nie zgadl slowa, wprowadzil 
[30-12-2021_01:47:46] Gracz: 2 nie zgadl slowa, wprowadzil 
[30-12-2021_01:47:47] Gracz: 1 nie zgadl slowa, wprowadzil 
[30-12-2021_01:47:47] Gracz: 2 odgadl literke: l dostal punktow: 1
[30-12-2021_01:47:47] Gracz: 1 wybral literke: d nie dostal punktow
[30-12-2021_01:47:47] Gracz: 2 odgadl literke: a dostal punktow: 3
[30-12-2021_01:47:48] Gracz: 5 nie zgadl slowa, wprowadzil 
[30-12-2021_01:47:48] Gracz: 1 wybral literke: ż nie dostal punktow
[30-12-2021_01:47:48] Gracz: 5 wybral literke: c nie dostal punktow
[30-12-2021_01:47:48] Gracz: 2 wybral literke: k nie dostal punktow
[30-12-2021_01:47:48] Gracz: 1 odgadl literke: n dostal punktow: 1
[30-12-2021_01:47:48] Gracz: 5 wybral literke: x nie dostal punktow
[30-12-2021_01:47:48] Gracz: 2 nie zgadl slowa, wprowadzil 
[30-12-2021_01:47:49] Gracz: 1 nie zgadl slowa, wprowadzil 
[30-12-2021_01:47:49] Gracz: 5 nie zgadl slowa, wprowadzil 
[30-12-2021_01:47:49] Gracz: 2 nie zgadl slowa, wprowadzil 
[30-12-2021_01:47:49] Gracz: 1 odgadl literke: ł dostal punktow: 1
[30-12-2021_01:47:49] Gracz: 5 nie zgadl slowa, wprowadzil 
[30-12-2021_01:47:49] Gracz: 2 nie zgadl slowa, wprowadzil 
[30-12-2021_01:47:50] Gracz: 5 nie zgadl slowa, wprowadzil 
[30-12-2021_01:47:50] Gracz: 1 wybral literke: y nie dostal punktow
[30-12-2021_01:47:50] Gracz: 2 wybral literke: h nie dostal punktow
[30-12-2021_01:47:50] Gracz: 5 wybral literke: ó nie dostal punktow
[30-12-2021_01:47:50] Gracz: 1 odgadl literke: i dostal punktow: 1
[30-12-2021_01:47:50] Gracz: 2 odgadl literke: n dostal punktow: 1
[30-12-2021_01:47:50] Gracz: 5 nie zgadl slowa, wprowadzil 
[30-12-2021_01:47:51] Gracz: 1 nie zgadl slowa, wprowadzil 
[30-12-2021_01:47:51] Gracz: 2 wybral literke: o nie dostal punktow
[30-12-2021_01:47:51] Gracz: 1 wprowadzil niespodziewana odpowiedz - rozlaczam:
[30-12-2021_01:47:51] Gracz: 2 wprowadzil niespodziewana odpowiedz - rozlaczam:
[30-12-2021_01:47:51] Gracz: 5 wybral literke: ą nie dostal punktow
[30-12-2021_01:47:51] Gracz: 5 nie zgadl slowa, wprowadzil 
[30-12-2021_01:47:51] Gracz: 5 wprowadzil niespodziewana odpowiedz - rozlaczam:
[30-12-2021_01:49:26] Gra dla 2 zakonczona wynikiem: 5
[30-12-2021_01:49:26] Gra dla 1 zakonczona wynikiem: 3
[30-12-2021_01:49:26] Gra dla 5 zakonczona wynikiem: 0
