[30-12-2021_01:50:49] Zaczeto gre o id: 24
[30-12-2021_01:50:49] Dodano gracza: 5
[30-12-2021_01:50:49] Dodano gracza: 2
[30-12-2021_01:50:49] Dodano gracza: 1
[30-12-2021_01:50:49] Wybrano slowo: niepchełkowej
[30-12-2021_01:50:49] Przetlumaczone slowo: 1112131331112
[30-12-2021_01:50:50] Gracz: 5 wybral literke: q nie dostal punktow
[30-12-2021_01:50:50] Gracz: 2 wybral literke: ą nie dostal punktow
[30-12-2021_01:50:50] Gracz: 5 wybral literke: d nie dostal punktow
[30-12-2021_01:50:50] Gracz: 2 nie zgadl slowa, wprowadzil 
[30-12-2021_01:50:50] Gracz: 5 wybral literke: g nie dostal punktow
[30-12-2021_01:50:51] Gracz: 1 odgadl literke: k dostal punktow: 1
[30-12-2021_01:50:51] Gracz: 2 odgadl literke: p dostal punktow: 1
[30-12-2021_01:50:51] Gracz: 5 odgadl literke: n dostal punktow: 1
[30-12-2021_01:50:51] Gracz: 1 wybral literke: m nie dostal punktow
[30-12-2021_01:50:51] Gracz: 2 wybral literke: ć nie dostal punktow
[30-12-2021_01:50:51] Gracz: 5 wybral literke: a nie dostal punktow
[30-12-2021_01:50:52] Gracz: 1 wybral literke: d nie dostal punktow
[30-12-2021_01:50:52] Gracz: 2 wybral literke: l nie dostal punktow
[30-12-2021_01:50:52] Gracz: 5 nie zgadl slowa, wprowadzil 
[30-12-2021_01:50:52] Gracz: 1 wybral literke: ż nie dostal punktow
[30-12-2021_01:50:52] Gracz: 2 nie zgadl slowa, wprowadzil 
[30-12-2021_01:50:52] Gracz: 5 odgadl literke: h dostal punktow: 1
[30-12-2021_01:50:53] Gracz: 1 odgadl literke: n dostal punktow: 1
[30-12-2021_01:50:53] Gracz: 2 wybral literke: a nie dostal punktow
[30-12-2021_01:50:53] Gracz: 5 nie zgadl slowa, wprowadzil 
[30-12-2021_01:50:53] Gracz: 2 nie zgadl slowa, wprowadzil 
[30-12-2021_01:50:53] Gracz: 1 nie zgadl slowa, wprowadzil 
[30-12-2021_01:50:53] Gracz: 5 nie zgadl slowa, wprowadzil 
[30-12-2021_01:50:53] Gracz: 2 nie zgadl slowa, wprowadzil 
[30-12-2021_01:50:54] Gracz: 1 nie zgadl slowa, wprowadzil 
[30-12-2021_01:50:54] Gracz: 5 wybral literke: f nie dostal punktow
[30-12-2021_01:50:54] Gracz: 5 wprowadzil niespodziewana odpowiedz - rozlaczam:
[30-12-2021_01:50:54] Gracz: 2 nie zgadl slowa, wprowadzil 
[30-12-2021_01:50:54] Gracz: 2 wprowadzil niespodziewana odpowiedz - rozlaczam:
[30-12-2021_01:50:54] Gracz: 1 odgadl literke: ł dostal punktow: 1
[30-12-2021_01:50:55] Gracz: 1 nie zgadl slowa, wprowadzil 
[30-12-2021_01:50:55] Gracz: 1 wybral literke: y nie dostal punktow
[30-12-2021_01:50:55] Gracz: 1 wprowadzil niespodziewana odpowiedz - rozlaczam:
[30-12-2021_01:52:29] Gra dla 5 zakonczona wynikiem: 2
[30-12-2021_01:52:29] Gra dla 2 zakonczona wynikiem: 1
[30-12-2021_01:52:29] Gra dla 1 zakonczona wynikiem: 3
