[30-12-2021_01:59:55] Zaczeto gre o id: 35
[30-12-2021_01:59:55] Dodano gracza: 2
[30-12-2021_01:59:55] Dodano gracza: 1
[30-12-2021_01:59:55] Dodano gracza: 3
[30-12-2021_01:59:55] Dodano gracza: 5
[30-12-2021_01:59:55] Wybrano slowo: doigrałabyś
[30-12-2021_01:59:55] Przetlumaczone slowo: 31121131321
[30-12-2021_01:59:56] Gracz: 2 wybral literke: j nie dostal punktow
[30-12-2021_01:59:56] Gracz: 1 nie zgadl slowa, wprowadzil 
[30-12-2021_01:59:56] Gracz: 2 nie zgadl slowa, wprowadzil 
[30-12-2021_01:59:56] Gracz: 1 wybral literke: f nie dostal punktow
[30-12-2021_01:59:57] Gracz: 2 nie zgadl slowa, wprowadzil 
[30-12-2021_01:59:57] Gracz: 3 nie zgadl slowa, wprowadzil 
[30-12-2021_01:59:57] Gracz: 1 nie zgadl slowa, wprowadzil 
[30-12-2021_01:59:57] Gracz: 5 wybral literke: e nie dostal punktow
[30-12-2021_01:59:57] Gracz: 2 nie zgadl slowa, wprowadzil 
[30-12-2021_01:59:57] Gracz: 3 nie zgadl slowa, wprowadzil 
[30-12-2021_01:59:57] Gracz: 1 wybral literke: ą nie dostal punktow
[30-12-2021_01:59:57] Gracz: 5 nie zgadl slowa, wprowadzil 
[30-12-2021_01:59:57] Gracz: 2 nie zgadl slowa, wprowadzil 
[30-12-2021_01:59:57] Gracz: 3 nie zgadl slowa, wprowadzil 
[30-12-2021_01:59:58] Gracz: 1 wybral literke: u nie dostal punktow
[30-12-2021_01:59:58] Gracz: 5 nie zgadl slowa, wprowadzil 
[30-12-2021_01:59:58] Gracz: 2 wybral literke: v nie dostal punktow
[30-12-2021_01:59:58] Gracz: 3 nie zgadl slowa, wprowadzil 
[30-12-2021_01:59:58] Gracz: 1 nie zgadl slowa, wprowadzil 
[30-12-2021_01:59:58] Gracz: 5 nie zgadl slowa, wprowadzil 
[30-12-2021_01:59:58] Gracz: 2 nie zgadl slowa, wprowadzil 
[30-12-2021_01:59:58] Gracz: 3 wybral literke: q nie dostal punktow
[30-12-2021_01:59:58] Gracz: 1 nie zgadl slowa, wprowadzil 
[30-12-2021_01:59:59] Gracz: 5 odgadl literke: o dostal punktow: 1
[30-12-2021_01:59:59] Gracz: 2 nie zgadl slowa, wprowadzil 
[30-12-2021_01:59:59] Gracz: 3 nie zgadl slowa, wprowadzil 
[30-12-2021_01:59:59] Gracz: 1 nie zgadl slowa, wprowadzil 
[30-12-2021_01:59:59] Gracz: 2 nie zgadl slowa, wprowadzil 
[30-12-2021_01:59:59] Gracz: 3 wybral literke: ź nie dostal punktow
[30-12-2021_01:59:59] Gracz: 5 nie zgadl slowa, wprowadzil 
[30-12-2021_01:59:59] Gracz: 1 wybral literke: j nie dostal punktow
[30-12-2021_01:59:59] Gracz: 2 nie zgadl slowa, wprowadzil 
[30-12-2021_01:59:59] Gracz: 2 wprowadzil niespodziewana odpowiedz - rozlaczam:
[30-12-2021_01:59:59] Gracz: 3 nie zgadl slowa, wprowadzil 
[30-12-2021_02:00:00] Gracz: 5 nie zgadl slowa, wprowadzil 
[30-12-2021_02:00:00] Gracz: 1 odgadl literke: r dostal punktow: 1
[30-12-2021_02:00:00] Gracz: 1 wprowadzil niespodziewana odpowiedz - rozlaczam:
[30-12-2021_02:00:00] Gracz: 3 nie zgadl slowa, wprowadzil 
[30-12-2021_02:00:00] Gracz: 5 odgadl literke: y dostal punktow: 1
[30-12-2021_02:00:00] Gracz: 3 wybral literke: ó nie dostal punktow
[30-12-2021_02:00:00] Gracz: 3 wprowadzil niespodziewana odpowiedz - rozlaczam:
[30-12-2021_02:00:01] Gracz: 5 wybral literke: m nie dostal punktow
[30-12-2021_02:00:01] Gracz: 5 wybral literke: ź nie dostal punktow
[30-12-2021_02:00:01] Gracz: 5 wprowadzil niespodziewana odpowiedz - rozlaczam:
[30-12-2021_02:01:35] Gra dla 2 zakonczona wynikiem: 0
[30-12-2021_02:01:35] Gra dla 1 zakonczona wynikiem: 1
[30-12-2021_02:01:35] Gra dla 3 zakonczona wynikiem: 0
[30-12-2021_02:01:35] Gra dla 5 zakonczona wynikiem: 2
