[30-12-2021_01:42:10] Zaczeto gre o id: 7
[30-12-2021_01:42:10] Dodano gracza: 5
[30-12-2021_01:42:10] Dodano gracza: 3
[30-12-2021_01:42:10] Dodano gracza: 1
[30-12-2021_01:42:10] Dodano gracza: 2
[30-12-2021_01:42:10] Wybrano slowo: zawińcie
[30-12-2021_01:42:10] Przetlumaczone slowo: 11111111
[30-12-2021_01:42:11] Gracz: 5 nie zgadl slowa, wprowadzil 
[30-12-2021_01:42:11] Gracz: 1 wybral literke: u nie dostal punktow
[30-12-2021_01:42:11] Gracz: 3 nie zgadl slowa, wprowadzil 
[30-12-2021_01:42:12] Gracz: 5 wybral literke: k nie dostal punktow
[30-12-2021_01:42:12] Gracz: 1 nie zgadl slowa, wprowadzil 
[30-12-2021_01:42:12] Gracz: 3 wybral literke: s nie dostal punktow
[30-12-2021_01:42:12] Gracz: 2 nie zgadl slowa, wprowadzil 
[30-12-2021_01:42:12] Gracz: 5 wybral literke: v nie dostal punktow
[30-12-2021_01:42:12] Gracz: 1 wybral literke: j nie dostal punktow
[30-12-2021_01:42:12] Gracz: 3 nie zgadl slowa, wprowadzil 
[30-12-2021_01:42:12] Gracz: 2 wybral literke: ź nie dostal punktow
[30-12-2021_01:42:12] Gracz: 5 odgadl literke: ń dostal punktow: 1
[30-12-2021_01:42:12] Gracz: 1 wybral literke: r nie dostal punktow
[30-12-2021_01:42:12] Gracz: 3 wybral literke: l nie dostal punktow
[30-12-2021_01:42:13] Gracz: 2 nie zgadl slowa, wprowadzil 
[30-12-2021_01:42:13] Gracz: 1 wybral literke: ź nie dostal punktow
[30-12-2021_01:42:13] Gracz: 3 wybral literke: h nie dostal punktow
[30-12-2021_01:42:13] Gracz: 5 nie zgadl slowa, wprowadzil 
[30-12-2021_01:42:13] Gracz: 2 nie zgadl slowa, wprowadzil 
[30-12-2021_01:42:13] Gracz: 1 nie zgadl slowa, wprowadzil 
[30-12-2021_01:42:13] Gracz: 3 nie zgadl slowa, wprowadzil 
[30-12-2021_01:42:13] Gracz: 5 nie zgadl slowa, wprowadzil 
[30-12-2021_01:42:14] Gracz: 2 odgadl literke: c dostal punktow: 1
[30-12-2021_01:42:14] Gracz: 1 wybral literke: b nie dostal punktow
[30-12-2021_01:42:14] Gracz: 3 nie zgadl slowa, wprowadzil 
[30-12-2021_01:42:14] Gracz: 5 wybral literke: j nie dostal punktow
[30-12-2021_01:42:14] Gracz: 1 odgadl literke: e dostal punktow: 1
[30-12-2021_01:42:14] Gracz: 3 nie zgadl slowa, wprowadzil 
[30-12-2021_01:42:14] Gracz: 2 nie zgadl slowa, wprowadzil 
[30-12-2021_01:42:14] Gracz: 5 nie zgadl slowa, wprowadzil 
[30-12-2021_01:42:14] Gracz: 3 odgadl literke: a dostal punktow: 1
[30-12-2021_01:42:15] Gracz: 2 nie zgadl slowa, wprowadzil 
[30-12-2021_01:42:15] Gracz: 5 odgadl literke: i dostal punktow: 2
[30-12-2021_01:42:15] Gracz: 1 wybral literke: p nie dostal punktow
[30-12-2021_01:42:15] Gracz: 2 odgadl literke: z dostal punktow: 1
[30-12-2021_01:42:15] Gracz: 1 wybral literke: l nie dostal punktow
[30-12-2021_01:42:15] Gracz: 1 wprowadzil niespodziewana odpowiedz - rozlaczam:
[30-12-2021_01:42:15] Gracz: 3 nie zgadl slowa, wprowadzil 
[30-12-2021_01:42:15] Gracz: 3 wprowadzil niespodziewana odpowiedz - rozlaczam:
[30-12-2021_01:42:15] Gracz: 5 wybral literke: q nie dostal punktow
[30-12-2021_01:42:15] Gracz: 5 wprowadzil niespodziewana odpowiedz - rozlaczam:
[30-12-2021_01:42:16] Gracz: 2 nie zgadl slowa, wprowadzil 
[30-12-2021_01:42:16] Gracz: 2 wybral literke: d nie dostal punktow
[30-12-2021_01:42:16] Gracz: 2 wprowadzil niespodziewana odpowiedz - rozlaczam:
[30-12-2021_01:43:50] Gra dla 5 zakonczona wynikiem: 3
[30-12-2021_01:43:50] Gra dla 1 zakonczona wynikiem: 1
[30-12-2021_01:43:50] Gra dla 3 zakonczona wynikiem: 1
[30-12-2021_01:43:50] Gra dla 2 zakonczona wynikiem: 2
