[30-12-2021_02:12:08] Zaczeto gre o id: 59
[30-12-2021_02:12:08] Dodano gracza: 2
[30-12-2021_02:12:08] Dodano gracza: 1
[30-12-2021_02:12:08] Wybrano slowo: eutanasty
[30-12-2021_02:12:08] Przetlumaczone slowo: 113111132
[30-12-2021_02:12:10] Gracz: 1 odgadl literke: e dostal punktow: 1
[30-12-2021_02:12:10] Gracz: 1 nie zgadl slowa, wprowadzil 
[30-12-2021_02:12:10] Gracz: 2 odgadl literke: t dostal punktow: 2
[30-12-2021_02:12:11] Gracz: 1 wybral literke: p nie dostal punktow
[30-12-2021_02:12:11] Gracz: 2 nie zgadl slowa, wprowadzil 
[30-12-2021_02:12:11] Gracz: 1 nie zgadl slowa, wprowadzil 
[30-12-2021_02:12:11] Gracz: 2 wybral literke: ż nie dostal punktow
[30-12-2021_02:12:11] Gracz: 1 wybral literke: l nie dostal punktow
[30-12-2021_02:12:12] Gracz: 2 nie zgadl slowa, wprowadzil 
[30-12-2021_02:12:12] Gracz: 1 wybral literke: q nie dostal punktow
[30-12-2021_02:12:12] Gracz: 2 wybral literke: m nie dostal punktow
[30-12-2021_02:12:12] Gracz: 1 wybral literke: ś nie dostal punktow
[30-12-2021_02:12:12] Gracz: 2 nie zgadl slowa, wprowadzil 
[30-12-2021_02:12:13] Gracz: 1 nie zgadl slowa, wprowadzil 
[30-12-2021_02:12:13] Gracz: 2 nie zgadl slowa, wprowadzil 
[30-12-2021_02:12:13] Gracz: 1 nie zgadl slowa, wprowadzil 
[30-12-2021_02:12:13] Gracz: 2 nie zgadl slowa, wprowadzil 
[30-12-2021_02:12:13] Gracz: 1 nie zgadl slowa, wprowadzil 
[30-12-2021_02:12:13] Gracz: 1 wprowadzil niespodziewana odpowiedz - rozlaczam:
[30-12-2021_02:12:14] Gracz: 2 wybral literke: q nie dostal punktow
[30-12-2021_02:12:14] Gracz: 2 nie zgadl slowa, wprowadzil 
[30-12-2021_02:12:14] Gracz: 2 wprowadzil niespodziewana odpowiedz - rozlaczam:
[30-12-2021_02:13:48] Gra dla 1 zakonczona wynikiem: 1
[30-12-2021_02:13:48] Gra dla 2 zakonczona wynikiem: 2
