[30-12-2021_02:12:39] Zaczeto gre o id: 60
[30-12-2021_02:12:39] Dodano gracza: 1
[30-12-2021_02:12:39] Dodano gracza: 2
[30-12-2021_02:12:39] Wybrano slowo: nieruganiami
[30-12-2021_02:12:39] Przetlumaczone slowo: 111112111111
[30-12-2021_02:12:40] Gracz: 1 nie zgadl slowa, wprowadzil 
[30-12-2021_02:12:40] Gracz: 1 nie zgadl slowa, wprowadzil 
[30-12-2021_02:12:40] Gracz: 2 odgadl literke: e dostal punktow: 1
[30-12-2021_02:12:41] Gracz: 1 nie zgadl slowa, wprowadzil 
[30-12-2021_02:12:41] Gracz: 1 wybral literke: k nie dostal punktow
[30-12-2021_02:12:41] Gracz: 2 nie zgadl slowa, wprowadzil 
[30-12-2021_02:12:41] Gracz: 1 nie zgadl slowa, wprowadzil 
[30-12-2021_02:12:41] Gracz: 2 nie zgadl slowa, wprowadzil 
[30-12-2021_02:12:42] Gracz: 1 nie zgadl slowa, wprowadzil 
[30-12-2021_02:12:42] Gracz: 2 nie zgadl slowa, wprowadzil 
[30-12-2021_02:12:42] Gracz: 1 odgadl literke: m dostal punktow: 1
[30-12-2021_02:12:42] Gracz: 2 wybral literke: ź nie dostal punktow
[30-12-2021_02:12:43] Gracz: 2 nie zgadl slowa, wprowadzil 
[30-12-2021_02:12:43] Gracz: 1 nie zgadl slowa, wprowadzil 
[30-12-2021_02:12:43] Gracz: 2 wybral literke: c nie dostal punktow
[30-12-2021_02:12:43] Gracz: 1 wybral literke: d nie dostal punktow
[30-12-2021_02:12:43] Gracz: 2 nie zgadl slowa, wprowadzil 
[30-12-2021_02:12:44] Gracz: 1 nie zgadl slowa, wprowadzil 
[30-12-2021_02:12:44] Gracz: 1 wprowadzil niespodziewana odpowiedz - rozlaczam:
[30-12-2021_02:12:44] Gracz: 2 nie zgadl slowa, wprowadzil 
[30-12-2021_02:12:44] Gracz: 2 wybral literke: z nie dostal punktow
[30-12-2021_02:12:44] Gracz: 2 wprowadzil niespodziewana odpowiedz - rozlaczam:
[30-12-2021_02:14:19] Gra dla 1 zakonczona wynikiem: 1
[30-12-2021_02:14:19] Gra dla 2 zakonczona wynikiem: 1
