[30-12-2021_02:01:27] Zaczeto gre o id: 38
[30-12-2021_02:01:27] Dodano gracza: 2
[30-12-2021_02:01:27] Dodano gracza: 5
[30-12-2021_02:01:27] Dodano gracza: 1
[30-12-2021_02:01:27] Wybrano slowo: hydroponik
[30-12-2021_02:01:27] Przetlumaczone slowo: 3231121113
[30-12-2021_02:01:28] Gracz: 2 nie zgadl slowa, wprowadzil 
[30-12-2021_02:01:28] Gracz: 5 nie zgadl slowa, wprowadzil 
[30-12-2021_02:01:28] Gracz: 2 nie zgadl slowa, wprowadzil 
[30-12-2021_02:01:28] Gracz: 5 nie zgadl slowa, wprowadzil 
[30-12-2021_02:01:29] Gracz: 2 wybral literke: q nie dostal punktow
[30-12-2021_02:01:29] Gracz: 1 nie zgadl slowa, wprowadzil 
[30-12-2021_02:01:29] Gracz: 5 nie zgadl slowa, wprowadzil 
[30-12-2021_02:01:29] Gracz: 2 nie zgadl slowa, wprowadzil 
[30-12-2021_02:01:29] Gracz: 1 nie zgadl slowa, wprowadzil 
[30-12-2021_02:01:29] Gracz: 5 nie zgadl slowa, wprowadzil 
[30-12-2021_02:01:30] Gracz: 2 nie zgadl slowa, wprowadzil 
[30-12-2021_02:01:30] Gracz: 1 nie zgadl slowa, wprowadzil 
[30-12-2021_02:01:30] Gracz: 5 wybral literke: a nie dostal punktow
[30-12-2021_02:01:30] Gracz: 2 wybral literke: e nie dostal punktow
[30-12-2021_02:01:30] Gracz: 1 nie zgadl slowa, wprowadzil 
[30-12-2021_02:01:30] Gracz: 5 odgadl literke: h dostal punktow: 1
[30-12-2021_02:01:30] Gracz: 2 nie zgadl slowa, wprowadzil 
[30-12-2021_02:01:30] Gracz: 1 odgadl literke: k dostal punktow: 1
[30-12-2021_02:01:31] Gracz: 5 wybral literke: f nie dostal punktow
[30-12-2021_02:01:31] Gracz: 2 nie zgadl slowa, wprowadzil 
[30-12-2021_02:01:31] Gracz: 1 nie zgadl slowa, wprowadzil 
[30-12-2021_02:01:31] Gracz: 5 wybral literke: z nie dostal punktow
[30-12-2021_02:01:31] Gracz: 2 wybral literke: ź nie dostal punktow
[30-12-2021_02:01:31] Gracz: 1 nie zgadl slowa, wprowadzil 
[30-12-2021_02:01:31] Gracz: 5 wybral literke: c nie dostal punktow
[30-12-2021_02:01:32] Gracz: 2 wybral literke: c nie dostal punktow
[30-12-2021_02:01:32] Gracz: 2 wprowadzil niespodziewana odpowiedz - rozlaczam:
[30-12-2021_02:01:32] Gracz: 1 nie zgadl slowa, wprowadzil 
[30-12-2021_02:01:32] Gracz: 5 wybral literke: x nie dostal punktow
[30-12-2021_02:01:32] Gracz: 5 wprowadzil niespodziewana odpowiedz - rozlaczam:
[30-12-2021_02:01:32] Gracz: 1 wybral literke: m nie dostal punktow
[30-12-2021_02:01:33] Gracz: 1 nie zgadl slowa, wprowadzil 
[30-12-2021_02:01:33] Gracz: 1 wprowadzil niespodziewana odpowiedz - rozlaczam:
[30-12-2021_02:03:07] Gra dla 2 zakonczona wynikiem: 0
[30-12-2021_02:03:07] Gra dla 5 zakonczona wynikiem: 1
[30-12-2021_02:03:07] Gra dla 1 zakonczona wynikiem: 1
