[30-12-2021_01:51:50] Zaczeto gre o id: 26
[30-12-2021_01:51:50] Dodano gracza: 2
[30-12-2021_01:51:50] Dodano gracza: 5
[30-12-2021_01:51:50] Dodano gracza: 1
[30-12-2021_01:51:50] Wybrano slowo: kusiłbym
[30-12-2021_01:51:50] Przetlumaczone slowo: 31113321
[30-12-2021_01:51:51] Gracz: 5 wybral literke: ś nie dostal punktow
[30-12-2021_01:51:51] Gracz: 2 nie zgadl slowa, wprowadzil 
[30-12-2021_01:51:51] Gracz: 5 wybral literke: ż nie dostal punktow
[30-12-2021_01:51:51] Gracz: 2 nie zgadl slowa, wprowadzil 
[30-12-2021_01:51:51] Gracz: 5 wybral literke: p nie dostal punktow
[30-12-2021_01:51:51] Gracz: 2 odgadl literke: s dostal punktow: 1
[30-12-2021_01:51:52] Gracz: 1 wybral literke: w nie dostal punktow
[30-12-2021_01:51:52] Gracz: 5 nie zgadl slowa, wprowadzil 
[30-12-2021_01:51:52] Gracz: 2 wybral literke: g nie dostal punktow
[30-12-2021_01:51:52] Gracz: 1 wybral literke: x nie dostal punktow
[30-12-2021_01:51:52] Gracz: 5 wybral literke: r nie dostal punktow
[30-12-2021_01:51:52] Gracz: 2 wybral literke: r nie dostal punktow
[30-12-2021_01:51:53] Gracz: 1 nie zgadl slowa, wprowadzil 
[30-12-2021_01:51:53] Gracz: 5 odgadl literke: b dostal punktow: 1
[30-12-2021_01:51:53] Gracz: 2 odgadl literke: u dostal punktow: 1
[30-12-2021_01:51:53] Gracz: 1 nie zgadl slowa, wprowadzil 
[30-12-2021_01:51:53] Gracz: 5 wybral literke: w nie dostal punktow
[30-12-2021_01:51:53] Gracz: 1 nie zgadl slowa, wprowadzil 
[30-12-2021_01:51:53] Gracz: 2 wybral literke: j nie dostal punktow
[30-12-2021_01:51:54] Gracz: 5 wybral literke: l nie dostal punktow
[30-12-2021_01:51:54] Gracz: 1 wybral literke: ć nie dostal punktow
[30-12-2021_01:51:54] Gracz: 2 nie zgadl slowa, wprowadzil 
[30-12-2021_01:51:54] Gracz: 5 odgadl literke: u dostal punktow: 1
[30-12-2021_01:51:54] Gracz: 1 nie zgadl slowa, wprowadzil 
[30-12-2021_01:51:54] Gracz: 2 wybral literke: v nie dostal punktow
[30-12-2021_01:51:55] Gracz: 1 nie zgadl slowa, wprowadzil 
[30-12-2021_01:51:55] Gracz: 5 wybral literke: ę nie dostal punktow
[30-12-2021_01:51:55] Gracz: 2 nie zgadl slowa, wprowadzil 
[30-12-2021_01:51:55] Gracz: 2 wprowadzil niespodziewana odpowiedz - rozlaczam:
[30-12-2021_01:51:55] Gracz: 5 wprowadzil niespodziewana odpowiedz - rozlaczam:
[30-12-2021_01:51:55] Gracz: 1 nie zgadl slowa, wprowadzil 
[30-12-2021_01:51:55] Gracz: 1 wybral literke: h nie dostal punktow
[30-12-2021_01:51:55] Gracz: 1 wprowadzil niespodziewana odpowiedz - rozlaczam:
[30-12-2021_01:53:30] Gra dla 2 zakonczona wynikiem: 2
[30-12-2021_01:53:30] Gra dla 5 zakonczona wynikiem: 2
[30-12-2021_01:53:30] Gra dla 1 zakonczona wynikiem: 0
