[30-12-2021_02:05:31] Zaczeto gre o id: 46
[30-12-2021_02:05:31] Dodano gracza: 1
[30-12-2021_02:05:31] Dodano gracza: 5
[30-12-2021_02:05:31] Dodano gracza: 2
[30-12-2021_02:05:31] Wybrano slowo: rozbarwiającej
[30-12-2021_02:05:31] Przetlumaczone slowo: 11131111121112
[30-12-2021_02:05:32] Gracz: 5 odgadl literke: w dostal punktow: 1
[30-12-2021_02:05:32] Gracz: 2 nie zgadl slowa, wprowadzil 
[30-12-2021_02:05:32] Gracz: 2 nie zgadl slowa, wprowadzil 
[30-12-2021_02:05:32] Gracz: 5 nie zgadl slowa, wprowadzil 
[30-12-2021_02:05:33] Gracz: 2 wybral literke: ń nie dostal punktow
[30-12-2021_02:05:33] Gracz: 5 wybral literke: l nie dostal punktow
[30-12-2021_02:05:33] Gracz: 2 wybral literke: t nie dostal punktow
[30-12-2021_02:05:33] Gracz: 5 nie zgadl slowa, wprowadzil 
[30-12-2021_02:05:33] Gracz: 1 wybral literke: ż nie dostal punktow
[30-12-2021_02:05:33] Gracz: 2 nie zgadl slowa, wprowadzil 
[30-12-2021_02:05:33] Gracz: 5 wybral literke: u nie dostal punktow
[30-12-2021_02:05:34] Gracz: 1 wybral literke: n nie dostal punktow
[30-12-2021_02:05:34] Gracz: 2 wybral literke: ż nie dostal punktow
[30-12-2021_02:05:34] Gracz: 5 nie zgadl slowa, wprowadzil 
[30-12-2021_02:05:34] Gracz: 1 nie zgadl slowa, wprowadzil 
[30-12-2021_02:05:34] Gracz: 2 nie zgadl slowa, wprowadzil 
[30-12-2021_02:05:34] Gracz: 5 nie zgadl slowa, wprowadzil 
[30-12-2021_02:05:34] Gracz: 1 wybral literke: ł nie dostal punktow
[30-12-2021_02:05:35] Gracz: 2 wybral literke: m nie dostal punktow
[30-12-2021_02:05:35] Gracz: 5 nie zgadl slowa, wprowadzil 
[30-12-2021_02:05:35] Gracz: 1 wybral literke: y nie dostal punktow
[30-12-2021_02:05:35] Gracz: 2 nie zgadl slowa, wprowadzil 
[30-12-2021_02:05:35] Gracz: 5 nie zgadl slowa, wprowadzil 
[30-12-2021_02:05:35] Gracz: 1 nie zgadl slowa, wprowadzil 
[30-12-2021_02:05:35] Gracz: 2 wybral literke: q nie dostal punktow
[30-12-2021_02:05:35] Gracz: 2 wprowadzil niespodziewana odpowiedz - rozlaczam:
[30-12-2021_02:05:35] Gracz: 5 nie zgadl slowa, wprowadzil 
[30-12-2021_02:05:35] Gracz: 5 wprowadzil niespodziewana odpowiedz - rozlaczam:
[30-12-2021_02:05:36] Gracz: 1 odgadl literke: i dostal punktow: 1
[30-12-2021_02:05:36] Gracz: 1 nie zgadl slowa, wprowadzil 
[30-12-2021_02:05:37] Gracz: 1 nie zgadl slowa, wprowadzil 
[30-12-2021_02:05:37] Gracz: 1 nie zgadl slowa, wprowadzil 
[30-12-2021_02:05:37] Gracz: 1 wprowadzil niespodziewana odpowiedz - rozlaczam:
[30-12-2021_02:07:11] Gra dla 5 zakonczona wynikiem: 1
[30-12-2021_02:07:11] Gra dla 2 zakonczona wynikiem: 0
[30-12-2021_02:07:11] Gra dla 1 zakonczona wynikiem: 1
