[30-12-2021_01:41:09] Zaczeto gre o id: 5
[30-12-2021_01:41:09] Dodano gracza: 1
[30-12-2021_01:41:09] Dodano gracza: 2
[30-12-2021_01:41:09] Dodano gracza: 3
[30-12-2021_01:41:09] Dodano gracza: 5
[30-12-2021_01:41:09] Wybrano slowo: dekiem
[30-12-2021_01:41:09] Przetlumaczone slowo: 313111
[30-12-2021_01:41:10] Gracz: 2 nie zgadl slowa, wprowadzil 
[30-12-2021_01:41:10] Gracz: 2 wybral literke: j nie dostal punktow
[30-12-2021_01:41:10] Gracz: 2 nie zgadl slowa, wprowadzil 
[30-12-2021_01:41:11] Gracz: 3 odgadl literke: m dostal punktow: 1
[30-12-2021_01:41:11] Gracz: 2 nie zgadl slowa, wprowadzil 
[30-12-2021_01:41:11] Gracz: 5 wybral literke: w nie dostal punktow
[30-12-2021_01:41:11] Gracz: 1 wybral literke: x nie dostal punktow
[30-12-2021_01:41:11] Gracz: 2 nie zgadl slowa, wprowadzil 
[30-12-2021_01:41:11] Gracz: 5 nie zgadl slowa, wprowadzil 
[30-12-2021_01:41:11] Gracz: 3 nie zgadl slowa, wprowadzil 
[30-12-2021_01:41:11] Gracz: 1 wybral literke: ć nie dostal punktow
[30-12-2021_01:41:12] Gracz: 2 wybral literke: v nie dostal punktow
[30-12-2021_01:41:12] Gracz: 5 nie zgadl slowa, wprowadzil 
[30-12-2021_01:41:12] Gracz: 3 nie zgadl slowa, wprowadzil 
[30-12-2021_01:41:12] Gracz: 1 wybral literke: h nie dostal punktow
[30-12-2021_01:41:12] Gracz: 2 wybral literke: f nie dostal punktow
[30-12-2021_01:41:12] Gracz: 5 nie zgadl slowa, wprowadzil 
[30-12-2021_01:41:12] Gracz: 3 odgadl literke: k dostal punktow: 1
[30-12-2021_01:41:12] Gracz: 1 nie zgadl slowa, wprowadzil 
[30-12-2021_01:41:12] Gracz: 2 wybral literke: x nie dostal punktow
[30-12-2021_01:41:12] Gracz: 5 nie zgadl slowa, wprowadzil 
[30-12-2021_01:41:13] Gracz: 1 wybral literke: ó nie dostal punktow
[30-12-2021_01:41:13] Gracz: 3 nie zgadl slowa, wprowadzil 
[30-12-2021_01:41:13] Gracz: 2 wybral literke: b nie dostal punktow
[30-12-2021_01:41:13] Gracz: 5 wybral literke: l nie dostal punktow
[30-12-2021_01:41:13] Gracz: 1 wybral literke: s nie dostal punktow
[30-12-2021_01:41:13] Gracz: 3 wybral literke: r nie dostal punktow
[30-12-2021_01:41:13] Gracz: 2 wybral literke: ę nie dostal punktow
[30-12-2021_01:41:13] Gracz: 2 wprowadzil niespodziewana odpowiedz - rozlaczam:
[30-12-2021_01:41:13] Gracz: 5 wybral literke: u nie dostal punktow
[30-12-2021_01:41:13] Gracz: 1 nie zgadl slowa, wprowadzil 
[30-12-2021_01:41:13] Gracz: 3 wybral literke: w nie dostal punktow
[30-12-2021_01:41:14] Gracz: 5 wybral literke: ę nie dostal punktow
[30-12-2021_01:41:14] Gracz: 1 wybral literke: c nie dostal punktow
[30-12-2021_01:41:14] Gracz: 3 nie zgadl slowa, wprowadzil 
[30-12-2021_01:41:14] Gracz: 5 wybral literke: s nie dostal punktow
[30-12-2021_01:41:14] Gracz: 1 nie zgadl slowa, wprowadzil 
[30-12-2021_01:41:14] Gracz: 3 nie zgadl slowa, wprowadzil 
[30-12-2021_01:41:14] Gracz: 5 odgadl literke: e dostal punktow: 2
[30-12-2021_01:41:15] Gracz: 5 wprowadzil niespodziewana odpowiedz - rozlaczam:
[30-12-2021_01:41:15] Gracz: 1 nie zgadl slowa, wprowadzil 
[30-12-2021_01:41:15] Gracz: 1 wprowadzil niespodziewana odpowiedz - rozlaczam:
[30-12-2021_01:41:15] Gracz: 3 wybral literke: g nie dostal punktow
[30-12-2021_01:41:15] Gracz: 3 wprowadzil niespodziewana odpowiedz - rozlaczam:
[30-12-2021_01:42:49] Gra dla 2 zakonczona wynikiem: 0
[30-12-2021_01:42:49] Gra dla 3 zakonczona wynikiem: 2
[30-12-2021_01:42:49] Gra dla 5 zakonczona wynikiem: 2
[30-12-2021_01:42:49] Gra dla 1 zakonczona wynikiem: 0
