[30-12-2021_01:26:46] Zaczeto gre o id: 13
[30-12-2021_01:26:46] Dodano gracza: 3
[30-12-2021_01:26:46] Dodano gracza: 2
[30-12-2021_01:26:46] Dodano gracza: 5
[30-12-2021_01:26:46] Wybrano slowo: odmiękalibyśmy
[30-12-2021_01:26:46] Przetlumaczone slowo: 13111313132112
[30-12-2021_01:26:47] Gracz: 2 wybral literke: e nie dostal punktow
[30-12-2021_01:26:47] Gracz: 3 nie zgadl slowa, wprowadzil 
[30-12-2021_01:26:47] Gracz: 5 nie zgadl slowa, wprowadzil 
[30-12-2021_01:26:47] Gracz: 2 wybral literke: w nie dostal punktow
[30-12-2021_01:26:47] Gracz: 3 nie zgadl slowa, wprowadzil 
[30-12-2021_01:26:48] Gracz: 5 wybral literke: g nie dostal punktow
[30-12-2021_01:26:48] Gracz: 2 wybral literke: z nie dostal punktow
[30-12-2021_01:26:48] Gracz: 3 wybral literke: ń nie dostal punktow
[30-12-2021_01:26:48] Gracz: 5 wybral literke: n nie dostal punktow
[30-12-2021_01:26:48] Gracz: 2 nie zgadl slowa, wprowadzil 
[30-12-2021_01:26:48] Gracz: 3 odgadl literke: m dostal punktow: 2
[30-12-2021_01:26:48] Gracz: 5 nie zgadl slowa, wprowadzil 
[30-12-2021_01:26:48] Gracz: 2 nie zgadl slowa, wprowadzil 
[30-12-2021_01:26:49] Gracz: 3 odgadl literke: d dostal punktow: 1
[30-12-2021_01:26:49] Gracz: 5 nie zgadl slowa, wprowadzil 
[30-12-2021_01:26:49] Gracz: 2 nie zgadl slowa, wprowadzil 
[30-12-2021_01:26:49] Gracz: 5 nie zgadl slowa, wprowadzil 
[30-12-2021_01:26:49] Gracz: 2 nie zgadl slowa, wprowadzil 
[30-12-2021_01:26:49] Gracz: 3 odgadl literke: i dostal punktow: 2
[30-12-2021_01:26:50] Gracz: 5 odgadl literke: a dostal punktow: 1
[30-12-2021_01:26:50] Gracz: 2 wybral literke: v nie dostal punktow
[30-12-2021_01:26:50] Gracz: 3 wybral literke: w nie dostal punktow
[30-12-2021_01:26:50] Gracz: 2 odgadl literke: d dostal punktow: 1
[30-12-2021_01:26:50] Gracz: 5 wybral literke: ć nie dostal punktow
[30-12-2021_01:26:50] Gracz: 3 nie zgadl slowa, wprowadzil 
[30-12-2021_01:26:51] Gracz: 5 odgadl literke: y dostal punktow: 2
[30-12-2021_01:26:51] Gracz: 3 nie zgadl slowa, wprowadzil 
[30-12-2021_01:26:51] Gracz: 2 nie zgadl slowa, wprowadzil 
[30-12-2021_01:26:51] Gracz: 2 wprowadzil niespodziewana odpowiedz - rozlaczam:
[30-12-2021_01:26:51] Gracz: 3 nie zgadl slowa, wprowadzil 
[30-12-2021_01:26:51] Gracz: 3 wprowadzil niespodziewana odpowiedz - rozlaczam:
[30-12-2021_01:26:51] Gracz: 5 nie zgadl slowa, wprowadzil 
[30-12-2021_01:26:51] Gracz: 5 wprowadzil niespodziewana odpowiedz - rozlaczam:
[30-12-2021_01:28:27] Gra dla 3 zakonczona wynikiem: 5
[30-12-2021_01:28:27] Gra dla 2 zakonczona wynikiem: 1
[30-12-2021_01:28:27] Gra dla 5 zakonczona wynikiem: 3
