[30-12-2021_02:20:48] Zaczeto gre o id: 76
[30-12-2021_02:20:48] Dodano gracza: 2
[30-12-2021_02:20:48] Dodano gracza: 1
[30-12-2021_02:20:48] Wybrano slowo: niepodporna
[30-12-2021_02:20:48] Przetlumaczone slowo: 11121321111
[30-12-2021_02:20:48] Gracz: 2 wybral literke: ć nie dostal punktow
[30-12-2021_02:20:49] Gracz: 2 nie zgadl slowa, wprowadzil 
[30-12-2021_02:20:49] Gracz: 1 wybral literke: w nie dostal punktow
[30-12-2021_02:20:49] Gracz: 1 wybral literke: x nie dostal punktow
[30-12-2021_02:20:49] Gracz: 2 nie zgadl slowa, wprowadzil 
[30-12-2021_02:20:49] Gracz: 1 nie zgadl slowa, wprowadzil 
[30-12-2021_02:20:49] Gracz: 2 nie zgadl slowa, wprowadzil 
[30-12-2021_02:20:50] Gracz: 1 nie zgadl slowa, wprowadzil 
[30-12-2021_02:20:50] Gracz: 2 wybral literke: l nie dostal punktow
[30-12-2021_02:20:50] Gracz: 1 nie zgadl slowa, wprowadzil 
[30-12-2021_02:20:50] Gracz: 2 nie zgadl slowa, wprowadzil 
[30-12-2021_02:20:51] Gracz: 1 nie zgadl slowa, wprowadzil 
[30-12-2021_02:20:51] Gracz: 2 nie zgadl slowa, wprowadzil 
[30-12-2021_02:20:51] Gracz: 1 wybral literke: ć nie dostal punktow
[30-12-2021_02:20:51] Gracz: 2 odgadl literke: a dostal punktow: 1
[30-12-2021_02:20:51] Gracz: 1 nie zgadl slowa, wprowadzil 
[30-12-2021_02:20:52] Gracz: 2 nie zgadl slowa, wprowadzil 
[30-12-2021_02:20:52] Gracz: 1 wybral literke: h nie dostal punktow
[30-12-2021_02:20:52] Gracz: 2 wybral literke: k nie dostal punktow
[30-12-2021_02:20:52] Gracz: 2 wprowadzil niespodziewana odpowiedz - rozlaczam:
[30-12-2021_02:20:52] Gracz: 1 wybral literke: ó nie dostal punktow
[30-12-2021_02:20:52] Gracz: 1 wprowadzil niespodziewana odpowiedz - rozlaczam:
[30-12-2021_02:22:28] Gra dla 2 zakonczona wynikiem: 1
[30-12-2021_02:22:28] Gra dla 1 zakonczona wynikiem: 0
