[30-12-2021_01:39:07] Zaczeto gre o id: 1
[30-12-2021_01:39:07] Dodano gracza: 3
[30-12-2021_01:39:07] Dodano gracza: 1
[30-12-2021_01:39:07] Dodano gracza: 5
[30-12-2021_01:39:07] Dodano gracza: 2
[30-12-2021_01:39:07] Wybrano slowo: połachocesz
[30-12-2021_01:39:07] Przetlumaczone slowo: 21311311111
[30-12-2021_01:39:07] Gracz: 3 nie zgadl slowa, wprowadzil 
[30-12-2021_01:39:07] Gracz: 1 nie zgadl slowa, wprowadzil 
[30-12-2021_01:39:08] Gracz: 5 wybral literke: ń nie dostal punktow
[30-12-2021_01:39:08] Gracz: 3 nie zgadl slowa, wprowadzil 
[30-12-2021_01:39:08] Gracz: 1 nie zgadl slowa, wprowadzil 
[30-12-2021_01:39:08] Gracz: 2 wybral literke: ć nie dostal punktow
[30-12-2021_01:39:08] Gracz: 5 wybral literke: j nie dostal punktow
[30-12-2021_01:39:08] Gracz: 3 nie zgadl slowa, wprowadzil 
[30-12-2021_01:39:08] Gracz: 1 nie zgadl slowa, wprowadzil 
[30-12-2021_01:39:08] Gracz: 2 nie zgadl slowa, wprowadzil 
[30-12-2021_01:39:08] Gracz: 5 wybral literke: i nie dostal punktow
[30-12-2021_01:39:09] Gracz: 3 wybral literke: ń nie dostal punktow
[30-12-2021_01:39:09] Gracz: 1 wybral literke: l nie dostal punktow
[30-12-2021_01:39:09] Gracz: 2 nie zgadl slowa, wprowadzil 
[30-12-2021_01:39:09] Gracz: 5 wybral literke: q nie dostal punktow
[30-12-2021_01:39:09] Gracz: 1 wybral literke: q nie dostal punktow
[30-12-2021_01:39:09] Gracz: 3 wybral literke: y nie dostal punktow
[30-12-2021_01:39:09] Gracz: 2 nie zgadl slowa, wprowadzil 
[30-12-2021_01:39:09] Gracz: 5 wybral literke: d nie dostal punktow
[30-12-2021_01:39:09] Gracz: 3 nie zgadl slowa, wprowadzil 
[30-12-2021_01:39:09] Gracz: 1 nie zgadl slowa, wprowadzil 
[30-12-2021_01:39:09] Gracz: 2 nie zgadl slowa, wprowadzil 
[30-12-2021_01:39:10] Gracz: 5 nie zgadl slowa, wprowadzil 
[30-12-2021_01:39:10] Gracz: 3 nie zgadl slowa, wprowadzil 
[30-12-2021_01:39:10] Gracz: 1 nie zgadl slowa, wprowadzil 
[30-12-2021_01:39:10] Gracz: 2 wybral literke: l nie dostal punktow
[30-12-2021_01:39:10] Gracz: 5 nie zgadl slowa, wprowadzil 
[30-12-2021_01:39:10] Gracz: 1 nie zgadl slowa, wprowadzil 
[30-12-2021_01:39:10] Gracz: 3 odgadl literke: e dostal punktow: 1
[30-12-2021_01:39:10] Gracz: 2 odgadl literke: a dostal punktow: 1
[30-12-2021_01:39:10] Gracz: 5 wybral literke: g nie dostal punktow
[30-12-2021_01:39:11] Gracz: 1 wybral literke: ś nie dostal punktow
[30-12-2021_01:39:11] Gracz: 3 nie zgadl slowa, wprowadzil 
[30-12-2021_01:39:11] Gracz: 5 nie zgadl slowa, wprowadzil 
[30-12-2021_01:39:11] Gracz: 2 wybral literke: k nie dostal punktow
[30-12-2021_01:39:11] Gracz: 1 nie zgadl slowa, wprowadzil 
[30-12-2021_01:39:11] Gracz: 1 wprowadzil niespodziewana odpowiedz - rozlaczam:
[30-12-2021_01:39:11] Gracz: 3 nie zgadl slowa, wprowadzil 
[30-12-2021_01:39:11] Gracz: 3 wprowadzil niespodziewana odpowiedz - rozlaczam:
[30-12-2021_01:39:11] Gracz: 5 nie zgadl slowa, wprowadzil 
[30-12-2021_01:39:11] Gracz: 5 wprowadzil niespodziewana odpowiedz - rozlaczam:
[30-12-2021_01:39:11] Gracz: 2 nie zgadl slowa, wprowadzil 
[30-12-2021_01:39:12] Gracz: 2 nie zgadl slowa, wprowadzil 
[30-12-2021_01:39:12] Gracz: 2 wprowadzil niespodziewana odpowiedz - rozlaczam:
[30-12-2021_01:40:47] Gra dla 3 zakonczona wynikiem: 1
[30-12-2021_01:40:47] Gra dla 1 zakonczona wynikiem: 0
[30-12-2021_01:40:47] Gra dla 5 zakonczona wynikiem: 0
[30-12-2021_01:40:47] Gra dla 2 zakonczona wynikiem: 1
