[30-12-2021_02:21:18] Zaczeto gre o id: 77
[30-12-2021_02:21:18] Dodano gracza: 2
[30-12-2021_02:21:18] Dodano gracza: 1
[30-12-2021_02:21:18] Wybrano slowo: nieelitarną
[30-12-2021_02:21:18] Przetlumaczone slowo: 11113131111
[30-12-2021_02:21:19] Gracz: 2 wybral literke: h nie dostal punktow
[30-12-2021_02:21:19] Gracz: 1 wybral literke: s nie dostal punktow
[30-12-2021_02:21:19] Gracz: 2 nie zgadl slowa, wprowadzil 
[30-12-2021_02:21:19] Gracz: 1 nie zgadl slowa, wprowadzil 
[30-12-2021_02:21:19] Gracz: 2 nie zgadl slowa, wprowadzil 
[30-12-2021_02:21:19] Gracz: 1 wybral literke: c nie dostal punktow
[30-12-2021_02:21:20] Gracz: 2 odgadl literke: n dostal punktow: 2
[30-12-2021_02:21:20] Gracz: 1 nie zgadl slowa, wprowadzil 
[30-12-2021_02:21:20] Gracz: 1 nie zgadl slowa, wprowadzil 
[30-12-2021_02:21:20] Gracz: 2 wybral literke: o nie dostal punktow
[30-12-2021_02:21:21] Gracz: 1 wybral literke: ń nie dostal punktow
[30-12-2021_02:21:21] Gracz: 2 nie zgadl slowa, wprowadzil 
[30-12-2021_02:21:21] Gracz: 1 nie zgadl slowa, wprowadzil 
[30-12-2021_02:21:21] Gracz: 2 wybral literke: ś nie dostal punktow
[30-12-2021_02:21:22] Gracz: 1 odgadl literke: t dostal punktow: 1
[30-12-2021_02:21:22] Gracz: 2 wybral literke: w nie dostal punktow
[30-12-2021_02:21:22] Gracz: 2 nie zgadl slowa, wprowadzil 
[30-12-2021_02:21:22] Gracz: 2 odgadl literke: i dostal punktow: 2
[30-12-2021_02:21:23] Gracz: 2 wprowadzil niespodziewana odpowiedz - rozlaczam:
[30-12-2021_02:21:32] Gracz: 1 rozlaczam minelo 10s
[30-12-2021_02:22:58] Gra dla 2 zakonczona wynikiem: 4
[30-12-2021_02:22:58] Gra dla 1 zakonczona wynikiem: 1
