[30-12-2021_01:43:11] Zaczeto gre o id: 9
[30-12-2021_01:43:11] Dodano gracza: 1
[30-12-2021_01:43:11] Dodano gracza: 3
[30-12-2021_01:43:11] Dodano gracza: 5
[30-12-2021_01:43:11] Dodano gracza: 2
[30-12-2021_01:43:11] Wybrano slowo: szerokotorowy
[30-12-2021_01:43:11] Przetlumaczone slowo: 1111131311112
[30-12-2021_01:43:12] Gracz: 5 nie zgadl slowa, wprowadzil 
[30-12-2021_01:43:12] Gracz: 1 nie zgadl slowa, wprowadzil 
[30-12-2021_01:43:12] Gracz: 3 nie zgadl slowa, wprowadzil 
[30-12-2021_01:43:12] Gracz: 5 wybral literke: n nie dostal punktow
[30-12-2021_01:43:12] Gracz: 1 wybral literke: ż nie dostal punktow
[30-12-2021_01:43:12] Gracz: 3 odgadl literke: y dostal punktow: 1
[30-12-2021_01:43:12] Gracz: 5 wybral literke: a nie dostal punktow
[30-12-2021_01:43:12] Gracz: 1 nie zgadl slowa, wprowadzil 
[30-12-2021_01:43:13] Gracz: 3 nie zgadl slowa, wprowadzil 
[30-12-2021_01:43:13] Gracz: 2 nie zgadl slowa, wprowadzil 
[30-12-2021_01:43:13] Gracz: 5 nie zgadl slowa, wprowadzil 
[30-12-2021_01:43:13] Gracz: 1 wybral literke: n nie dostal punktow
[30-12-2021_01:43:13] Gracz: 3 nie zgadl slowa, wprowadzil 
[30-12-2021_01:43:13] Gracz: 2 nie zgadl slowa, wprowadzil 
[30-12-2021_01:43:13] Gracz: 5 wybral literke: h nie dostal punktow
[30-12-2021_01:43:13] Gracz: 1 wybral literke: ł nie dostal punktow
[30-12-2021_01:43:13] Gracz: 3 odgadl literke: e dostal punktow: 1
[30-12-2021_01:43:14] Gracz: 2 wybral literke: ć nie dostal punktow
[30-12-2021_01:43:14] Gracz: 5 wybral literke: f nie dostal punktow
[30-12-2021_01:43:14] Gracz: 1 nie zgadl slowa, wprowadzil 
[30-12-2021_01:43:14] Gracz: 2 nie zgadl slowa, wprowadzil 
[30-12-2021_01:43:14] Gracz: 5 nie zgadl slowa, wprowadzil 
[30-12-2021_01:43:14] Gracz: 3 nie zgadl slowa, wprowadzil 
[30-12-2021_01:43:14] Gracz: 1 odgadl literke: y dostal punktow: 1
[30-12-2021_01:43:14] Gracz: 2 nie zgadl slowa, wprowadzil 
[30-12-2021_01:43:14] Gracz: 3 nie zgadl slowa, wprowadzil 
[30-12-2021_01:43:14] Gracz: 5 nie zgadl slowa, wprowadzil 
[30-12-2021_01:43:15] Gracz: 1 nie zgadl slowa, wprowadzil 
[30-12-2021_01:43:15] Gracz: 2 nie zgadl slowa, wprowadzil 
[30-12-2021_01:43:15] Gracz: 3 nie zgadl slowa, wprowadzil 
[30-12-2021_01:43:15] Gracz: 5 odgadl literke: z dostal punktow: 1
[30-12-2021_01:43:15] Gracz: 1 nie zgadl slowa, wprowadzil 
[30-12-2021_01:43:15] Gracz: 2 wybral literke: l nie dostal punktow
[30-12-2021_01:43:15] Gracz: 3 wybral literke: ę nie dostal punktow
[30-12-2021_01:43:15] Gracz: 5 wybral literke: c nie dostal punktow
[30-12-2021_01:43:15] Gracz: 1 wybral literke: i nie dostal punktow
[30-12-2021_01:43:15] Gracz: 5 wprowadzil niespodziewana odpowiedz - rozlaczam:
[30-12-2021_01:43:15] Gracz: 1 wprowadzil niespodziewana odpowiedz - rozlaczam:
[30-12-2021_01:43:16] Gracz: 2 wybral literke: a nie dostal punktow
[30-12-2021_01:43:16] Gracz: 3 nie zgadl slowa, wprowadzil 
[30-12-2021_01:43:16] Gracz: 3 wprowadzil niespodziewana odpowiedz - rozlaczam:
[30-12-2021_01:43:16] Gracz: 2 odgadl literke: k dostal punktow: 1
[30-12-2021_01:43:17] Gracz: 2 nie zgadl slowa, wprowadzil 
[30-12-2021_01:43:17] Gracz: 2 wprowadzil niespodziewana odpowiedz - rozlaczam:
[30-12-2021_01:44:51] Gra dla 1 zakonczona wynikiem: 1
[30-12-2021_01:44:51] Gra dla 3 zakonczona wynikiem: 2
[30-12-2021_01:44:51] Gra dla 5 zakonczona wynikiem: 1
[30-12-2021_01:44:51] Gra dla 2 zakonczona wynikiem: 1
