[30-12-2021_01:53:22] Zaczeto gre o id: 29
[30-12-2021_01:53:22] Dodano gracza: 5
[30-12-2021_01:53:22] Dodano gracza: 2
[30-12-2021_01:53:22] Dodano gracza: 1
[30-12-2021_01:53:22] Dodano gracza: 3
[30-12-2021_01:53:22] Wybrano slowo: dokasowana
[30-12-2021_01:53:22] Przetlumaczone slowo: 3131111111
[30-12-2021_01:53:22] Gracz: 3 nie zgadl slowa, wprowadzil 
[30-12-2021_01:53:22] Gracz: 2 wybral literke: c nie dostal punktow
[30-12-2021_01:53:23] Gracz: 3 wybral literke: l nie dostal punktow
[30-12-2021_01:53:23] Gracz: 2 wybral literke: z nie dostal punktow
[30-12-2021_01:53:23] Gracz: 3 nie zgadl slowa, wprowadzil 
[30-12-2021_01:53:23] Gracz: 1 wybral literke: e nie dostal punktow
[30-12-2021_01:53:23] Gracz: 2 nie zgadl slowa, wprowadzil 
[30-12-2021_01:53:23] Gracz: 3 nie zgadl slowa, wprowadzil 
[30-12-2021_01:53:24] Gracz: 1 nie zgadl slowa, wprowadzil 
[30-12-2021_01:53:24] Gracz: 2 odgadl literke: d dostal punktow: 1
[30-12-2021_01:53:24] Gracz: 5 nie zgadl slowa, wprowadzil 
[30-12-2021_01:53:24] Gracz: 3 nie zgadl slowa, wprowadzil 
[30-12-2021_01:53:24] Gracz: 1 nie zgadl slowa, wprowadzil 
[30-12-2021_01:53:24] Gracz: 5 wybral literke: v nie dostal punktow
[30-12-2021_01:53:24] Gracz: 2 nie zgadl slowa, wprowadzil 
[30-12-2021_01:53:24] Gracz: 3 wybral literke: h nie dostal punktow
[30-12-2021_01:53:24] Gracz: 1 nie zgadl slowa, wprowadzil 
[30-12-2021_01:53:25] Gracz: 5 wybral literke: ń nie dostal punktow
[30-12-2021_01:53:25] Gracz: 2 wybral literke: y nie dostal punktow
[30-12-2021_01:53:25] Gracz: 3 odgadl literke: a dostal punktow: 3
[30-12-2021_01:53:25] Gracz: 1 wybral literke: p nie dostal punktow
[30-12-2021_01:53:25] Gracz: 5 wybral literke: j nie dostal punktow
[30-12-2021_01:53:25] Gracz: 2 wybral literke: ą nie dostal punktow
[30-12-2021_01:53:25] Gracz: 1 wybral literke: l nie dostal punktow
[30-12-2021_01:53:25] Gracz: 3 wybral literke: ż nie dostal punktow
[30-12-2021_01:53:25] Gracz: 5 nie zgadl slowa, wprowadzil 
[30-12-2021_01:53:25] Gracz: 2 nie zgadl slowa, wprowadzil 
[30-12-2021_01:53:26] Gracz: 1 wybral literke: q nie dostal punktow
[30-12-2021_01:53:26] Gracz: 3 wybral literke: v nie dostal punktow
[30-12-2021_01:53:26] Gracz: 5 nie zgadl slowa, wprowadzil 
[30-12-2021_01:53:26] Gracz: 2 nie zgadl slowa, wprowadzil 
[30-12-2021_01:53:26] Gracz: 1 wybral literke: ś nie dostal punktow
[30-12-2021_01:53:26] Gracz: 3 wybral literke: ą nie dostal punktow
[30-12-2021_01:53:26] Gracz: 3 wprowadzil niespodziewana odpowiedz - rozlaczam:
[30-12-2021_01:53:26] Gracz: 5 nie zgadl slowa, wprowadzil 
[30-12-2021_01:53:26] Gracz: 2 wybral literke: p nie dostal punktow
[30-12-2021_01:53:26] Gracz: 2 wprowadzil niespodziewana odpowiedz - rozlaczam:
[30-12-2021_01:53:26] Gracz: 1 odgadl literke: k dostal punktow: 1
[30-12-2021_01:53:27] Gracz: 5 nie zgadl slowa, wprowadzil 
[30-12-2021_01:53:27] Gracz: 1 nie zgadl slowa, wprowadzil 
[30-12-2021_01:53:27] Gracz: 1 wprowadzil niespodziewana odpowiedz - rozlaczam:
[30-12-2021_01:53:27] Gracz: 5 nie zgadl slowa, wprowadzil 
[30-12-2021_01:53:27] Gracz: 5 nie zgadl slowa, wprowadzil 
[30-12-2021_01:53:27] Gracz: 5 wprowadzil niespodziewana odpowiedz - rozlaczam:
[30-12-2021_01:55:02] Gra dla 3 zakonczona wynikiem: 3
[30-12-2021_01:55:02] Gra dla 2 zakonczona wynikiem: 1
[30-12-2021_01:55:02] Gra dla 1 zakonczona wynikiem: 1
[30-12-2021_01:55:02] Gra dla 5 zakonczona wynikiem: 0
