[30-12-2021_01:13:35] Zaczeto gre o id: 1
[30-12-2021_01:13:35] Dodano gracza: 3
[30-12-2021_01:13:35] Dodano gracza: 4
[30-12-2021_01:13:35] Dodano gracza: 1
[30-12-2021_01:13:35] Wybrano slowo: doprzęgała
[30-12-2021_01:13:35] Przetlumaczone slowo: 3121112131
[30-12-2021_01:13:36] Gracz: 4 wybral literke: i nie dostal punktow
[30-12-2021_01:13:36] Gracz: 3 nie zgadl slowa, wprowadzil 
[30-12-2021_01:13:37] Gracz: 4 nie zgadl slowa, wprowadzil 
[30-12-2021_01:13:37] Gracz: 1 nie zgadl slowa, wprowadzil 
[30-12-2021_01:13:37] Gracz: 3 nie zgadl slowa, wprowadzil 
[30-12-2021_01:13:37] Gracz: 4 nie zgadl slowa, wprowadzil 
[30-12-2021_01:13:37] Gracz: 1 nie zgadl slowa, wprowadzil 
[30-12-2021_01:13:37] Gracz: 3 nie zgadl slowa, wprowadzil 
[30-12-2021_01:13:37] Gracz: 4 odgadl literke: r dostal punktow: 1
[30-12-2021_01:13:37] Gracz: 1 nie zgadl slowa, wprowadzil 
[30-12-2021_01:13:38] Gracz: 3 nie zgadl slowa, wprowadzil 
[30-12-2021_01:13:38] Gracz: 1 wybral literke: l nie dostal punktow
[30-12-2021_01:13:38] Gracz: 4 wybral literke: ń nie dostal punktow
[30-12-2021_01:13:38] Gracz: 3 nie zgadl slowa, wprowadzil 
[30-12-2021_01:13:38] Gracz: 1 nie zgadl slowa, wprowadzil 
[30-12-2021_01:13:38] Gracz: 4 odgadl literke: z dostal punktow: 1
[30-12-2021_01:13:38] Gracz: 3 wybral literke: k nie dostal punktow
[30-12-2021_01:13:39] Gracz: 1 odgadl literke: ę dostal punktow: 1
[30-12-2021_01:13:39] Gracz: 3 wybral literke: n nie dostal punktow
[30-12-2021_01:13:39] Gracz: 4 nie zgadl slowa, wprowadzil 
[30-12-2021_01:13:39] Gracz: 1 wybral literke: v nie dostal punktow
[30-12-2021_01:13:39] Gracz: 3 nie zgadl slowa, wprowadzil 
[30-12-2021_01:13:39] Gracz: 4 odgadl literke: p dostal punktow: 1
[30-12-2021_01:13:40] Gracz: 1 odgadl literke: r dostal punktow: 1
[30-12-2021_01:13:40] Gracz: 3 wybral literke: s nie dostal punktow
[30-12-2021_01:13:40] Gracz: 4 nie zgadl slowa, wprowadzil 
[30-12-2021_01:13:40] Gracz: 3 odgadl literke: z dostal punktow: 1
[30-12-2021_01:13:40] Gracz: 1 nie zgadl slowa, wprowadzil 
[30-12-2021_01:13:40] Gracz: 3 wprowadzil niespodziewana odpowiedz - rozlaczam:
[30-12-2021_01:13:40] Gracz: 4 nie zgadl slowa, wprowadzil 
[30-12-2021_01:13:40] Gracz: 4 wprowadzil niespodziewana odpowiedz - rozlaczam:
[30-12-2021_01:13:41] Gracz: 1 wybral literke: h nie dostal punktow
[30-12-2021_01:13:41] Gracz: 1 wprowadzil niespodziewana odpowiedz - rozlaczam:
[30-12-2021_01:15:16] Gra dla 4 zakonczona wynikiem: 3
[30-12-2021_01:15:16] Gra dla 3 zakonczona wynikiem: 1
[30-12-2021_01:15:16] Gra dla 1 zakonczona wynikiem: 2
