[30-12-2021_02:07:03] Zaczeto gre o id: 49
[30-12-2021_02:07:03] Dodano gracza: 5
[30-12-2021_02:07:03] Dodano gracza: 1
[30-12-2021_02:07:03] Dodano gracza: 2
[30-12-2021_02:07:03] Wybrano slowo: nieodbarczanym
[30-12-2021_02:07:03] Przetlumaczone slowo: 11113311111121
[30-12-2021_02:07:03] Gracz: 5 nie zgadl slowa, wprowadzil 
[30-12-2021_02:07:03] Gracz: 1 nie zgadl slowa, wprowadzil 
[30-12-2021_02:07:04] Gracz: 5 nie zgadl slowa, wprowadzil 
[30-12-2021_02:07:04] Gracz: 1 wybral literke: w nie dostal punktow
[30-12-2021_02:07:04] Gracz: 5 nie zgadl slowa, wprowadzil 
[30-12-2021_02:07:04] Gracz: 1 nie zgadl slowa, wprowadzil 
[30-12-2021_02:07:04] Gracz: 2 nie zgadl slowa, wprowadzil 
[30-12-2021_02:07:05] Gracz: 5 nie zgadl slowa, wprowadzil 
[30-12-2021_02:07:05] Gracz: 1 nie zgadl slowa, wprowadzil 
[30-12-2021_02:07:05] Gracz: 2 wybral literke: k nie dostal punktow
[30-12-2021_02:07:05] Gracz: 5 wybral literke: ń nie dostal punktow
[30-12-2021_02:07:05] Gracz: 1 wybral literke: x nie dostal punktow
[30-12-2021_02:07:05] Gracz: 2 wybral literke: h nie dostal punktow
[30-12-2021_02:07:05] Gracz: 5 wybral literke: j nie dostal punktow
[30-12-2021_02:07:05] Gracz: 1 nie zgadl slowa, wprowadzil 
[30-12-2021_02:07:06] Gracz: 2 odgadl literke: n dostal punktow: 2
[30-12-2021_02:07:06] Gracz: 5 nie zgadl slowa, wprowadzil 
[30-12-2021_02:07:06] Gracz: 1 wybral literke: ć nie dostal punktow
[30-12-2021_02:07:06] Gracz: 5 odgadl literke: i dostal punktow: 1
[30-12-2021_02:07:06] Gracz: 1 wybral literke: h nie dostal punktow
[30-12-2021_02:07:06] Gracz: 2 odgadl literke: o dostal punktow: 1
[30-12-2021_02:07:07] Gracz: 1 nie zgadl slowa, wprowadzil 
[30-12-2021_02:07:07] Gracz: 5 wybral literke: q nie dostal punktow
[30-12-2021_02:07:07] Gracz: 2 wybral literke: ś nie dostal punktow
[30-12-2021_02:07:07] Gracz: 1 wybral literke: ó nie dostal punktow
[30-12-2021_02:07:07] Gracz: 1 wprowadzil niespodziewana odpowiedz - rozlaczam:
[30-12-2021_02:07:07] Gracz: 5 nie zgadl slowa, wprowadzil 
[30-12-2021_02:07:07] Gracz: 5 wprowadzil niespodziewana odpowiedz - rozlaczam:
[30-12-2021_02:07:07] Gracz: 2 wybral literke: w nie dostal punktow
[30-12-2021_02:07:08] Gracz: 2 nie zgadl slowa, wprowadzil 
[30-12-2021_02:07:08] Gracz: 2 odgadl literke: i dostal punktow: 1
[30-12-2021_02:07:09] Gracz: 2 wybral literke: ó nie dostal punktow
[30-12-2021_02:07:09] Gracz: 2 wprowadzil niespodziewana odpowiedz - rozlaczam:
[30-12-2021_02:08:43] Gra dla 5 zakonczona wynikiem: 1
[30-12-2021_02:08:43] Gra dla 1 zakonczona wynikiem: 0
[30-12-2021_02:08:43] Gra dla 2 zakonczona wynikiem: 4
