[30-12-2021_01:22:42] Zaczeto gre o id: 5
[30-12-2021_01:22:42] Dodano gracza: 4
[30-12-2021_01:22:42] Dodano gracza: 2
[30-12-2021_01:22:42] Dodano gracza: 3
[30-12-2021_01:22:42] Dodano gracza: 1
[30-12-2021_01:22:42] Wybrano slowo: falbankowymi
[30-12-2021_01:22:42] Przetlumaczone slowo: 413311311211
[30-12-2021_01:22:43] Gracz: 4 odgadl literke: o dostal punktow: 1
[30-12-2021_01:22:43] Gracz: 2 nie zgadl slowa, wprowadzil 
[30-12-2021_01:22:43] Gracz: 3 wybral literke: h nie dostal punktow
[30-12-2021_01:22:43] Gracz: 2 wybral literke: z nie dostal punktow
[30-12-2021_01:22:43] Gracz: 3 wybral literke: ć nie dostal punktow
[30-12-2021_01:22:43] Gracz: 2 nie zgadl slowa, wprowadzil 
[30-12-2021_01:22:43] Gracz: 3 nie zgadl slowa, wprowadzil 
[30-12-2021_01:22:44] Gracz: 1 nie zgadl slowa, wprowadzil 
[30-12-2021_01:22:44] Gracz: 2 nie zgadl slowa, wprowadzil 
[30-12-2021_01:22:44] Gracz: 3 odgadl literke: l dostal punktow: 1
[30-12-2021_01:22:44] Gracz: 1 nie zgadl slowa, wprowadzil 
[30-12-2021_01:22:44] Gracz: 2 wybral literke: v nie dostal punktow
[30-12-2021_01:22:44] Gracz: 1 odgadl literke: y dostal punktow: 1
[30-12-2021_01:22:44] Gracz: 3 wybral literke: j nie dostal punktow
[30-12-2021_01:22:45] Gracz: 2 wybral literke: d nie dostal punktow
[30-12-2021_01:22:45] Gracz: 3 wybral literke: s nie dostal punktow
[30-12-2021_01:22:45] Gracz: 2 nie zgadl slowa, wprowadzil 
[30-12-2021_01:22:45] Gracz: 1 nie zgadl slowa, wprowadzil 
[30-12-2021_01:22:45] Gracz: 3 nie zgadl slowa, wprowadzil 
[30-12-2021_01:22:45] Gracz: 2 nie zgadl slowa, wprowadzil 
[30-12-2021_01:22:45] Gracz: 1 nie zgadl slowa, wprowadzil 
[30-12-2021_01:22:46] Gracz: 3 wybral literke: u nie dostal punktow
[30-12-2021_01:22:46] Gracz: 2 nie zgadl slowa, wprowadzil 
[30-12-2021_01:22:46] Gracz: 1 wybral literke: u nie dostal punktow
[30-12-2021_01:22:46] Gracz: 3 nie zgadl slowa, wprowadzil 
[30-12-2021_01:22:46] Gracz: 2 wybral literke: h nie dostal punktow
[30-12-2021_01:22:46] Gracz: 2 wprowadzil niespodziewana odpowiedz - rozlaczam:
[30-12-2021_01:22:46] Gracz: 1 nie zgadl slowa, wprowadzil 
[30-12-2021_01:22:46] Gracz: 3 nie zgadl slowa, wprowadzil 
[30-12-2021_01:22:46] Gracz: 3 wprowadzil niespodziewana odpowiedz - rozlaczam:
[30-12-2021_01:22:47] Gracz: 1 wybral literke: ę nie dostal punktow
[30-12-2021_01:22:47] Gracz: 1 wybral literke: ł nie dostal punktow
[30-12-2021_01:22:47] Gracz: 1 nie zgadl slowa, wprowadzil 
[30-12-2021_01:22:47] Gracz: 1 wprowadzil niespodziewana odpowiedz - rozlaczam:
[30-12-2021_01:22:53] Gracz: 4 rozlaczam minelo 10s
[30-12-2021_01:24:22] Gra dla 4 zakonczona wynikiem: 1
[30-12-2021_01:24:22] Gra dla 2 zakonczona wynikiem: 0
[30-12-2021_01:24:22] Gra dla 3 zakonczona wynikiem: 1
[30-12-2021_01:24:22] Gra dla 1 zakonczona wynikiem: 1
