[30-12-2021_01:43:42] Zaczeto gre o id: 10
[30-12-2021_01:43:42] Dodano gracza: 5
[30-12-2021_01:43:42] Dodano gracza: 1
[30-12-2021_01:43:42] Dodano gracza: 3
[30-12-2021_01:43:42] Dodano gracza: 2
[30-12-2021_01:43:42] Wybrano slowo: pokwasiłem
[30-12-2021_01:43:42] Przetlumaczone slowo: 2131111311
[30-12-2021_01:43:42] Gracz: 1 wybral literke: z nie dostal punktow
[30-12-2021_01:43:42] Gracz: 5 nie zgadl slowa, wprowadzil 
[30-12-2021_01:43:42] Gracz: 3 nie zgadl slowa, wprowadzil 
[30-12-2021_01:43:43] Gracz: 1 nie zgadl slowa, wprowadzil 
[30-12-2021_01:43:43] Gracz: 3 wybral literke: u nie dostal punktow
[30-12-2021_01:43:43] Gracz: 5 wybral literke: x nie dostal punktow
[30-12-2021_01:43:43] Gracz: 1 wybral literke: ę nie dostal punktow
[30-12-2021_01:43:43] Gracz: 5 wybral literke: ó nie dostal punktow
[30-12-2021_01:43:43] Gracz: 3 nie zgadl slowa, wprowadzil 
[30-12-2021_01:43:43] Gracz: 2 nie zgadl slowa, wprowadzil 
[30-12-2021_01:43:43] Gracz: 1 nie zgadl slowa, wprowadzil 
[30-12-2021_01:43:43] Gracz: 5 wybral literke: ą nie dostal punktow
[30-12-2021_01:43:43] Gracz: 3 wybral literke: x nie dostal punktow
[30-12-2021_01:43:43] Gracz: 2 wybral literke: h nie dostal punktow
[30-12-2021_01:43:44] Gracz: 1 odgadl literke: a dostal punktow: 1
[30-12-2021_01:43:44] Gracz: 3 wybral literke: j nie dostal punktow
[30-12-2021_01:43:44] Gracz: 5 wybral literke: t nie dostal punktow
[30-12-2021_01:43:44] Gracz: 2 nie zgadl slowa, wprowadzil 
[30-12-2021_01:43:44] Gracz: 3 wybral literke: b nie dostal punktow
[30-12-2021_01:43:44] Gracz: 5 nie zgadl slowa, wprowadzil 
[30-12-2021_01:43:44] Gracz: 2 nie zgadl slowa, wprowadzil 
[30-12-2021_01:43:44] Gracz: 1 odgadl literke: o dostal punktow: 1
[30-12-2021_01:43:45] Gracz: 3 wybral literke: ś nie dostal punktow
[30-12-2021_01:43:45] Gracz: 5 odgadl literke: ł dostal punktow: 1
[30-12-2021_01:43:45] Gracz: 2 nie zgadl slowa, wprowadzil 
[30-12-2021_01:43:45] Gracz: 3 nie zgadl slowa, wprowadzil 
[30-12-2021_01:43:45] Gracz: 2 nie zgadl slowa, wprowadzil 
[30-12-2021_01:43:45] Gracz: 5 nie zgadl slowa, wprowadzil 
[30-12-2021_01:43:45] Gracz: 3 nie zgadl slowa, wprowadzil 
[30-12-2021_01:43:45] Gracz: 2 wybral literke: n nie dostal punktow
[30-12-2021_01:43:46] Gracz: 5 nie zgadl slowa, wprowadzil 
[30-12-2021_01:43:46] Gracz: 3 odgadl literke: o dostal punktow: 1
[30-12-2021_01:43:46] Gracz: 2 nie zgadl slowa, wprowadzil 
[30-12-2021_01:43:46] Gracz: 5 wybral literke: ś nie dostal punktow
[30-12-2021_01:43:46] Gracz: 3 wprowadzil niespodziewana odpowiedz - rozlaczam:
[30-12-2021_01:43:46] Gracz: 5 wprowadzil niespodziewana odpowiedz - rozlaczam:
[30-12-2021_01:43:46] Gracz: 2 nie zgadl slowa, wprowadzil 
[30-12-2021_01:43:47] Gracz: 2 nie zgadl slowa, wprowadzil 
[30-12-2021_01:43:47] Gracz: 2 wprowadzil niespodziewana odpowiedz - rozlaczam:
[30-12-2021_01:43:54] Gracz: 1 rozlaczam minelo 10s
[30-12-2021_01:45:22] Gra dla 5 zakonczona wynikiem: 1
[30-12-2021_01:45:22] Gra dla 1 zakonczona wynikiem: 2
[30-12-2021_01:45:22] Gra dla 3 zakonczona wynikiem: 1
[30-12-2021_01:45:22] Gra dla 2 zakonczona wynikiem: 0
