[30-12-2021_02:04:00] Zaczeto gre o id: 43
[30-12-2021_02:04:00] Dodano gracza: 5
[30-12-2021_02:04:00] Dodano gracza: 1
[30-12-2021_02:04:00] Dodano gracza: 2
[30-12-2021_02:04:00] Wybrano slowo: skłóciłabym
[30-12-2021_02:04:00] Przetlumaczone slowo: 13311131321
[30-12-2021_02:04:00] Gracz: 5 wybral literke: d nie dostal punktow
[30-12-2021_02:04:00] Gracz: 1 wybral literke: t nie dostal punktow
[30-12-2021_02:04:00] Gracz: 5 nie zgadl slowa, wprowadzil 
[30-12-2021_02:04:01] Gracz: 1 nie zgadl slowa, wprowadzil 
[30-12-2021_02:04:01] Gracz: 5 wybral literke: g nie dostal punktow
[30-12-2021_02:04:01] Gracz: 2 odgadl literke: i dostal punktow: 1
[30-12-2021_02:04:01] Gracz: 1 nie zgadl slowa, wprowadzil 
[30-12-2021_02:04:01] Gracz: 5 nie zgadl slowa, wprowadzil 
[30-12-2021_02:04:02] Gracz: 1 wybral literke: f nie dostal punktow
[30-12-2021_02:04:02] Gracz: 5 wybral literke: n nie dostal punktow
[30-12-2021_02:04:02] Gracz: 2 nie zgadl slowa, wprowadzil 
[30-12-2021_02:04:02] Gracz: 1 nie zgadl slowa, wprowadzil 
[30-12-2021_02:04:02] Gracz: 5 nie zgadl slowa, wprowadzil 
[30-12-2021_02:04:02] Gracz: 2 nie zgadl slowa, wprowadzil 
[30-12-2021_02:04:02] Gracz: 1 wybral literke: ą nie dostal punktow
[30-12-2021_02:04:02] Gracz: 5 nie zgadl slowa, wprowadzil 
[30-12-2021_02:04:02] Gracz: 2 odgadl literke: ó dostal punktow: 1
[30-12-2021_02:04:03] Gracz: 1 wybral literke: u nie dostal punktow
[30-12-2021_02:04:03] Gracz: 5 odgadl literke: a dostal punktow: 1
[30-12-2021_02:04:03] Gracz: 2 nie zgadl slowa, wprowadzil 
[30-12-2021_02:04:03] Gracz: 1 nie zgadl slowa, wprowadzil 
[30-12-2021_02:04:03] Gracz: 5 wybral literke: h nie dostal punktow
[30-12-2021_02:04:03] Gracz: 2 odgadl literke: s dostal punktow: 1
[30-12-2021_02:04:04] Gracz: 1 nie zgadl slowa, wprowadzil 
[30-12-2021_02:04:04] Gracz: 5 wybral literke: f nie dostal punktow
[30-12-2021_02:04:04] Gracz: 5 wprowadzil niespodziewana odpowiedz - rozlaczam:
[30-12-2021_02:04:04] Gracz: 1 wybral literke: j nie dostal punktow
[30-12-2021_02:04:04] Gracz: 1 wprowadzil niespodziewana odpowiedz - rozlaczam:
[30-12-2021_02:04:04] Gracz: 2 nie zgadl slowa, wprowadzil 
[30-12-2021_02:04:04] Gracz: 2 wybral literke: g nie dostal punktow
[30-12-2021_02:04:05] Gracz: 2 wybral literke: r nie dostal punktow
[30-12-2021_02:04:05] Gracz: 2 wybral literke: u nie dostal punktow
[30-12-2021_02:04:05] Gracz: 2 wprowadzil niespodziewana odpowiedz - rozlaczam:
[30-12-2021_02:05:40] Gra dla 5 zakonczona wynikiem: 1
[30-12-2021_02:05:40] Gra dla 1 zakonczona wynikiem: 0
[30-12-2021_02:05:40] Gra dla 2 zakonczona wynikiem: 3
