[30-12-2021_03:26:30] Zaczeto gre o id: 9
[30-12-2021_03:26:30] Dodano gracza: 2
[30-12-2021_03:26:30] Dodano gracza: 1
[30-12-2021_03:26:30] Wybrano slowo: zafasowałbym
[30-12-2021_03:26:30] Przetlumaczone slowo: 114111113321
[30-12-2021_03:26:31] Gracz: 2 nie zgadl slowa, wprowadzil 
[30-12-2021_03:26:31] Gracz: 2 wybral literke: r nie dostal punktow
[30-12-2021_03:26:31] Gracz: 1 nie zgadl slowa, wprowadzil 
[30-12-2021_03:26:32] Gracz: 2 nie zgadl slowa, wprowadzil 
[30-12-2021_03:26:32] Gracz: 1 wybral literke: ś nie dostal punktow
[30-12-2021_03:26:32] Gracz: 2 odgadl literke: ł dostal punktow: 1
[30-12-2021_03:26:32] Gracz: 1 nie zgadl slowa, wprowadzil 
[30-12-2021_03:26:33] Gracz: 1 nie zgadl slowa, wprowadzil 
[30-12-2021_03:26:33] Gracz: 1 wybral literke: ó nie dostal punktow
[30-12-2021_03:26:33] Gracz: 1 wybral literke: ć nie dostal punktow
[30-12-2021_03:26:34] Gracz: 1 wybral literke: e nie dostal punktow
[30-12-2021_03:26:34] Gracz: 1 odgadl literke: w dostal punktow: 1
[30-12-2021_03:26:35] Gracz: 1 wybral literke: t nie dostal punktow
[30-12-2021_03:26:35] Gracz: 1 wybral literke: l nie dostal punktow
[30-12-2021_03:26:35] Gracz: 1 wprowadzil niespodziewana odpowiedz - rozlaczam:
[30-12-2021_03:26:42] Gracz: 2 rozlaczam minelo 10s
[30-12-2021_03:28:10] Gra dla 2 zakonczona wynikiem: 1
[30-12-2021_03:28:10] Gra dla 1 zakonczona wynikiem: 1
