[30-12-2021_03:22:57] Zaczeto gre o id: 2
[30-12-2021_03:22:57] Dodano gracza: 1
[30-12-2021_03:22:57] Dodano gracza: 2
[30-12-2021_03:22:57] Wybrano slowo: przerdzewiałaby
[30-12-2021_03:22:57] Przetlumaczone slowo: 211113111113132
[30-12-2021_03:22:58] Gracz: 1 nie zgadl slowa, wprowadzil 
[30-12-2021_03:22:58] Gracz: 2 wybral literke: u nie dostal punktow
[30-12-2021_03:22:58] Gracz: 1 nie zgadl slowa, wprowadzil 
[30-12-2021_03:22:58] Gracz: 2 wybral literke: q nie dostal punktow
[30-12-2021_03:22:59] Gracz: 1 wybral literke: f nie dostal punktow
[30-12-2021_03:22:59] Gracz: 2 wybral literke: n nie dostal punktow
[30-12-2021_03:22:59] Gracz: 1 wybral literke: u nie dostal punktow
[30-12-2021_03:22:59] Gracz: 2 wybral literke: ą nie dostal punktow
[30-12-2021_03:22:59] Gracz: 1 nie zgadl slowa, wprowadzil 
[30-12-2021_03:23:00] Gracz: 2 wybral literke: ż nie dostal punktow
[30-12-2021_03:23:00] Gracz: 1 nie zgadl slowa, wprowadzil 
[30-12-2021_03:23:00] Gracz: 2 nie zgadl slowa, wprowadzil 
[30-12-2021_03:23:00] Gracz: 1 nie zgadl slowa, wprowadzil 
[30-12-2021_03:23:00] Gracz: 2 nie zgadl slowa, wprowadzil 
[30-12-2021_03:23:01] Gracz: 1 wybral literke: ś nie dostal punktow
[30-12-2021_03:23:01] Gracz: 2 wybral literke: j nie dostal punktow
[30-12-2021_03:23:01] Gracz: 1 wybral literke: ó nie dostal punktow
[30-12-2021_03:23:01] Gracz: 2 odgadl literke: r dostal punktow: 2
[30-12-2021_03:23:01] Gracz: 1 nie zgadl slowa, wprowadzil 
[30-12-2021_03:23:01] Gracz: 1 wprowadzil niespodziewana odpowiedz - rozlaczam:
[30-12-2021_03:23:02] Gracz: 2 nie zgadl slowa, wprowadzil 
[30-12-2021_03:23:02] Gracz: 2 wprowadzil niespodziewana odpowiedz - rozlaczam:
[30-12-2021_03:24:37] Gra dla 1 zakonczona wynikiem: 0
[30-12-2021_03:24:37] Gra dla 2 zakonczona wynikiem: 2
