[30-12-2021_01:35:17] Zaczeto gre o id: 0
[30-12-2021_01:35:17] Dodano gracza: 3
[30-12-2021_01:35:17] Dodano gracza: 2
[30-12-2021_01:35:17] Dodano gracza: 5
[30-12-2021_01:35:17] Dodano gracza: 1
[30-12-2021_01:35:17] Wybrano slowo: permeametr
[30-12-2021_01:35:17] Przetlumaczone slowo: 2111111131
[30-12-2021_01:35:18] Gracz: 3 nie zgadl slowa, wprowadzil 
[30-12-2021_01:35:18] Gracz: 1 wybral literke: ł nie dostal punktow
[30-12-2021_01:35:18] Gracz: 2 wybral literke: ż nie dostal punktow
[30-12-2021_01:35:18] Gracz: 5 wybral literke: ł nie dostal punktow
[30-12-2021_01:35:18] Gracz: 3 nie zgadl slowa, wprowadzil 
[30-12-2021_01:35:18] Gracz: 1 nie zgadl slowa, wprowadzil 
[30-12-2021_01:35:19] Gracz: 2 nie zgadl slowa, wprowadzil 
[30-12-2021_01:35:19] Gracz: 5 wybral literke: k nie dostal punktow
[30-12-2021_01:35:19] Gracz: 3 wybral literke: ź nie dostal punktow
[30-12-2021_01:35:19] Gracz: 1 wybral literke: ź nie dostal punktow
[30-12-2021_01:35:19] Gracz: 2 nie zgadl slowa, wprowadzil 
[30-12-2021_01:35:19] Gracz: 5 wybral literke: i nie dostal punktow
[30-12-2021_01:35:19] Gracz: 3 wybral literke: d nie dostal punktow
[30-12-2021_01:35:19] Gracz: 1 nie zgadl slowa, wprowadzil 
[30-12-2021_01:35:19] Gracz: 2 odgadl literke: e dostal punktow: 3
[30-12-2021_01:35:19] Gracz: 5 nie zgadl slowa, wprowadzil 
[30-12-2021_01:35:20] Gracz: 3 odgadl literke: t dostal punktow: 1
[30-12-2021_01:35:20] Gracz: 1 wybral literke: i nie dostal punktow
[30-12-2021_01:35:20] Gracz: 5 wybral literke: v nie dostal punktow
[30-12-2021_01:35:20] Gracz: 1 odgadl literke: a dostal punktow: 1
[30-12-2021_01:35:20] Gracz: 2 wybral literke: z nie dostal punktow
[30-12-2021_01:35:20] Gracz: 3 wybral literke: c nie dostal punktow
[30-12-2021_01:35:20] Gracz: 5 wybral literke: x nie dostal punktow
[30-12-2021_01:35:20] Gracz: 2 wybral literke: ę nie dostal punktow
[30-12-2021_01:35:21] Gracz: 3 odgadl literke: e dostal punktow: 3
[30-12-2021_01:35:21] Gracz: 1 wybral literke: l nie dostal punktow
[30-12-2021_01:35:21] Gracz: 5 nie zgadl slowa, wprowadzil 
[30-12-2021_01:35:21] Gracz: 2 wybral literke: f nie dostal punktow
[30-12-2021_01:35:21] Gracz: 1 nie zgadl slowa, wprowadzil 
[30-12-2021_01:35:21] Gracz: 5 wybral literke: d nie dostal punktow
[30-12-2021_01:35:21] Gracz: 3 nie zgadl slowa, wprowadzil 
[30-12-2021_01:35:21] Gracz: 2 wybral literke: u nie dostal punktow
[30-12-2021_01:35:21] Gracz: 1 wybral literke: ś nie dostal punktow
[30-12-2021_01:35:22] Gracz: 5 nie zgadl slowa, wprowadzil 
[30-12-2021_01:35:22] Gracz: 3 nie zgadl slowa, wprowadzil 
[30-12-2021_01:35:22] Gracz: 2 nie zgadl slowa, wprowadzil 
[30-12-2021_01:35:22] Gracz: 1 nie zgadl slowa, wprowadzil 
[30-12-2021_01:35:22] Gracz: 1 wprowadzil niespodziewana odpowiedz - rozlaczam:
[30-12-2021_01:35:22] Gracz: 5 odgadl literke: t dostal punktow: 1
[30-12-2021_01:35:22] Gracz: 3 nie zgadl slowa, wprowadzil 
[30-12-2021_01:35:22] Gracz: 3 wprowadzil niespodziewana odpowiedz - rozlaczam:
[30-12-2021_01:35:22] Gracz: 2 wybral literke: y nie dostal punktow
[30-12-2021_01:35:22] Gracz: 2 wprowadzil niespodziewana odpowiedz - rozlaczam:
[30-12-2021_01:35:22] Gracz: 5 wprowadzil niespodziewana odpowiedz - rozlaczam:
[30-12-2021_01:36:57] Gra dla 3 zakonczona wynikiem: 4
[30-12-2021_01:36:57] Gra dla 1 zakonczona wynikiem: 1
[30-12-2021_01:36:57] Gra dla 2 zakonczona wynikiem: 3
[30-12-2021_01:36:57] Gra dla 5 zakonczona wynikiem: 1
