[30-12-2021_01:47:15] Zaczeto gre o id: 17
[30-12-2021_01:47:15] Dodano gracza: 1
[30-12-2021_01:47:15] Dodano gracza: 2
[30-12-2021_01:47:15] Dodano gracza: 5
[30-12-2021_01:47:15] Wybrano slowo: trewalu
[30-12-2021_01:47:15] Przetlumaczone slowo: 3111131
[30-12-2021_01:47:16] Gracz: 1 nie zgadl slowa, wprowadzil 
[30-12-2021_01:47:16] Gracz: 2 nie zgadl slowa, wprowadzil 
[30-12-2021_01:47:16] Gracz: 1 odgadl literke: e dostal punktow: 1
[30-12-2021_01:47:17] Gracz: 2 wybral literke: ą nie dostal punktow
[30-12-2021_01:47:17] Gracz: 1 wybral literke: p nie dostal punktow
[30-12-2021_01:47:17] Gracz: 2 nie zgadl slowa, wprowadzil 
[30-12-2021_01:47:17] Gracz: 5 nie zgadl slowa, wprowadzil 
[30-12-2021_01:47:17] Gracz: 1 odgadl literke: l dostal punktow: 1
[30-12-2021_01:47:17] Gracz: 2 nie zgadl slowa, wprowadzil 
[30-12-2021_01:47:18] Gracz: 5 nie zgadl slowa, wprowadzil 
[30-12-2021_01:47:18] Gracz: 2 wybral literke: p nie dostal punktow
[30-12-2021_01:47:18] Gracz: 1 wybral literke: q nie dostal punktow
[30-12-2021_01:47:18] Gracz: 5 nie zgadl slowa, wprowadzil 
[30-12-2021_01:47:18] Gracz: 2 nie zgadl slowa, wprowadzil 
[30-12-2021_01:47:18] Gracz: 1 nie zgadl slowa, wprowadzil 
[30-12-2021_01:47:18] Gracz: 5 odgadl literke: a dostal punktow: 1
[30-12-2021_01:47:19] Gracz: 2 nie zgadl slowa, wprowadzil 
[30-12-2021_01:47:19] Gracz: 1 wybral literke: ś nie dostal punktow
[30-12-2021_01:47:19] Gracz: 5 wybral literke: h nie dostal punktow
[30-12-2021_01:47:19] Gracz: 2 nie zgadl slowa, wprowadzil 
[30-12-2021_01:47:19] Gracz: 1 wybral literke: k nie dostal punktow
[30-12-2021_01:47:19] Gracz: 5 nie zgadl slowa, wprowadzil 
[30-12-2021_01:47:19] Gracz: 2 wybral literke: ć nie dostal punktow
[30-12-2021_01:47:19] Gracz: 1 nie zgadl slowa, wprowadzil 
[30-12-2021_01:47:20] Gracz: 5 nie zgadl slowa, wprowadzil 
[30-12-2021_01:47:20] Gracz: 2 nie zgadl slowa, wprowadzil 
[30-12-2021_01:47:20] Gracz: 2 wprowadzil niespodziewana odpowiedz - rozlaczam:
[30-12-2021_01:47:20] Gracz: 1 wybral literke: m nie dostal punktow
[30-12-2021_01:47:20] Gracz: 1 wprowadzil niespodziewana odpowiedz - rozlaczam:
[30-12-2021_01:47:20] Gracz: 5 wybral literke: f nie dostal punktow
[30-12-2021_01:47:21] Gracz: 5 wybral literke: z nie dostal punktow
[30-12-2021_01:47:21] Gracz: 5 nie zgadl slowa, wprowadzil 
[30-12-2021_01:47:21] Gracz: 5 wprowadzil niespodziewana odpowiedz - rozlaczam:
[30-12-2021_01:48:56] Gra dla 1 zakonczona wynikiem: 2
[30-12-2021_01:48:56] Gra dla 2 zakonczona wynikiem: 0
[30-12-2021_01:48:56] Gra dla 5 zakonczona wynikiem: 1
