[30-12-2021_01:20:40] Zaczeto gre o id: 1
[30-12-2021_01:20:40] Dodano gracza: 2
[30-12-2021_01:20:40] Dodano gracza: 4
[30-12-2021_01:20:40] Dodano gracza: 1
[30-12-2021_01:20:40] Dodano gracza: 3
[30-12-2021_01:20:40] Wybrano slowo: okrąglejsza
[30-12-2021_01:20:40] Przetlumaczone slowo: 13112312111
[30-12-2021_01:20:41] Gracz: 2 odgadl literke: s dostal punktow: 1
[30-12-2021_01:20:41] Gracz: 4 wybral literke: ż nie dostal punktow
[30-12-2021_01:20:41] Gracz: 1 odgadl literke: ą dostal punktow: 1
[30-12-2021_01:20:42] Gracz: 3 nie zgadl slowa, wprowadzil 
[30-12-2021_01:20:42] Gracz: 4 nie zgadl slowa, wprowadzil 
[30-12-2021_01:20:42] Gracz: 2 odgadl literke: j dostal punktow: 1
[30-12-2021_01:20:42] Gracz: 1 nie zgadl slowa, wprowadzil 
[30-12-2021_01:20:42] Gracz: 3 wybral literke: v nie dostal punktow
[30-12-2021_01:20:42] Gracz: 4 nie zgadl slowa, wprowadzil 
[30-12-2021_01:20:42] Gracz: 1 odgadl literke: k dostal punktow: 1
[30-12-2021_01:20:42] Gracz: 2 wybral literke: i nie dostal punktow
[30-12-2021_01:20:42] Gracz: 3 nie zgadl slowa, wprowadzil 
[30-12-2021_01:20:42] Gracz: 4 nie zgadl slowa, wprowadzil 
[30-12-2021_01:20:43] Gracz: 2 nie zgadl slowa, wprowadzil 
[30-12-2021_01:20:43] Gracz: 3 wybral literke: n nie dostal punktow
[30-12-2021_01:20:43] Gracz: 4 wybral literke: v nie dostal punktow
[30-12-2021_01:20:43] Gracz: 1 wybral literke: v nie dostal punktow
[30-12-2021_01:20:43] Gracz: 2 nie zgadl slowa, wprowadzil 
[30-12-2021_01:20:43] Gracz: 3 nie zgadl slowa, wprowadzil 
[30-12-2021_01:20:43] Gracz: 4 wybral literke: f nie dostal punktow
[30-12-2021_01:20:43] Gracz: 1 odgadl literke: s dostal punktow: 1
[30-12-2021_01:20:43] Gracz: 2 nie zgadl slowa, wprowadzil 
[30-12-2021_01:20:44] Gracz: 3 nie zgadl slowa, wprowadzil 
[30-12-2021_01:20:44] Gracz: 4 wybral literke: ó nie dostal punktow
[30-12-2021_01:20:44] Gracz: 1 wybral literke: ń nie dostal punktow
[30-12-2021_01:20:44] Gracz: 2 nie zgadl slowa, wprowadzil 
[30-12-2021_01:20:44] Gracz: 3 nie zgadl slowa, wprowadzil 
[30-12-2021_01:20:44] Gracz: 4 wybral literke: ę nie dostal punktow
[30-12-2021_01:20:44] Gracz: 1 odgadl literke: j dostal punktow: 1
[30-12-2021_01:20:44] Gracz: 2 wybral literke: p nie dostal punktow
[30-12-2021_01:20:44] Gracz: 3 wybral literke: ż nie dostal punktow
[30-12-2021_01:20:44] Gracz: 4 nie zgadl slowa, wprowadzil 
[30-12-2021_01:20:45] Gracz: 2 nie zgadl slowa, wprowadzil 
[30-12-2021_01:20:45] Gracz: 3 nie zgadl slowa, wprowadzil 
[30-12-2021_01:20:45] Gracz: 4 wybral literke: ł nie dostal punktow
[30-12-2021_01:20:45] Gracz: 4 wprowadzil niespodziewana odpowiedz - rozlaczam:
[30-12-2021_01:20:45] Gracz: 1 nie zgadl slowa, wprowadzil 
[30-12-2021_01:20:45] Gracz: 2 odgadl literke: a dostal punktow: 1
[30-12-2021_01:20:45] Gracz: 3 wybral literke: b nie dostal punktow
[30-12-2021_01:20:45] Gracz: 3 wprowadzil niespodziewana odpowiedz - rozlaczam:
[30-12-2021_01:20:45] Gracz: 1 wybral literke: q nie dostal punktow
[30-12-2021_01:20:45] Gracz: 2 wprowadzil niespodziewana odpowiedz - rozlaczam:
[30-12-2021_01:20:46] Gracz: 1 nie zgadl slowa, wprowadzil 
[30-12-2021_01:20:46] Gracz: 1 wprowadzil niespodziewana odpowiedz - rozlaczam:
[30-12-2021_01:22:20] Gra dla 2 zakonczona wynikiem: 3
[30-12-2021_01:22:20] Gra dla 4 zakonczona wynikiem: 0
[30-12-2021_01:22:20] Gra dla 1 zakonczona wynikiem: 4
[30-12-2021_01:22:20] Gra dla 3 zakonczona wynikiem: 0
