[30-12-2021_02:05:01] Zaczeto gre o id: 45
[30-12-2021_02:05:01] Dodano gracza: 1
[30-12-2021_02:05:01] Dodano gracza: 5
[30-12-2021_02:05:01] Dodano gracza: 2
[30-12-2021_02:05:01] Wybrano slowo: singerze
[30-12-2021_02:05:01] Przetlumaczone slowo: 11121111
[30-12-2021_02:05:01] Gracz: 5 wybral literke: t nie dostal punktow
[30-12-2021_02:05:01] Gracz: 1 wybral literke: l nie dostal punktow
[30-12-2021_02:05:02] Gracz: 1 wybral literke: q nie dostal punktow
[30-12-2021_02:05:02] Gracz: 5 wybral literke: ł nie dostal punktow
[30-12-2021_02:05:02] Gracz: 2 wybral literke: b nie dostal punktow
[30-12-2021_02:05:02] Gracz: 1 wybral literke: ś nie dostal punktow
[30-12-2021_02:05:02] Gracz: 5 nie zgadl slowa, wprowadzil 
[30-12-2021_02:05:02] Gracz: 2 nie zgadl slowa, wprowadzil 
[30-12-2021_02:05:02] Gracz: 1 wybral literke: k nie dostal punktow
[30-12-2021_02:05:02] Gracz: 5 wybral literke: ś nie dostal punktow
[30-12-2021_02:05:03] Gracz: 2 nie zgadl slowa, wprowadzil 
[30-12-2021_02:05:03] Gracz: 1 nie zgadl slowa, wprowadzil 
[30-12-2021_02:05:03] Gracz: 5 wybral literke: ż nie dostal punktow
[30-12-2021_02:05:03] Gracz: 2 nie zgadl slowa, wprowadzil 
[30-12-2021_02:05:03] Gracz: 1 wybral literke: m nie dostal punktow
[30-12-2021_02:05:03] Gracz: 5 wybral literke: p nie dostal punktow
[30-12-2021_02:05:03] Gracz: 2 nie zgadl slowa, wprowadzil 
[30-12-2021_02:05:04] Gracz: 1 nie zgadl slowa, wprowadzil 
[30-12-2021_02:05:04] Gracz: 5 nie zgadl slowa, wprowadzil 
[30-12-2021_02:05:04] Gracz: 2 wybral literke: ę nie dostal punktow
[30-12-2021_02:05:04] Gracz: 1 wybral literke: d nie dostal punktow
[30-12-2021_02:05:04] Gracz: 5 odgadl literke: r dostal punktow: 1
[30-12-2021_02:05:04] Gracz: 2 nie zgadl slowa, wprowadzil 
[30-12-2021_02:05:04] Gracz: 1 nie zgadl slowa, wprowadzil 
[30-12-2021_02:05:05] Gracz: 5 nie zgadl slowa, wprowadzil 
[30-12-2021_02:05:05] Gracz: 2 wybral literke: ł nie dostal punktow
[30-12-2021_02:05:05] Gracz: 1 nie zgadl slowa, wprowadzil 
[30-12-2021_02:05:05] Gracz: 1 wprowadzil niespodziewana odpowiedz - rozlaczam:
[30-12-2021_02:05:05] Gracz: 5 wybral literke: b nie dostal punktow
[30-12-2021_02:05:05] Gracz: 5 wprowadzil niespodziewana odpowiedz - rozlaczam:
[30-12-2021_02:05:05] Gracz: 2 nie zgadl slowa, wprowadzil 
[30-12-2021_02:05:05] Gracz: 2 nie zgadl slowa, wprowadzil 
[30-12-2021_02:05:05] Gracz: 2 wprowadzil niespodziewana odpowiedz - rozlaczam:
[30-12-2021_02:06:41] Gra dla 5 zakonczona wynikiem: 1
[30-12-2021_02:06:41] Gra dla 1 zakonczona wynikiem: 0
[30-12-2021_02:06:41] Gra dla 2 zakonczona wynikiem: 0
