[30-12-2021_01:49:18] Zaczeto gre o id: 21
[30-12-2021_01:49:18] Dodano gracza: 2
[30-12-2021_01:49:18] Dodano gracza: 1
[30-12-2021_01:49:18] Dodano gracza: 5
[30-12-2021_01:49:18] Wybrano slowo: nieseptymowe
[30-12-2021_01:49:18] Przetlumaczone slowo: 111112321111
[30-12-2021_01:49:18] Gracz: 1 odgadl literke: s dostal punktow: 1
[30-12-2021_01:49:18] Gracz: 5 nie zgadl slowa, wprowadzil 
[30-12-2021_01:49:18] Gracz: 5 odgadl literke: s dostal punktow: 1
[30-12-2021_01:49:19] Gracz: 1 nie zgadl slowa, wprowadzil 
[30-12-2021_01:49:19] Gracz: 5 odgadl literke: e dostal punktow: 3
[30-12-2021_01:49:19] Gracz: 1 nie zgadl slowa, wprowadzil 
[30-12-2021_01:49:19] Gracz: 1 wybral literke: c nie dostal punktow
[30-12-2021_01:49:20] Gracz: 2 wybral literke: f nie dostal punktow
[30-12-2021_01:49:20] Gracz: 5 nie zgadl slowa, wprowadzil 
[30-12-2021_01:49:20] Gracz: 1 nie zgadl slowa, wprowadzil 
[30-12-2021_01:49:20] Gracz: 2 nie zgadl slowa, wprowadzil 
[30-12-2021_01:49:20] Gracz: 5 odgadl literke: o dostal punktow: 1
[30-12-2021_01:49:20] Gracz: 1 nie zgadl slowa, wprowadzil 
[30-12-2021_01:49:20] Gracz: 2 nie zgadl slowa, wprowadzil 
[30-12-2021_01:49:21] Gracz: 5 nie zgadl slowa, wprowadzil 
[30-12-2021_01:49:21] Gracz: 1 nie zgadl slowa, wprowadzil 
[30-12-2021_01:49:21] Gracz: 2 wybral literke: x nie dostal punktow
[30-12-2021_01:49:21] Gracz: 5 nie zgadl slowa, wprowadzil 
[30-12-2021_01:49:21] Gracz: 1 wybral literke: ń nie dostal punktow
[30-12-2021_01:49:21] Gracz: 2 wybral literke: b nie dostal punktow
[30-12-2021_01:49:21] Gracz: 5 odgadl literke: y dostal punktow: 1
[30-12-2021_01:49:21] Gracz: 1 odgadl literke: t dostal punktow: 1
[30-12-2021_01:49:22] Gracz: 2 nie zgadl slowa, wprowadzil 
[30-12-2021_01:49:22] Gracz: 2 nie zgadl slowa, wprowadzil 
[30-12-2021_01:49:22] Gracz: 5 nie zgadl slowa, wprowadzil 
[30-12-2021_01:49:22] Gracz: 1 wybral literke: f nie dostal punktow
[30-12-2021_01:49:22] Gracz: 1 wprowadzil niespodziewana odpowiedz - rozlaczam:
[30-12-2021_01:49:22] Gracz: 2 wybral literke: ę nie dostal punktow
[30-12-2021_01:49:22] Gracz: 5 nie zgadl slowa, wprowadzil 
[30-12-2021_01:49:22] Gracz: 5 wprowadzil niespodziewana odpowiedz - rozlaczam:
[30-12-2021_01:49:23] Gracz: 2 nie zgadl slowa, wprowadzil 
[30-12-2021_01:49:23] Gracz: 2 nie zgadl slowa, wprowadzil 
[30-12-2021_01:49:23] Gracz: 2 wprowadzil niespodziewana odpowiedz - rozlaczam:
[30-12-2021_01:50:58] Gra dla 1 zakonczona wynikiem: 2
[30-12-2021_01:50:58] Gra dla 5 zakonczona wynikiem: 6
[30-12-2021_01:50:58] Gra dla 2 zakonczona wynikiem: 0
