[30-12-2021_02:16:13] Zaczeto gre o id: 67
[30-12-2021_02:16:13] Dodano gracza: 2
[30-12-2021_02:16:13] Dodano gracza: 1
[30-12-2021_02:16:13] Wybrano slowo: niekrzyżanowska
[30-12-2021_02:16:13] Przetlumaczone slowo: 111311211111131
[30-12-2021_02:16:13] Gracz: 2 odgadl literke: e dostal punktow: 1
[30-12-2021_02:16:13] Gracz: 1 odgadl literke: k dostal punktow: 2
[30-12-2021_02:16:14] Gracz: 2 wybral literke: ź nie dostal punktow
[30-12-2021_02:16:14] Gracz: 1 wybral literke: m nie dostal punktow
[30-12-2021_02:16:14] Gracz: 2 nie zgadl slowa, wprowadzil 
[30-12-2021_02:16:14] Gracz: 1 wybral literke: d nie dostal punktow
[30-12-2021_02:16:14] Gracz: 2 wybral literke: c nie dostal punktow
[30-12-2021_02:16:15] Gracz: 1 odgadl literke: ż dostal punktow: 1
[30-12-2021_02:16:15] Gracz: 2 odgadl literke: z dostal punktow: 1
[30-12-2021_02:16:15] Gracz: 1 odgadl literke: n dostal punktow: 2
[30-12-2021_02:16:15] Gracz: 2 wybral literke: d nie dostal punktow
[30-12-2021_02:16:16] Gracz: 2 nie zgadl slowa, wprowadzil 
[30-12-2021_02:16:16] Gracz: 1 nie zgadl slowa, wprowadzil 
[30-12-2021_02:16:16] Gracz: 2 odgadl literke: y dostal punktow: 1
[30-12-2021_02:16:16] Gracz: 1 nie zgadl slowa, wprowadzil 
[30-12-2021_02:16:17] Gracz: 1 nie zgadl slowa, wprowadzil 
[30-12-2021_02:16:17] Gracz: 2 nie zgadl slowa, wprowadzil 
[30-12-2021_02:16:17] Gracz: 1 nie zgadl slowa, wprowadzil 
[30-12-2021_02:16:17] Gracz: 2 nie zgadl slowa, wprowadzil 
[30-12-2021_02:16:17] Gracz: 2 wprowadzil niespodziewana odpowiedz - rozlaczam:
[30-12-2021_02:16:18] Gracz: 1 nie zgadl slowa, wprowadzil 
[30-12-2021_02:16:18] Gracz: 1 wprowadzil niespodziewana odpowiedz - rozlaczam:
[30-12-2021_02:17:53] Gra dla 2 zakonczona wynikiem: 3
[30-12-2021_02:17:53] Gra dla 1 zakonczona wynikiem: 5
