[30-12-2021_02:09:05] Zaczeto gre o id: 53
[30-12-2021_02:09:05] Dodano gracza: 1
[30-12-2021_02:09:05] Dodano gracza: 5
[30-12-2021_02:09:05] Dodano gracza: 2
[30-12-2021_02:09:05] Wybrano slowo: miauczmyż
[30-12-2021_02:09:05] Przetlumaczone slowo: 111111121
[30-12-2021_02:09:05] Gracz: 1 wybral literke: ś nie dostal punktow
[30-12-2021_02:09:05] Gracz: 5 wybral literke: r nie dostal punktow
[30-12-2021_02:09:06] Gracz: 5 wybral literke: b nie dostal punktow
[30-12-2021_02:09:06] Gracz: 1 nie zgadl slowa, wprowadzil 
[30-12-2021_02:09:06] Gracz: 2 wybral literke: ź nie dostal punktow
[30-12-2021_02:09:06] Gracz: 1 wybral literke: k nie dostal punktow
[30-12-2021_02:09:06] Gracz: 5 nie zgadl slowa, wprowadzil 
[30-12-2021_02:09:06] Gracz: 2 nie zgadl slowa, wprowadzil 
[30-12-2021_02:09:07] Gracz: 1 odgadl literke: m dostal punktow: 2
[30-12-2021_02:09:07] Gracz: 5 nie zgadl slowa, wprowadzil 
[30-12-2021_02:09:07] Gracz: 2 odgadl literke: c dostal punktow: 1
[30-12-2021_02:09:07] Gracz: 5 wybral literke: w nie dostal punktow
[30-12-2021_02:09:07] Gracz: 1 wybral literke: d nie dostal punktow
[30-12-2021_02:09:07] Gracz: 2 odgadl literke: z dostal punktow: 1
[30-12-2021_02:09:07] Gracz: 5 nie zgadl slowa, wprowadzil 
[30-12-2021_02:09:08] Gracz: 1 odgadl literke: ż dostal punktow: 1
[30-12-2021_02:09:08] Gracz: 5 wybral literke: l nie dostal punktow
[30-12-2021_02:09:08] Gracz: 2 wybral literke: d nie dostal punktow
[30-12-2021_02:09:08] Gracz: 1 wybral literke: n nie dostal punktow
[30-12-2021_02:09:08] Gracz: 5 odgadl literke: u dostal punktow: 1
[30-12-2021_02:09:08] Gracz: 2 nie zgadl slowa, wprowadzil 
[30-12-2021_02:09:09] Gracz: 1 nie zgadl slowa, wprowadzil 
[30-12-2021_02:09:09] Gracz: 2 odgadl literke: y dostal punktow: 1
[30-12-2021_02:09:09] Gracz: 5 wybral literke: ę nie dostal punktow
[30-12-2021_02:09:09] Gracz: 1 nie zgadl slowa, wprowadzil 
[30-12-2021_02:09:09] Gracz: 5 nie zgadl slowa, wprowadzil 
[30-12-2021_02:09:09] Gracz: 5 wprowadzil niespodziewana odpowiedz - rozlaczam:
[30-12-2021_02:09:09] Gracz: 2 wybral literke: ą nie dostal punktow
[30-12-2021_02:09:09] Gracz: 1 wybral literke: ł nie dostal punktow
[30-12-2021_02:09:09] Gracz: 1 wprowadzil niespodziewana odpowiedz - rozlaczam:
[30-12-2021_02:09:10] Gracz: 2 nie zgadl slowa, wprowadzil 
[30-12-2021_02:09:10] Gracz: 2 nie zgadl slowa, wprowadzil 
[30-12-2021_02:09:10] Gracz: 2 wprowadzil niespodziewana odpowiedz - rozlaczam:
[30-12-2021_02:10:45] Gra dla 1 zakonczona wynikiem: 3
[30-12-2021_02:10:45] Gra dla 5 zakonczona wynikiem: 1
[30-12-2021_02:10:45] Gra dla 2 zakonczona wynikiem: 3
