[30-12-2021_02:20:17] Zaczeto gre o id: 75
[30-12-2021_02:20:17] Dodano gracza: 2
[30-12-2021_02:20:17] Dodano gracza: 1
[30-12-2021_02:20:17] Wybrano slowo: filmoholikach
[30-12-2021_02:20:17] Przetlumaczone slowo: 4131131313113
[30-12-2021_02:20:18] Gracz: 2 odgadl literke: c dostal punktow: 1
[30-12-2021_02:20:18] Gracz: 1 nie zgadl slowa, wprowadzil 
[30-12-2021_02:20:19] Gracz: 1 nie zgadl slowa, wprowadzil 
[30-12-2021_02:20:19] Gracz: 2 nie zgadl slowa, wprowadzil 
[30-12-2021_02:20:19] Gracz: 1 nie zgadl slowa, wprowadzil 
[30-12-2021_02:20:19] Gracz: 2 nie zgadl slowa, wprowadzil 
[30-12-2021_02:20:19] Gracz: 1 wybral literke: ę nie dostal punktow
[30-12-2021_02:20:19] Gracz: 2 wybral literke: z nie dostal punktow
[30-12-2021_02:20:20] Gracz: 1 nie zgadl slowa, wprowadzil 
[30-12-2021_02:20:20] Gracz: 2 wybral literke: d nie dostal punktow
[30-12-2021_02:20:20] Gracz: 1 odgadl literke: a dostal punktow: 1
[30-12-2021_02:20:20] Gracz: 2 nie zgadl slowa, wprowadzil 
[30-12-2021_02:20:21] Gracz: 2 wybral literke: y nie dostal punktow
[30-12-2021_02:20:21] Gracz: 1 odgadl literke: o dostal punktow: 2
[30-12-2021_02:20:21] Gracz: 2 wybral literke: ą nie dostal punktow
[30-12-2021_02:20:21] Gracz: 1 wybral literke: g nie dostal punktow
[30-12-2021_02:20:21] Gracz: 2 wybral literke: p nie dostal punktow
[30-12-2021_02:20:22] Gracz: 1 wybral literke: v nie dostal punktow
[30-12-2021_02:20:22] Gracz: 2 nie zgadl slowa, wprowadzil 
[30-12-2021_02:20:22] Gracz: 2 wprowadzil niespodziewana odpowiedz - rozlaczam:
[30-12-2021_02:20:22] Gracz: 1 nie zgadl slowa, wprowadzil 
[30-12-2021_02:20:22] Gracz: 1 wprowadzil niespodziewana odpowiedz - rozlaczam:
[30-12-2021_02:21:57] Gra dla 2 zakonczona wynikiem: 1
[30-12-2021_02:21:57] Gra dla 1 zakonczona wynikiem: 3
