[30-12-2021_02:13:40] Zaczeto gre o id: 62
[30-12-2021_02:13:40] Dodano gracza: 1
[30-12-2021_02:13:40] Dodano gracza: 2
[30-12-2021_02:13:40] Wybrano slowo: nierodzynkowe
[30-12-2021_02:13:40] Przetlumaczone slowo: 1111131213111
[30-12-2021_02:13:40] Gracz: 1 wybral literke: a nie dostal punktow
[30-12-2021_02:13:41] Gracz: 2 nie zgadl slowa, wprowadzil 
[30-12-2021_02:13:41] Gracz: 1 nie zgadl slowa, wprowadzil 
[30-12-2021_02:13:41] Gracz: 2 nie zgadl slowa, wprowadzil 
[30-12-2021_02:13:41] Gracz: 1 odgadl literke: o dostal punktow: 2
[30-12-2021_02:13:41] Gracz: 2 nie zgadl slowa, wprowadzil 
[30-12-2021_02:13:42] Gracz: 1 nie zgadl slowa, wprowadzil 
[30-12-2021_02:13:42] Gracz: 2 wybral literke: ć nie dostal punktow
[30-12-2021_02:13:42] Gracz: 1 nie zgadl slowa, wprowadzil 
[30-12-2021_02:13:42] Gracz: 2 nie zgadl slowa, wprowadzil 
[30-12-2021_02:13:43] Gracz: 1 wybral literke: g nie dostal punktow
[30-12-2021_02:13:43] Gracz: 2 wybral literke: l nie dostal punktow
[30-12-2021_02:13:43] Gracz: 1 wybral literke: v nie dostal punktow
[30-12-2021_02:13:43] Gracz: 2 nie zgadl slowa, wprowadzil 
[30-12-2021_02:13:43] Gracz: 1 nie zgadl slowa, wprowadzil 
[30-12-2021_02:13:43] Gracz: 2 wybral literke: a nie dostal punktow
[30-12-2021_02:13:44] Gracz: 1 odgadl literke: w dostal punktow: 1
[30-12-2021_02:13:44] Gracz: 2 odgadl literke: k dostal punktow: 1
[30-12-2021_02:13:44] Gracz: 1 nie zgadl slowa, wprowadzil 
[30-12-2021_02:13:44] Gracz: 1 wprowadzil niespodziewana odpowiedz - rozlaczam:
[30-12-2021_02:13:45] Gracz: 2 nie zgadl slowa, wprowadzil 
[30-12-2021_02:13:45] Gracz: 2 wprowadzil niespodziewana odpowiedz - rozlaczam:
[30-12-2021_02:15:20] Gra dla 1 zakonczona wynikiem: 3
[30-12-2021_02:15:20] Gra dla 2 zakonczona wynikiem: 1
