[30-12-2021_01:17:07] Zaczeto gre o id: 3
[30-12-2021_01:17:07] Dodano gracza: 4
[30-12-2021_01:17:07] Dodano gracza: 3
[30-12-2021_01:17:07] Wybrano slowo: niepółłyżwową
[30-12-2021_01:17:07] Przetlumaczone slowo: 1112133211111
[30-12-2021_01:17:07] Gracz: 3 nie zgadl slowa, wprowadzil 
[30-12-2021_01:17:07] Gracz: 4 wprowadzil niespodziewana odpowiedz - rozlaczam:
[30-12-2021_01:17:08] Gracz: 3 wybral literke: a nie dostal punktow
[30-12-2021_01:17:08] Gracz: 3 nie zgadl slowa, wprowadzil 
[30-12-2021_01:17:08] Gracz: 3 wybral literke: ź nie dostal punktow
[30-12-2021_01:17:09] Gracz: 3 odgadl literke: w dostal punktow: 2
[30-12-2021_01:17:09] Gracz: 3 wybral literke: t nie dostal punktow
[30-12-2021_01:17:10] Gracz: 3 nie zgadl slowa, wprowadzil 
[30-12-2021_01:17:10] Gracz: 3 nie zgadl slowa, wprowadzil 
[30-12-2021_01:17:11] Gracz: 3 odgadl literke: p dostal punktow: 1
[30-12-2021_01:17:11] Gracz: 3 nie zgadl slowa, wprowadzil 
[30-12-2021_01:17:11] Gracz: 3 wprowadzil niespodziewana odpowiedz - rozlaczam:
[30-12-2021_01:17:14] Gracz: 3 odpowiedz po: 6.820221185684204 ignoruje gracza
[30-12-2021_01:17:14] Gracz: 3 wprowadzil niespodziewana odpowiedz - rozlaczam:
[30-12-2021_01:17:17] Gracz: 4 rozlaczam minelo 10s
[30-12-2021_01:17:17] Gracz: 4blad - klient rozlaczony
[30-12-2021_01:18:47] Gra dla 3 zakonczona wynikiem: 3
[30-12-2021_01:18:47] Gra dla 4 zakonczona wynikiem: 0
