[30-12-2021_02:06:02] Zaczeto gre o id: 47
[30-12-2021_02:06:02] Dodano gracza: 2
[30-12-2021_02:06:02] Dodano gracza: 5
[30-12-2021_02:06:02] Dodano gracza: 1
[30-12-2021_02:06:02] Wybrano slowo: epidemiologii
[30-12-2021_02:06:02] Przetlumaczone slowo: 1213111131211
[30-12-2021_02:06:02] Gracz: 5 nie zgadl slowa, wprowadzil 
[30-12-2021_02:06:03] Gracz: 5 nie zgadl slowa, wprowadzil 
[30-12-2021_02:06:03] Gracz: 5 wybral literke: ę nie dostal punktow
[30-12-2021_02:06:03] Gracz: 1 wybral literke: z nie dostal punktow
[30-12-2021_02:06:03] Gracz: 5 nie zgadl slowa, wprowadzil 
[30-12-2021_02:06:04] Gracz: 1 nie zgadl slowa, wprowadzil 
[30-12-2021_02:06:04] Gracz: 2 odgadl literke: e dostal punktow: 2
[30-12-2021_02:06:04] Gracz: 5 wybral literke: s nie dostal punktow
[30-12-2021_02:06:04] Gracz: 1 wybral literke: ę nie dostal punktow
[30-12-2021_02:06:04] Gracz: 5 nie zgadl slowa, wprowadzil 
[30-12-2021_02:06:04] Gracz: 2 nie zgadl slowa, wprowadzil 
[30-12-2021_02:06:05] Gracz: 1 nie zgadl slowa, wprowadzil 
[30-12-2021_02:06:05] Gracz: 5 odgadl literke: e dostal punktow: 2
[30-12-2021_02:06:05] Gracz: 2 wybral literke: ź nie dostal punktow
[30-12-2021_02:06:05] Gracz: 1 nie zgadl slowa, wprowadzil 
[30-12-2021_02:06:05] Gracz: 2 wybral literke: c nie dostal punktow
[30-12-2021_02:06:05] Gracz: 5 nie zgadl slowa, wprowadzil 
[30-12-2021_02:06:05] Gracz: 1 nie zgadl slowa, wprowadzil 
[30-12-2021_02:06:06] Gracz: 2 nie zgadl slowa, wprowadzil 
[30-12-2021_02:06:06] Gracz: 5 odgadl literke: o dostal punktow: 2
[30-12-2021_02:06:06] Gracz: 1 nie zgadl slowa, wprowadzil 
[30-12-2021_02:06:06] Gracz: 2 nie zgadl slowa, wprowadzil 
[30-12-2021_02:06:06] Gracz: 1 wybral literke: a nie dostal punktow
[30-12-2021_02:06:06] Gracz: 5 nie zgadl slowa, wprowadzil 
[30-12-2021_02:06:06] Gracz: 5 wprowadzil niespodziewana odpowiedz - rozlaczam:
[30-12-2021_02:06:06] Gracz: 2 wybral literke: z nie dostal punktow
[30-12-2021_02:06:07] Gracz: 1 nie zgadl slowa, wprowadzil 
[30-12-2021_02:06:07] Gracz: 2 odgadl literke: d dostal punktow: 1
[30-12-2021_02:06:07] Gracz: 1 nie zgadl slowa, wprowadzil 
[30-12-2021_02:06:07] Gracz: 1 wprowadzil niespodziewana odpowiedz - rozlaczam:
[30-12-2021_02:06:07] Gracz: 2 nie zgadl slowa, wprowadzil 
[30-12-2021_02:06:08] Gracz: 2 wybral literke: y nie dostal punktow
[30-12-2021_02:06:08] Gracz: 2 wprowadzil niespodziewana odpowiedz - rozlaczam:
[30-12-2021_02:07:42] Gra dla 5 zakonczona wynikiem: 4
[30-12-2021_02:07:42] Gra dla 1 zakonczona wynikiem: 0
[30-12-2021_02:07:42] Gra dla 2 zakonczona wynikiem: 3
