[30-12-2021_03:21:56] Zaczeto gre o id: 0
[30-12-2021_03:21:56] Dodano gracza: 1
[30-12-2021_03:21:56] Dodano gracza: 2
[30-12-2021_03:21:56] Dodano gracza: 3
[30-12-2021_03:21:56] Wybrano slowo: miniaturyzowana
[30-12-2021_03:21:56] Przetlumaczone slowo: 111113112111111
[30-12-2021_03:21:57] Gracz: 1 odgadl literke: r dostal punktow: 1
[30-12-2021_03:21:57] Gracz: 1 nie zgadl slowa, wprowadzil 
[30-12-2021_03:21:57] Gracz: 3 wybral literke: j nie dostal punktow
[30-12-2021_03:21:57] Gracz: 2 wybral literke: e nie dostal punktow
[30-12-2021_03:21:58] Gracz: 1 wybral literke: p nie dostal punktow
[30-12-2021_03:21:58] Gracz: 3 nie zgadl slowa, wprowadzil 
[30-12-2021_03:21:58] Gracz: 2 wybral literke: c nie dostal punktow
[30-12-2021_03:21:58] Gracz: 1 wybral literke: q nie dostal punktow
[30-12-2021_03:21:58] Gracz: 3 wybral literke: ł nie dostal punktow
[30-12-2021_03:21:58] Gracz: 2 nie zgadl slowa, wprowadzil 
[30-12-2021_03:21:58] Gracz: 1 nie zgadl slowa, wprowadzil 
[30-12-2021_03:21:59] Gracz: 3 nie zgadl slowa, wprowadzil 
[30-12-2021_03:21:59] Gracz: 2 wybral literke: v nie dostal punktow
[30-12-2021_03:21:59] Gracz: 1 nie zgadl slowa, wprowadzil 
[30-12-2021_03:21:59] Gracz: 3 wybral literke: c nie dostal punktow
[30-12-2021_03:21:59] Gracz: 2 wybral literke: k nie dostal punktow
[30-12-2021_03:21:59] Gracz: 1 wybral literke: d nie dostal punktow
[30-12-2021_03:21:59] Gracz: 3 odgadl literke: y dostal punktow: 1
[30-12-2021_03:21:59] Gracz: 2 odgadl literke: t dostal punktow: 1
[30-12-2021_03:22:00] Gracz: 1 nie zgadl slowa, wprowadzil 
[30-12-2021_03:22:00] Gracz: 3 wybral literke: ś nie dostal punktow
[30-12-2021_03:22:00] Gracz: 1 nie zgadl slowa, wprowadzil 
[30-12-2021_03:22:00] Gracz: 2 odgadl literke: i dostal punktow: 2
[30-12-2021_03:22:00] Gracz: 3 wybral literke: d nie dostal punktow
[30-12-2021_03:22:00] Gracz: 1 odgadl literke: m dostal punktow: 1
[30-12-2021_03:22:01] Gracz: 1 wprowadzil niespodziewana odpowiedz - rozlaczam:
[30-12-2021_03:22:01] Gracz: 2 wybral literke: g nie dostal punktow
[30-12-2021_03:22:01] Gracz: 3 nie zgadl slowa, wprowadzil 
[30-12-2021_03:22:01] Gracz: 2 nie zgadl slowa, wprowadzil 
[30-12-2021_03:22:01] Gracz: 3 wybral literke: k nie dostal punktow
[30-12-2021_03:22:01] Gracz: 3 wprowadzil niespodziewana odpowiedz - rozlaczam:
[30-12-2021_03:22:01] Gracz: 2 nie zgadl slowa, wprowadzil 
[30-12-2021_03:22:01] Gracz: 2 wprowadzil niespodziewana odpowiedz - rozlaczam:
[30-12-2021_03:23:36] Gra dla 1 zakonczona wynikiem: 2
[30-12-2021_03:23:36] Gra dla 3 zakonczona wynikiem: 1
[30-12-2021_03:23:36] Gra dla 2 zakonczona wynikiem: 3
