[30-12-2021_01:51:20] Zaczeto gre o id: 25
[30-12-2021_01:51:20] Dodano gracza: 5
[30-12-2021_01:51:20] Dodano gracza: 2
[30-12-2021_01:51:20] Dodano gracza: 1
[30-12-2021_01:51:20] Wybrano slowo: wyżeraczem
[30-12-2021_01:51:20] Przetlumaczone slowo: 1211111111
[30-12-2021_01:51:20] Gracz: 5 odgadl literke: z dostal punktow: 1
[30-12-2021_01:51:20] Gracz: 2 wybral literke: k nie dostal punktow
[30-12-2021_01:51:21] Gracz: 2 wybral literke: h nie dostal punktow
[30-12-2021_01:51:21] Gracz: 5 odgadl literke: c dostal punktow: 1
[30-12-2021_01:51:21] Gracz: 2 wybral literke: n nie dostal punktow
[30-12-2021_01:51:21] Gracz: 5 wybral literke: x nie dostal punktow
[30-12-2021_01:51:21] Gracz: 1 nie zgadl slowa, wprowadzil 
[30-12-2021_01:51:21] Gracz: 2 wybral literke: o nie dostal punktow
[30-12-2021_01:51:22] Gracz: 5 wybral literke: ó nie dostal punktow
[30-12-2021_01:51:22] Gracz: 1 wybral literke: i nie dostal punktow
[30-12-2021_01:51:22] Gracz: 2 nie zgadl slowa, wprowadzil 
[30-12-2021_01:51:22] Gracz: 5 wybral literke: ą nie dostal punktow
[30-12-2021_01:51:22] Gracz: 1 odgadl literke: z dostal punktow: 1
[30-12-2021_01:51:22] Gracz: 2 wybral literke: ś nie dostal punktow
[30-12-2021_01:51:23] Gracz: 5 nie zgadl slowa, wprowadzil 
[30-12-2021_01:51:23] Gracz: 2 odgadl literke: w dostal punktow: 1
[30-12-2021_01:51:23] Gracz: 1 wybral literke: ę nie dostal punktow
[30-12-2021_01:51:23] Gracz: 5 nie zgadl slowa, wprowadzil 
[30-12-2021_01:51:23] Gracz: 1 odgadl literke: a dostal punktow: 1
[30-12-2021_01:51:23] Gracz: 2 wybral literke: i nie dostal punktow
[30-12-2021_01:51:23] Gracz: 5 nie zgadl slowa, wprowadzil 
[30-12-2021_01:51:24] Gracz: 2 nie zgadl slowa, wprowadzil 
[30-12-2021_01:51:24] Gracz: 5 wybral literke: t nie dostal punktow
[30-12-2021_01:51:24] Gracz: 1 nie zgadl slowa, wprowadzil 
[30-12-2021_01:51:24] Gracz: 2 wybral literke: ó nie dostal punktow
[30-12-2021_01:51:24] Gracz: 2 wprowadzil niespodziewana odpowiedz - rozlaczam:
[30-12-2021_01:51:24] Gracz: 5 wybral literke: ł nie dostal punktow
[30-12-2021_01:51:24] Gracz: 5 wprowadzil niespodziewana odpowiedz - rozlaczam:
[30-12-2021_01:51:24] Gracz: 1 wybral literke: o nie dostal punktow
[30-12-2021_01:51:25] Gracz: 1 wybral literke: g nie dostal punktow
[30-12-2021_01:51:25] Gracz: 1 wybral literke: v nie dostal punktow
[30-12-2021_01:51:25] Gracz: 1 nie zgadl slowa, wprowadzil 
[30-12-2021_01:51:25] Gracz: 1 wprowadzil niespodziewana odpowiedz - rozlaczam:
[30-12-2021_01:53:00] Gra dla 5 zakonczona wynikiem: 2
[30-12-2021_01:53:00] Gra dla 2 zakonczona wynikiem: 1
[30-12-2021_01:53:00] Gra dla 1 zakonczona wynikiem: 2
