[30-12-2021_02:51:52] Zaczeto gre o id: 79
[30-12-2021_02:51:52] Dodano gracza: 2
[30-12-2021_02:51:52] Dodano gracza: 5
[30-12-2021_02:51:52] Dodano gracza: 3
[30-12-2021_02:51:52] Dodano gracza: 1
[30-12-2021_02:51:52] Wybrano slowo: olewałaby
[30-12-2021_02:51:52] Przetlumaczone slowo: 131113132
[30-12-2021_02:51:53] Gracz: 2 wybral literke: v nie dostal punktow
[30-12-2021_02:51:53] Gracz: 5 wybral literke: z nie dostal punktow
[30-12-2021_02:51:53] Gracz: 3 nie zgadl slowa, wprowadzil 
[30-12-2021_02:51:53] Gracz: 2 nie zgadl slowa, wprowadzil 
[30-12-2021_02:51:54] Gracz: 5 wybral literke: c nie dostal punktow
[30-12-2021_02:51:54] Gracz: 1 wybral literke: ź nie dostal punktow
[30-12-2021_02:51:54] Gracz: 3 wybral literke: ć nie dostal punktow
[30-12-2021_02:51:54] Gracz: 2 nie zgadl slowa, wprowadzil 
[30-12-2021_02:51:54] Gracz: 5 nie zgadl slowa, wprowadzil 
[30-12-2021_02:51:54] Gracz: 1 odgadl literke: b dostal punktow: 1
[30-12-2021_02:51:54] Gracz: 3 wybral literke: ń nie dostal punktow
[30-12-2021_02:51:54] Gracz: 2 wybral literke: f nie dostal punktow
[30-12-2021_02:51:54] Gracz: 5 nie zgadl slowa, wprowadzil 
[30-12-2021_02:51:54] Gracz: 3 odgadl literke: y dostal punktow: 1
[30-12-2021_02:51:55] Gracz: 2 nie zgadl slowa, wprowadzil 
[30-12-2021_02:51:55] Gracz: 1 odgadl literke: e dostal punktow: 1
[30-12-2021_02:51:55] Gracz: 5 wybral literke: x nie dostal punktow
[30-12-2021_02:51:55] Gracz: 2 nie zgadl slowa, wprowadzil 
[30-12-2021_02:51:55] Gracz: 3 odgadl literke: e dostal punktow: 1
[30-12-2021_02:51:55] Gracz: 5 wybral literke: ó nie dostal punktow
[30-12-2021_02:51:55] Gracz: 1 wybral literke: p nie dostal punktow
[30-12-2021_02:51:55] Gracz: 2 wybral literke: x nie dostal punktow
[30-12-2021_02:51:56] Gracz: 5 nie zgadl slowa, wprowadzil 
[30-12-2021_02:51:56] Gracz: 1 odgadl literke: l dostal punktow: 1
[30-12-2021_02:51:56] Gracz: 3 nie zgadl slowa, wprowadzil 
[30-12-2021_02:51:56] Gracz: 2 nie zgadl slowa, wprowadzil 
[30-12-2021_02:51:56] Gracz: 5 nie zgadl slowa, wprowadzil 
[30-12-2021_02:51:56] Gracz: 3 nie zgadl slowa, wprowadzil 
[30-12-2021_02:51:56] Gracz: 2 nie zgadl slowa, wprowadzil 
[30-12-2021_02:51:56] Gracz: 1 wybral literke: q nie dostal punktow
[30-12-2021_02:51:56] Gracz: 5 wybral literke: ą nie dostal punktow
[30-12-2021_02:51:56] Gracz: 3 nie zgadl slowa, wprowadzil 
[30-12-2021_02:51:57] Gracz: 2 nie zgadl slowa, wprowadzil 
[30-12-2021_02:51:57] Gracz: 2 wprowadzil niespodziewana odpowiedz - rozlaczam:
[30-12-2021_02:51:57] Gracz: 1 nie zgadl slowa, wprowadzil 
[30-12-2021_02:51:57] Gracz: 5 nie zgadl slowa, wprowadzil 
[30-12-2021_02:51:57] Gracz: 5 wprowadzil niespodziewana odpowiedz - rozlaczam:
[30-12-2021_02:51:57] Gracz: 3 wybral literke: ę nie dostal punktow
[30-12-2021_02:51:57] Gracz: 1 wybral literke: ś nie dostal punktow
[30-12-2021_02:51:57] Gracz: 3 wybral literke: u nie dostal punktow
[30-12-2021_02:51:57] Gracz: 3 wprowadzil niespodziewana odpowiedz - rozlaczam:
[30-12-2021_02:51:57] Gracz: 1 nie zgadl slowa, wprowadzil 
[30-12-2021_02:51:58] Gracz: 1 nie zgadl slowa, wprowadzil 
[30-12-2021_02:51:58] Gracz: 1 wprowadzil niespodziewana odpowiedz - rozlaczam:
[30-12-2021_02:53:32] Gra dla 2 zakonczona wynikiem: 0
[30-12-2021_02:53:32] Gra dla 5 zakonczona wynikiem: 0
[30-12-2021_02:53:32] Gra dla 3 zakonczona wynikiem: 2
[30-12-2021_02:53:32] Gra dla 1 zakonczona wynikiem: 3
