[30-12-2021_02:19:16] Zaczeto gre o id: 73
[30-12-2021_02:19:16] Dodano gracza: 2
[30-12-2021_02:19:16] Dodano gracza: 1
[30-12-2021_02:19:16] Wybrano slowo: niezhejcony
[30-12-2021_02:19:16] Przetlumaczone slowo: 11113121112
[30-12-2021_02:19:18] Gracz: 2 wybral literke: ę nie dostal punktow
[30-12-2021_02:19:18] Gracz: 1 wybral literke: l nie dostal punktow
[30-12-2021_02:19:18] Gracz: 2 wybral literke: ł nie dostal punktow
[30-12-2021_02:19:18] Gracz: 1 wybral literke: q nie dostal punktow
[30-12-2021_02:19:18] Gracz: 2 nie zgadl slowa, wprowadzil 
[30-12-2021_02:19:19] Gracz: 1 wybral literke: ś nie dostal punktow
[30-12-2021_02:19:19] Gracz: 2 nie zgadl slowa, wprowadzil 
[30-12-2021_02:19:19] Gracz: 1 wybral literke: k nie dostal punktow
[30-12-2021_02:19:19] Gracz: 2 wybral literke: ń nie dostal punktow
[30-12-2021_02:19:19] Gracz: 1 nie zgadl slowa, wprowadzil 
[30-12-2021_02:19:20] Gracz: 2 nie zgadl slowa, wprowadzil 
[30-12-2021_02:19:20] Gracz: 1 wybral literke: m nie dostal punktow
[30-12-2021_02:19:20] Gracz: 2 nie zgadl slowa, wprowadzil 
[30-12-2021_02:19:20] Gracz: 1 nie zgadl slowa, wprowadzil 
[30-12-2021_02:19:20] Gracz: 2 nie zgadl slowa, wprowadzil 
[30-12-2021_02:19:21] Gracz: 1 nie zgadl slowa, wprowadzil 
[30-12-2021_02:19:21] Gracz: 2 wybral literke: t nie dostal punktow
[30-12-2021_02:19:21] Gracz: 1 nie zgadl slowa, wprowadzil 
[30-12-2021_02:19:21] Gracz: 2 nie zgadl slowa, wprowadzil 
[30-12-2021_02:19:21] Gracz: 2 wprowadzil niespodziewana odpowiedz - rozlaczam:
[30-12-2021_02:19:21] Gracz: 1 nie zgadl slowa, wprowadzil 
[30-12-2021_02:19:21] Gracz: 1 wprowadzil niespodziewana odpowiedz - rozlaczam:
[30-12-2021_02:20:56] Gra dla 2 zakonczona wynikiem: 0
[30-12-2021_02:20:56] Gra dla 1 zakonczona wynikiem: 0
