[30-12-2021_03:23:27] Zaczeto gre o id: 3
[30-12-2021_03:23:27] Dodano gracza: 1
[30-12-2021_03:23:27] Dodano gracza: 2
[30-12-2021_03:23:27] Wybrano slowo: niezblendowani
[30-12-2021_03:23:27] Przetlumaczone slowo: 11113311311111
[30-12-2021_03:23:28] Gracz: 1 wybral literke: ć nie dostal punktow
[30-12-2021_03:23:28] Gracz: 2 wybral literke: ł nie dostal punktow
[30-12-2021_03:23:28] Gracz: 1 odgadl literke: e dostal punktow: 2
[30-12-2021_03:23:29] Gracz: 2 wybral literke: ć nie dostal punktow
[30-12-2021_03:23:29] Gracz: 1 nie zgadl slowa, wprowadzil 
[30-12-2021_03:23:29] Gracz: 2 wybral literke: h nie dostal punktow
[30-12-2021_03:23:29] Gracz: 1 odgadl literke: w dostal punktow: 1
[30-12-2021_03:23:29] Gracz: 2 nie zgadl slowa, wprowadzil 
[30-12-2021_03:23:30] Gracz: 2 nie zgadl slowa, wprowadzil 
[30-12-2021_03:23:30] Gracz: 1 wybral literke: t nie dostal punktow
[30-12-2021_03:23:30] Gracz: 2 nie zgadl slowa, wprowadzil 
[30-12-2021_03:23:30] Gracz: 1 odgadl literke: l dostal punktow: 1
[30-12-2021_03:23:31] Gracz: 2 nie zgadl slowa, wprowadzil 
[30-12-2021_03:23:31] Gracz: 1 wybral literke: c nie dostal punktow
[30-12-2021_03:23:31] Gracz: 2 odgadl literke: d dostal punktow: 1
[30-12-2021_03:23:31] Gracz: 1 wybral literke: ż nie dostal punktow
[30-12-2021_03:23:32] Gracz: 2 nie zgadl slowa, wprowadzil 
[30-12-2021_03:23:32] Gracz: 1 nie zgadl slowa, wprowadzil 
[30-12-2021_03:23:32] Gracz: 2 wybral literke: s nie dostal punktow
[30-12-2021_03:23:32] Gracz: 2 wprowadzil niespodziewana odpowiedz - rozlaczam:
[30-12-2021_03:23:32] Gracz: 1 wybral literke: j nie dostal punktow
[30-12-2021_03:23:32] Gracz: 1 wprowadzil niespodziewana odpowiedz - rozlaczam:
[30-12-2021_03:25:07] Gra dla 1 zakonczona wynikiem: 4
[30-12-2021_03:25:07] Gra dla 2 zakonczona wynikiem: 1
