[30-12-2021_01:54:53] Zaczeto gre o id: 32
[30-12-2021_01:54:53] Dodano gracza: 1
[30-12-2021_01:54:53] Dodano gracza: 5
[30-12-2021_01:54:53] Wybrano slowo: nieżyrandolowi
[30-12-2021_01:54:53] Przetlumaczone slowo: 11112111313111
[30-12-2021_01:54:54] Gracz: 1 wybral literke: g nie dostal punktow
[30-12-2021_01:54:54] Gracz: 5 wybral literke: z nie dostal punktow
[30-12-2021_01:54:55] Gracz: 1 wybral literke: v nie dostal punktow
[30-12-2021_01:54:55] Gracz: 5 nie zgadl slowa, wprowadzil 
[30-12-2021_01:54:55] Gracz: 1 odgadl literke: w dostal punktow: 1
[30-12-2021_01:54:55] Gracz: 5 wybral literke: c nie dostal punktow
[30-12-2021_01:54:56] Gracz: 5 wybral literke: x nie dostal punktow
[30-12-2021_01:54:56] Gracz: 5 wybral literke: ó nie dostal punktow
[30-12-2021_01:54:56] Gracz: 5 nie zgadl slowa, wprowadzil 
[30-12-2021_01:54:57] Gracz: 5 nie zgadl slowa, wprowadzil 
[30-12-2021_01:54:57] Gracz: 5 wybral literke: ą nie dostal punktow
[30-12-2021_01:54:58] Gracz: 5 nie zgadl slowa, wprowadzil 
[30-12-2021_01:54:58] Gracz: 5 wybral literke: t nie dostal punktow
[30-12-2021_01:54:58] Gracz: 5 wprowadzil niespodziewana odpowiedz - rozlaczam:
[30-12-2021_01:55:05] Gracz: 1 rozlaczam minelo 10s
[30-12-2021_01:56:34] Gra dla 1 zakonczona wynikiem: 1
[30-12-2021_01:56:34] Gra dla 5 zakonczona wynikiem: 0
