[30-12-2021_00:27:16] Zaczeto gre o id: 2
[30-12-2021_00:27:16] Dodano gracza: 3
[30-12-2021_00:27:16] Dodano gracza: 2
[30-12-2021_00:27:16] Wybrano slowo: obolu
[30-12-2021_00:27:16] Przetlumaczone slowo: 13131
[30-12-2021_00:27:17] Gracz: 3 wybral literke: ę nie dostal punktow
[30-12-2021_00:27:17] Gracz: 2 nie zgadl slowa, wprowadzil 
[30-12-2021_00:27:17] Gracz: 3 nie zgadl slowa, wprowadzil 
[30-12-2021_00:27:17] Gracz: 2 nie zgadl slowa, wprowadzil 
[30-12-2021_00:27:18] Gracz: 3 wybral literke: s nie dostal punktow
[30-12-2021_00:27:18] Gracz: 2 odgadl literke: o dostal punktow: 2
[30-12-2021_00:27:18] Gracz: 3 nie zgadl slowa, wprowadzil 
[30-12-2021_00:27:18] Gracz: 3 wybral literke: ż nie dostal punktow
[30-12-2021_00:27:18] Gracz: 2 nie zgadl slowa, wprowadzil 
[30-12-2021_00:27:19] Gracz: 3 nie zgadl slowa, wprowadzil 
[30-12-2021_00:27:19] Gracz: 2 nie zgadl slowa, wprowadzil 
[30-12-2021_00:27:19] Gracz: 3 nie zgadl slowa, wprowadzil 
[30-12-2021_00:27:19] Gracz: 2 wybral literke: t nie dostal punktow
[30-12-2021_00:27:20] Gracz: 3 wybral literke: d nie dostal punktow
[30-12-2021_00:27:20] Gracz: 2 nie zgadl slowa, wprowadzil 
[30-12-2021_00:27:20] Gracz: 3 wybral literke: v nie dostal punktow
[30-12-2021_00:27:20] Gracz: 2 nie zgadl slowa, wprowadzil 
[30-12-2021_00:27:20] Gracz: 3 wybral literke: k nie dostal punktow
[30-12-2021_00:27:20] Gracz: 3 wprowadzil niespodziewana odpowiedz - rozlaczam:
[30-12-2021_00:27:20] Gracz: 2 odgadl literke: u dostal punktow: 1
[30-12-2021_00:27:21] Gracz: 2 nie zgadl slowa, wprowadzil 
[30-12-2021_00:27:21] Gracz: 2 wprowadzil niespodziewana odpowiedz - rozlaczam:
[30-12-2021_00:28:56] Gra dla 3 zakonczona wynikiem: 0
[30-12-2021_00:28:56] Gra dla 2 zakonczona wynikiem: 3
