[30-12-2021_03:24:59] Zaczeto gre o id: 6
[30-12-2021_03:24:59] Dodano gracza: 1
[30-12-2021_03:24:59] Dodano gracza: 2
[30-12-2021_03:24:59] Wybrano slowo: mutuje
[30-12-2021_03:24:59] Przetlumaczone slowo: 113121
[30-12-2021_03:24:59] Gracz: 1 nie zgadl slowa, wprowadzil 
[30-12-2021_03:24:59] Gracz: 2 wybral literke: x nie dostal punktow
[30-12-2021_03:25:00] Gracz: 1 wybral literke: g nie dostal punktow
[30-12-2021_03:25:00] Gracz: 2 odgadl literke: e dostal punktow: 1
[30-12-2021_03:25:00] Gracz: 1 wybral literke: h nie dostal punktow
[30-12-2021_03:25:00] Gracz: 2 nie zgadl slowa, wprowadzil 
[30-12-2021_03:25:00] Gracz: 1 wybral literke: k nie dostal punktow
[30-12-2021_03:25:01] Gracz: 2 wybral literke: c nie dostal punktow
[30-12-2021_03:25:01] Gracz: 1 wybral literke: r nie dostal punktow
[30-12-2021_03:25:01] Gracz: 2 nie zgadl slowa, wprowadzil 
[30-12-2021_03:25:01] Gracz: 1 nie zgadl slowa, wprowadzil 
[30-12-2021_03:25:01] Gracz: 2 nie zgadl slowa, wprowadzil 
[30-12-2021_03:25:02] Gracz: 1 wybral literke: p nie dostal punktow
[30-12-2021_03:25:02] Gracz: 2 nie zgadl slowa, wprowadzil 
[30-12-2021_03:25:02] Gracz: 1 nie zgadl slowa, wprowadzil 
[30-12-2021_03:25:02] Gracz: 2 wybral literke: v nie dostal punktow
[30-12-2021_03:25:02] Gracz: 1 nie zgadl slowa, wprowadzil 
[30-12-2021_03:25:03] Gracz: 2 wybral literke: k nie dostal punktow
[30-12-2021_03:25:03] Gracz: 1 wybral literke: q nie dostal punktow
[30-12-2021_03:25:03] Gracz: 1 wprowadzil niespodziewana odpowiedz - rozlaczam:
[30-12-2021_03:25:03] Gracz: 2 nie zgadl slowa, wprowadzil 
[30-12-2021_03:25:03] Gracz: 2 wprowadzil niespodziewana odpowiedz - rozlaczam:
[30-12-2021_03:26:39] Gra dla 1 zakonczona wynikiem: 0
[30-12-2021_03:26:39] Gra dla 2 zakonczona wynikiem: 1
