[30-12-2021_01:21:11] Zaczeto gre o id: 2
[30-12-2021_01:21:11] Dodano gracza: 4
[30-12-2021_01:21:11] Dodano gracza: 3
[30-12-2021_01:21:11] Dodano gracza: 2
[30-12-2021_01:21:11] Dodano gracza: 1
[30-12-2021_01:21:11] Wybrano slowo: niełożyskowanej
[30-12-2021_01:21:11] Przetlumaczone slowo: 111311213111112
[30-12-2021_01:21:11] Gracz: 4 wybral literke: u nie dostal punktow
[30-12-2021_01:21:12] Gracz: 3 wybral literke: t nie dostal punktow
[30-12-2021_01:21:12] Gracz: 4 nie zgadl slowa, wprowadzil 
[30-12-2021_01:21:12] Gracz: 2 nie zgadl slowa, wprowadzil 
[30-12-2021_01:21:12] Gracz: 3 wybral literke: ś nie dostal punktow
[30-12-2021_01:21:12] Gracz: 4 nie zgadl slowa, wprowadzil 
[30-12-2021_01:21:12] Gracz: 1 wybral literke: h nie dostal punktow
[30-12-2021_01:21:12] Gracz: 2 nie zgadl slowa, wprowadzil 
[30-12-2021_01:21:12] Gracz: 3 wybral literke: ó nie dostal punktow
[30-12-2021_01:21:12] Gracz: 4 odgadl literke: k dostal punktow: 1
[30-12-2021_01:21:12] Gracz: 1 wybral literke: ś nie dostal punktow
[30-12-2021_01:21:12] Gracz: 2 nie zgadl slowa, wprowadzil 
[30-12-2021_01:21:13] Gracz: 3 wybral literke: f nie dostal punktow
[30-12-2021_01:21:13] Gracz: 1 wybral literke: f nie dostal punktow
[30-12-2021_01:21:13] Gracz: 2 nie zgadl slowa, wprowadzil 
[30-12-2021_01:21:13] Gracz: 4 odgadl literke: j dostal punktow: 1
[30-12-2021_01:21:13] Gracz: 3 nie zgadl slowa, wprowadzil 
[30-12-2021_01:21:13] Gracz: 1 odgadl literke: a dostal punktow: 1
[30-12-2021_01:21:13] Gracz: 2 odgadl literke: y dostal punktow: 1
[30-12-2021_01:21:14] Gracz: 3 odgadl literke: e dostal punktow: 2
[30-12-2021_01:21:14] Gracz: 4 odgadl literke: i dostal punktow: 1
[30-12-2021_01:21:14] Gracz: 1 wybral literke: m nie dostal punktow
[30-12-2021_01:21:14] Gracz: 2 nie zgadl slowa, wprowadzil 
[30-12-2021_01:21:14] Gracz: 3 nie zgadl slowa, wprowadzil 
[30-12-2021_01:21:14] Gracz: 4 nie zgadl slowa, wprowadzil 
[30-12-2021_01:21:14] Gracz: 1 odgadl literke: w dostal punktow: 1
[30-12-2021_01:21:14] Gracz: 2 wybral literke: l nie dostal punktow
[30-12-2021_01:21:15] Gracz: 3 nie zgadl slowa, wprowadzil 
[30-12-2021_01:21:15] Gracz: 4 wybral literke: ń nie dostal punktow
[30-12-2021_01:21:15] Gracz: 2 nie zgadl slowa, wprowadzil 
[30-12-2021_01:21:15] Gracz: 1 odgadl literke: e dostal punktow: 2
[30-12-2021_01:21:15] Gracz: 3 wybral literke: r nie dostal punktow
[30-12-2021_01:21:15] Gracz: 4 wybral literke: p nie dostal punktow
[30-12-2021_01:21:15] Gracz: 2 nie zgadl slowa, wprowadzil 
[30-12-2021_01:21:15] Gracz: 3 odgadl literke: ł dostal punktow: 1
[30-12-2021_01:21:15] Gracz: 4 nie zgadl slowa, wprowadzil 
[30-12-2021_01:21:15] Gracz: 4 wprowadzil niespodziewana odpowiedz - rozlaczam:
[30-12-2021_01:21:15] Gracz: 1 nie zgadl slowa, wprowadzil 
[30-12-2021_01:21:15] Gracz: 2 wybral literke: x nie dostal punktow
[30-12-2021_01:21:15] Gracz: 2 wprowadzil niespodziewana odpowiedz - rozlaczam:
[30-12-2021_01:21:16] Gracz: 3 wprowadzil niespodziewana odpowiedz - rozlaczam:
[30-12-2021_01:21:16] Gracz: 1 nie zgadl slowa, wprowadzil 
[30-12-2021_01:21:16] Gracz: 1 nie zgadl slowa, wprowadzil 
[30-12-2021_01:21:16] Gracz: 1 wprowadzil niespodziewana odpowiedz - rozlaczam:
[30-12-2021_01:22:51] Gra dla 4 zakonczona wynikiem: 3
[30-12-2021_01:22:51] Gra dla 3 zakonczona wynikiem: 3
[30-12-2021_01:22:51] Gra dla 2 zakonczona wynikiem: 1
[30-12-2021_01:22:51] Gra dla 1 zakonczona wynikiem: 4
