[30-12-2021_02:15:42] Zaczeto gre o id: 66
[30-12-2021_02:15:42] Dodano gracza: 2
[30-12-2021_02:15:42] Dodano gracza: 1
[30-12-2021_02:15:42] Wybrano slowo: niesterowaniem
[30-12-2021_02:15:42] Przetlumaczone slowo: 11113111111111
[30-12-2021_02:15:43] Gracz: 2 wybral literke: ż nie dostal punktow
[30-12-2021_02:15:43] Gracz: 2 odgadl literke: m dostal punktow: 1
[30-12-2021_02:15:43] Gracz: 1 nie zgadl slowa, wprowadzil 
[30-12-2021_02:15:44] Gracz: 2 nie zgadl slowa, wprowadzil 
[30-12-2021_02:15:44] Gracz: 1 odgadl literke: e dostal punktow: 3
[30-12-2021_02:15:44] Gracz: 2 nie zgadl slowa, wprowadzil 
[30-12-2021_02:15:44] Gracz: 1 nie zgadl slowa, wprowadzil 
[30-12-2021_02:15:44] Gracz: 2 nie zgadl slowa, wprowadzil 
[30-12-2021_02:15:45] Gracz: 1 nie zgadl slowa, wprowadzil 
[30-12-2021_02:15:45] Gracz: 2 nie zgadl slowa, wprowadzil 
[30-12-2021_02:15:45] Gracz: 1 wybral literke: p nie dostal punktow
[30-12-2021_02:15:45] Gracz: 2 wybral literke: q nie dostal punktow
[30-12-2021_02:15:45] Gracz: 1 wybral literke: l nie dostal punktow
[30-12-2021_02:15:46] Gracz: 2 nie zgadl slowa, wprowadzil 
[30-12-2021_02:15:46] Gracz: 1 nie zgadl slowa, wprowadzil 
[30-12-2021_02:15:46] Gracz: 2 nie zgadl slowa, wprowadzil 
[30-12-2021_02:15:46] Gracz: 1 nie zgadl slowa, wprowadzil 
[30-12-2021_02:15:46] Gracz: 2 nie zgadl slowa, wprowadzil 
[30-12-2021_02:15:46] Gracz: 2 wprowadzil niespodziewana odpowiedz - rozlaczam:
[30-12-2021_02:15:47] Gracz: 1 wybral literke: q nie dostal punktow
[30-12-2021_02:15:47] Gracz: 1 wybral literke: ś nie dostal punktow
[30-12-2021_02:15:47] Gracz: 1 wprowadzil niespodziewana odpowiedz - rozlaczam:
[30-12-2021_02:17:22] Gra dla 2 zakonczona wynikiem: 1
[30-12-2021_02:17:22] Gra dla 1 zakonczona wynikiem: 3
