[30-12-2021_02:02:59] Zaczeto gre o id: 41
[30-12-2021_02:02:59] Dodano gracza: 5
[30-12-2021_02:02:59] Dodano gracza: 1
[30-12-2021_02:02:59] Dodano gracza: 2
[30-12-2021_02:02:59] Wybrano slowo: powrzaskiwałby
[30-12-2021_02:02:59] Przetlumaczone slowo: 21111113111332
[30-12-2021_02:02:59] Gracz: 5 nie zgadl slowa, wprowadzil 
[30-12-2021_02:02:59] Gracz: 5 wybral literke: ę nie dostal punktow
[30-12-2021_02:03:00] Gracz: 5 nie zgadl slowa, wprowadzil 
[30-12-2021_02:03:00] Gracz: 1 wybral literke: g nie dostal punktow
[30-12-2021_02:03:00] Gracz: 5 odgadl literke: s dostal punktow: 1
[30-12-2021_02:03:00] Gracz: 2 wybral literke: ć nie dostal punktow
[30-12-2021_02:03:00] Gracz: 1 nie zgadl slowa, wprowadzil 
[30-12-2021_02:03:01] Gracz: 2 nie zgadl slowa, wprowadzil 
[30-12-2021_02:03:01] Gracz: 1 nie zgadl slowa, wprowadzil 
[30-12-2021_02:03:01] Gracz: 5 wybral literke: e nie dostal punktow
[30-12-2021_02:03:01] Gracz: 2 wybral literke: l nie dostal punktow
[30-12-2021_02:03:01] Gracz: 1 nie zgadl slowa, wprowadzil 
[30-12-2021_02:03:01] Gracz: 5 odgadl literke: o dostal punktow: 1
[30-12-2021_02:03:01] Gracz: 2 nie zgadl slowa, wprowadzil 
[30-12-2021_02:03:01] Gracz: 1 nie zgadl slowa, wprowadzil 
[30-12-2021_02:03:02] Gracz: 5 nie zgadl slowa, wprowadzil 
[30-12-2021_02:03:02] Gracz: 2 odgadl literke: a dostal punktow: 2
[30-12-2021_02:03:02] Gracz: 1 wybral literke: v nie dostal punktow
[30-12-2021_02:03:02] Gracz: 5 nie zgadl slowa, wprowadzil 
[30-12-2021_02:03:02] Gracz: 1 odgadl literke: w dostal punktow: 2
[30-12-2021_02:03:02] Gracz: 2 nie zgadl slowa, wprowadzil 
[30-12-2021_02:03:03] Gracz: 5 nie zgadl slowa, wprowadzil 
[30-12-2021_02:03:03] Gracz: 2 odgadl literke: k dostal punktow: 1
[30-12-2021_02:03:03] Gracz: 1 wybral literke: x nie dostal punktow
[30-12-2021_02:03:03] Gracz: 5 odgadl literke: y dostal punktow: 1
[30-12-2021_02:03:03] Gracz: 5 wprowadzil niespodziewana odpowiedz - rozlaczam:
[30-12-2021_02:03:03] Gracz: 1 nie zgadl slowa, wprowadzil 
[30-12-2021_02:03:03] Gracz: 2 nie zgadl slowa, wprowadzil 
[30-12-2021_02:03:04] Gracz: 1 wybral literke: ć nie dostal punktow
[30-12-2021_02:03:04] Gracz: 1 wprowadzil niespodziewana odpowiedz - rozlaczam:
[30-12-2021_02:03:04] Gracz: 2 nie zgadl slowa, wprowadzil 
[30-12-2021_02:03:04] Gracz: 2 wybral literke: h nie dostal punktow
[30-12-2021_02:03:04] Gracz: 2 wprowadzil niespodziewana odpowiedz - rozlaczam:
[30-12-2021_02:04:39] Gra dla 5 zakonczona wynikiem: 3
[30-12-2021_02:04:39] Gra dla 1 zakonczona wynikiem: 2
[30-12-2021_02:04:39] Gra dla 2 zakonczona wynikiem: 3
