[30-12-2021_01:32:24] Zaczeto gre o id: 0
[30-12-2021_01:32:24] Dodano gracza: 2
[30-12-2021_01:32:24] Dodano gracza: 5
[30-12-2021_01:32:24] Dodano gracza: 3
[30-12-2021_01:32:24] Dodano gracza: 1
[30-12-2021_01:32:24] Wybrano slowo: zaprzątujący
[30-12-2021_01:32:24] Przetlumaczone slowo: 112111312112
[30-12-2021_01:32:25] Gracz: 2 nie zgadl slowa, wprowadzil 
[30-12-2021_01:32:25] Gracz: 5 nie zgadl slowa, wprowadzil 
[30-12-2021_01:32:25] Gracz: 3 wybral literke: n nie dostal punktow
[30-12-2021_01:32:25] Gracz: 2 wybral literke: ż nie dostal punktow
[30-12-2021_01:32:25] Gracz: 5 nie zgadl slowa, wprowadzil 
[30-12-2021_01:32:25] Gracz: 3 nie zgadl slowa, wprowadzil 
[30-12-2021_01:32:25] Gracz: 2 nie zgadl slowa, wprowadzil 
[30-12-2021_01:32:25] Gracz: 5 nie zgadl slowa, wprowadzil 
[30-12-2021_01:32:25] Gracz: 3 odgadl literke: u dostal punktow: 1
[30-12-2021_01:32:26] Gracz: 2 wybral literke: e nie dostal punktow
[30-12-2021_01:32:26] Gracz: 5 nie zgadl slowa, wprowadzil 
[30-12-2021_01:32:26] Gracz: 1 nie zgadl slowa, wprowadzil 
[30-12-2021_01:32:26] Gracz: 3 wybral literke: s nie dostal punktow
[30-12-2021_01:32:26] Gracz: 2 odgadl literke: j dostal punktow: 1
[30-12-2021_01:32:26] Gracz: 5 nie zgadl slowa, wprowadzil 
[30-12-2021_01:32:26] Gracz: 1 wybral literke: m nie dostal punktow
[30-12-2021_01:32:26] Gracz: 3 wybral literke: f nie dostal punktow
[30-12-2021_01:32:27] Gracz: 5 nie zgadl slowa, wprowadzil 
[30-12-2021_01:32:27] Gracz: 2 nie zgadl slowa, wprowadzil 
[30-12-2021_01:32:27] Gracz: 1 wybral literke: f nie dostal punktow
[30-12-2021_01:32:27] Gracz: 3 wybral literke: ż nie dostal punktow
[30-12-2021_01:32:27] Gracz: 5 wybral literke: l nie dostal punktow
[30-12-2021_01:32:27] Gracz: 2 odgadl literke: p dostal punktow: 1
[30-12-2021_01:32:27] Gracz: 1 nie zgadl slowa, wprowadzil 
[30-12-2021_01:32:27] Gracz: 3 nie zgadl slowa, wprowadzil 
[30-12-2021_01:32:27] Gracz: 5 nie zgadl slowa, wprowadzil 
[30-12-2021_01:32:28] Gracz: 1 nie zgadl slowa, wprowadzil 
[30-12-2021_01:32:28] Gracz: 3 nie zgadl slowa, wprowadzil 
[30-12-2021_01:32:28] Gracz: 2 nie zgadl slowa, wprowadzil 
[30-12-2021_01:32:28] Gracz: 5 nie zgadl slowa, wprowadzil 
[30-12-2021_01:32:28] Gracz: 1 nie zgadl slowa, wprowadzil 
[30-12-2021_01:32:28] Gracz: 3 nie zgadl slowa, wprowadzil 
[30-12-2021_01:32:28] Gracz: 2 nie zgadl slowa, wprowadzil 
[30-12-2021_01:32:28] Gracz: 5 odgadl literke: r dostal punktow: 1
[30-12-2021_01:32:28] Gracz: 5 wprowadzil niespodziewana odpowiedz - rozlaczam:
[30-12-2021_01:32:28] Gracz: 1 nie zgadl slowa, wprowadzil 
[30-12-2021_01:32:28] Gracz: 3 nie zgadl slowa, wprowadzil 
[30-12-2021_01:32:28] Gracz: 3 wprowadzil niespodziewana odpowiedz - rozlaczam:
[30-12-2021_01:32:29] Gracz: 2 odgadl literke: ą dostal punktow: 2
[30-12-2021_01:32:29] Gracz: 2 wprowadzil niespodziewana odpowiedz - rozlaczam:
[30-12-2021_01:32:29] Gracz: 1 wybral literke: o nie dostal punktow
[30-12-2021_01:32:29] Gracz: 1 nie zgadl slowa, wprowadzil 
[30-12-2021_01:32:30] Gracz: 1 nie zgadl slowa, wprowadzil 
[30-12-2021_01:32:30] Gracz: 1 wprowadzil niespodziewana odpowiedz - rozlaczam:
[30-12-2021_01:34:04] Gra dla 5 zakonczona wynikiem: 1
[30-12-2021_01:34:04] Gra dla 2 zakonczona wynikiem: 4
[30-12-2021_01:34:04] Gra dla 3 zakonczona wynikiem: 1
[30-12-2021_01:34:04] Gra dla 1 zakonczona wynikiem: 0
