[30-12-2021_01:23:13] Zaczeto gre o id: 6
[30-12-2021_01:23:13] Dodano gracza: 2
[30-12-2021_01:23:13] Dodano gracza: 3
[30-12-2021_01:23:13] Dodano gracza: 1
[30-12-2021_01:23:13] Dodano gracza: 4
[30-12-2021_01:23:13] Wybrano slowo: pseudonaukowe
[30-12-2021_01:23:13] Przetlumaczone slowo: 2111311113111
[30-12-2021_01:23:13] Gracz: 3 nie zgadl slowa, wprowadzil 
[30-12-2021_01:23:13] Gracz: 4 nie zgadl slowa, wprowadzil 
[30-12-2021_01:23:14] Gracz: 3 nie zgadl slowa, wprowadzil 
[30-12-2021_01:23:14] Gracz: 4 nie zgadl slowa, wprowadzil 
[30-12-2021_01:23:14] Gracz: 1 nie zgadl slowa, wprowadzil 
[30-12-2021_01:23:14] Gracz: 3 nie zgadl slowa, wprowadzil 
[30-12-2021_01:23:14] Gracz: 4 nie zgadl slowa, wprowadzil 
[30-12-2021_01:23:14] Gracz: 1 wybral literke: t nie dostal punktow
[30-12-2021_01:23:14] Gracz: 3 wybral literke: y nie dostal punktow
[30-12-2021_01:23:14] Gracz: 4 nie zgadl slowa, wprowadzil 
[30-12-2021_01:23:15] Gracz: 2 nie zgadl slowa, wprowadzil 
[30-12-2021_01:23:15] Gracz: 1 wybral literke: x nie dostal punktow
[30-12-2021_01:23:15] Gracz: 3 nie zgadl slowa, wprowadzil 
[30-12-2021_01:23:15] Gracz: 4 nie zgadl slowa, wprowadzil 
[30-12-2021_01:23:15] Gracz: 2 wybral literke: ź nie dostal punktow
[30-12-2021_01:23:15] Gracz: 1 odgadl literke: p dostal punktow: 1
[30-12-2021_01:23:15] Gracz: 3 wybral literke: ą nie dostal punktow
[30-12-2021_01:23:15] Gracz: 4 nie zgadl slowa, wprowadzil 
[30-12-2021_01:23:15] Gracz: 2 nie zgadl slowa, wprowadzil 
[30-12-2021_01:23:16] Gracz: 3 wybral literke: ń nie dostal punktow
[30-12-2021_01:23:16] Gracz: 4 nie zgadl slowa, wprowadzil 
[30-12-2021_01:23:16] Gracz: 1 nie zgadl slowa, wprowadzil 
[30-12-2021_01:23:16] Gracz: 2 nie zgadl slowa, wprowadzil 
[30-12-2021_01:23:16] Gracz: 3 nie zgadl slowa, wprowadzil 
[30-12-2021_01:23:16] Gracz: 4 nie zgadl slowa, wprowadzil 
[30-12-2021_01:23:16] Gracz: 1 wybral literke: r nie dostal punktow
[30-12-2021_01:23:16] Gracz: 2 wybral literke: ę nie dostal punktow
[30-12-2021_01:23:16] Gracz: 3 wybral literke: m nie dostal punktow
[30-12-2021_01:23:16] Gracz: 4 nie zgadl slowa, wprowadzil 
[30-12-2021_01:23:16] Gracz: 1 nie zgadl slowa, wprowadzil 
[30-12-2021_01:23:17] Gracz: 2 nie zgadl slowa, wprowadzil 
[30-12-2021_01:23:17] Gracz: 3 odgadl literke: d dostal punktow: 1
[30-12-2021_01:23:17] Gracz: 4 nie zgadl slowa, wprowadzil 
[30-12-2021_01:23:17] Gracz: 4 wprowadzil niespodziewana odpowiedz - rozlaczam:
[30-12-2021_01:23:17] Gracz: 1 nie zgadl slowa, wprowadzil 
[30-12-2021_01:23:17] Gracz: 3 wprowadzil niespodziewana odpowiedz - rozlaczam:
[30-12-2021_01:23:17] Gracz: 2 nie zgadl slowa, wprowadzil 
[30-12-2021_01:23:17] Gracz: 1 odgadl literke: d dostal punktow: 1
[30-12-2021_01:23:17] Gracz: 2 nie zgadl slowa, wprowadzil 
[30-12-2021_01:23:18] Gracz: 2 nie zgadl slowa, wprowadzil 
[30-12-2021_01:23:18] Gracz: 1 nie zgadl slowa, wprowadzil 
[30-12-2021_01:23:18] Gracz: 1 wprowadzil niespodziewana odpowiedz - rozlaczam:
[30-12-2021_01:23:18] Gracz: 2 wybral literke: ż nie dostal punktow
[30-12-2021_01:23:18] Gracz: 2 wprowadzil niespodziewana odpowiedz - rozlaczam:
[30-12-2021_01:24:53] Gra dla 3 zakonczona wynikiem: 1
[30-12-2021_01:24:53] Gra dla 4 zakonczona wynikiem: 0
[30-12-2021_01:24:53] Gra dla 1 zakonczona wynikiem: 2
[30-12-2021_01:24:53] Gra dla 2 zakonczona wynikiem: 0
