[30-12-2021_00:10:55] Zaczeto gre o id: 0
[30-12-2021_00:10:55] Dodano gracza: 1
[30-12-2021_00:10:55] Dodano gracza: 2
[30-12-2021_00:10:55] Dodano gracza: 3
[30-12-2021_00:10:55] Wybrano slowo: niepomilknięciu
[30-12-2021_00:10:55] Przetlumaczone slowo: 111211133111111
[30-12-2021_00:10:55] Gracz: 1 nie zgadl slowa, wprowadzil 
[30-12-2021_00:10:56] Gracz: 1 nie zgadl slowa, wprowadzil 
[30-12-2021_00:10:56] Gracz: 3 nie zgadl slowa, wprowadzil 
[30-12-2021_00:10:56] Gracz: 1 nie zgadl slowa, wprowadzil 
[30-12-2021_00:10:56] Gracz: 3 wybral literke: ż nie dostal punktow
[30-12-2021_00:10:57] Gracz: 1 odgadl literke: n dostal punktow: 2
[30-12-2021_00:10:57] Gracz: 3 nie zgadl slowa, wprowadzil 
[30-12-2021_00:10:57] Gracz: 2 nie zgadl slowa, wprowadzil 
[30-12-2021_00:10:57] Gracz: 3 odgadl literke: ę dostal punktow: 1
[30-12-2021_00:10:57] Gracz: 2 nie zgadl slowa, wprowadzil 
[30-12-2021_00:10:57] Gracz: 1 nie zgadl slowa, wprowadzil 
[30-12-2021_00:10:58] Gracz: 2 wybral literke: y nie dostal punktow
[30-12-2021_00:10:58] Gracz: 1 nie zgadl slowa, wprowadzil 
[30-12-2021_00:10:58] Gracz: 3 nie zgadl slowa, wprowadzil 
[30-12-2021_00:10:58] Gracz: 2 wybral literke: d nie dostal punktow
[30-12-2021_00:10:58] Gracz: 1 nie zgadl slowa, wprowadzil 
[30-12-2021_00:10:58] Gracz: 3 odgadl literke: m dostal punktow: 1
[30-12-2021_00:10:58] Gracz: 2 nie zgadl slowa, wprowadzil 
[30-12-2021_00:10:58] Gracz: 1 nie zgadl slowa, wprowadzil 
[30-12-2021_00:10:59] Gracz: 3 nie zgadl slowa, wprowadzil 
[30-12-2021_00:10:59] Gracz: 2 odgadl literke: n dostal punktow: 2
[30-12-2021_00:10:59] Gracz: 1 odgadl literke: o dostal punktow: 1
[30-12-2021_00:10:59] Gracz: 3 nie zgadl slowa, wprowadzil 
[30-12-2021_00:10:59] Gracz: 2 nie zgadl slowa, wprowadzil 
[30-12-2021_00:10:59] Gracz: 1 nie zgadl slowa, wprowadzil 
[30-12-2021_00:10:59] Gracz: 1 wprowadzil niespodziewana odpowiedz - rozlaczam:
[30-12-2021_00:11:00] Gracz: 3 odgadl literke: l dostal punktow: 1
[30-12-2021_00:11:00] Gracz: 2 nie zgadl slowa, wprowadzil 
[30-12-2021_00:11:00] Gracz: 3 nie zgadl slowa, wprowadzil 
[30-12-2021_00:11:00] Gracz: 3 wprowadzil niespodziewana odpowiedz - rozlaczam:
[30-12-2021_00:11:00] Gracz: 2 odgadl literke: e dostal punktow: 1
[30-12-2021_00:11:01] Gracz: 2 nie zgadl slowa, wprowadzil 
[30-12-2021_00:11:01] Gracz: 2 wprowadzil niespodziewana odpowiedz - rozlaczam:
[30-12-2021_00:12:35] Gra dla 1 zakonczona wynikiem: 3
[30-12-2021_00:12:35] Gra dla 3 zakonczona wynikiem: 3
[30-12-2021_00:12:35] Gra dla 2 zakonczona wynikiem: 3
