[30-12-2021_02:01:58] Zaczeto gre o id: 39
[30-12-2021_02:01:58] Dodano gracza: 2
[30-12-2021_02:01:58] Dodano gracza: 5
[30-12-2021_02:01:58] Dodano gracza: 1
[30-12-2021_02:01:58] Wybrano slowo: niebęckowaniach
[30-12-2021_02:01:58] Przetlumaczone slowo: 111311311111113
[30-12-2021_02:01:58] Gracz: 2 nie zgadl slowa, wprowadzil 
[30-12-2021_02:01:58] Gracz: 5 wybral literke: ó nie dostal punktow
[30-12-2021_02:01:58] Gracz: 2 nie zgadl slowa, wprowadzil 
[30-12-2021_02:01:59] Gracz: 5 nie zgadl slowa, wprowadzil 
[30-12-2021_02:01:59] Gracz: 2 nie zgadl slowa, wprowadzil 
[30-12-2021_02:01:59] Gracz: 1 wybral literke: d nie dostal punktow
[30-12-2021_02:01:59] Gracz: 5 wybral literke: ą nie dostal punktow
[30-12-2021_02:01:59] Gracz: 2 nie zgadl slowa, wprowadzil 
[30-12-2021_02:01:59] Gracz: 1 wybral literke: ż nie dostal punktow
[30-12-2021_02:01:59] Gracz: 5 nie zgadl slowa, wprowadzil 
[30-12-2021_02:02:00] Gracz: 2 nie zgadl slowa, wprowadzil 
[30-12-2021_02:02:00] Gracz: 1 odgadl literke: n dostal punktow: 2
[30-12-2021_02:02:00] Gracz: 5 wybral literke: t nie dostal punktow
[30-12-2021_02:02:00] Gracz: 2 nie zgadl slowa, wprowadzil 
[30-12-2021_02:02:00] Gracz: 5 wybral literke: ł nie dostal punktow
[30-12-2021_02:02:00] Gracz: 2 nie zgadl slowa, wprowadzil 
[30-12-2021_02:02:00] Gracz: 1 wybral literke: ł nie dostal punktow
[30-12-2021_02:02:01] Gracz: 5 wybral literke: ś nie dostal punktow
[30-12-2021_02:02:01] Gracz: 2 nie zgadl slowa, wprowadzil 
[30-12-2021_02:02:01] Gracz: 1 nie zgadl slowa, wprowadzil 
[30-12-2021_02:02:01] Gracz: 5 wybral literke: ż nie dostal punktow
[30-12-2021_02:02:01] Gracz: 2 nie zgadl slowa, wprowadzil 
[30-12-2021_02:02:01] Gracz: 1 nie zgadl slowa, wprowadzil 
[30-12-2021_02:02:01] Gracz: 5 nie zgadl slowa, wprowadzil 
[30-12-2021_02:02:02] Gracz: 2 nie zgadl slowa, wprowadzil 
[30-12-2021_02:02:02] Gracz: 2 wprowadzil niespodziewana odpowiedz - rozlaczam:
[30-12-2021_02:02:02] Gracz: 1 nie zgadl slowa, wprowadzil 
[30-12-2021_02:02:02] Gracz: 5 nie zgadl slowa, wprowadzil 
[30-12-2021_02:02:02] Gracz: 5 wprowadzil niespodziewana odpowiedz - rozlaczam:
[30-12-2021_02:02:02] Gracz: 1 wybral literke: y nie dostal punktow
[30-12-2021_02:02:02] Gracz: 1 nie zgadl slowa, wprowadzil 
[30-12-2021_02:02:03] Gracz: 1 nie zgadl slowa, wprowadzil 
[30-12-2021_02:02:03] Gracz: 1 wprowadzil niespodziewana odpowiedz - rozlaczam:
[30-12-2021_02:03:38] Gra dla 2 zakonczona wynikiem: 0
[30-12-2021_02:03:38] Gra dla 5 zakonczona wynikiem: 0
[30-12-2021_02:03:38] Gra dla 1 zakonczona wynikiem: 2
