[30-12-2021_02:09:36] Zaczeto gre o id: 54
[30-12-2021_02:09:36] Dodano gracza: 5
[30-12-2021_02:09:36] Dodano gracza: 1
[30-12-2021_02:09:36] Dodano gracza: 2
[30-12-2021_02:09:36] Wybrano slowo: ustrzyżcie
[30-12-2021_02:09:36] Przetlumaczone slowo: 1131121111
[30-12-2021_02:09:36] Gracz: 5 odgadl literke: s dostal punktow: 1
[30-12-2021_02:09:36] Gracz: 1 nie zgadl slowa, wprowadzil 
[30-12-2021_02:09:36] Gracz: 1 nie zgadl slowa, wprowadzil 
[30-12-2021_02:09:37] Gracz: 5 odgadl literke: e dostal punktow: 1
[30-12-2021_02:09:37] Gracz: 2 nie zgadl slowa, wprowadzil 
[30-12-2021_02:09:37] Gracz: 1 nie zgadl slowa, wprowadzil 
[30-12-2021_02:09:37] Gracz: 2 wybral literke: p nie dostal punktow
[30-12-2021_02:09:37] Gracz: 5 nie zgadl slowa, wprowadzil 
[30-12-2021_02:09:37] Gracz: 1 nie zgadl slowa, wprowadzil 
[30-12-2021_02:09:37] Gracz: 2 nie zgadl slowa, wprowadzil 
[30-12-2021_02:09:38] Gracz: 5 wybral literke: o nie dostal punktow
[30-12-2021_02:09:38] Gracz: 1 odgadl literke: y dostal punktow: 1
[30-12-2021_02:09:38] Gracz: 2 wybral literke: ć nie dostal punktow
[30-12-2021_02:09:38] Gracz: 5 odgadl literke: y dostal punktow: 1
[30-12-2021_02:09:38] Gracz: 1 nie zgadl slowa, wprowadzil 
[30-12-2021_02:09:38] Gracz: 2 wybral literke: l nie dostal punktow
[30-12-2021_02:09:39] Gracz: 5 nie zgadl slowa, wprowadzil 
[30-12-2021_02:09:39] Gracz: 1 odgadl literke: i dostal punktow: 1
[30-12-2021_02:09:39] Gracz: 2 nie zgadl slowa, wprowadzil 
[30-12-2021_02:09:39] Gracz: 5 wybral literke: m nie dostal punktow
[30-12-2021_02:09:39] Gracz: 2 nie zgadl slowa, wprowadzil 
[30-12-2021_02:09:39] Gracz: 1 odgadl literke: z dostal punktow: 1
[30-12-2021_02:09:39] Gracz: 5 nie zgadl slowa, wprowadzil 
[30-12-2021_02:09:39] Gracz: 2 nie zgadl slowa, wprowadzil 
[30-12-2021_02:09:40] Gracz: 5 nie zgadl slowa, wprowadzil 
[30-12-2021_02:09:40] Gracz: 1 nie zgadl slowa, wprowadzil 
[30-12-2021_02:09:40] Gracz: 2 nie zgadl slowa, wprowadzil 
[30-12-2021_02:09:40] Gracz: 5 wybral literke: ź nie dostal punktow
[30-12-2021_02:09:40] Gracz: 5 wprowadzil niespodziewana odpowiedz - rozlaczam:
[30-12-2021_02:09:40] Gracz: 1 nie zgadl slowa, wprowadzil 
[30-12-2021_02:09:40] Gracz: 1 wprowadzil niespodziewana odpowiedz - rozlaczam:
[30-12-2021_02:09:40] Gracz: 2 wybral literke: a nie dostal punktow
[30-12-2021_02:09:40] Gracz: 2 wprowadzil niespodziewana odpowiedz - rozlaczam:
[30-12-2021_02:11:16] Gra dla 5 zakonczona wynikiem: 3
[30-12-2021_02:11:16] Gra dla 1 zakonczona wynikiem: 3
[30-12-2021_02:11:16] Gra dla 2 zakonczona wynikiem: 0
