[30-12-2021_01:24:14] Zaczeto gre o id: 8
[30-12-2021_01:24:14] Dodano gracza: 1
[30-12-2021_01:24:14] Dodano gracza: 3
[30-12-2021_01:24:14] Dodano gracza: 2
[30-12-2021_01:24:14] Wybrano slowo: adenotomią
[30-12-2021_01:24:14] Przetlumaczone slowo: 1311131111
[30-12-2021_01:24:14] Gracz: 1 wybral literke: ź nie dostal punktow
[30-12-2021_01:24:14] Gracz: 3 nie zgadl slowa, wprowadzil 
[30-12-2021_01:24:15] Gracz: 1 nie zgadl slowa, wprowadzil 
[30-12-2021_01:24:15] Gracz: 2 odgadl literke: o dostal punktow: 2
[30-12-2021_01:24:15] Gracz: 3 wybral literke: ś nie dostal punktow
[30-12-2021_01:24:15] Gracz: 1 nie zgadl slowa, wprowadzil 
[30-12-2021_01:24:15] Gracz: 3 wybral literke: ó nie dostal punktow
[30-12-2021_01:24:15] Gracz: 2 odgadl literke: t dostal punktow: 1
[30-12-2021_01:24:15] Gracz: 1 nie zgadl slowa, wprowadzil 
[30-12-2021_01:24:16] Gracz: 3 nie zgadl slowa, wprowadzil 
[30-12-2021_01:24:16] Gracz: 1 nie zgadl slowa, wprowadzil 
[30-12-2021_01:24:16] Gracz: 2 wybral literke: f nie dostal punktow
[30-12-2021_01:24:16] Gracz: 3 nie zgadl slowa, wprowadzil 
[30-12-2021_01:24:16] Gracz: 1 nie zgadl slowa, wprowadzil 
[30-12-2021_01:24:16] Gracz: 2 nie zgadl slowa, wprowadzil 
[30-12-2021_01:24:16] Gracz: 3 nie zgadl slowa, wprowadzil 
[30-12-2021_01:24:17] Gracz: 1 odgadl literke: ą dostal punktow: 1
[30-12-2021_01:24:17] Gracz: 2 nie zgadl slowa, wprowadzil 
[30-12-2021_01:24:17] Gracz: 3 wybral literke: f nie dostal punktow
[30-12-2021_01:24:17] Gracz: 2 wybral literke: c nie dostal punktow
[30-12-2021_01:24:17] Gracz: 3 nie zgadl slowa, wprowadzil 
[30-12-2021_01:24:17] Gracz: 1 nie zgadl slowa, wprowadzil 
[30-12-2021_01:24:18] Gracz: 2 nie zgadl slowa, wprowadzil 
[30-12-2021_01:24:18] Gracz: 3 odgadl literke: e dostal punktow: 1
[30-12-2021_01:24:18] Gracz: 1 wybral literke: k nie dostal punktow
[30-12-2021_01:24:18] Gracz: 2 nie zgadl slowa, wprowadzil 
[30-12-2021_01:24:18] Gracz: 1 nie zgadl slowa, wprowadzil 
[30-12-2021_01:24:18] Gracz: 1 wprowadzil niespodziewana odpowiedz - rozlaczam:
[30-12-2021_01:24:18] Gracz: 3 nie zgadl slowa, wprowadzil 
[30-12-2021_01:24:18] Gracz: 3 wprowadzil niespodziewana odpowiedz - rozlaczam:
[30-12-2021_01:24:18] Gracz: 2 nie zgadl slowa, wprowadzil 
[30-12-2021_01:24:19] Gracz: 2 nie zgadl slowa, wprowadzil 
[30-12-2021_01:24:19] Gracz: 2 wprowadzil niespodziewana odpowiedz - rozlaczam:
[30-12-2021_01:25:54] Gra dla 1 zakonczona wynikiem: 1
[30-12-2021_01:25:54] Gra dla 3 zakonczona wynikiem: 1
[30-12-2021_01:25:54] Gra dla 2 zakonczona wynikiem: 3
