[30-12-2021_01:45:13] Zaczeto gre o id: 13
[30-12-2021_01:45:13] Dodano gracza: 5
[30-12-2021_01:45:13] Dodano gracza: 2
[30-12-2021_01:45:13] Dodano gracza: 3
[30-12-2021_01:45:13] Dodano gracza: 1
[30-12-2021_01:45:13] Wybrano slowo: ksylofonistę
[30-12-2021_01:45:13] Przetlumaczone slowo: 312314111131
[30-12-2021_01:45:14] Gracz: 2 nie zgadl slowa, wprowadzil 
[30-12-2021_01:45:14] Gracz: 3 nie zgadl slowa, wprowadzil 
[30-12-2021_01:45:14] Gracz: 5 nie zgadl slowa, wprowadzil 
[30-12-2021_01:45:14] Gracz: 2 wybral literke: j nie dostal punktow
[30-12-2021_01:45:14] Gracz: 3 nie zgadl slowa, wprowadzil 
[30-12-2021_01:45:14] Gracz: 5 nie zgadl slowa, wprowadzil 
[30-12-2021_01:45:15] Gracz: 2 nie zgadl slowa, wprowadzil 
[30-12-2021_01:45:15] Gracz: 3 odgadl literke: n dostal punktow: 1
[30-12-2021_01:45:15] Gracz: 5 odgadl literke: ę dostal punktow: 1
[30-12-2021_01:45:15] Gracz: 2 nie zgadl slowa, wprowadzil 
[30-12-2021_01:45:15] Gracz: 1 nie zgadl slowa, wprowadzil 
[30-12-2021_01:45:15] Gracz: 3 nie zgadl slowa, wprowadzil 
[30-12-2021_01:45:15] Gracz: 5 odgadl literke: s dostal punktow: 2
[30-12-2021_01:45:15] Gracz: 2 nie zgadl slowa, wprowadzil 
[30-12-2021_01:45:15] Gracz: 1 nie zgadl slowa, wprowadzil 
[30-12-2021_01:45:16] Gracz: 3 nie zgadl slowa, wprowadzil 
[30-12-2021_01:45:16] Gracz: 2 nie zgadl slowa, wprowadzil 
[30-12-2021_01:45:16] Gracz: 5 nie zgadl slowa, wprowadzil 
[30-12-2021_01:45:16] Gracz: 1 nie zgadl slowa, wprowadzil 
[30-12-2021_01:45:16] Gracz: 3 wybral literke: ł nie dostal punktow
[30-12-2021_01:45:16] Gracz: 2 nie zgadl slowa, wprowadzil 
[30-12-2021_01:45:16] Gracz: 5 nie zgadl slowa, wprowadzil 
[30-12-2021_01:45:16] Gracz: 1 nie zgadl slowa, wprowadzil 
[30-12-2021_01:45:16] Gracz: 3 odgadl literke: s dostal punktow: 2
[30-12-2021_01:45:17] Gracz: 2 nie zgadl slowa, wprowadzil 
[30-12-2021_01:45:17] Gracz: 5 wybral literke: e nie dostal punktow
[30-12-2021_01:45:17] Gracz: 1 nie zgadl slowa, wprowadzil 
[30-12-2021_01:45:17] Gracz: 2 wybral literke: v nie dostal punktow
[30-12-2021_01:45:17] Gracz: 5 odgadl literke: o dostal punktow: 2
[30-12-2021_01:45:17] Gracz: 1 nie zgadl slowa, wprowadzil 
[30-12-2021_01:45:17] Gracz: 2 nie zgadl slowa, wprowadzil 
[30-12-2021_01:45:17] Gracz: 2 wprowadzil niespodziewana odpowiedz - rozlaczam:
[30-12-2021_01:45:17] Gracz: 1 nie zgadl slowa, wprowadzil 
[30-12-2021_01:45:18] Gracz: 5 nie zgadl slowa, wprowadzil 
[30-12-2021_01:45:18] Gracz: 1 nie zgadl slowa, wprowadzil 
[30-12-2021_01:45:18] Gracz: 5 nie zgadl slowa, wprowadzil 
[30-12-2021_01:45:18] Gracz: 5 wprowadzil niespodziewana odpowiedz - rozlaczam:
[30-12-2021_01:45:18] Gracz: 1 nie zgadl slowa, wprowadzil 
[30-12-2021_01:45:19] Gracz: 1 nie zgadl slowa, wprowadzil 
[30-12-2021_01:45:19] Gracz: 1 wprowadzil niespodziewana odpowiedz - rozlaczam:
[30-12-2021_01:45:26] Gracz: 3 rozlaczam minelo 10s
[30-12-2021_01:46:53] Gra dla 5 zakonczona wynikiem: 5
[30-12-2021_01:46:53] Gra dla 2 zakonczona wynikiem: 0
[30-12-2021_01:46:53] Gra dla 3 zakonczona wynikiem: 3
[30-12-2021_01:46:53] Gra dla 1 zakonczona wynikiem: 0
