[30-12-2021_01:26:16] Zaczeto gre o id: 12
[30-12-2021_01:26:16] Dodano gracza: 2
[30-12-2021_01:26:16] Dodano gracza: 3
[30-12-2021_01:26:16] Dodano gracza: 5
[30-12-2021_01:26:16] Dodano gracza: 1
[30-12-2021_01:26:16] Wybrano slowo: cenzurowaniu
[30-12-2021_01:26:16] Przetlumaczone slowo: 111111111111
[30-12-2021_01:26:16] Gracz: 3 wybral literke: j nie dostal punktow
[30-12-2021_01:26:16] Gracz: 2 wybral literke: k nie dostal punktow
[30-12-2021_01:26:17] Gracz: 3 nie zgadl slowa, wprowadzil 
[30-12-2021_01:26:17] Gracz: 2 nie zgadl slowa, wprowadzil 
[30-12-2021_01:26:17] Gracz: 5 wybral literke: ż nie dostal punktow
[30-12-2021_01:26:17] Gracz: 3 wybral literke: s nie dostal punktow
[30-12-2021_01:26:17] Gracz: 2 wybral literke: ą nie dostal punktow
[30-12-2021_01:26:17] Gracz: 5 odgadl literke: z dostal punktow: 1
[30-12-2021_01:26:17] Gracz: 1 nie zgadl slowa, wprowadzil 
[30-12-2021_01:26:17] Gracz: 2 odgadl literke: r dostal punktow: 1
[30-12-2021_01:26:17] Gracz: 3 odgadl literke: u dostal punktow: 2
[30-12-2021_01:26:18] Gracz: 5 odgadl literke: i dostal punktow: 1
[30-12-2021_01:26:18] Gracz: 1 nie zgadl slowa, wprowadzil 
[30-12-2021_01:26:18] Gracz: 2 nie zgadl slowa, wprowadzil 
[30-12-2021_01:26:18] Gracz: 3 nie zgadl slowa, wprowadzil 
[30-12-2021_01:26:18] Gracz: 1 wybral literke: ć nie dostal punktow
[30-12-2021_01:26:18] Gracz: 5 nie zgadl slowa, wprowadzil 
[30-12-2021_01:26:18] Gracz: 2 nie zgadl slowa, wprowadzil 
[30-12-2021_01:26:18] Gracz: 3 nie zgadl slowa, wprowadzil 
[30-12-2021_01:26:19] Gracz: 1 nie zgadl slowa, wprowadzil 
[30-12-2021_01:26:19] Gracz: 5 nie zgadl slowa, wprowadzil 
[30-12-2021_01:26:19] Gracz: 2 nie zgadl slowa, wprowadzil 
[30-12-2021_01:26:19] Gracz: 3 nie zgadl slowa, wprowadzil 
[30-12-2021_01:26:19] Gracz: 1 nie zgadl slowa, wprowadzil 
[30-12-2021_01:26:19] Gracz: 5 wybral literke: p nie dostal punktow
[30-12-2021_01:26:19] Gracz: 2 nie zgadl slowa, wprowadzil 
[30-12-2021_01:26:19] Gracz: 3 wybral literke: y nie dostal punktow
[30-12-2021_01:26:19] Gracz: 1 nie zgadl slowa, wprowadzil 
[30-12-2021_01:26:20] Gracz: 5 nie zgadl slowa, wprowadzil 
[30-12-2021_01:26:20] Gracz: 2 wybral literke: ó nie dostal punktow
[30-12-2021_01:26:20] Gracz: 3 wybral literke: ą nie dostal punktow
[30-12-2021_01:26:20] Gracz: 1 nie zgadl slowa, wprowadzil 
[30-12-2021_01:26:20] Gracz: 5 nie zgadl slowa, wprowadzil 
[30-12-2021_01:26:20] Gracz: 2 nie zgadl slowa, wprowadzil 
[30-12-2021_01:26:20] Gracz: 3 nie zgadl slowa, wprowadzil 
[30-12-2021_01:26:20] Gracz: 3 wprowadzil niespodziewana odpowiedz - rozlaczam:
[30-12-2021_01:26:20] Gracz: 2 wprowadzil niespodziewana odpowiedz - rozlaczam:
[30-12-2021_01:26:20] Gracz: 1 odgadl literke: i dostal punktow: 1
[30-12-2021_01:26:20] Gracz: 5 nie zgadl slowa, wprowadzil 
[30-12-2021_01:26:21] Gracz: 5 nie zgadl slowa, wprowadzil 
[30-12-2021_01:26:21] Gracz: 5 wprowadzil niespodziewana odpowiedz - rozlaczam:
[30-12-2021_01:26:21] Gracz: 1 nie zgadl slowa, wprowadzil 
[30-12-2021_01:26:21] Gracz: 1 odgadl literke: o dostal punktow: 1
[30-12-2021_01:26:31] Gracz: 1 rozlaczam minelo 10s
[30-12-2021_01:27:56] Gra dla 2 zakonczona wynikiem: 1
[30-12-2021_01:27:56] Gra dla 3 zakonczona wynikiem: 2
[30-12-2021_01:27:56] Gra dla 5 zakonczona wynikiem: 2
[30-12-2021_01:27:56] Gra dla 1 zakonczona wynikiem: 2
