[30-12-2021_02:16:43] Zaczeto gre o id: 68
[30-12-2021_02:16:43] Dodano gracza: 2
[30-12-2021_02:16:43] Dodano gracza: 1
[30-12-2021_02:16:43] Wybrano slowo: niepoczuciom
[30-12-2021_02:16:43] Przetlumaczone slowo: 111211111111
[30-12-2021_02:16:44] Gracz: 2 wybral literke: ą nie dostal punktow
[30-12-2021_02:16:44] Gracz: 1 nie zgadl slowa, wprowadzil 
[30-12-2021_02:16:44] Gracz: 2 nie zgadl slowa, wprowadzil 
[30-12-2021_02:16:44] Gracz: 1 nie zgadl slowa, wprowadzil 
[30-12-2021_02:16:45] Gracz: 2 odgadl literke: p dostal punktow: 1
[30-12-2021_02:16:45] Gracz: 1 nie zgadl slowa, wprowadzil 
[30-12-2021_02:16:45] Gracz: 2 wybral literke: ć nie dostal punktow
[30-12-2021_02:16:45] Gracz: 1 wybral literke: ł nie dostal punktow
[30-12-2021_02:16:46] Gracz: 2 nie zgadl slowa, wprowadzil 
[30-12-2021_02:16:46] Gracz: 1 nie zgadl slowa, wprowadzil 
[30-12-2021_02:16:46] Gracz: 2 nie zgadl slowa, wprowadzil 
[30-12-2021_02:16:46] Gracz: 1 wybral literke: y nie dostal punktow
[30-12-2021_02:16:46] Gracz: 2 wybral literke: l nie dostal punktow
[30-12-2021_02:16:46] Gracz: 1 odgadl literke: i dostal punktow: 2
[30-12-2021_02:16:47] Gracz: 2 nie zgadl slowa, wprowadzil 
[30-12-2021_02:16:47] Gracz: 1 odgadl literke: z dostal punktow: 1
[30-12-2021_02:16:47] Gracz: 2 wybral literke: a nie dostal punktow
[30-12-2021_02:16:48] Gracz: 2 nie zgadl slowa, wprowadzil 
[30-12-2021_02:16:48] Gracz: 2 wprowadzil niespodziewana odpowiedz - rozlaczam:
[30-12-2021_02:16:48] Gracz: 1 wybral literke: ę nie dostal punktow
[30-12-2021_02:16:48] Gracz: 1 wybral literke: a nie dostal punktow
[30-12-2021_02:16:48] Gracz: 1 wprowadzil niespodziewana odpowiedz - rozlaczam:
[30-12-2021_02:18:23] Gra dla 2 zakonczona wynikiem: 1
[30-12-2021_02:18:23] Gra dla 1 zakonczona wynikiem: 3
