[30-12-2021_03:24:28] Zaczeto gre o id: 5
[30-12-2021_03:24:28] Dodano gracza: 1
[30-12-2021_03:24:28] Dodano gracza: 2
[30-12-2021_03:24:28] Wybrano slowo: dwukarbonylów
[30-12-2021_03:24:28] Przetlumaczone slowo: 3113113112311
[30-12-2021_03:24:29] Gracz: 1 odgadl literke: o dostal punktow: 1
[30-12-2021_03:24:29] Gracz: 2 odgadl literke: w dostal punktow: 2
[30-12-2021_03:24:29] Gracz: 1 nie zgadl slowa, wprowadzil 
[30-12-2021_03:24:29] Gracz: 2 nie zgadl slowa, wprowadzil 
[30-12-2021_03:24:30] Gracz: 1 odgadl literke: a dostal punktow: 1
[30-12-2021_03:24:30] Gracz: 2 wybral literke: ś nie dostal punktow
[30-12-2021_03:24:30] Gracz: 2 nie zgadl slowa, wprowadzil 
[30-12-2021_03:24:30] Gracz: 1 wybral literke: i nie dostal punktow
[30-12-2021_03:24:31] Gracz: 2 nie zgadl slowa, wprowadzil 
[30-12-2021_03:24:31] Gracz: 1 nie zgadl slowa, wprowadzil 
[30-12-2021_03:24:31] Gracz: 2 odgadl literke: a dostal punktow: 1
[30-12-2021_03:24:31] Gracz: 1 wybral literke: s nie dostal punktow
[30-12-2021_03:24:32] Gracz: 1 nie zgadl slowa, wprowadzil 
[30-12-2021_03:24:32] Gracz: 2 wybral literke: z nie dostal punktow
[30-12-2021_03:24:32] Gracz: 1 wybral literke: z nie dostal punktow
[30-12-2021_03:24:32] Gracz: 2 nie zgadl slowa, wprowadzil 
[30-12-2021_03:24:32] Gracz: 1 nie zgadl slowa, wprowadzil 
[30-12-2021_03:24:32] Gracz: 2 wybral literke: m nie dostal punktow
[30-12-2021_03:24:33] Gracz: 1 nie zgadl slowa, wprowadzil 
[30-12-2021_03:24:33] Gracz: 1 wprowadzil niespodziewana odpowiedz - rozlaczam:
[30-12-2021_03:24:33] Gracz: 2 nie zgadl slowa, wprowadzil 
[30-12-2021_03:24:33] Gracz: 2 wprowadzil niespodziewana odpowiedz - rozlaczam:
[30-12-2021_03:26:08] Gra dla 1 zakonczona wynikiem: 2
[30-12-2021_03:26:08] Gra dla 2 zakonczona wynikiem: 3
