[30-12-2021_02:00:56] Zaczeto gre o id: 37
[30-12-2021_02:00:56] Dodano gracza: 1
[30-12-2021_02:00:56] Dodano gracza: 3
[30-12-2021_02:00:56] Dodano gracza: 5
[30-12-2021_02:00:56] Dodano gracza: 2
[30-12-2021_02:00:56] Wybrano slowo: nieenolowego
[30-12-2021_02:00:56] Przetlumaczone slowo: 111111311121
[30-12-2021_02:00:57] Gracz: 3 nie zgadl slowa, wprowadzil 
[30-12-2021_02:00:57] Gracz: 3 wybral literke: ł nie dostal punktow
[30-12-2021_02:00:57] Gracz: 5 nie zgadl slowa, wprowadzil 
[30-12-2021_02:00:58] Gracz: 3 nie zgadl slowa, wprowadzil 
[30-12-2021_02:00:58] Gracz: 5 nie zgadl slowa, wprowadzil 
[30-12-2021_02:00:58] Gracz: 2 wybral literke: ł nie dostal punktow
[30-12-2021_02:00:58] Gracz: 3 wybral literke: s nie dostal punktow
[30-12-2021_02:00:58] Gracz: 5 wybral literke: j nie dostal punktow
[30-12-2021_02:00:58] Gracz: 2 nie zgadl slowa, wprowadzil 
[30-12-2021_02:00:58] Gracz: 1 nie zgadl slowa, wprowadzil 
[30-12-2021_02:00:59] Gracz: 3 nie zgadl slowa, wprowadzil 
[30-12-2021_02:00:59] Gracz: 5 nie zgadl slowa, wprowadzil 
[30-12-2021_02:00:59] Gracz: 2 wybral literke: ń nie dostal punktow
[30-12-2021_02:00:59] Gracz: 1 nie zgadl slowa, wprowadzil 
[30-12-2021_02:00:59] Gracz: 3 odgadl literke: l dostal punktow: 1
[30-12-2021_02:00:59] Gracz: 5 odgadl literke: i dostal punktow: 1
[30-12-2021_02:00:59] Gracz: 2 wybral literke: t nie dostal punktow
[30-12-2021_02:00:59] Gracz: 1 odgadl literke: e dostal punktow: 3
[30-12-2021_02:00:59] Gracz: 2 nie zgadl slowa, wprowadzil 
[30-12-2021_02:01:00] Gracz: 5 wybral literke: q nie dostal punktow
[30-12-2021_02:01:00] Gracz: 1 nie zgadl slowa, wprowadzil 
[30-12-2021_02:01:00] Gracz: 2 nie zgadl slowa, wprowadzil 
[30-12-2021_02:01:00] Gracz: 5 wybral literke: d nie dostal punktow
[30-12-2021_02:01:00] Gracz: 1 wybral literke: p nie dostal punktow
[30-12-2021_02:01:00] Gracz: 2 wybral literke: ż nie dostal punktow
[30-12-2021_02:01:00] Gracz: 5 odgadl literke: g dostal punktow: 1
[30-12-2021_02:01:01] Gracz: 1 odgadl literke: l dostal punktow: 1
[30-12-2021_02:01:01] Gracz: 2 nie zgadl slowa, wprowadzil 
[30-12-2021_02:01:01] Gracz: 5 odgadl literke: n dostal punktow: 2
[30-12-2021_02:01:01] Gracz: 2 wybral literke: m nie dostal punktow
[30-12-2021_02:01:01] Gracz: 1 wybral literke: q nie dostal punktow
[30-12-2021_02:01:01] Gracz: 2 nie zgadl slowa, wprowadzil 
[30-12-2021_02:01:01] Gracz: 2 wprowadzil niespodziewana odpowiedz - rozlaczam:
[30-12-2021_02:01:02] Gracz: 1 nie zgadl slowa, wprowadzil 
[30-12-2021_02:01:02] Gracz: 5 nie zgadl slowa, wprowadzil 
[30-12-2021_02:01:02] Gracz: 5 wprowadzil niespodziewana odpowiedz - rozlaczam:
[30-12-2021_02:01:02] Gracz: 1 nie zgadl slowa, wprowadzil 
[30-12-2021_02:01:02] Gracz: 1 wybral literke: ś nie dostal punktow
[30-12-2021_02:01:02] Gracz: 1 wprowadzil niespodziewana odpowiedz - rozlaczam:
[30-12-2021_02:01:09] Gracz: 3 rozlaczam minelo 10s
[30-12-2021_02:02:37] Gra dla 3 zakonczona wynikiem: 1
[30-12-2021_02:02:37] Gra dla 5 zakonczona wynikiem: 4
[30-12-2021_02:02:37] Gra dla 2 zakonczona wynikiem: 0
[30-12-2021_02:02:37] Gra dla 1 zakonczona wynikiem: 4
