[30-12-2021_01:49:48] Zaczeto gre o id: 22
[30-12-2021_01:49:48] Dodano gracza: 1
[30-12-2021_01:49:48] Dodano gracza: 5
[30-12-2021_01:49:48] Dodano gracza: 2
[30-12-2021_01:49:48] Wybrano slowo: wyszkolimy
[30-12-2021_01:49:48] Przetlumaczone slowo: 1211313112
[30-12-2021_01:49:49] Gracz: 1 wybral literke: ą nie dostal punktow
[30-12-2021_01:49:49] Gracz: 5 odgadl literke: m dostal punktow: 1
[30-12-2021_01:49:49] Gracz: 1 wybral literke: u nie dostal punktow
[30-12-2021_01:49:49] Gracz: 1 nie zgadl slowa, wprowadzil 
[30-12-2021_01:49:49] Gracz: 5 nie zgadl slowa, wprowadzil 
[30-12-2021_01:49:50] Gracz: 2 nie zgadl slowa, wprowadzil 
[30-12-2021_01:49:50] Gracz: 1 nie zgadl slowa, wprowadzil 
[30-12-2021_01:49:50] Gracz: 5 nie zgadl slowa, wprowadzil 
[30-12-2021_01:49:50] Gracz: 2 nie zgadl slowa, wprowadzil 
[30-12-2021_01:49:50] Gracz: 1 nie zgadl slowa, wprowadzil 
[30-12-2021_01:49:50] Gracz: 5 wybral literke: ź nie dostal punktow
[30-12-2021_01:49:50] Gracz: 2 wybral literke: ł nie dostal punktow
[30-12-2021_01:49:51] Gracz: 1 wybral literke: j nie dostal punktow
[30-12-2021_01:49:51] Gracz: 5 nie zgadl slowa, wprowadzil 
[30-12-2021_01:49:51] Gracz: 2 wybral literke: ń nie dostal punktow
[30-12-2021_01:49:51] Gracz: 1 nie zgadl slowa, wprowadzil 
[30-12-2021_01:49:51] Gracz: 5 wybral literke: ć nie dostal punktow
[30-12-2021_01:49:51] Gracz: 2 wybral literke: t nie dostal punktow
[30-12-2021_01:49:51] Gracz: 1 nie zgadl slowa, wprowadzil 
[30-12-2021_01:49:51] Gracz: 5 nie zgadl slowa, wprowadzil 
[30-12-2021_01:49:52] Gracz: 2 nie zgadl slowa, wprowadzil 
[30-12-2021_01:49:52] Gracz: 1 wybral literke: r nie dostal punktow
[30-12-2021_01:49:52] Gracz: 5 odgadl literke: k dostal punktow: 1
[30-12-2021_01:49:52] Gracz: 2 wybral literke: ż nie dostal punktow
[30-12-2021_01:49:52] Gracz: 1 nie zgadl slowa, wprowadzil 
[30-12-2021_01:49:52] Gracz: 1 wprowadzil niespodziewana odpowiedz - rozlaczam:
[30-12-2021_01:49:52] Gracz: 2 nie zgadl slowa, wprowadzil 
[30-12-2021_01:49:52] Gracz: 5 wybral literke: v nie dostal punktow
[30-12-2021_01:49:53] Gracz: 2 nie zgadl slowa, wprowadzil 
[30-12-2021_01:49:53] Gracz: 5 nie zgadl slowa, wprowadzil 
[30-12-2021_01:49:53] Gracz: 5 wprowadzil niespodziewana odpowiedz - rozlaczam:
[30-12-2021_01:49:53] Gracz: 2 odgadl literke: m dostal punktow: 1
[30-12-2021_01:49:53] Gracz: 2 wprowadzil niespodziewana odpowiedz - rozlaczam:
[30-12-2021_01:51:28] Gra dla 1 zakonczona wynikiem: 0
[30-12-2021_01:51:28] Gra dla 5 zakonczona wynikiem: 2
[30-12-2021_01:51:28] Gra dla 2 zakonczona wynikiem: 1
