[30-12-2021_02:08:35] Zaczeto gre o id: 52
[30-12-2021_02:08:35] Dodano gracza: 1
[30-12-2021_02:08:35] Dodano gracza: 5
[30-12-2021_02:08:35] Dodano gracza: 2
[30-12-2021_02:08:35] Wybrano slowo: nietercynowa
[30-12-2021_02:08:35] Przetlumaczone slowo: 111311121111
[30-12-2021_02:08:35] Gracz: 1 wybral literke: b nie dostal punktow
[30-12-2021_02:08:35] Gracz: 5 wybral literke: ó nie dostal punktow
[30-12-2021_02:08:35] Gracz: 1 nie zgadl slowa, wprowadzil 
[30-12-2021_02:08:36] Gracz: 2 wybral literke: ń nie dostal punktow
[30-12-2021_02:08:36] Gracz: 5 wybral literke: ą nie dostal punktow
[30-12-2021_02:08:36] Gracz: 1 odgadl literke: e dostal punktow: 2
[30-12-2021_02:08:36] Gracz: 2 nie zgadl slowa, wprowadzil 
[30-12-2021_02:08:36] Gracz: 5 odgadl literke: t dostal punktow: 1
[30-12-2021_02:08:36] Gracz: 1 nie zgadl slowa, wprowadzil 
[30-12-2021_02:08:36] Gracz: 2 odgadl literke: t dostal punktow: 1
[30-12-2021_02:08:37] Gracz: 5 wybral literke: ł nie dostal punktow
[30-12-2021_02:08:37] Gracz: 1 nie zgadl slowa, wprowadzil 
[30-12-2021_02:08:37] Gracz: 2 nie zgadl slowa, wprowadzil 
[30-12-2021_02:08:37] Gracz: 5 nie zgadl slowa, wprowadzil 
[30-12-2021_02:08:37] Gracz: 1 wybral literke: p nie dostal punktow
[30-12-2021_02:08:37] Gracz: 2 wybral literke: ż nie dostal punktow
[30-12-2021_02:08:37] Gracz: 5 wybral literke: ś nie dostal punktow
[30-12-2021_02:08:38] Gracz: 1 nie zgadl slowa, wprowadzil 
[30-12-2021_02:08:38] Gracz: 2 wybral literke: m nie dostal punktow
[30-12-2021_02:08:38] Gracz: 5 nie zgadl slowa, wprowadzil 
[30-12-2021_02:08:38] Gracz: 1 wybral literke: l nie dostal punktow
[30-12-2021_02:08:38] Gracz: 2 nie zgadl slowa, wprowadzil 
[30-12-2021_02:08:38] Gracz: 5 wybral literke: ż nie dostal punktow
[30-12-2021_02:08:38] Gracz: 1 wybral literke: q nie dostal punktow
[30-12-2021_02:08:39] Gracz: 2 nie zgadl slowa, wprowadzil 
[30-12-2021_02:08:39] Gracz: 5 wybral literke: p nie dostal punktow
[30-12-2021_02:08:39] Gracz: 1 nie zgadl slowa, wprowadzil 
[30-12-2021_02:08:39] Gracz: 1 wprowadzil niespodziewana odpowiedz - rozlaczam:
[30-12-2021_02:08:39] Gracz: 2 wybral literke: q nie dostal punktow
[30-12-2021_02:08:39] Gracz: 5 nie zgadl slowa, wprowadzil 
[30-12-2021_02:08:39] Gracz: 5 wprowadzil niespodziewana odpowiedz - rozlaczam:
[30-12-2021_02:08:39] Gracz: 2 odgadl literke: e dostal punktow: 2
[30-12-2021_02:08:40] Gracz: 2 wprowadzil niespodziewana odpowiedz - rozlaczam:
[30-12-2021_02:10:15] Gra dla 1 zakonczona wynikiem: 2
[30-12-2021_02:10:15] Gra dla 5 zakonczona wynikiem: 1
[30-12-2021_02:10:15] Gra dla 2 zakonczona wynikiem: 3
