[22-12-2021_00:51:27] Zaczeto gre o id: 3
[22-12-2021_00:51:27] Dodano gracza: 1
[22-12-2021_00:51:27] Dodano gracza: 2
[22-12-2021_00:51:27] Wybrano slowo: nieabakańsko
[22-12-2021_00:51:27] Przetlumaczone slowo: 111131311131
[22-12-2021_00:51:27] Gracz: 2 wybral literke: ż nie dostal punktow
[22-12-2021_00:51:27] Gracz: 1 nie zgadl slowa, wprowadzil 
[22-12-2021_00:51:27] Gracz: 1 wybral literke: v nie dostal punktow
[22-12-2021_00:51:28] Gracz: 2 nie zgadl slowa, wprowadzil 
[22-12-2021_00:51:28] Gracz: 2 wybral literke: ę nie dostal punktow
[22-12-2021_00:51:28] Gracz: 1 odgadl literke: o dostał punktow: 1
[22-12-2021_00:51:29] Gracz: 2 nie zgadl slowa, wprowadzil 
[22-12-2021_00:51:29] Gracz: 1 odgadl literke: s dostał punktow: 1
[22-12-2021_00:51:29] Gracz: 2 wybral literke: q nie dostal punktow
[22-12-2021_00:51:29] Gracz: 1 nie zgadl slowa, wprowadzil 
[22-12-2021_00:51:30] Gracz: 2 nie zgadl slowa, wprowadzil 
[22-12-2021_00:51:30] Gracz: 1 odgadl literke: a dostał punktow: 3
[22-12-2021_00:51:30] Gracz: 2 wybral literke: l nie dostal punktow
[22-12-2021_00:51:30] Gracz: 1 wybral literke: h nie dostal punktow
[22-12-2021_00:51:31] Gracz: 2 wybral literke: h nie dostal punktow
[22-12-2021_00:51:31] Gracz: 1 nie zgadl slowa, wprowadzil 
[22-12-2021_00:51:31] Gracz: 2 wybral literke: j nie dostal punktow
[22-12-2021_00:51:31] Gracz: 1 odgadl literke: e dostał punktow: 1
[22-12-2021_00:51:32] Gracz: 2 nie zgadl slowa, wprowadzil 
[22-12-2021_00:51:32] Gracz: 2 wprowadzil niespodziewana odpowiedz - rozlaczam:
[22-12-2021_00:51:32] Gracz: 1 wybral literke: ć nie dostal punktow
[22-12-2021_00:51:32] Gracz: 1 wprowadzil niespodziewana odpowiedz - rozlaczam:
[22-12-2021_00:53:07] Gra dla 1 zakonczona wynikiem: 0
[22-12-2021_00:53:07] Gra dla 2 zakonczona wynikiem: 0
