[22-12-2021_00:54:28] Zaczeto gre o id: 5
[22-12-2021_00:54:28] Dodano gracza: 1
[22-12-2021_00:54:28] Dodano gracza: 2
[22-12-2021_00:54:28] Wybrano slowo: niegórnie
[22-12-2021_00:54:28] Przetlumaczone slowo: 111211111
[22-12-2021_00:54:28] Gracz: 1 wybral literke: y nie dostal punktow
[22-12-2021_00:54:28] Gracz: 2 nie zgadl slowa, wprowadzil 
[22-12-2021_00:54:29] Gracz: 1 wybral literke: ę nie dostal punktow
[22-12-2021_00:54:29] Gracz: 2 nie zgadl slowa, wprowadzil 
[22-12-2021_00:54:29] Gracz: 1 wybral literke: ą nie dostal punktow
[22-12-2021_00:54:29] Gracz: 2 nie zgadl slowa, wprowadzil 
[22-12-2021_00:54:30] Gracz: 1 nie zgadl slowa, wprowadzil 
[22-12-2021_00:54:30] Gracz: 2 wybral literke: ł nie dostal punktow
[22-12-2021_00:54:30] Gracz: 1 nie zgadl slowa, wprowadzil 
[22-12-2021_00:54:30] Gracz: 2 nie zgadl slowa, wprowadzil 
[22-12-2021_00:54:30] Gracz: 1 wybral literke: z nie dostal punktow
[22-12-2021_00:54:30] Gracz: 2 nie zgadl slowa, wprowadzil 
[22-12-2021_00:54:31] Gracz: 1 odgadl literke: e dostał punktow: 2
[22-12-2021_00:54:31] Gracz: 2 wybral literke: ś nie dostal punktow
[22-12-2021_00:54:31] Gracz: 2 nie zgadl slowa, wprowadzil 
[22-12-2021_00:54:31] Gracz: 1 wybral literke: o nie dostal punktow
[22-12-2021_00:54:32] Gracz: 2 nie zgadl slowa, wprowadzil 
[22-12-2021_00:54:32] Gracz: 1 nie zgadl slowa, wprowadzil 
[22-12-2021_00:54:32] Gracz: 2 wybral literke: x nie dostal punktow
[22-12-2021_00:54:32] Gracz: 2 wprowadzil niespodziewana odpowiedz - rozlaczam:
[22-12-2021_00:54:32] Gracz: 1 wybral literke: v nie dostal punktow
[22-12-2021_00:54:32] Gracz: 1 wprowadzil niespodziewana odpowiedz - rozlaczam:
[22-12-2021_00:56:08] Gra dla 1 zakonczona wynikiem: 0
[22-12-2021_00:56:08] Gra dla 2 zakonczona wynikiem: 0
